[((A->B)->((A->(!B))->(!A))) (Сх. акс. 9),
(((A->B)->((A->(!B))->(!A)))->((!B)->((A->B)->((A->(!B))->(!A))))) (Сх. акс. 1),
((!B)->((A->B)->((A->(!B))->(!A)))) (M.P. 1, 2),
(A->B) (Из предположения A),
((A->B)->((!B)->(A->B))) (Сх. акс. 1),
((!B)->(A->B)) (M.P. 4, 5),
(((!B)->(A->B))->(((!B)->((A->B)->((A->(!B))->(!A))))->((!B)->((A->(!B))->(!A))))) (Сх. акс. 2),
(((!B)->((A->B)->((A->(!B))->(!A))))->((!B)->((A->(!B))->(!A)))) (M.P. 6, 7),
((!B)->((A->(!B))->(!A))) (M.P. 3, 8),
((!B)->(A->(!B))) (Сх. акс. 1),
(((!B)->(A->(!B)))->((!B)->((!B)->(A->(!B))))) (Сх. акс. 1),
((!B)->((!B)->(A->(!B)))) (M.P. 10, 11),
((!B)->((!B)->(!B))) (Сх. акс. 1),
(((!B)->((!B)->(!B)))->(((!B)->(((!B)->(!B))->(!B)))->((!B)->(!B)))) (Сх. акс. 2),
(((!B)->(((!B)->(!B))->(!B)))->((!B)->(!B))) (M.P. 13, 14),
((!B)->(((!B)->(!B))->(!B))) (Сх. акс. 1),
((!B)->(!B)) (M.P. 16, 15),
(((!B)->(!B))->(((!B)->((!B)->(A->(!B))))->((!B)->(A->(!B))))) (Сх. акс. 2),
(((!B)->((!B)->(A->(!B))))->((!B)->(A->(!B)))) (M.P. 17, 18),
((!B)->(A->(!B))) (Сх. акс. 1),
(((!B)->(A->(!B)))->(((!B)->((A->(!B))->(!A)))->((!B)->(!A)))) (Сх. акс. 2),
(((!B)->((A->(!B))->(!A)))->((!B)->(!A))) (M.P. 10, 21),
((!B)->(!A)) (M.P. 9, 22)]
