(1) !B|-(A->B)->!B->!A (lexical error at line 1, column 5)
(2) ((A->B)->((A->(!B))->(!A))) (Сх. акс. 9)
(3) ((((A->B)->((A->(!B))->(!A))))->((A->B)->(((A->B)->((A->(!B))->(!A)))))) (Сх. акс. 1)
(4) ((A->B)->(((A->B)->((A->(!B))->(!A))))) (M.P. 1, 2)
(5) (((A->B)->((A->(!B))->(!A)))->((!B)->((A->B)->((A->(!B))->(!A))))) (Сх. акс. 1)
(6) (((((A->B)->((A->(!B))->(!A)))->((!B)->((A->B)->((A->(!B))->(!A))))))->((A->B)->((((A->B)->((A->(!B))->(!A)))->((!B)->((A->B)->((A->(!B))->(!A)))))))) (Сх. акс. 1)
(7) ((A->B)->((((A->B)->((A->(!B))->(!A)))->((!B)->((A->B)->((A->(!B))->(!A))))))) (M.P. 4, 5)
(8) (((A->B)->(((A->B)->((A->(!B))->(!A)))))->((A->B)->((((A->B)->((A->(!B))->(!A))))->(((!B)->((A->B)->((A->(!B))->(!A)))))))->((A->B)->(((!B)->((A->B)->((A->(!B))->(!A))))))) (Сх. акс. 2)
(9) ((((A->B)->((((A->B)->((A->(!B))->(!A))))->(((!B)->((A->B)->((A->(!B))->(!A))))))))->(((A->B)->(((!B)->((A->B)->((A->(!B))->(!A)))))))) (M.P. 3, 7)
(10) ((A->B)->(((!B)->((A->B)->((A->(!B))->(!A)))))) (M.P. 6, 8)
(11) ((A->B)->((A->B)->(A->B))) (Сх. акс. 1)
(12) (((A->B)->(((A->B)->(A->B))))->((A->B)->((((A->B)->(A->B)))->(A->B)))->((A->B)->(A->B))) (Сх. акс. 2)
(13) ((((A->B)->((((A->B)->(A->B)))->(A->B))))->(((A->B)->(A->B)))) (M.P. 10, 11)
(14) ((A->B)->((((A->B)->(A->B)))->(A->B))) (Сх. акс. 1)
(15) ((A->B)->(A->B)) (M.P. 13, 12)
(16) ((A->B)->((!B)->(A->B))) (Сх. акс. 1)
(17) ((((A->B)->((!B)->(A->B))))->((A->B)->(((A->B)->((!B)->(A->B)))))) (Сх. акс. 1)
(18) ((A->B)->(((A->B)->((!B)->(A->B))))) (M.P. 15, 16)
(19) (((A->B)->((A->B)))->((A->B)->(((A->B))->(((!B)->(A->B)))))->((A->B)->(((!B)->(A->B))))) (Сх. акс. 2)
(20) ((((A->B)->(((A->B))->(((!B)->(A->B))))))->(((A->B)->(((!B)->(A->B)))))) (M.P. 14, 18)
(21) ((A->B)->(((!B)->(A->B)))) (Сх. акс. 1)
(22) (((!B)->(A->B))->(((!B)->((A->B)->((A->(!B))->(!A))))->((!B)->((A->(!B))->(!A))))) (Сх. акс. 2)
(23) (((((!B)->(A->B))->(((!B)->((A->B)->((A->(!B))->(!A))))->((!B)->((A->(!B))->(!A))))))->((A->B)->((((!B)->(A->B))->(((!B)->((A->B)->((A->(!B))->(!A))))->((!B)->((A->(!B))->(!A)))))))) (Сх. акс. 1)
(24) ((A->B)->((((!B)->(A->B))->(((!B)->((A->B)->((A->(!B))->(!A))))->((!B)->((A->(!B))->(!A))))))) (M.P. 21, 22)
(25) (((A->B)->(((!B)->(A->B))))->((A->B)->((((!B)->(A->B)))->((((!B)->((A->B)->((A->(!B))->(!A))))->((!B)->((A->(!B))->(!A)))))))->((A->B)->((((!B)->((A->B)->((A->(!B))->(!A))))->((!B)->((A->(!B))->(!A))))))) (Сх. акс. 2)
(26) ((((A->B)->((((!B)->(A->B)))->((((!B)->((A->B)->((A->(!B))->(!A))))->((!B)->((A->(!B))->(!A))))))))->(((A->B)->((((!B)->((A->B)->((A->(!B))->(!A))))->((!B)->((A->(!B))->(!A)))))))) (M.P. 15, 24)
(27) ((A->B)->((((!B)->((A->B)->((A->(!B))->(!A))))->((!B)->((A->(!B))->(!A)))))) (M.P. 23, 25)
(28) (((A->B)->(((!B)->((A->B)->((A->(!B))->(!A))))))->((A->B)->((((!B)->((A->B)->((A->(!B))->(!A)))))->(((!B)->((A->(!B))->(!A))))))->((A->B)->(((!B)->((A->(!B))->(!A)))))) (Сх. акс. 2)
(29) ((((A->B)->((((!B)->((A->B)->((A->(!B))->(!A)))))->(((!B)->((A->(!B))->(!A)))))))->(((A->B)->(((!B)->((A->(!B))->(!A))))))) (M.P. 9, 27)
(30) ((A->B)->(((!B)->((A->(!B))->(!A))))) (M.P. 26, 28)
(31) ((!B)->(A->(!B))) (Сх. акс. 1)
(32) ((((!B)->(A->(!B))))->((A->B)->(((!B)->(A->(!B)))))) (Сх. акс. 1)
(33) ((A->B)->(((!B)->(A->(!B))))) (M.P. 30, 31)
(34) (((!B)->(A->(!B)))->((!B)->((!B)->(A->(!B))))) (Сх. акс. 1)
(35) (((((!B)->(A->(!B)))->((!B)->((!B)->(A->(!B))))))->((A->B)->((((!B)->(A->(!B)))->((!B)->((!B)->(A->(!B)))))))) (Сх. акс. 1)
(36) ((A->B)->((((!B)->(A->(!B)))->((!B)->((!B)->(A->(!B))))))) (M.P. 33, 34)
(37) (((A->B)->(((!B)->(A->(!B)))))->((A->B)->((((!B)->(A->(!B))))->(((!B)->((!B)->(A->(!B)))))))->((A->B)->(((!B)->((!B)->(A->(!B))))))) (Сх. акс. 2)
(38) ((((A->B)->((((!B)->(A->(!B))))->(((!B)->((!B)->(A->(!B))))))))->(((A->B)->(((!B)->((!B)->(A->(!B)))))))) (M.P. 32, 36)
(39) ((A->B)->(((!B)->((!B)->(A->(!B)))))) (M.P. 35, 37)
(40) ((!B)->((!B)->(!B))) (Сх. акс. 1)
(41) ((((!B)->((!B)->(!B))))->((A->B)->(((!B)->((!B)->(!B)))))) (Сх. акс. 1)
(42) ((A->B)->(((!B)->((!B)->(!B))))) (M.P. 39, 40)
(43) (((!B)->((!B)->(!B)))->(((!B)->(((!B)->(!B))->(!B)))->((!B)->(!B)))) (Сх. акс. 2)
(44) (((((!B)->((!B)->(!B)))->(((!B)->(((!B)->(!B))->(!B)))->((!B)->(!B)))))->((A->B)->((((!B)->((!B)->(!B)))->(((!B)->(((!B)->(!B))->(!B)))->((!B)->(!B))))))) (Сх. акс. 1)
(45) ((A->B)->((((!B)->((!B)->(!B)))->(((!B)->(((!B)->(!B))->(!B)))->((!B)->(!B)))))) (M.P. 42, 43)
(46) (((A->B)->(((!B)->((!B)->(!B)))))->((A->B)->((((!B)->((!B)->(!B))))->((((!B)->(((!B)->(!B))->(!B)))->((!B)->(!B))))))->((A->B)->((((!B)->(((!B)->(!B))->(!B)))->((!B)->(!B)))))) (Сх. акс. 2)
(47) ((((A->B)->((((!B)->((!B)->(!B))))->((((!B)->(((!B)->(!B))->(!B)))->((!B)->(!B)))))))->(((A->B)->((((!B)->(((!B)->(!B))->(!B)))->((!B)->(!B))))))) (M.P. 41, 45)
(48) ((A->B)->((((!B)->(((!B)->(!B))->(!B)))->((!B)->(!B))))) (M.P. 44, 46)
(49) ((!B)->(((!B)->(!B))->(!B))) (Сх. акс. 1)
(50) ((((!B)->(((!B)->(!B))->(!B))))->((A->B)->(((!B)->(((!B)->(!B))->(!B)))))) (Сх. акс. 1)
(51) ((A->B)->(((!B)->(((!B)->(!B))->(!B))))) (M.P. 48, 49)
(52) (((A->B)->(((!B)->(((!B)->(!B))->(!B)))))->((A->B)->((((!B)->(((!B)->(!B))->(!B))))->(((!B)->(!B)))))->((A->B)->(((!B)->(!B))))) (Сх. акс. 2)
(53) ((((A->B)->((((!B)->(((!B)->(!B))->(!B))))->(((!B)->(!B))))))->(((A->B)->(((!B)->(!B)))))) (M.P. 50, 51)
(54) ((A->B)->(((!B)->(!B)))) (M.P. 47, 52)
(55) (((!B)->(!B))->(((!B)->((!B)->(A->(!B))))->((!B)->(A->(!B))))) (Сх. акс. 2)
(56) (((((!B)->(!B))->(((!B)->((!B)->(A->(!B))))->((!B)->(A->(!B))))))->((A->B)->((((!B)->(!B))->(((!B)->((!B)->(A->(!B))))->((!B)->(A->(!B)))))))) (Сх. акс. 1)
(57) ((A->B)->((((!B)->(!B))->(((!B)->((!B)->(A->(!B))))->((!B)->(A->(!B))))))) (M.P. 54, 55)
(58) (((A->B)->(((!B)->(!B))))->((A->B)->((((!B)->(!B)))->((((!B)->((!B)->(A->(!B))))->((!B)->(A->(!B)))))))->((A->B)->((((!B)->((!B)->(A->(!B))))->((!B)->(A->(!B))))))) (Сх. акс. 2)
(59) ((((A->B)->((((!B)->(!B)))->((((!B)->((!B)->(A->(!B))))->((!B)->(A->(!B))))))))->(((A->B)->((((!B)->((!B)->(A->(!B))))->((!B)->(A->(!B)))))))) (M.P. 53, 57)
(60) ((A->B)->((((!B)->((!B)->(A->(!B))))->((!B)->(A->(!B)))))) (M.P. 56, 58)
(61) ((!B)->(A->(!B))) (Сх. акс. 1)
(62) ((((!B)->(A->(!B))))->((A->B)->(((!B)->(A->(!B)))))) (Сх. акс. 1)
(63) ((A->B)->(((!B)->(A->(!B))))) (M.P. 60, 31)
(64) (((!B)->(A->(!B)))->(((!B)->((A->(!B))->(!A)))->((!B)->(!A)))) (Сх. акс. 2)
(65) (((((!B)->(A->(!B)))->(((!B)->((A->(!B))->(!A)))->((!B)->(!A)))))->((A->B)->((((!B)->(A->(!B)))->(((!B)->((A->(!B))->(!A)))->((!B)->(!A))))))) (Сх. акс. 1)
(66) ((A->B)->((((!B)->(A->(!B)))->(((!B)->((A->(!B))->(!A)))->((!B)->(!A)))))) (M.P. 63, 64)
(67) (((A->B)->(((!B)->(A->(!B)))))->((A->B)->((((!B)->(A->(!B))))->((((!B)->((A->(!B))->(!A)))->((!B)->(!A))))))->((A->B)->((((!B)->((A->(!B))->(!A)))->((!B)->(!A)))))) (Сх. акс. 2)
(68) ((((A->B)->((((!B)->(A->(!B))))->((((!B)->((A->(!B))->(!A)))->((!B)->(!A)))))))->(((A->B)->((((!B)->((A->(!B))->(!A)))->((!B)->(!A))))))) (M.P. 32, 66)
(69) ((A->B)->((((!B)->((A->(!B))->(!A)))->((!B)->(!A))))) (M.P. 65, 67)
(70) (((A->B)->(((!B)->((A->(!B))->(!A)))))->((A->B)->((((!B)->((A->(!B))->(!A))))->(((!B)->(!A)))))->((A->B)->(((!B)->(!A))))) (Сх. акс. 2)
(71) ((((A->B)->((((!B)->((A->(!B))->(!A))))->(((!B)->(!A))))))->(((A->B)->(((!B)->(!A)))))) (M.P. 29, 69)
(72) ((A->B)->(((!B)->(!A)))) (M.P. 68, 70)
