|-((!(?x((!(F(x))))))->(F(x)))
((!(F(x)))->(?x((!(F(x))))))
(((!(F(x)))->(?x((!(F(x))))))->((!(?x((!(F(x))))))->((!(F(x)))->(?x((!(F(x))))))))
((!(?x((!(F(x))))))->((!(F(x)))->(?x((!(F(x)))))))
((!(?x((!(F(x))))))->((!(F(x)))->(!(?x((!(F(x))))))))
(((!(?x((!(F(x))))))->((!(F(x)))->(!(?x((!(F(x))))))))->((!(?x((!(F(x))))))->((!(?x((!(F(x))))))->((!(F(x)))->(!(?x((!(F(x))))))))))
((!(?x((!(F(x))))))->((!(?x((!(F(x))))))->((!(F(x)))->(!(?x((!(F(x)))))))))
((!(?x((!(F(x))))))->((!(?x((!(F(x))))))->(!(?x((!(F(x))))))))
(((!(?x((!(F(x))))))->((!(?x((!(F(x))))))->(!(?x((!(F(x))))))))->(((!(?x((!(F(x))))))->(((!(?x((!(F(x))))))->(!(?x((!(F(x)))))))->(!(?x((!(F(x))))))))->((!(?x((!(F(x))))))->(!(?x((!(F(x)))))))))
(((!(?x((!(F(x))))))->(((!(?x((!(F(x))))))->(!(?x((!(F(x)))))))->(!(?x((!(F(x))))))))->((!(?x((!(F(x))))))->(!(?x((!(F(x))))))))
((!(?x((!(F(x))))))->(((!(?x((!(F(x))))))->(!(?x((!(F(x)))))))->(!(?x((!(F(x))))))))
((!(?x((!(F(x))))))->(!(?x((!(F(x)))))))
(((!(?x((!(F(x))))))->(!(?x((!(F(x)))))))->(((!(?x((!(F(x))))))->((!(?x((!(F(x))))))->((!(F(x)))->(!(?x((!(F(x)))))))))->((!(?x((!(F(x))))))->((!(F(x)))->(!(?x((!(F(x))))))))))
(((!(?x((!(F(x))))))->((!(?x((!(F(x))))))->((!(F(x)))->(!(?x((!(F(x)))))))))->((!(?x((!(F(x))))))->((!(F(x)))->(!(?x((!(F(x)))))))))
((!(?x((!(F(x))))))->((!(F(x)))->(!(?x((!(F(x))))))))
(((!(F(x)))->(?x((!(F(x))))))->(((!(F(x)))->(!(?x((!(F(x)))))))->(!(!(F(x))))))
((((!(F(x)))->(?x((!(F(x))))))->(((!(F(x)))->(!(?x((!(F(x)))))))->(!(!(F(x))))))->((!(?x((!(F(x))))))->(((!(F(x)))->(?x((!(F(x))))))->(((!(F(x)))->(!(?x((!(F(x)))))))->(!(!(F(x))))))))
((!(?x((!(F(x))))))->(((!(F(x)))->(?x((!(F(x))))))->(((!(F(x)))->(!(?x((!(F(x)))))))->(!(!(F(x)))))))
(((!(?x((!(F(x))))))->((!(F(x)))->(?x((!(F(x)))))))->(((!(?x((!(F(x))))))->(((!(F(x)))->(?x((!(F(x))))))->(((!(F(x)))->(!(?x((!(F(x)))))))->(!(!(F(x)))))))->((!(?x((!(F(x))))))->(((!(F(x)))->(!(?x((!(F(x)))))))->(!(!(F(x))))))))
(((!(?x((!(F(x))))))->(((!(F(x)))->(?x((!(F(x))))))->(((!(F(x)))->(!(?x((!(F(x)))))))->(!(!(F(x)))))))->((!(?x((!(F(x))))))->(((!(F(x)))->(!(?x((!(F(x)))))))->(!(!(F(x)))))))
((!(?x((!(F(x))))))->(((!(F(x)))->(!(?x((!(F(x)))))))->(!(!(F(x))))))
(((!(?x((!(F(x))))))->((!(F(x)))->(!(?x((!(F(x))))))))->(((!(?x((!(F(x))))))->(((!(F(x)))->(!(?x((!(F(x)))))))->(!(!(F(x))))))->((!(?x((!(F(x))))))->(!(!(F(x)))))))
(((!(?x((!(F(x))))))->(((!(F(x)))->(!(?x((!(F(x)))))))->(!(!(F(x))))))->((!(?x((!(F(x))))))->(!(!(F(x))))))
((!(?x((!(F(x))))))->(!(!(F(x)))))
((!(!(F(x))))->(F(x)))
(((!(!(F(x))))->(F(x)))->((!(?x((!(F(x))))))->((!(!(F(x))))->(F(x)))))
((!(?x((!(F(x))))))->((!(!(F(x))))->(F(x))))
(((!(?x((!(F(x))))))->(!(!(F(x)))))->(((!(?x((!(F(x))))))->((!(!(F(x))))->(F(x))))->((!(?x((!(F(x))))))->(F(x)))))
(((!(?x((!(F(x))))))->((!(!(F(x))))->(F(x))))->((!(?x((!(F(x))))))->(F(x))))
((!(?x((!(F(x))))))->(F(x)))
