|-((?x((F(x))))->(?y((F(y)))))
((F(x))->(?y((F(y)))))
(((F(x))->(?y((F(y)))))->((?x((F(x))))->((F(x))->(?y((F(y)))))))
((?x((F(x))))->((F(x))->(?y((F(y))))))
((?x((F(x))))->((?x((F(x))))->(?x((F(x))))))
(((?x((F(x))))->((?x((F(x))))->(?x((F(x))))))->(((?x((F(x))))->((F(x))->(?y((F(y))))))->((?x((F(x))))->((?x((F(x))))->(?x((F(x))))))))
(((?x((F(x))))->((F(x))->(?y((F(y))))))->((?x((F(x))))->((?x((F(x))))->(?x((F(x)))))))
(((?x((F(x))))->((?x((F(x))))->(?x((F(x))))))->((F(x))->((?x((F(x))))->((?x((F(x))))->(?x((F(x))))))))
((((?x((F(x))))->((?x((F(x))))->(?x((F(x))))))->((F(x))->((?x((F(x))))->((?x((F(x))))->(?x((F(x))))))))->(((?x((F(x))))->((F(x))->(?y((F(y))))))->(((?x((F(x))))->((?x((F(x))))->(?x((F(x))))))->((F(x))->((?x((F(x))))->((?x((F(x))))->(?x((F(x))))))))))
(((?x((F(x))))->((F(x))->(?y((F(y))))))->(((?x((F(x))))->((?x((F(x))))->(?x((F(x))))))->((F(x))->((?x((F(x))))->((?x((F(x))))->(?x((F(x)))))))))
((((?x((F(x))))->((F(x))->(?y((F(y))))))->((?x((F(x))))->((?x((F(x))))->(?x((F(x)))))))->((((?x((F(x))))->((F(x))->(?y((F(y))))))->(((?x((F(x))))->((?x((F(x))))->(?x((F(x))))))->((F(x))->((?x((F(x))))->((?x((F(x))))->(?x((F(x)))))))))->(((?x((F(x))))->((F(x))->(?y((F(y))))))->((F(x))->((?x((F(x))))->((?x((F(x))))->(?x((F(x))))))))))
((((?x((F(x))))->((F(x))->(?y((F(y))))))->(((?x((F(x))))->((?x((F(x))))->(?x((F(x))))))->((F(x))->((?x((F(x))))->((?x((F(x))))->(?x((F(x)))))))))->(((?x((F(x))))->((F(x))->(?y((F(y))))))->((F(x))->((?x((F(x))))->((?x((F(x))))->(?x((F(x)))))))))
(((?x((F(x))))->((F(x))->(?y((F(y))))))->((F(x))->((?x((F(x))))->((?x((F(x))))->(?x((F(x))))))))
(((?x((F(x))))->((?x((F(x))))->(?x((F(x))))))->(((?x((F(x))))->(((?x((F(x))))->(?x((F(x)))))->(?x((F(x))))))->((?x((F(x))))->(?x((F(x)))))))
((((?x((F(x))))->((?x((F(x))))->(?x((F(x))))))->(((?x((F(x))))->(((?x((F(x))))->(?x((F(x)))))->(?x((F(x))))))->((?x((F(x))))->(?x((F(x)))))))->(((?x((F(x))))->((F(x))->(?y((F(y))))))->(((?x((F(x))))->((?x((F(x))))->(?x((F(x))))))->(((?x((F(x))))->(((?x((F(x))))->(?x((F(x)))))->(?x((F(x))))))->((?x((F(x))))->(?x((F(x)))))))))
(((?x((F(x))))->((F(x))->(?y((F(y))))))->(((?x((F(x))))->((?x((F(x))))->(?x((F(x))))))->(((?x((F(x))))->(((?x((F(x))))->(?x((F(x)))))->(?x((F(x))))))->((?x((F(x))))->(?x((F(x))))))))
((((?x((F(x))))->((?x((F(x))))->(?x((F(x))))))->(((?x((F(x))))->(((?x((F(x))))->(?x((F(x)))))->(?x((F(x))))))->((?x((F(x))))->(?x((F(x)))))))->((F(x))->(((?x((F(x))))->((?x((F(x))))->(?x((F(x))))))->(((?x((F(x))))->(((?x((F(x))))->(?x((F(x)))))->(?x((F(x))))))->((?x((F(x))))->(?x((F(x)))))))))
(((((?x((F(x))))->((?x((F(x))))->(?x((F(x))))))->(((?x((F(x))))->(((?x((F(x))))->(?x((F(x)))))->(?x((F(x))))))->((?x((F(x))))->(?x((F(x)))))))->((F(x))->(((?x((F(x))))->((?x((F(x))))->(?x((F(x))))))->(((?x((F(x))))->(((?x((F(x))))->(?x((F(x)))))->(?x((F(x))))))->((?x((F(x))))->(?x((F(x)))))))))->(((?x((F(x))))->((F(x))->(?y((F(y))))))->((((?x((F(x))))->((?x((F(x))))->(?x((F(x))))))->(((?x((F(x))))->(((?x((F(x))))->(?x((F(x)))))->(?x((F(x))))))->((?x((F(x))))->(?x((F(x)))))))->((F(x))->(((?x((F(x))))->((?x((F(x))))->(?x((F(x))))))->(((?x((F(x))))->(((?x((F(x))))->(?x((F(x)))))->(?x((F(x))))))->((?x((F(x))))->(?x((F(x)))))))))))
(((?x((F(x))))->((F(x))->(?y((F(y))))))->((((?x((F(x))))->((?x((F(x))))->(?x((F(x))))))->(((?x((F(x))))->(((?x((F(x))))->(?x((F(x)))))->(?x((F(x))))))->((?x((F(x))))->(?x((F(x)))))))->((F(x))->(((?x((F(x))))->((?x((F(x))))->(?x((F(x))))))->(((?x((F(x))))->(((?x((F(x))))->(?x((F(x)))))->(?x((F(x))))))->((?x((F(x))))->(?x((F(x))))))))))
((((?x((F(x))))->((F(x))->(?y((F(y))))))->(((?x((F(x))))->((?x((F(x))))->(?x((F(x))))))->(((?x((F(x))))->(((?x((F(x))))->(?x((F(x)))))->(?x((F(x))))))->((?x((F(x))))->(?x((F(x))))))))->((((?x((F(x))))->((F(x))->(?y((F(y))))))->((((?x((F(x))))->((?x((F(x))))->(?x((F(x))))))->(((?x((F(x))))->(((?x((F(x))))->(?x((F(x)))))->(?x((F(x))))))->((?x((F(x))))->(?x((F(x)))))))->((F(x))->(((?x((F(x))))->((?x((F(x))))->(?x((F(x))))))->(((?x((F(x))))->(((?x((F(x))))->(?x((F(x)))))->(?x((F(x))))))->((?x((F(x))))->(?x((F(x))))))))))->(((?x((F(x))))->((F(x))->(?y((F(y))))))->((F(x))->(((?x((F(x))))->((?x((F(x))))->(?x((F(x))))))->(((?x((F(x))))->(((?x((F(x))))->(?x((F(x)))))->(?x((F(x))))))->((?x((F(x))))->(?x((F(x)))))))))))
((((?x((F(x))))->((F(x))->(?y((F(y))))))->((((?x((F(x))))->((?x((F(x))))->(?x((F(x))))))->(((?x((F(x))))->(((?x((F(x))))->(?x((F(x)))))->(?x((F(x))))))->((?x((F(x))))->(?x((F(x)))))))->((F(x))->(((?x((F(x))))->((?x((F(x))))->(?x((F(x))))))->(((?x((F(x))))->(((?x((F(x))))->(?x((F(x)))))->(?x((F(x))))))->((?x((F(x))))->(?x((F(x))))))))))->(((?x((F(x))))->((F(x))->(?y((F(y))))))->((F(x))->(((?x((F(x))))->((?x((F(x))))->(?x((F(x))))))->(((?x((F(x))))->(((?x((F(x))))->(?x((F(x)))))->(?x((F(x))))))->((?x((F(x))))->(?x((F(x))))))))))
(((?x((F(x))))->((F(x))->(?y((F(y))))))->((F(x))->(((?x((F(x))))->((?x((F(x))))->(?x((F(x))))))->(((?x((F(x))))->(((?x((F(x))))->(?x((F(x)))))->(?x((F(x))))))->((?x((F(x))))->(?x((F(x)))))))))
(((F(x))->((?x((F(x))))->((?x((F(x))))->(?x((F(x)))))))->(((F(x))->(((?x((F(x))))->((?x((F(x))))->(?x((F(x))))))->(((?x((F(x))))->(((?x((F(x))))->(?x((F(x)))))->(?x((F(x))))))->((?x((F(x))))->(?x((F(x))))))))->((F(x))->(((?x((F(x))))->(((?x((F(x))))->(?x((F(x)))))->(?x((F(x))))))->((?x((F(x))))->(?x((F(x)))))))))
((((F(x))->((?x((F(x))))->((?x((F(x))))->(?x((F(x)))))))->(((F(x))->(((?x((F(x))))->((?x((F(x))))->(?x((F(x))))))->(((?x((F(x))))->(((?x((F(x))))->(?x((F(x)))))->(?x((F(x))))))->((?x((F(x))))->(?x((F(x))))))))->((F(x))->(((?x((F(x))))->(((?x((F(x))))->(?x((F(x)))))->(?x((F(x))))))->((?x((F(x))))->(?x((F(x)))))))))->(((?x((F(x))))->((F(x))->(?y((F(y))))))->(((F(x))->((?x((F(x))))->((?x((F(x))))->(?x((F(x)))))))->(((F(x))->(((?x((F(x))))->((?x((F(x))))->(?x((F(x))))))->(((?x((F(x))))->(((?x((F(x))))->(?x((F(x)))))->(?x((F(x))))))->((?x((F(x))))->(?x((F(x))))))))->((F(x))->(((?x((F(x))))->(((?x((F(x))))->(?x((F(x)))))->(?x((F(x))))))->((?x((F(x))))->(?x((F(x)))))))))))
(((?x((F(x))))->((F(x))->(?y((F(y))))))->(((F(x))->((?x((F(x))))->((?x((F(x))))->(?x((F(x)))))))->(((F(x))->(((?x((F(x))))->((?x((F(x))))->(?x((F(x))))))->(((?x((F(x))))->(((?x((F(x))))->(?x((F(x)))))->(?x((F(x))))))->((?x((F(x))))->(?x((F(x))))))))->((F(x))->(((?x((F(x))))->(((?x((F(x))))->(?x((F(x)))))->(?x((F(x))))))->((?x((F(x))))->(?x((F(x))))))))))
((((?x((F(x))))->((F(x))->(?y((F(y))))))->((F(x))->((?x((F(x))))->((?x((F(x))))->(?x((F(x))))))))->((((?x((F(x))))->((F(x))->(?y((F(y))))))->(((F(x))->((?x((F(x))))->((?x((F(x))))->(?x((F(x)))))))->(((F(x))->(((?x((F(x))))->((?x((F(x))))->(?x((F(x))))))->(((?x((F(x))))->(((?x((F(x))))->(?x((F(x)))))->(?x((F(x))))))->((?x((F(x))))->(?x((F(x))))))))->((F(x))->(((?x((F(x))))->(((?x((F(x))))->(?x((F(x)))))->(?x((F(x))))))->((?x((F(x))))->(?x((F(x))))))))))->(((?x((F(x))))->((F(x))->(?y((F(y))))))->(((F(x))->(((?x((F(x))))->((?x((F(x))))->(?x((F(x))))))->(((?x((F(x))))->(((?x((F(x))))->(?x((F(x)))))->(?x((F(x))))))->((?x((F(x))))->(?x((F(x))))))))->((F(x))->(((?x((F(x))))->(((?x((F(x))))->(?x((F(x)))))->(?x((F(x))))))->((?x((F(x))))->(?x((F(x)))))))))))
((((?x((F(x))))->((F(x))->(?y((F(y))))))->(((F(x))->((?x((F(x))))->((?x((F(x))))->(?x((F(x)))))))->(((F(x))->(((?x((F(x))))->((?x((F(x))))->(?x((F(x))))))->(((?x((F(x))))->(((?x((F(x))))->(?x((F(x)))))->(?x((F(x))))))->((?x((F(x))))->(?x((F(x))))))))->((F(x))->(((?x((F(x))))->(((?x((F(x))))->(?x((F(x)))))->(?x((F(x))))))->((?x((F(x))))->(?x((F(x))))))))))->(((?x((F(x))))->((F(x))->(?y((F(y))))))->(((F(x))->(((?x((F(x))))->((?x((F(x))))->(?x((F(x))))))->(((?x((F(x))))->(((?x((F(x))))->(?x((F(x)))))->(?x((F(x))))))->((?x((F(x))))->(?x((F(x))))))))->((F(x))->(((?x((F(x))))->(((?x((F(x))))->(?x((F(x)))))->(?x((F(x))))))->((?x((F(x))))->(?x((F(x))))))))))
(((?x((F(x))))->((F(x))->(?y((F(y))))))->(((F(x))->(((?x((F(x))))->((?x((F(x))))->(?x((F(x))))))->(((?x((F(x))))->(((?x((F(x))))->(?x((F(x)))))->(?x((F(x))))))->((?x((F(x))))->(?x((F(x))))))))->((F(x))->(((?x((F(x))))->(((?x((F(x))))->(?x((F(x)))))->(?x((F(x))))))->((?x((F(x))))->(?x((F(x)))))))))
((((?x((F(x))))->((F(x))->(?y((F(y))))))->((F(x))->(((?x((F(x))))->((?x((F(x))))->(?x((F(x))))))->(((?x((F(x))))->(((?x((F(x))))->(?x((F(x)))))->(?x((F(x))))))->((?x((F(x))))->(?x((F(x)))))))))->((((?x((F(x))))->((F(x))->(?y((F(y))))))->(((F(x))->(((?x((F(x))))->((?x((F(x))))->(?x((F(x))))))->(((?x((F(x))))->(((?x((F(x))))->(?x((F(x)))))->(?x((F(x))))))->((?x((F(x))))->(?x((F(x))))))))->((F(x))->(((?x((F(x))))->(((?x((F(x))))->(?x((F(x)))))->(?x((F(x))))))->((?x((F(x))))->(?x((F(x)))))))))->(((?x((F(x))))->((F(x))->(?y((F(y))))))->((F(x))->(((?x((F(x))))->(((?x((F(x))))->(?x((F(x)))))->(?x((F(x))))))->((?x((F(x))))->(?x((F(x))))))))))
((((?x((F(x))))->((F(x))->(?y((F(y))))))->(((F(x))->(((?x((F(x))))->((?x((F(x))))->(?x((F(x))))))->(((?x((F(x))))->(((?x((F(x))))->(?x((F(x)))))->(?x((F(x))))))->((?x((F(x))))->(?x((F(x))))))))->((F(x))->(((?x((F(x))))->(((?x((F(x))))->(?x((F(x)))))->(?x((F(x))))))->((?x((F(x))))->(?x((F(x)))))))))->(((?x((F(x))))->((F(x))->(?y((F(y))))))->((F(x))->(((?x((F(x))))->(((?x((F(x))))->(?x((F(x)))))->(?x((F(x))))))->((?x((F(x))))->(?x((F(x)))))))))
(((?x((F(x))))->((F(x))->(?y((F(y))))))->((F(x))->(((?x((F(x))))->(((?x((F(x))))->(?x((F(x)))))->(?x((F(x))))))->((?x((F(x))))->(?x((F(x))))))))
((?x((F(x))))->(((?x((F(x))))->(?x((F(x)))))->(?x((F(x))))))
(((?x((F(x))))->(((?x((F(x))))->(?x((F(x)))))->(?x((F(x))))))->(((?x((F(x))))->((F(x))->(?y((F(y))))))->((?x((F(x))))->(((?x((F(x))))->(?x((F(x)))))->(?x((F(x))))))))
(((?x((F(x))))->((F(x))->(?y((F(y))))))->((?x((F(x))))->(((?x((F(x))))->(?x((F(x)))))->(?x((F(x)))))))
(((?x((F(x))))->(((?x((F(x))))->(?x((F(x)))))->(?x((F(x))))))->((F(x))->((?x((F(x))))->(((?x((F(x))))->(?x((F(x)))))->(?x((F(x))))))))
((((?x((F(x))))->(((?x((F(x))))->(?x((F(x)))))->(?x((F(x))))))->((F(x))->((?x((F(x))))->(((?x((F(x))))->(?x((F(x)))))->(?x((F(x))))))))->(((?x((F(x))))->((F(x))->(?y((F(y))))))->(((?x((F(x))))->(((?x((F(x))))->(?x((F(x)))))->(?x((F(x))))))->((F(x))->((?x((F(x))))->(((?x((F(x))))->(?x((F(x)))))->(?x((F(x))))))))))
(((?x((F(x))))->((F(x))->(?y((F(y))))))->(((?x((F(x))))->(((?x((F(x))))->(?x((F(x)))))->(?x((F(x))))))->((F(x))->((?x((F(x))))->(((?x((F(x))))->(?x((F(x)))))->(?x((F(x)))))))))
((((?x((F(x))))->((F(x))->(?y((F(y))))))->((?x((F(x))))->(((?x((F(x))))->(?x((F(x)))))->(?x((F(x)))))))->((((?x((F(x))))->((F(x))->(?y((F(y))))))->(((?x((F(x))))->(((?x((F(x))))->(?x((F(x)))))->(?x((F(x))))))->((F(x))->((?x((F(x))))->(((?x((F(x))))->(?x((F(x)))))->(?x((F(x)))))))))->(((?x((F(x))))->((F(x))->(?y((F(y))))))->((F(x))->((?x((F(x))))->(((?x((F(x))))->(?x((F(x)))))->(?x((F(x))))))))))
((((?x((F(x))))->((F(x))->(?y((F(y))))))->(((?x((F(x))))->(((?x((F(x))))->(?x((F(x)))))->(?x((F(x))))))->((F(x))->((?x((F(x))))->(((?x((F(x))))->(?x((F(x)))))->(?x((F(x)))))))))->(((?x((F(x))))->((F(x))->(?y((F(y))))))->((F(x))->((?x((F(x))))->(((?x((F(x))))->(?x((F(x)))))->(?x((F(x)))))))))
(((?x((F(x))))->((F(x))->(?y((F(y))))))->((F(x))->((?x((F(x))))->(((?x((F(x))))->(?x((F(x)))))->(?x((F(x))))))))
(((F(x))->((?x((F(x))))->(((?x((F(x))))->(?x((F(x)))))->(?x((F(x)))))))->(((F(x))->(((?x((F(x))))->(((?x((F(x))))->(?x((F(x)))))->(?x((F(x))))))->((?x((F(x))))->(?x((F(x)))))))->((F(x))->((?x((F(x))))->(?x((F(x))))))))
((((F(x))->((?x((F(x))))->(((?x((F(x))))->(?x((F(x)))))->(?x((F(x)))))))->(((F(x))->(((?x((F(x))))->(((?x((F(x))))->(?x((F(x)))))->(?x((F(x))))))->((?x((F(x))))->(?x((F(x)))))))->((F(x))->((?x((F(x))))->(?x((F(x))))))))->(((?x((F(x))))->((F(x))->(?y((F(y))))))->(((F(x))->((?x((F(x))))->(((?x((F(x))))->(?x((F(x)))))->(?x((F(x)))))))->(((F(x))->(((?x((F(x))))->(((?x((F(x))))->(?x((F(x)))))->(?x((F(x))))))->((?x((F(x))))->(?x((F(x)))))))->((F(x))->((?x((F(x))))->(?x((F(x))))))))))
(((?x((F(x))))->((F(x))->(?y((F(y))))))->(((F(x))->((?x((F(x))))->(((?x((F(x))))->(?x((F(x)))))->(?x((F(x)))))))->(((F(x))->(((?x((F(x))))->(((?x((F(x))))->(?x((F(x)))))->(?x((F(x))))))->((?x((F(x))))->(?x((F(x)))))))->((F(x))->((?x((F(x))))->(?x((F(x)))))))))
((((?x((F(x))))->((F(x))->(?y((F(y))))))->((F(x))->((?x((F(x))))->(((?x((F(x))))->(?x((F(x)))))->(?x((F(x))))))))->((((?x((F(x))))->((F(x))->(?y((F(y))))))->(((F(x))->((?x((F(x))))->(((?x((F(x))))->(?x((F(x)))))->(?x((F(x)))))))->(((F(x))->(((?x((F(x))))->(((?x((F(x))))->(?x((F(x)))))->(?x((F(x))))))->((?x((F(x))))->(?x((F(x)))))))->((F(x))->((?x((F(x))))->(?x((F(x)))))))))->(((?x((F(x))))->((F(x))->(?y((F(y))))))->(((F(x))->(((?x((F(x))))->(((?x((F(x))))->(?x((F(x)))))->(?x((F(x))))))->((?x((F(x))))->(?x((F(x)))))))->((F(x))->((?x((F(x))))->(?x((F(x))))))))))
((((?x((F(x))))->((F(x))->(?y((F(y))))))->(((F(x))->((?x((F(x))))->(((?x((F(x))))->(?x((F(x)))))->(?x((F(x)))))))->(((F(x))->(((?x((F(x))))->(((?x((F(x))))->(?x((F(x)))))->(?x((F(x))))))->((?x((F(x))))->(?x((F(x)))))))->((F(x))->((?x((F(x))))->(?x((F(x)))))))))->(((?x((F(x))))->((F(x))->(?y((F(y))))))->(((F(x))->(((?x((F(x))))->(((?x((F(x))))->(?x((F(x)))))->(?x((F(x))))))->((?x((F(x))))->(?x((F(x)))))))->((F(x))->((?x((F(x))))->(?x((F(x)))))))))
(((?x((F(x))))->((F(x))->(?y((F(y))))))->(((F(x))->(((?x((F(x))))->(((?x((F(x))))->(?x((F(x)))))->(?x((F(x))))))->((?x((F(x))))->(?x((F(x)))))))->((F(x))->((?x((F(x))))->(?x((F(x))))))))
((((?x((F(x))))->((F(x))->(?y((F(y))))))->((F(x))->(((?x((F(x))))->(((?x((F(x))))->(?x((F(x)))))->(?x((F(x))))))->((?x((F(x))))->(?x((F(x))))))))->((((?x((F(x))))->((F(x))->(?y((F(y))))))->(((F(x))->(((?x((F(x))))->(((?x((F(x))))->(?x((F(x)))))->(?x((F(x))))))->((?x((F(x))))->(?x((F(x)))))))->((F(x))->((?x((F(x))))->(?x((F(x))))))))->(((?x((F(x))))->((F(x))->(?y((F(y))))))->((F(x))->((?x((F(x))))->(?x((F(x)))))))))
((((?x((F(x))))->((F(x))->(?y((F(y))))))->(((F(x))->(((?x((F(x))))->(((?x((F(x))))->(?x((F(x)))))->(?x((F(x))))))->((?x((F(x))))->(?x((F(x)))))))->((F(x))->((?x((F(x))))->(?x((F(x))))))))->(((?x((F(x))))->((F(x))->(?y((F(y))))))->((F(x))->((?x((F(x))))->(?x((F(x))))))))
(((?x((F(x))))->((F(x))->(?y((F(y))))))->((F(x))->((?x((F(x))))->(?x((F(x)))))))
((F(x))->((F(x))->(F(x))))
(((F(x))->((F(x))->(F(x))))->(((?x((F(x))))->((F(x))->(?y((F(y))))))->((F(x))->((F(x))->(F(x))))))
(((?x((F(x))))->((F(x))->(?y((F(y))))))->((F(x))->((F(x))->(F(x)))))
(((F(x))->((F(x))->(F(x))))->(((F(x))->(((F(x))->(F(x)))->(F(x))))->((F(x))->(F(x)))))
((((F(x))->((F(x))->(F(x))))->(((F(x))->(((F(x))->(F(x)))->(F(x))))->((F(x))->(F(x)))))->(((?x((F(x))))->((F(x))->(?y((F(y))))))->(((F(x))->((F(x))->(F(x))))->(((F(x))->(((F(x))->(F(x)))->(F(x))))->((F(x))->(F(x)))))))
(((?x((F(x))))->((F(x))->(?y((F(y))))))->(((F(x))->((F(x))->(F(x))))->(((F(x))->(((F(x))->(F(x)))->(F(x))))->((F(x))->(F(x))))))
((((?x((F(x))))->((F(x))->(?y((F(y))))))->((F(x))->((F(x))->(F(x)))))->((((?x((F(x))))->((F(x))->(?y((F(y))))))->(((F(x))->((F(x))->(F(x))))->(((F(x))->(((F(x))->(F(x)))->(F(x))))->((F(x))->(F(x))))))->(((?x((F(x))))->((F(x))->(?y((F(y))))))->(((F(x))->(((F(x))->(F(x)))->(F(x))))->((F(x))->(F(x)))))))
((((?x((F(x))))->((F(x))->(?y((F(y))))))->(((F(x))->((F(x))->(F(x))))->(((F(x))->(((F(x))->(F(x)))->(F(x))))->((F(x))->(F(x))))))->(((?x((F(x))))->((F(x))->(?y((F(y))))))->(((F(x))->(((F(x))->(F(x)))->(F(x))))->((F(x))->(F(x))))))
(((?x((F(x))))->((F(x))->(?y((F(y))))))->(((F(x))->(((F(x))->(F(x)))->(F(x))))->((F(x))->(F(x)))))
((F(x))->(((F(x))->(F(x)))->(F(x))))
(((F(x))->(((F(x))->(F(x)))->(F(x))))->(((?x((F(x))))->((F(x))->(?y((F(y))))))->((F(x))->(((F(x))->(F(x)))->(F(x))))))
(((?x((F(x))))->((F(x))->(?y((F(y))))))->((F(x))->(((F(x))->(F(x)))->(F(x)))))
((((?x((F(x))))->((F(x))->(?y((F(y))))))->((F(x))->(((F(x))->(F(x)))->(F(x)))))->((((?x((F(x))))->((F(x))->(?y((F(y))))))->(((F(x))->(((F(x))->(F(x)))->(F(x))))->((F(x))->(F(x)))))->(((?x((F(x))))->((F(x))->(?y((F(y))))))->((F(x))->(F(x))))))
((((?x((F(x))))->((F(x))->(?y((F(y))))))->(((F(x))->(((F(x))->(F(x)))->(F(x))))->((F(x))->(F(x)))))->(((?x((F(x))))->((F(x))->(?y((F(y))))))->((F(x))->(F(x)))))
(((?x((F(x))))->((F(x))->(?y((F(y))))))->((F(x))->(F(x))))
((F(x))->((?x((F(x))))->(F(x))))
(((F(x))->((?x((F(x))))->(F(x))))->(((?x((F(x))))->((F(x))->(?y((F(y))))))->((F(x))->((?x((F(x))))->(F(x))))))
(((?x((F(x))))->((F(x))->(?y((F(y))))))->((F(x))->((?x((F(x))))->(F(x)))))
(((F(x))->((?x((F(x))))->(F(x))))->((F(x))->((F(x))->((?x((F(x))))->(F(x))))))
((((F(x))->((?x((F(x))))->(F(x))))->((F(x))->((F(x))->((?x((F(x))))->(F(x))))))->(((?x((F(x))))->((F(x))->(?y((F(y))))))->(((F(x))->((?x((F(x))))->(F(x))))->((F(x))->((F(x))->((?x((F(x))))->(F(x))))))))
(((?x((F(x))))->((F(x))->(?y((F(y))))))->(((F(x))->((?x((F(x))))->(F(x))))->((F(x))->((F(x))->((?x((F(x))))->(F(x)))))))
((((?x((F(x))))->((F(x))->(?y((F(y))))))->((F(x))->((?x((F(x))))->(F(x)))))->((((?x((F(x))))->((F(x))->(?y((F(y))))))->(((F(x))->((?x((F(x))))->(F(x))))->((F(x))->((F(x))->((?x((F(x))))->(F(x)))))))->(((?x((F(x))))->((F(x))->(?y((F(y))))))->((F(x))->((F(x))->((?x((F(x))))->(F(x))))))))
((((?x((F(x))))->((F(x))->(?y((F(y))))))->(((F(x))->((?x((F(x))))->(F(x))))->((F(x))->((F(x))->((?x((F(x))))->(F(x)))))))->(((?x((F(x))))->((F(x))->(?y((F(y))))))->((F(x))->((F(x))->((?x((F(x))))->(F(x)))))))
(((?x((F(x))))->((F(x))->(?y((F(y))))))->((F(x))->((F(x))->((?x((F(x))))->(F(x))))))
(((F(x))->(F(x)))->(((F(x))->((F(x))->((?x((F(x))))->(F(x)))))->((F(x))->((?x((F(x))))->(F(x))))))
((((F(x))->(F(x)))->(((F(x))->((F(x))->((?x((F(x))))->(F(x)))))->((F(x))->((?x((F(x))))->(F(x))))))->(((?x((F(x))))->((F(x))->(?y((F(y))))))->(((F(x))->(F(x)))->(((F(x))->((F(x))->((?x((F(x))))->(F(x)))))->((F(x))->((?x((F(x))))->(F(x))))))))
(((?x((F(x))))->((F(x))->(?y((F(y))))))->(((F(x))->(F(x)))->(((F(x))->((F(x))->((?x((F(x))))->(F(x)))))->((F(x))->((?x((F(x))))->(F(x)))))))
((((?x((F(x))))->((F(x))->(?y((F(y))))))->((F(x))->(F(x))))->((((?x((F(x))))->((F(x))->(?y((F(y))))))->(((F(x))->(F(x)))->(((F(x))->((F(x))->((?x((F(x))))->(F(x)))))->((F(x))->((?x((F(x))))->(F(x)))))))->(((?x((F(x))))->((F(x))->(?y((F(y))))))->(((F(x))->((F(x))->((?x((F(x))))->(F(x)))))->((F(x))->((?x((F(x))))->(F(x))))))))
((((?x((F(x))))->((F(x))->(?y((F(y))))))->(((F(x))->(F(x)))->(((F(x))->((F(x))->((?x((F(x))))->(F(x)))))->((F(x))->((?x((F(x))))->(F(x)))))))->(((?x((F(x))))->((F(x))->(?y((F(y))))))->(((F(x))->((F(x))->((?x((F(x))))->(F(x)))))->((F(x))->((?x((F(x))))->(F(x)))))))
(((?x((F(x))))->((F(x))->(?y((F(y))))))->(((F(x))->((F(x))->((?x((F(x))))->(F(x)))))->((F(x))->((?x((F(x))))->(F(x))))))
((F(x))->((?x((F(x))))->(F(x))))
(((F(x))->((?x((F(x))))->(F(x))))->(((?x((F(x))))->((F(x))->(?y((F(y))))))->((F(x))->((?x((F(x))))->(F(x))))))
(((?x((F(x))))->((F(x))->(?y((F(y))))))->((F(x))->((?x((F(x))))->(F(x)))))
(((?x((F(x))))->((F(x))->(?y((F(y))))))->(((?x((F(x))))->((F(x))->(?y((F(y))))))->((?x((F(x))))->((F(x))->(?y((F(y))))))))
((((?x((F(x))))->((F(x))->(?y((F(y))))))->(((?x((F(x))))->((F(x))->(?y((F(y))))))->((?x((F(x))))->((F(x))->(?y((F(y))))))))->((((?x((F(x))))->((F(x))->(?y((F(y))))))->((((?x((F(x))))->((F(x))->(?y((F(y))))))->((?x((F(x))))->((F(x))->(?y((F(y)))))))->((?x((F(x))))->((F(x))->(?y((F(y))))))))->(((?x((F(x))))->((F(x))->(?y((F(y))))))->((?x((F(x))))->((F(x))->(?y((F(y)))))))))
((((?x((F(x))))->((F(x))->(?y((F(y))))))->((((?x((F(x))))->((F(x))->(?y((F(y))))))->((?x((F(x))))->((F(x))->(?y((F(y)))))))->((?x((F(x))))->((F(x))->(?y((F(y))))))))->(((?x((F(x))))->((F(x))->(?y((F(y))))))->((?x((F(x))))->((F(x))->(?y((F(y))))))))
(((?x((F(x))))->((F(x))->(?y((F(y))))))->((((?x((F(x))))->((F(x))->(?y((F(y))))))->((?x((F(x))))->((F(x))->(?y((F(y)))))))->((?x((F(x))))->((F(x))->(?y((F(y))))))))
(((?x((F(x))))->((F(x))->(?y((F(y))))))->((?x((F(x))))->((F(x))->(?y((F(y)))))))
(((?x((F(x))))->((F(x))->(?y((F(y))))))->((F(x))->((?x((F(x))))->((F(x))->(?y((F(y))))))))
((((?x((F(x))))->((F(x))->(?y((F(y))))))->((F(x))->((?x((F(x))))->((F(x))->(?y((F(y))))))))->(((?x((F(x))))->((F(x))->(?y((F(y))))))->(((?x((F(x))))->((F(x))->(?y((F(y))))))->((F(x))->((?x((F(x))))->((F(x))->(?y((F(y))))))))))
(((?x((F(x))))->((F(x))->(?y((F(y))))))->(((?x((F(x))))->((F(x))->(?y((F(y))))))->((F(x))->((?x((F(x))))->((F(x))->(?y((F(y)))))))))
((((?x((F(x))))->((F(x))->(?y((F(y))))))->((?x((F(x))))->((F(x))->(?y((F(y)))))))->((((?x((F(x))))->((F(x))->(?y((F(y))))))->(((?x((F(x))))->((F(x))->(?y((F(y))))))->((F(x))->((?x((F(x))))->((F(x))->(?y((F(y)))))))))->(((?x((F(x))))->((F(x))->(?y((F(y))))))->((F(x))->((?x((F(x))))->((F(x))->(?y((F(y))))))))))
((((?x((F(x))))->((F(x))->(?y((F(y))))))->(((?x((F(x))))->((F(x))->(?y((F(y))))))->((F(x))->((?x((F(x))))->((F(x))->(?y((F(y)))))))))->(((?x((F(x))))->((F(x))->(?y((F(y))))))->((F(x))->((?x((F(x))))->((F(x))->(?y((F(y)))))))))
(((?x((F(x))))->((F(x))->(?y((F(y))))))->((F(x))->((?x((F(x))))->((F(x))->(?y((F(y))))))))
(((?x((F(x))))->((F(x))->(?y((F(y))))))->((?x((F(x))))->((?x((F(x))))->((F(x))->(?y((F(y))))))))
((((?x((F(x))))->((F(x))->(?y((F(y))))))->((?x((F(x))))->((?x((F(x))))->((F(x))->(?y((F(y))))))))->(((?x((F(x))))->((F(x))->(?y((F(y))))))->(((?x((F(x))))->((F(x))->(?y((F(y))))))->((?x((F(x))))->((?x((F(x))))->((F(x))->(?y((F(y))))))))))
(((?x((F(x))))->((F(x))->(?y((F(y))))))->(((?x((F(x))))->((F(x))->(?y((F(y))))))->((?x((F(x))))->((?x((F(x))))->((F(x))->(?y((F(y)))))))))
((((?x((F(x))))->((F(x))->(?y((F(y))))))->((?x((F(x))))->((?x((F(x))))->((F(x))->(?y((F(y))))))))->((F(x))->(((?x((F(x))))->((F(x))->(?y((F(y))))))->((?x((F(x))))->((?x((F(x))))->((F(x))->(?y((F(y))))))))))
(((((?x((F(x))))->((F(x))->(?y((F(y))))))->((?x((F(x))))->((?x((F(x))))->((F(x))->(?y((F(y))))))))->((F(x))->(((?x((F(x))))->((F(x))->(?y((F(y))))))->((?x((F(x))))->((?x((F(x))))->((F(x))->(?y((F(y))))))))))->(((?x((F(x))))->((F(x))->(?y((F(y))))))->((((?x((F(x))))->((F(x))->(?y((F(y))))))->((?x((F(x))))->((?x((F(x))))->((F(x))->(?y((F(y))))))))->((F(x))->(((?x((F(x))))->((F(x))->(?y((F(y))))))->((?x((F(x))))->((?x((F(x))))->((F(x))->(?y((F(y))))))))))))
(((?x((F(x))))->((F(x))->(?y((F(y))))))->((((?x((F(x))))->((F(x))->(?y((F(y))))))->((?x((F(x))))->((?x((F(x))))->((F(x))->(?y((F(y))))))))->((F(x))->(((?x((F(x))))->((F(x))->(?y((F(y))))))->((?x((F(x))))->((?x((F(x))))->((F(x))->(?y((F(y)))))))))))
((((?x((F(x))))->((F(x))->(?y((F(y))))))->(((?x((F(x))))->((F(x))->(?y((F(y))))))->((?x((F(x))))->((?x((F(x))))->((F(x))->(?y((F(y)))))))))->((((?x((F(x))))->((F(x))->(?y((F(y))))))->((((?x((F(x))))->((F(x))->(?y((F(y))))))->((?x((F(x))))->((?x((F(x))))->((F(x))->(?y((F(y))))))))->((F(x))->(((?x((F(x))))->((F(x))->(?y((F(y))))))->((?x((F(x))))->((?x((F(x))))->((F(x))->(?y((F(y)))))))))))->(((?x((F(x))))->((F(x))->(?y((F(y))))))->((F(x))->(((?x((F(x))))->((F(x))->(?y((F(y))))))->((?x((F(x))))->((?x((F(x))))->((F(x))->(?y((F(y))))))))))))
((((?x((F(x))))->((F(x))->(?y((F(y))))))->((((?x((F(x))))->((F(x))->(?y((F(y))))))->((?x((F(x))))->((?x((F(x))))->((F(x))->(?y((F(y))))))))->((F(x))->(((?x((F(x))))->((F(x))->(?y((F(y))))))->((?x((F(x))))->((?x((F(x))))->((F(x))->(?y((F(y)))))))))))->(((?x((F(x))))->((F(x))->(?y((F(y))))))->((F(x))->(((?x((F(x))))->((F(x))->(?y((F(y))))))->((?x((F(x))))->((?x((F(x))))->((F(x))->(?y((F(y)))))))))))
(((?x((F(x))))->((F(x))->(?y((F(y))))))->((F(x))->(((?x((F(x))))->((F(x))->(?y((F(y))))))->((?x((F(x))))->((?x((F(x))))->((F(x))->(?y((F(y))))))))))
(((F(x))->((?x((F(x))))->((F(x))->(?y((F(y)))))))->(((F(x))->(((?x((F(x))))->((F(x))->(?y((F(y))))))->((?x((F(x))))->((?x((F(x))))->((F(x))->(?y((F(y)))))))))->((F(x))->((?x((F(x))))->((?x((F(x))))->((F(x))->(?y((F(y))))))))))
((((F(x))->((?x((F(x))))->((F(x))->(?y((F(y)))))))->(((F(x))->(((?x((F(x))))->((F(x))->(?y((F(y))))))->((?x((F(x))))->((?x((F(x))))->((F(x))->(?y((F(y)))))))))->((F(x))->((?x((F(x))))->((?x((F(x))))->((F(x))->(?y((F(y))))))))))->(((?x((F(x))))->((F(x))->(?y((F(y))))))->(((F(x))->((?x((F(x))))->((F(x))->(?y((F(y)))))))->(((F(x))->(((?x((F(x))))->((F(x))->(?y((F(y))))))->((?x((F(x))))->((?x((F(x))))->((F(x))->(?y((F(y)))))))))->((F(x))->((?x((F(x))))->((?x((F(x))))->((F(x))->(?y((F(y))))))))))))
(((?x((F(x))))->((F(x))->(?y((F(y))))))->(((F(x))->((?x((F(x))))->((F(x))->(?y((F(y)))))))->(((F(x))->(((?x((F(x))))->((F(x))->(?y((F(y))))))->((?x((F(x))))->((?x((F(x))))->((F(x))->(?y((F(y)))))))))->((F(x))->((?x((F(x))))->((?x((F(x))))->((F(x))->(?y((F(y)))))))))))
((((?x((F(x))))->((F(x))->(?y((F(y))))))->((F(x))->((?x((F(x))))->((F(x))->(?y((F(y))))))))->((((?x((F(x))))->((F(x))->(?y((F(y))))))->(((F(x))->((?x((F(x))))->((F(x))->(?y((F(y)))))))->(((F(x))->(((?x((F(x))))->((F(x))->(?y((F(y))))))->((?x((F(x))))->((?x((F(x))))->((F(x))->(?y((F(y)))))))))->((F(x))->((?x((F(x))))->((?x((F(x))))->((F(x))->(?y((F(y)))))))))))->(((?x((F(x))))->((F(x))->(?y((F(y))))))->(((F(x))->(((?x((F(x))))->((F(x))->(?y((F(y))))))->((?x((F(x))))->((?x((F(x))))->((F(x))->(?y((F(y)))))))))->((F(x))->((?x((F(x))))->((?x((F(x))))->((F(x))->(?y((F(y))))))))))))
((((?x((F(x))))->((F(x))->(?y((F(y))))))->(((F(x))->((?x((F(x))))->((F(x))->(?y((F(y)))))))->(((F(x))->(((?x((F(x))))->((F(x))->(?y((F(y))))))->((?x((F(x))))->((?x((F(x))))->((F(x))->(?y((F(y)))))))))->((F(x))->((?x((F(x))))->((?x((F(x))))->((F(x))->(?y((F(y)))))))))))->(((?x((F(x))))->((F(x))->(?y((F(y))))))->(((F(x))->(((?x((F(x))))->((F(x))->(?y((F(y))))))->((?x((F(x))))->((?x((F(x))))->((F(x))->(?y((F(y)))))))))->((F(x))->((?x((F(x))))->((?x((F(x))))->((F(x))->(?y((F(y)))))))))))
(((?x((F(x))))->((F(x))->(?y((F(y))))))->(((F(x))->(((?x((F(x))))->((F(x))->(?y((F(y))))))->((?x((F(x))))->((?x((F(x))))->((F(x))->(?y((F(y)))))))))->((F(x))->((?x((F(x))))->((?x((F(x))))->((F(x))->(?y((F(y))))))))))
((((?x((F(x))))->((F(x))->(?y((F(y))))))->((F(x))->(((?x((F(x))))->((F(x))->(?y((F(y))))))->((?x((F(x))))->((?x((F(x))))->((F(x))->(?y((F(y))))))))))->((((?x((F(x))))->((F(x))->(?y((F(y))))))->(((F(x))->(((?x((F(x))))->((F(x))->(?y((F(y))))))->((?x((F(x))))->((?x((F(x))))->((F(x))->(?y((F(y)))))))))->((F(x))->((?x((F(x))))->((?x((F(x))))->((F(x))->(?y((F(y))))))))))->(((?x((F(x))))->((F(x))->(?y((F(y))))))->((F(x))->((?x((F(x))))->((?x((F(x))))->((F(x))->(?y((F(y)))))))))))
((((?x((F(x))))->((F(x))->(?y((F(y))))))->(((F(x))->(((?x((F(x))))->((F(x))->(?y((F(y))))))->((?x((F(x))))->((?x((F(x))))->((F(x))->(?y((F(y)))))))))->((F(x))->((?x((F(x))))->((?x((F(x))))->((F(x))->(?y((F(y))))))))))->(((?x((F(x))))->((F(x))->(?y((F(y))))))->((F(x))->((?x((F(x))))->((?x((F(x))))->((F(x))->(?y((F(y))))))))))
(((?x((F(x))))->((F(x))->(?y((F(y))))))->((F(x))->((?x((F(x))))->((?x((F(x))))->((F(x))->(?y((F(y)))))))))
(((?x((F(x))))->(?x((F(x)))))->(((?x((F(x))))->((?x((F(x))))->((F(x))->(?y((F(y)))))))->((?x((F(x))))->((F(x))->(?y((F(y))))))))
((((?x((F(x))))->(?x((F(x)))))->(((?x((F(x))))->((?x((F(x))))->((F(x))->(?y((F(y)))))))->((?x((F(x))))->((F(x))->(?y((F(y))))))))->(((?x((F(x))))->((F(x))->(?y((F(y))))))->(((?x((F(x))))->(?x((F(x)))))->(((?x((F(x))))->((?x((F(x))))->((F(x))->(?y((F(y)))))))->((?x((F(x))))->((F(x))->(?y((F(y))))))))))
(((?x((F(x))))->((F(x))->(?y((F(y))))))->(((?x((F(x))))->(?x((F(x)))))->(((?x((F(x))))->((?x((F(x))))->((F(x))->(?y((F(y)))))))->((?x((F(x))))->((F(x))->(?y((F(y)))))))))
((((?x((F(x))))->(?x((F(x)))))->(((?x((F(x))))->((?x((F(x))))->((F(x))->(?y((F(y)))))))->((?x((F(x))))->((F(x))->(?y((F(y))))))))->((F(x))->(((?x((F(x))))->(?x((F(x)))))->(((?x((F(x))))->((?x((F(x))))->((F(x))->(?y((F(y)))))))->((?x((F(x))))->((F(x))->(?y((F(y))))))))))
(((((?x((F(x))))->(?x((F(x)))))->(((?x((F(x))))->((?x((F(x))))->((F(x))->(?y((F(y)))))))->((?x((F(x))))->((F(x))->(?y((F(y))))))))->((F(x))->(((?x((F(x))))->(?x((F(x)))))->(((?x((F(x))))->((?x((F(x))))->((F(x))->(?y((F(y)))))))->((?x((F(x))))->((F(x))->(?y((F(y))))))))))->(((?x((F(x))))->((F(x))->(?y((F(y))))))->((((?x((F(x))))->(?x((F(x)))))->(((?x((F(x))))->((?x((F(x))))->((F(x))->(?y((F(y)))))))->((?x((F(x))))->((F(x))->(?y((F(y))))))))->((F(x))->(((?x((F(x))))->(?x((F(x)))))->(((?x((F(x))))->((?x((F(x))))->((F(x))->(?y((F(y)))))))->((?x((F(x))))->((F(x))->(?y((F(y))))))))))))
(((?x((F(x))))->((F(x))->(?y((F(y))))))->((((?x((F(x))))->(?x((F(x)))))->(((?x((F(x))))->((?x((F(x))))->((F(x))->(?y((F(y)))))))->((?x((F(x))))->((F(x))->(?y((F(y))))))))->((F(x))->(((?x((F(x))))->(?x((F(x)))))->(((?x((F(x))))->((?x((F(x))))->((F(x))->(?y((F(y)))))))->((?x((F(x))))->((F(x))->(?y((F(y)))))))))))
((((?x((F(x))))->((F(x))->(?y((F(y))))))->(((?x((F(x))))->(?x((F(x)))))->(((?x((F(x))))->((?x((F(x))))->((F(x))->(?y((F(y)))))))->((?x((F(x))))->((F(x))->(?y((F(y)))))))))->((((?x((F(x))))->((F(x))->(?y((F(y))))))->((((?x((F(x))))->(?x((F(x)))))->(((?x((F(x))))->((?x((F(x))))->((F(x))->(?y((F(y)))))))->((?x((F(x))))->((F(x))->(?y((F(y))))))))->((F(x))->(((?x((F(x))))->(?x((F(x)))))->(((?x((F(x))))->((?x((F(x))))->((F(x))->(?y((F(y)))))))->((?x((F(x))))->((F(x))->(?y((F(y)))))))))))->(((?x((F(x))))->((F(x))->(?y((F(y))))))->((F(x))->(((?x((F(x))))->(?x((F(x)))))->(((?x((F(x))))->((?x((F(x))))->((F(x))->(?y((F(y)))))))->((?x((F(x))))->((F(x))->(?y((F(y))))))))))))
((((?x((F(x))))->((F(x))->(?y((F(y))))))->((((?x((F(x))))->(?x((F(x)))))->(((?x((F(x))))->((?x((F(x))))->((F(x))->(?y((F(y)))))))->((?x((F(x))))->((F(x))->(?y((F(y))))))))->((F(x))->(((?x((F(x))))->(?x((F(x)))))->(((?x((F(x))))->((?x((F(x))))->((F(x))->(?y((F(y)))))))->((?x((F(x))))->((F(x))->(?y((F(y)))))))))))->(((?x((F(x))))->((F(x))->(?y((F(y))))))->((F(x))->(((?x((F(x))))->(?x((F(x)))))->(((?x((F(x))))->((?x((F(x))))->((F(x))->(?y((F(y)))))))->((?x((F(x))))->((F(x))->(?y((F(y)))))))))))
(((?x((F(x))))->((F(x))->(?y((F(y))))))->((F(x))->(((?x((F(x))))->(?x((F(x)))))->(((?x((F(x))))->((?x((F(x))))->((F(x))->(?y((F(y)))))))->((?x((F(x))))->((F(x))->(?y((F(y))))))))))
(((F(x))->((?x((F(x))))->(?x((F(x))))))->(((F(x))->(((?x((F(x))))->(?x((F(x)))))->(((?x((F(x))))->((?x((F(x))))->((F(x))->(?y((F(y)))))))->((?x((F(x))))->((F(x))->(?y((F(y)))))))))->((F(x))->(((?x((F(x))))->((?x((F(x))))->((F(x))->(?y((F(y)))))))->((?x((F(x))))->((F(x))->(?y((F(y))))))))))
((((F(x))->((?x((F(x))))->(?x((F(x))))))->(((F(x))->(((?x((F(x))))->(?x((F(x)))))->(((?x((F(x))))->((?x((F(x))))->((F(x))->(?y((F(y)))))))->((?x((F(x))))->((F(x))->(?y((F(y)))))))))->((F(x))->(((?x((F(x))))->((?x((F(x))))->((F(x))->(?y((F(y)))))))->((?x((F(x))))->((F(x))->(?y((F(y))))))))))->(((?x((F(x))))->((F(x))->(?y((F(y))))))->(((F(x))->((?x((F(x))))->(?x((F(x))))))->(((F(x))->(((?x((F(x))))->(?x((F(x)))))->(((?x((F(x))))->((?x((F(x))))->((F(x))->(?y((F(y)))))))->((?x((F(x))))->((F(x))->(?y((F(y)))))))))->((F(x))->(((?x((F(x))))->((?x((F(x))))->((F(x))->(?y((F(y)))))))->((?x((F(x))))->((F(x))->(?y((F(y))))))))))))
(((?x((F(x))))->((F(x))->(?y((F(y))))))->(((F(x))->((?x((F(x))))->(?x((F(x))))))->(((F(x))->(((?x((F(x))))->(?x((F(x)))))->(((?x((F(x))))->((?x((F(x))))->((F(x))->(?y((F(y)))))))->((?x((F(x))))->((F(x))->(?y((F(y)))))))))->((F(x))->(((?x((F(x))))->((?x((F(x))))->((F(x))->(?y((F(y)))))))->((?x((F(x))))->((F(x))->(?y((F(y)))))))))))
((((?x((F(x))))->((F(x))->(?y((F(y))))))->((F(x))->((?x((F(x))))->(?x((F(x)))))))->((((?x((F(x))))->((F(x))->(?y((F(y))))))->(((F(x))->((?x((F(x))))->(?x((F(x))))))->(((F(x))->(((?x((F(x))))->(?x((F(x)))))->(((?x((F(x))))->((?x((F(x))))->((F(x))->(?y((F(y)))))))->((?x((F(x))))->((F(x))->(?y((F(y)))))))))->((F(x))->(((?x((F(x))))->((?x((F(x))))->((F(x))->(?y((F(y)))))))->((?x((F(x))))->((F(x))->(?y((F(y)))))))))))->(((?x((F(x))))->((F(x))->(?y((F(y))))))->(((F(x))->(((?x((F(x))))->(?x((F(x)))))->(((?x((F(x))))->((?x((F(x))))->((F(x))->(?y((F(y)))))))->((?x((F(x))))->((F(x))->(?y((F(y)))))))))->((F(x))->(((?x((F(x))))->((?x((F(x))))->((F(x))->(?y((F(y)))))))->((?x((F(x))))->((F(x))->(?y((F(y))))))))))))
((((?x((F(x))))->((F(x))->(?y((F(y))))))->(((F(x))->((?x((F(x))))->(?x((F(x))))))->(((F(x))->(((?x((F(x))))->(?x((F(x)))))->(((?x((F(x))))->((?x((F(x))))->((F(x))->(?y((F(y)))))))->((?x((F(x))))->((F(x))->(?y((F(y)))))))))->((F(x))->(((?x((F(x))))->((?x((F(x))))->((F(x))->(?y((F(y)))))))->((?x((F(x))))->((F(x))->(?y((F(y)))))))))))->(((?x((F(x))))->((F(x))->(?y((F(y))))))->(((F(x))->(((?x((F(x))))->(?x((F(x)))))->(((?x((F(x))))->((?x((F(x))))->((F(x))->(?y((F(y)))))))->((?x((F(x))))->((F(x))->(?y((F(y)))))))))->((F(x))->(((?x((F(x))))->((?x((F(x))))->((F(x))->(?y((F(y)))))))->((?x((F(x))))->((F(x))->(?y((F(y)))))))))))
(((?x((F(x))))->((F(x))->(?y((F(y))))))->(((F(x))->(((?x((F(x))))->(?x((F(x)))))->(((?x((F(x))))->((?x((F(x))))->((F(x))->(?y((F(y)))))))->((?x((F(x))))->((F(x))->(?y((F(y)))))))))->((F(x))->(((?x((F(x))))->((?x((F(x))))->((F(x))->(?y((F(y)))))))->((?x((F(x))))->((F(x))->(?y((F(y))))))))))
((((?x((F(x))))->((F(x))->(?y((F(y))))))->((F(x))->(((?x((F(x))))->(?x((F(x)))))->(((?x((F(x))))->((?x((F(x))))->((F(x))->(?y((F(y)))))))->((?x((F(x))))->((F(x))->(?y((F(y))))))))))->((((?x((F(x))))->((F(x))->(?y((F(y))))))->(((F(x))->(((?x((F(x))))->(?x((F(x)))))->(((?x((F(x))))->((?x((F(x))))->((F(x))->(?y((F(y)))))))->((?x((F(x))))->((F(x))->(?y((F(y)))))))))->((F(x))->(((?x((F(x))))->((?x((F(x))))->((F(x))->(?y((F(y)))))))->((?x((F(x))))->((F(x))->(?y((F(y))))))))))->(((?x((F(x))))->((F(x))->(?y((F(y))))))->((F(x))->(((?x((F(x))))->((?x((F(x))))->((F(x))->(?y((F(y)))))))->((?x((F(x))))->((F(x))->(?y((F(y)))))))))))
((((?x((F(x))))->((F(x))->(?y((F(y))))))->(((F(x))->(((?x((F(x))))->(?x((F(x)))))->(((?x((F(x))))->((?x((F(x))))->((F(x))->(?y((F(y)))))))->((?x((F(x))))->((F(x))->(?y((F(y)))))))))->((F(x))->(((?x((F(x))))->((?x((F(x))))->((F(x))->(?y((F(y)))))))->((?x((F(x))))->((F(x))->(?y((F(y))))))))))->(((?x((F(x))))->((F(x))->(?y((F(y))))))->((F(x))->(((?x((F(x))))->((?x((F(x))))->((F(x))->(?y((F(y)))))))->((?x((F(x))))->((F(x))->(?y((F(y))))))))))
(((?x((F(x))))->((F(x))->(?y((F(y))))))->((F(x))->(((?x((F(x))))->((?x((F(x))))->((F(x))->(?y((F(y)))))))->((?x((F(x))))->((F(x))->(?y((F(y)))))))))
(((F(x))->((?x((F(x))))->((?x((F(x))))->((F(x))->(?y((F(y))))))))->(((F(x))->(((?x((F(x))))->((?x((F(x))))->((F(x))->(?y((F(y)))))))->((?x((F(x))))->((F(x))->(?y((F(y))))))))->((F(x))->((?x((F(x))))->((F(x))->(?y((F(y)))))))))
((((F(x))->((?x((F(x))))->((?x((F(x))))->((F(x))->(?y((F(y))))))))->(((F(x))->(((?x((F(x))))->((?x((F(x))))->((F(x))->(?y((F(y)))))))->((?x((F(x))))->((F(x))->(?y((F(y))))))))->((F(x))->((?x((F(x))))->((F(x))->(?y((F(y)))))))))->(((?x((F(x))))->((F(x))->(?y((F(y))))))->(((F(x))->((?x((F(x))))->((?x((F(x))))->((F(x))->(?y((F(y))))))))->(((F(x))->(((?x((F(x))))->((?x((F(x))))->((F(x))->(?y((F(y)))))))->((?x((F(x))))->((F(x))->(?y((F(y))))))))->((F(x))->((?x((F(x))))->((F(x))->(?y((F(y)))))))))))
(((?x((F(x))))->((F(x))->(?y((F(y))))))->(((F(x))->((?x((F(x))))->((?x((F(x))))->((F(x))->(?y((F(y))))))))->(((F(x))->(((?x((F(x))))->((?x((F(x))))->((F(x))->(?y((F(y)))))))->((?x((F(x))))->((F(x))->(?y((F(y))))))))->((F(x))->((?x((F(x))))->((F(x))->(?y((F(y))))))))))
((((?x((F(x))))->((F(x))->(?y((F(y))))))->((F(x))->((?x((F(x))))->((?x((F(x))))->((F(x))->(?y((F(y)))))))))->((((?x((F(x))))->((F(x))->(?y((F(y))))))->(((F(x))->((?x((F(x))))->((?x((F(x))))->((F(x))->(?y((F(y))))))))->(((F(x))->(((?x((F(x))))->((?x((F(x))))->((F(x))->(?y((F(y)))))))->((?x((F(x))))->((F(x))->(?y((F(y))))))))->((F(x))->((?x((F(x))))->((F(x))->(?y((F(y))))))))))->(((?x((F(x))))->((F(x))->(?y((F(y))))))->(((F(x))->(((?x((F(x))))->((?x((F(x))))->((F(x))->(?y((F(y)))))))->((?x((F(x))))->((F(x))->(?y((F(y))))))))->((F(x))->((?x((F(x))))->((F(x))->(?y((F(y)))))))))))
((((?x((F(x))))->((F(x))->(?y((F(y))))))->(((F(x))->((?x((F(x))))->((?x((F(x))))->((F(x))->(?y((F(y))))))))->(((F(x))->(((?x((F(x))))->((?x((F(x))))->((F(x))->(?y((F(y)))))))->((?x((F(x))))->((F(x))->(?y((F(y))))))))->((F(x))->((?x((F(x))))->((F(x))->(?y((F(y))))))))))->(((?x((F(x))))->((F(x))->(?y((F(y))))))->(((F(x))->(((?x((F(x))))->((?x((F(x))))->((F(x))->(?y((F(y)))))))->((?x((F(x))))->((F(x))->(?y((F(y))))))))->((F(x))->((?x((F(x))))->((F(x))->(?y((F(y))))))))))
(((?x((F(x))))->((F(x))->(?y((F(y))))))->(((F(x))->(((?x((F(x))))->((?x((F(x))))->((F(x))->(?y((F(y)))))))->((?x((F(x))))->((F(x))->(?y((F(y))))))))->((F(x))->((?x((F(x))))->((F(x))->(?y((F(y)))))))))
((((?x((F(x))))->((F(x))->(?y((F(y))))))->((F(x))->(((?x((F(x))))->((?x((F(x))))->((F(x))->(?y((F(y)))))))->((?x((F(x))))->((F(x))->(?y((F(y)))))))))->((((?x((F(x))))->((F(x))->(?y((F(y))))))->(((F(x))->(((?x((F(x))))->((?x((F(x))))->((F(x))->(?y((F(y)))))))->((?x((F(x))))->((F(x))->(?y((F(y))))))))->((F(x))->((?x((F(x))))->((F(x))->(?y((F(y)))))))))->(((?x((F(x))))->((F(x))->(?y((F(y))))))->((F(x))->((?x((F(x))))->((F(x))->(?y((F(y))))))))))
((((?x((F(x))))->((F(x))->(?y((F(y))))))->(((F(x))->(((?x((F(x))))->((?x((F(x))))->((F(x))->(?y((F(y)))))))->((?x((F(x))))->((F(x))->(?y((F(y))))))))->((F(x))->((?x((F(x))))->((F(x))->(?y((F(y)))))))))->(((?x((F(x))))->((F(x))->(?y((F(y))))))->((F(x))->((?x((F(x))))->((F(x))->(?y((F(y)))))))))
(((?x((F(x))))->((F(x))->(?y((F(y))))))->((F(x))->((?x((F(x))))->((F(x))->(?y((F(y))))))))
(((?x((F(x))))->(F(x)))->(((?x((F(x))))->((F(x))->(?y((F(y))))))->((?x((F(x))))->(?y((F(y)))))))
((((?x((F(x))))->(F(x)))->(((?x((F(x))))->((F(x))->(?y((F(y))))))->((?x((F(x))))->(?y((F(y)))))))->(((?x((F(x))))->((F(x))->(?y((F(y))))))->(((?x((F(x))))->(F(x)))->(((?x((F(x))))->((F(x))->(?y((F(y))))))->((?x((F(x))))->(?y((F(y)))))))))
(((?x((F(x))))->((F(x))->(?y((F(y))))))->(((?x((F(x))))->(F(x)))->(((?x((F(x))))->((F(x))->(?y((F(y))))))->((?x((F(x))))->(?y((F(y))))))))
((((?x((F(x))))->(F(x)))->(((?x((F(x))))->((F(x))->(?y((F(y))))))->((?x((F(x))))->(?y((F(y)))))))->((F(x))->(((?x((F(x))))->(F(x)))->(((?x((F(x))))->((F(x))->(?y((F(y))))))->((?x((F(x))))->(?y((F(y)))))))))
(((((?x((F(x))))->(F(x)))->(((?x((F(x))))->((F(x))->(?y((F(y))))))->((?x((F(x))))->(?y((F(y)))))))->((F(x))->(((?x((F(x))))->(F(x)))->(((?x((F(x))))->((F(x))->(?y((F(y))))))->((?x((F(x))))->(?y((F(y)))))))))->(((?x((F(x))))->((F(x))->(?y((F(y))))))->((((?x((F(x))))->(F(x)))->(((?x((F(x))))->((F(x))->(?y((F(y))))))->((?x((F(x))))->(?y((F(y)))))))->((F(x))->(((?x((F(x))))->(F(x)))->(((?x((F(x))))->((F(x))->(?y((F(y))))))->((?x((F(x))))->(?y((F(y)))))))))))
(((?x((F(x))))->((F(x))->(?y((F(y))))))->((((?x((F(x))))->(F(x)))->(((?x((F(x))))->((F(x))->(?y((F(y))))))->((?x((F(x))))->(?y((F(y)))))))->((F(x))->(((?x((F(x))))->(F(x)))->(((?x((F(x))))->((F(x))->(?y((F(y))))))->((?x((F(x))))->(?y((F(y))))))))))
((((?x((F(x))))->((F(x))->(?y((F(y))))))->(((?x((F(x))))->(F(x)))->(((?x((F(x))))->((F(x))->(?y((F(y))))))->((?x((F(x))))->(?y((F(y))))))))->((((?x((F(x))))->((F(x))->(?y((F(y))))))->((((?x((F(x))))->(F(x)))->(((?x((F(x))))->((F(x))->(?y((F(y))))))->((?x((F(x))))->(?y((F(y)))))))->((F(x))->(((?x((F(x))))->(F(x)))->(((?x((F(x))))->((F(x))->(?y((F(y))))))->((?x((F(x))))->(?y((F(y))))))))))->(((?x((F(x))))->((F(x))->(?y((F(y))))))->((F(x))->(((?x((F(x))))->(F(x)))->(((?x((F(x))))->((F(x))->(?y((F(y))))))->((?x((F(x))))->(?y((F(y)))))))))))
((((?x((F(x))))->((F(x))->(?y((F(y))))))->((((?x((F(x))))->(F(x)))->(((?x((F(x))))->((F(x))->(?y((F(y))))))->((?x((F(x))))->(?y((F(y)))))))->((F(x))->(((?x((F(x))))->(F(x)))->(((?x((F(x))))->((F(x))->(?y((F(y))))))->((?x((F(x))))->(?y((F(y))))))))))->(((?x((F(x))))->((F(x))->(?y((F(y))))))->((F(x))->(((?x((F(x))))->(F(x)))->(((?x((F(x))))->((F(x))->(?y((F(y))))))->((?x((F(x))))->(?y((F(y))))))))))
(((?x((F(x))))->((F(x))->(?y((F(y))))))->((F(x))->(((?x((F(x))))->(F(x)))->(((?x((F(x))))->((F(x))->(?y((F(y))))))->((?x((F(x))))->(?y((F(y)))))))))
(((F(x))->((?x((F(x))))->(F(x))))->(((F(x))->(((?x((F(x))))->(F(x)))->(((?x((F(x))))->((F(x))->(?y((F(y))))))->((?x((F(x))))->(?y((F(y))))))))->((F(x))->(((?x((F(x))))->((F(x))->(?y((F(y))))))->((?x((F(x))))->(?y((F(y)))))))))
((((F(x))->((?x((F(x))))->(F(x))))->(((F(x))->(((?x((F(x))))->(F(x)))->(((?x((F(x))))->((F(x))->(?y((F(y))))))->((?x((F(x))))->(?y((F(y))))))))->((F(x))->(((?x((F(x))))->((F(x))->(?y((F(y))))))->((?x((F(x))))->(?y((F(y)))))))))->(((?x((F(x))))->((F(x))->(?y((F(y))))))->(((F(x))->((?x((F(x))))->(F(x))))->(((F(x))->(((?x((F(x))))->(F(x)))->(((?x((F(x))))->((F(x))->(?y((F(y))))))->((?x((F(x))))->(?y((F(y))))))))->((F(x))->(((?x((F(x))))->((F(x))->(?y((F(y))))))->((?x((F(x))))->(?y((F(y)))))))))))
(((?x((F(x))))->((F(x))->(?y((F(y))))))->(((F(x))->((?x((F(x))))->(F(x))))->(((F(x))->(((?x((F(x))))->(F(x)))->(((?x((F(x))))->((F(x))->(?y((F(y))))))->((?x((F(x))))->(?y((F(y))))))))->((F(x))->(((?x((F(x))))->((F(x))->(?y((F(y))))))->((?x((F(x))))->(?y((F(y))))))))))
((((?x((F(x))))->((F(x))->(?y((F(y))))))->((F(x))->((?x((F(x))))->(F(x)))))->((((?x((F(x))))->((F(x))->(?y((F(y))))))->(((F(x))->((?x((F(x))))->(F(x))))->(((F(x))->(((?x((F(x))))->(F(x)))->(((?x((F(x))))->((F(x))->(?y((F(y))))))->((?x((F(x))))->(?y((F(y))))))))->((F(x))->(((?x((F(x))))->((F(x))->(?y((F(y))))))->((?x((F(x))))->(?y((F(y))))))))))->(((?x((F(x))))->((F(x))->(?y((F(y))))))->(((F(x))->(((?x((F(x))))->(F(x)))->(((?x((F(x))))->((F(x))->(?y((F(y))))))->((?x((F(x))))->(?y((F(y))))))))->((F(x))->(((?x((F(x))))->((F(x))->(?y((F(y))))))->((?x((F(x))))->(?y((F(y)))))))))))
((((?x((F(x))))->((F(x))->(?y((F(y))))))->(((F(x))->((?x((F(x))))->(F(x))))->(((F(x))->(((?x((F(x))))->(F(x)))->(((?x((F(x))))->((F(x))->(?y((F(y))))))->((?x((F(x))))->(?y((F(y))))))))->((F(x))->(((?x((F(x))))->((F(x))->(?y((F(y))))))->((?x((F(x))))->(?y((F(y))))))))))->(((?x((F(x))))->((F(x))->(?y((F(y))))))->(((F(x))->(((?x((F(x))))->(F(x)))->(((?x((F(x))))->((F(x))->(?y((F(y))))))->((?x((F(x))))->(?y((F(y))))))))->((F(x))->(((?x((F(x))))->((F(x))->(?y((F(y))))))->((?x((F(x))))->(?y((F(y))))))))))
(((?x((F(x))))->((F(x))->(?y((F(y))))))->(((F(x))->(((?x((F(x))))->(F(x)))->(((?x((F(x))))->((F(x))->(?y((F(y))))))->((?x((F(x))))->(?y((F(y))))))))->((F(x))->(((?x((F(x))))->((F(x))->(?y((F(y))))))->((?x((F(x))))->(?y((F(y)))))))))
((((?x((F(x))))->((F(x))->(?y((F(y))))))->((F(x))->(((?x((F(x))))->(F(x)))->(((?x((F(x))))->((F(x))->(?y((F(y))))))->((?x((F(x))))->(?y((F(y)))))))))->((((?x((F(x))))->((F(x))->(?y((F(y))))))->(((F(x))->(((?x((F(x))))->(F(x)))->(((?x((F(x))))->((F(x))->(?y((F(y))))))->((?x((F(x))))->(?y((F(y))))))))->((F(x))->(((?x((F(x))))->((F(x))->(?y((F(y))))))->((?x((F(x))))->(?y((F(y)))))))))->(((?x((F(x))))->((F(x))->(?y((F(y))))))->((F(x))->(((?x((F(x))))->((F(x))->(?y((F(y))))))->((?x((F(x))))->(?y((F(y))))))))))
((((?x((F(x))))->((F(x))->(?y((F(y))))))->(((F(x))->(((?x((F(x))))->(F(x)))->(((?x((F(x))))->((F(x))->(?y((F(y))))))->((?x((F(x))))->(?y((F(y))))))))->((F(x))->(((?x((F(x))))->((F(x))->(?y((F(y))))))->((?x((F(x))))->(?y((F(y)))))))))->(((?x((F(x))))->((F(x))->(?y((F(y))))))->((F(x))->(((?x((F(x))))->((F(x))->(?y((F(y))))))->((?x((F(x))))->(?y((F(y)))))))))
(((?x((F(x))))->((F(x))->(?y((F(y))))))->((F(x))->(((?x((F(x))))->((F(x))->(?y((F(y))))))->((?x((F(x))))->(?y((F(y))))))))
(((F(x))->((?x((F(x))))->((F(x))->(?y((F(y)))))))->(((F(x))->(((?x((F(x))))->((F(x))->(?y((F(y))))))->((?x((F(x))))->(?y((F(y)))))))->((F(x))->((?x((F(x))))->(?y((F(y))))))))
((((F(x))->((?x((F(x))))->((F(x))->(?y((F(y)))))))->(((F(x))->(((?x((F(x))))->((F(x))->(?y((F(y))))))->((?x((F(x))))->(?y((F(y)))))))->((F(x))->((?x((F(x))))->(?y((F(y))))))))->(((?x((F(x))))->((F(x))->(?y((F(y))))))->(((F(x))->((?x((F(x))))->((F(x))->(?y((F(y)))))))->(((F(x))->(((?x((F(x))))->((F(x))->(?y((F(y))))))->((?x((F(x))))->(?y((F(y)))))))->((F(x))->((?x((F(x))))->(?y((F(y))))))))))
(((?x((F(x))))->((F(x))->(?y((F(y))))))->(((F(x))->((?x((F(x))))->((F(x))->(?y((F(y)))))))->(((F(x))->(((?x((F(x))))->((F(x))->(?y((F(y))))))->((?x((F(x))))->(?y((F(y)))))))->((F(x))->((?x((F(x))))->(?y((F(y)))))))))
((((?x((F(x))))->((F(x))->(?y((F(y))))))->((F(x))->((?x((F(x))))->((F(x))->(?y((F(y))))))))->((((?x((F(x))))->((F(x))->(?y((F(y))))))->(((F(x))->((?x((F(x))))->((F(x))->(?y((F(y)))))))->(((F(x))->(((?x((F(x))))->((F(x))->(?y((F(y))))))->((?x((F(x))))->(?y((F(y)))))))->((F(x))->((?x((F(x))))->(?y((F(y)))))))))->(((?x((F(x))))->((F(x))->(?y((F(y))))))->(((F(x))->(((?x((F(x))))->((F(x))->(?y((F(y))))))->((?x((F(x))))->(?y((F(y)))))))->((F(x))->((?x((F(x))))->(?y((F(y))))))))))
((((?x((F(x))))->((F(x))->(?y((F(y))))))->(((F(x))->((?x((F(x))))->((F(x))->(?y((F(y)))))))->(((F(x))->(((?x((F(x))))->((F(x))->(?y((F(y))))))->((?x((F(x))))->(?y((F(y)))))))->((F(x))->((?x((F(x))))->(?y((F(y)))))))))->(((?x((F(x))))->((F(x))->(?y((F(y))))))->(((F(x))->(((?x((F(x))))->((F(x))->(?y((F(y))))))->((?x((F(x))))->(?y((F(y)))))))->((F(x))->((?x((F(x))))->(?y((F(y)))))))))
(((?x((F(x))))->((F(x))->(?y((F(y))))))->(((F(x))->(((?x((F(x))))->((F(x))->(?y((F(y))))))->((?x((F(x))))->(?y((F(y)))))))->((F(x))->((?x((F(x))))->(?y((F(y))))))))
((((?x((F(x))))->((F(x))->(?y((F(y))))))->((F(x))->(((?x((F(x))))->((F(x))->(?y((F(y))))))->((?x((F(x))))->(?y((F(y))))))))->((((?x((F(x))))->((F(x))->(?y((F(y))))))->(((F(x))->(((?x((F(x))))->((F(x))->(?y((F(y))))))->((?x((F(x))))->(?y((F(y)))))))->((F(x))->((?x((F(x))))->(?y((F(y))))))))->(((?x((F(x))))->((F(x))->(?y((F(y))))))->((F(x))->((?x((F(x))))->(?y((F(y)))))))))
((((?x((F(x))))->((F(x))->(?y((F(y))))))->(((F(x))->(((?x((F(x))))->((F(x))->(?y((F(y))))))->((?x((F(x))))->(?y((F(y)))))))->((F(x))->((?x((F(x))))->(?y((F(y))))))))->(((?x((F(x))))->((F(x))->(?y((F(y))))))->((F(x))->((?x((F(x))))->(?y((F(y))))))))
(((?x((F(x))))->((F(x))->(?y((F(y))))))->((F(x))->((?x((F(x))))->(?y((F(y)))))))
((F(x))->((?x((F(x))))->(?y((F(y))))))
((?x((F(x))))->((?x((F(x))))->(?y((F(y))))))
((?x((F(x))))->((?x((F(x))))->(?x((F(x))))))
(((?x((F(x))))->((?x((F(x))))->(?x((F(x))))))->(((?x((F(x))))->((?x((F(x))))->(?y((F(y))))))->((?x((F(x))))->((?x((F(x))))->(?x((F(x))))))))
(((?x((F(x))))->((?x((F(x))))->(?y((F(y))))))->((?x((F(x))))->((?x((F(x))))->(?x((F(x)))))))
(((?x((F(x))))->((?x((F(x))))->(?x((F(x))))))->((?x((F(x))))->((?x((F(x))))->((?x((F(x))))->(?x((F(x))))))))
((((?x((F(x))))->((?x((F(x))))->(?x((F(x))))))->((?x((F(x))))->((?x((F(x))))->((?x((F(x))))->(?x((F(x))))))))->(((?x((F(x))))->((?x((F(x))))->(?y((F(y))))))->(((?x((F(x))))->((?x((F(x))))->(?x((F(x))))))->((?x((F(x))))->((?x((F(x))))->((?x((F(x))))->(?x((F(x))))))))))
(((?x((F(x))))->((?x((F(x))))->(?y((F(y))))))->(((?x((F(x))))->((?x((F(x))))->(?x((F(x))))))->((?x((F(x))))->((?x((F(x))))->((?x((F(x))))->(?x((F(x)))))))))
((((?x((F(x))))->((?x((F(x))))->(?y((F(y))))))->((?x((F(x))))->((?x((F(x))))->(?x((F(x)))))))->((((?x((F(x))))->((?x((F(x))))->(?y((F(y))))))->(((?x((F(x))))->((?x((F(x))))->(?x((F(x))))))->((?x((F(x))))->((?x((F(x))))->((?x((F(x))))->(?x((F(x)))))))))->(((?x((F(x))))->((?x((F(x))))->(?y((F(y))))))->((?x((F(x))))->((?x((F(x))))->((?x((F(x))))->(?x((F(x))))))))))
((((?x((F(x))))->((?x((F(x))))->(?y((F(y))))))->(((?x((F(x))))->((?x((F(x))))->(?x((F(x))))))->((?x((F(x))))->((?x((F(x))))->((?x((F(x))))->(?x((F(x)))))))))->(((?x((F(x))))->((?x((F(x))))->(?y((F(y))))))->((?x((F(x))))->((?x((F(x))))->((?x((F(x))))->(?x((F(x)))))))))
(((?x((F(x))))->((?x((F(x))))->(?y((F(y))))))->((?x((F(x))))->((?x((F(x))))->((?x((F(x))))->(?x((F(x))))))))
(((?x((F(x))))->((?x((F(x))))->(?x((F(x))))))->(((?x((F(x))))->(((?x((F(x))))->(?x((F(x)))))->(?x((F(x))))))->((?x((F(x))))->(?x((F(x)))))))
((((?x((F(x))))->((?x((F(x))))->(?x((F(x))))))->(((?x((F(x))))->(((?x((F(x))))->(?x((F(x)))))->(?x((F(x))))))->((?x((F(x))))->(?x((F(x)))))))->(((?x((F(x))))->((?x((F(x))))->(?y((F(y))))))->(((?x((F(x))))->((?x((F(x))))->(?x((F(x))))))->(((?x((F(x))))->(((?x((F(x))))->(?x((F(x)))))->(?x((F(x))))))->((?x((F(x))))->(?x((F(x)))))))))
(((?x((F(x))))->((?x((F(x))))->(?y((F(y))))))->(((?x((F(x))))->((?x((F(x))))->(?x((F(x))))))->(((?x((F(x))))->(((?x((F(x))))->(?x((F(x)))))->(?x((F(x))))))->((?x((F(x))))->(?x((F(x))))))))
((((?x((F(x))))->((?x((F(x))))->(?x((F(x))))))->(((?x((F(x))))->(((?x((F(x))))->(?x((F(x)))))->(?x((F(x))))))->((?x((F(x))))->(?x((F(x)))))))->((?x((F(x))))->(((?x((F(x))))->((?x((F(x))))->(?x((F(x))))))->(((?x((F(x))))->(((?x((F(x))))->(?x((F(x)))))->(?x((F(x))))))->((?x((F(x))))->(?x((F(x)))))))))
(((((?x((F(x))))->((?x((F(x))))->(?x((F(x))))))->(((?x((F(x))))->(((?x((F(x))))->(?x((F(x)))))->(?x((F(x))))))->((?x((F(x))))->(?x((F(x)))))))->((?x((F(x))))->(((?x((F(x))))->((?x((F(x))))->(?x((F(x))))))->(((?x((F(x))))->(((?x((F(x))))->(?x((F(x)))))->(?x((F(x))))))->((?x((F(x))))->(?x((F(x)))))))))->(((?x((F(x))))->((?x((F(x))))->(?y((F(y))))))->((((?x((F(x))))->((?x((F(x))))->(?x((F(x))))))->(((?x((F(x))))->(((?x((F(x))))->(?x((F(x)))))->(?x((F(x))))))->((?x((F(x))))->(?x((F(x)))))))->((?x((F(x))))->(((?x((F(x))))->((?x((F(x))))->(?x((F(x))))))->(((?x((F(x))))->(((?x((F(x))))->(?x((F(x)))))->(?x((F(x))))))->((?x((F(x))))->(?x((F(x)))))))))))
(((?x((F(x))))->((?x((F(x))))->(?y((F(y))))))->((((?x((F(x))))->((?x((F(x))))->(?x((F(x))))))->(((?x((F(x))))->(((?x((F(x))))->(?x((F(x)))))->(?x((F(x))))))->((?x((F(x))))->(?x((F(x)))))))->((?x((F(x))))->(((?x((F(x))))->((?x((F(x))))->(?x((F(x))))))->(((?x((F(x))))->(((?x((F(x))))->(?x((F(x)))))->(?x((F(x))))))->((?x((F(x))))->(?x((F(x))))))))))
((((?x((F(x))))->((?x((F(x))))->(?y((F(y))))))->(((?x((F(x))))->((?x((F(x))))->(?x((F(x))))))->(((?x((F(x))))->(((?x((F(x))))->(?x((F(x)))))->(?x((F(x))))))->((?x((F(x))))->(?x((F(x))))))))->((((?x((F(x))))->((?x((F(x))))->(?y((F(y))))))->((((?x((F(x))))->((?x((F(x))))->(?x((F(x))))))->(((?x((F(x))))->(((?x((F(x))))->(?x((F(x)))))->(?x((F(x))))))->((?x((F(x))))->(?x((F(x)))))))->((?x((F(x))))->(((?x((F(x))))->((?x((F(x))))->(?x((F(x))))))->(((?x((F(x))))->(((?x((F(x))))->(?x((F(x)))))->(?x((F(x))))))->((?x((F(x))))->(?x((F(x))))))))))->(((?x((F(x))))->((?x((F(x))))->(?y((F(y))))))->((?x((F(x))))->(((?x((F(x))))->((?x((F(x))))->(?x((F(x))))))->(((?x((F(x))))->(((?x((F(x))))->(?x((F(x)))))->(?x((F(x))))))->((?x((F(x))))->(?x((F(x)))))))))))
((((?x((F(x))))->((?x((F(x))))->(?y((F(y))))))->((((?x((F(x))))->((?x((F(x))))->(?x((F(x))))))->(((?x((F(x))))->(((?x((F(x))))->(?x((F(x)))))->(?x((F(x))))))->((?x((F(x))))->(?x((F(x)))))))->((?x((F(x))))->(((?x((F(x))))->((?x((F(x))))->(?x((F(x))))))->(((?x((F(x))))->(((?x((F(x))))->(?x((F(x)))))->(?x((F(x))))))->((?x((F(x))))->(?x((F(x))))))))))->(((?x((F(x))))->((?x((F(x))))->(?y((F(y))))))->((?x((F(x))))->(((?x((F(x))))->((?x((F(x))))->(?x((F(x))))))->(((?x((F(x))))->(((?x((F(x))))->(?x((F(x)))))->(?x((F(x))))))->((?x((F(x))))->(?x((F(x))))))))))
(((?x((F(x))))->((?x((F(x))))->(?y((F(y))))))->((?x((F(x))))->(((?x((F(x))))->((?x((F(x))))->(?x((F(x))))))->(((?x((F(x))))->(((?x((F(x))))->(?x((F(x)))))->(?x((F(x))))))->((?x((F(x))))->(?x((F(x)))))))))
(((?x((F(x))))->((?x((F(x))))->((?x((F(x))))->(?x((F(x)))))))->(((?x((F(x))))->(((?x((F(x))))->((?x((F(x))))->(?x((F(x))))))->(((?x((F(x))))->(((?x((F(x))))->(?x((F(x)))))->(?x((F(x))))))->((?x((F(x))))->(?x((F(x))))))))->((?x((F(x))))->(((?x((F(x))))->(((?x((F(x))))->(?x((F(x)))))->(?x((F(x))))))->((?x((F(x))))->(?x((F(x)))))))))
((((?x((F(x))))->((?x((F(x))))->((?x((F(x))))->(?x((F(x)))))))->(((?x((F(x))))->(((?x((F(x))))->((?x((F(x))))->(?x((F(x))))))->(((?x((F(x))))->(((?x((F(x))))->(?x((F(x)))))->(?x((F(x))))))->((?x((F(x))))->(?x((F(x))))))))->((?x((F(x))))->(((?x((F(x))))->(((?x((F(x))))->(?x((F(x)))))->(?x((F(x))))))->((?x((F(x))))->(?x((F(x)))))))))->(((?x((F(x))))->((?x((F(x))))->(?y((F(y))))))->(((?x((F(x))))->((?x((F(x))))->((?x((F(x))))->(?x((F(x)))))))->(((?x((F(x))))->(((?x((F(x))))->((?x((F(x))))->(?x((F(x))))))->(((?x((F(x))))->(((?x((F(x))))->(?x((F(x)))))->(?x((F(x))))))->((?x((F(x))))->(?x((F(x))))))))->((?x((F(x))))->(((?x((F(x))))->(((?x((F(x))))->(?x((F(x)))))->(?x((F(x))))))->((?x((F(x))))->(?x((F(x)))))))))))
(((?x((F(x))))->((?x((F(x))))->(?y((F(y))))))->(((?x((F(x))))->((?x((F(x))))->((?x((F(x))))->(?x((F(x)))))))->(((?x((F(x))))->(((?x((F(x))))->((?x((F(x))))->(?x((F(x))))))->(((?x((F(x))))->(((?x((F(x))))->(?x((F(x)))))->(?x((F(x))))))->((?x((F(x))))->(?x((F(x))))))))->((?x((F(x))))->(((?x((F(x))))->(((?x((F(x))))->(?x((F(x)))))->(?x((F(x))))))->((?x((F(x))))->(?x((F(x))))))))))
((((?x((F(x))))->((?x((F(x))))->(?y((F(y))))))->((?x((F(x))))->((?x((F(x))))->((?x((F(x))))->(?x((F(x))))))))->((((?x((F(x))))->((?x((F(x))))->(?y((F(y))))))->(((?x((F(x))))->((?x((F(x))))->((?x((F(x))))->(?x((F(x)))))))->(((?x((F(x))))->(((?x((F(x))))->((?x((F(x))))->(?x((F(x))))))->(((?x((F(x))))->(((?x((F(x))))->(?x((F(x)))))->(?x((F(x))))))->((?x((F(x))))->(?x((F(x))))))))->((?x((F(x))))->(((?x((F(x))))->(((?x((F(x))))->(?x((F(x)))))->(?x((F(x))))))->((?x((F(x))))->(?x((F(x))))))))))->(((?x((F(x))))->((?x((F(x))))->(?y((F(y))))))->(((?x((F(x))))->(((?x((F(x))))->((?x((F(x))))->(?x((F(x))))))->(((?x((F(x))))->(((?x((F(x))))->(?x((F(x)))))->(?x((F(x))))))->((?x((F(x))))->(?x((F(x))))))))->((?x((F(x))))->(((?x((F(x))))->(((?x((F(x))))->(?x((F(x)))))->(?x((F(x))))))->((?x((F(x))))->(?x((F(x)))))))))))
((((?x((F(x))))->((?x((F(x))))->(?y((F(y))))))->(((?x((F(x))))->((?x((F(x))))->((?x((F(x))))->(?x((F(x)))))))->(((?x((F(x))))->(((?x((F(x))))->((?x((F(x))))->(?x((F(x))))))->(((?x((F(x))))->(((?x((F(x))))->(?x((F(x)))))->(?x((F(x))))))->((?x((F(x))))->(?x((F(x))))))))->((?x((F(x))))->(((?x((F(x))))->(((?x((F(x))))->(?x((F(x)))))->(?x((F(x))))))->((?x((F(x))))->(?x((F(x))))))))))->(((?x((F(x))))->((?x((F(x))))->(?y((F(y))))))->(((?x((F(x))))->(((?x((F(x))))->((?x((F(x))))->(?x((F(x))))))->(((?x((F(x))))->(((?x((F(x))))->(?x((F(x)))))->(?x((F(x))))))->((?x((F(x))))->(?x((F(x))))))))->((?x((F(x))))->(((?x((F(x))))->(((?x((F(x))))->(?x((F(x)))))->(?x((F(x))))))->((?x((F(x))))->(?x((F(x))))))))))
(((?x((F(x))))->((?x((F(x))))->(?y((F(y))))))->(((?x((F(x))))->(((?x((F(x))))->((?x((F(x))))->(?x((F(x))))))->(((?x((F(x))))->(((?x((F(x))))->(?x((F(x)))))->(?x((F(x))))))->((?x((F(x))))->(?x((F(x))))))))->((?x((F(x))))->(((?x((F(x))))->(((?x((F(x))))->(?x((F(x)))))->(?x((F(x))))))->((?x((F(x))))->(?x((F(x)))))))))
((((?x((F(x))))->((?x((F(x))))->(?y((F(y))))))->((?x((F(x))))->(((?x((F(x))))->((?x((F(x))))->(?x((F(x))))))->(((?x((F(x))))->(((?x((F(x))))->(?x((F(x)))))->(?x((F(x))))))->((?x((F(x))))->(?x((F(x)))))))))->((((?x((F(x))))->((?x((F(x))))->(?y((F(y))))))->(((?x((F(x))))->(((?x((F(x))))->((?x((F(x))))->(?x((F(x))))))->(((?x((F(x))))->(((?x((F(x))))->(?x((F(x)))))->(?x((F(x))))))->((?x((F(x))))->(?x((F(x))))))))->((?x((F(x))))->(((?x((F(x))))->(((?x((F(x))))->(?x((F(x)))))->(?x((F(x))))))->((?x((F(x))))->(?x((F(x)))))))))->(((?x((F(x))))->((?x((F(x))))->(?y((F(y))))))->((?x((F(x))))->(((?x((F(x))))->(((?x((F(x))))->(?x((F(x)))))->(?x((F(x))))))->((?x((F(x))))->(?x((F(x))))))))))
((((?x((F(x))))->((?x((F(x))))->(?y((F(y))))))->(((?x((F(x))))->(((?x((F(x))))->((?x((F(x))))->(?x((F(x))))))->(((?x((F(x))))->(((?x((F(x))))->(?x((F(x)))))->(?x((F(x))))))->((?x((F(x))))->(?x((F(x))))))))->((?x((F(x))))->(((?x((F(x))))->(((?x((F(x))))->(?x((F(x)))))->(?x((F(x))))))->((?x((F(x))))->(?x((F(x)))))))))->(((?x((F(x))))->((?x((F(x))))->(?y((F(y))))))->((?x((F(x))))->(((?x((F(x))))->(((?x((F(x))))->(?x((F(x)))))->(?x((F(x))))))->((?x((F(x))))->(?x((F(x)))))))))
(((?x((F(x))))->((?x((F(x))))->(?y((F(y))))))->((?x((F(x))))->(((?x((F(x))))->(((?x((F(x))))->(?x((F(x)))))->(?x((F(x))))))->((?x((F(x))))->(?x((F(x))))))))
((?x((F(x))))->(((?x((F(x))))->(?x((F(x)))))->(?x((F(x))))))
(((?x((F(x))))->(((?x((F(x))))->(?x((F(x)))))->(?x((F(x))))))->(((?x((F(x))))->((?x((F(x))))->(?y((F(y))))))->((?x((F(x))))->(((?x((F(x))))->(?x((F(x)))))->(?x((F(x))))))))
(((?x((F(x))))->((?x((F(x))))->(?y((F(y))))))->((?x((F(x))))->(((?x((F(x))))->(?x((F(x)))))->(?x((F(x)))))))
(((?x((F(x))))->(((?x((F(x))))->(?x((F(x)))))->(?x((F(x))))))->((?x((F(x))))->((?x((F(x))))->(((?x((F(x))))->(?x((F(x)))))->(?x((F(x))))))))
((((?x((F(x))))->(((?x((F(x))))->(?x((F(x)))))->(?x((F(x))))))->((?x((F(x))))->((?x((F(x))))->(((?x((F(x))))->(?x((F(x)))))->(?x((F(x))))))))->(((?x((F(x))))->((?x((F(x))))->(?y((F(y))))))->(((?x((F(x))))->(((?x((F(x))))->(?x((F(x)))))->(?x((F(x))))))->((?x((F(x))))->((?x((F(x))))->(((?x((F(x))))->(?x((F(x)))))->(?x((F(x))))))))))
(((?x((F(x))))->((?x((F(x))))->(?y((F(y))))))->(((?x((F(x))))->(((?x((F(x))))->(?x((F(x)))))->(?x((F(x))))))->((?x((F(x))))->((?x((F(x))))->(((?x((F(x))))->(?x((F(x)))))->(?x((F(x)))))))))
((((?x((F(x))))->((?x((F(x))))->(?y((F(y))))))->((?x((F(x))))->(((?x((F(x))))->(?x((F(x)))))->(?x((F(x)))))))->((((?x((F(x))))->((?x((F(x))))->(?y((F(y))))))->(((?x((F(x))))->(((?x((F(x))))->(?x((F(x)))))->(?x((F(x))))))->((?x((F(x))))->((?x((F(x))))->(((?x((F(x))))->(?x((F(x)))))->(?x((F(x)))))))))->(((?x((F(x))))->((?x((F(x))))->(?y((F(y))))))->((?x((F(x))))->((?x((F(x))))->(((?x((F(x))))->(?x((F(x)))))->(?x((F(x))))))))))
((((?x((F(x))))->((?x((F(x))))->(?y((F(y))))))->(((?x((F(x))))->(((?x((F(x))))->(?x((F(x)))))->(?x((F(x))))))->((?x((F(x))))->((?x((F(x))))->(((?x((F(x))))->(?x((F(x)))))->(?x((F(x)))))))))->(((?x((F(x))))->((?x((F(x))))->(?y((F(y))))))->((?x((F(x))))->((?x((F(x))))->(((?x((F(x))))->(?x((F(x)))))->(?x((F(x)))))))))
(((?x((F(x))))->((?x((F(x))))->(?y((F(y))))))->((?x((F(x))))->((?x((F(x))))->(((?x((F(x))))->(?x((F(x)))))->(?x((F(x))))))))
(((?x((F(x))))->((?x((F(x))))->(((?x((F(x))))->(?x((F(x)))))->(?x((F(x)))))))->(((?x((F(x))))->(((?x((F(x))))->(((?x((F(x))))->(?x((F(x)))))->(?x((F(x))))))->((?x((F(x))))->(?x((F(x)))))))->((?x((F(x))))->((?x((F(x))))->(?x((F(x))))))))
((((?x((F(x))))->((?x((F(x))))->(((?x((F(x))))->(?x((F(x)))))->(?x((F(x)))))))->(((?x((F(x))))->(((?x((F(x))))->(((?x((F(x))))->(?x((F(x)))))->(?x((F(x))))))->((?x((F(x))))->(?x((F(x)))))))->((?x((F(x))))->((?x((F(x))))->(?x((F(x))))))))->(((?x((F(x))))->((?x((F(x))))->(?y((F(y))))))->(((?x((F(x))))->((?x((F(x))))->(((?x((F(x))))->(?x((F(x)))))->(?x((F(x)))))))->(((?x((F(x))))->(((?x((F(x))))->(((?x((F(x))))->(?x((F(x)))))->(?x((F(x))))))->((?x((F(x))))->(?x((F(x)))))))->((?x((F(x))))->((?x((F(x))))->(?x((F(x))))))))))
(((?x((F(x))))->((?x((F(x))))->(?y((F(y))))))->(((?x((F(x))))->((?x((F(x))))->(((?x((F(x))))->(?x((F(x)))))->(?x((F(x)))))))->(((?x((F(x))))->(((?x((F(x))))->(((?x((F(x))))->(?x((F(x)))))->(?x((F(x))))))->((?x((F(x))))->(?x((F(x)))))))->((?x((F(x))))->((?x((F(x))))->(?x((F(x)))))))))
((((?x((F(x))))->((?x((F(x))))->(?y((F(y))))))->((?x((F(x))))->((?x((F(x))))->(((?x((F(x))))->(?x((F(x)))))->(?x((F(x))))))))->((((?x((F(x))))->((?x((F(x))))->(?y((F(y))))))->(((?x((F(x))))->((?x((F(x))))->(((?x((F(x))))->(?x((F(x)))))->(?x((F(x)))))))->(((?x((F(x))))->(((?x((F(x))))->(((?x((F(x))))->(?x((F(x)))))->(?x((F(x))))))->((?x((F(x))))->(?x((F(x)))))))->((?x((F(x))))->((?x((F(x))))->(?x((F(x)))))))))->(((?x((F(x))))->((?x((F(x))))->(?y((F(y))))))->(((?x((F(x))))->(((?x((F(x))))->(((?x((F(x))))->(?x((F(x)))))->(?x((F(x))))))->((?x((F(x))))->(?x((F(x)))))))->((?x((F(x))))->((?x((F(x))))->(?x((F(x))))))))))
((((?x((F(x))))->((?x((F(x))))->(?y((F(y))))))->(((?x((F(x))))->((?x((F(x))))->(((?x((F(x))))->(?x((F(x)))))->(?x((F(x)))))))->(((?x((F(x))))->(((?x((F(x))))->(((?x((F(x))))->(?x((F(x)))))->(?x((F(x))))))->((?x((F(x))))->(?x((F(x)))))))->((?x((F(x))))->((?x((F(x))))->(?x((F(x)))))))))->(((?x((F(x))))->((?x((F(x))))->(?y((F(y))))))->(((?x((F(x))))->(((?x((F(x))))->(((?x((F(x))))->(?x((F(x)))))->(?x((F(x))))))->((?x((F(x))))->(?x((F(x)))))))->((?x((F(x))))->((?x((F(x))))->(?x((F(x)))))))))
(((?x((F(x))))->((?x((F(x))))->(?y((F(y))))))->(((?x((F(x))))->(((?x((F(x))))->(((?x((F(x))))->(?x((F(x)))))->(?x((F(x))))))->((?x((F(x))))->(?x((F(x)))))))->((?x((F(x))))->((?x((F(x))))->(?x((F(x))))))))
((((?x((F(x))))->((?x((F(x))))->(?y((F(y))))))->((?x((F(x))))->(((?x((F(x))))->(((?x((F(x))))->(?x((F(x)))))->(?x((F(x))))))->((?x((F(x))))->(?x((F(x))))))))->((((?x((F(x))))->((?x((F(x))))->(?y((F(y))))))->(((?x((F(x))))->(((?x((F(x))))->(((?x((F(x))))->(?x((F(x)))))->(?x((F(x))))))->((?x((F(x))))->(?x((F(x)))))))->((?x((F(x))))->((?x((F(x))))->(?x((F(x))))))))->(((?x((F(x))))->((?x((F(x))))->(?y((F(y))))))->((?x((F(x))))->((?x((F(x))))->(?x((F(x)))))))))
((((?x((F(x))))->((?x((F(x))))->(?y((F(y))))))->(((?x((F(x))))->(((?x((F(x))))->(((?x((F(x))))->(?x((F(x)))))->(?x((F(x))))))->((?x((F(x))))->(?x((F(x)))))))->((?x((F(x))))->((?x((F(x))))->(?x((F(x))))))))->(((?x((F(x))))->((?x((F(x))))->(?y((F(y))))))->((?x((F(x))))->((?x((F(x))))->(?x((F(x))))))))
(((?x((F(x))))->((?x((F(x))))->(?y((F(y))))))->((?x((F(x))))->((?x((F(x))))->(?x((F(x)))))))
((?x((F(x))))->((?x((F(x))))->(?x((F(x))))))
(((?x((F(x))))->((?x((F(x))))->(?x((F(x))))))->(((?x((F(x))))->((?x((F(x))))->(?y((F(y))))))->((?x((F(x))))->((?x((F(x))))->(?x((F(x))))))))
(((?x((F(x))))->((?x((F(x))))->(?y((F(y))))))->((?x((F(x))))->((?x((F(x))))->(?x((F(x)))))))
(((?x((F(x))))->((?x((F(x))))->(?x((F(x))))))->(((?x((F(x))))->(((?x((F(x))))->(?x((F(x)))))->(?x((F(x))))))->((?x((F(x))))->(?x((F(x)))))))
((((?x((F(x))))->((?x((F(x))))->(?x((F(x))))))->(((?x((F(x))))->(((?x((F(x))))->(?x((F(x)))))->(?x((F(x))))))->((?x((F(x))))->(?x((F(x)))))))->(((?x((F(x))))->((?x((F(x))))->(?y((F(y))))))->(((?x((F(x))))->((?x((F(x))))->(?x((F(x))))))->(((?x((F(x))))->(((?x((F(x))))->(?x((F(x)))))->(?x((F(x))))))->((?x((F(x))))->(?x((F(x)))))))))
(((?x((F(x))))->((?x((F(x))))->(?y((F(y))))))->(((?x((F(x))))->((?x((F(x))))->(?x((F(x))))))->(((?x((F(x))))->(((?x((F(x))))->(?x((F(x)))))->(?x((F(x))))))->((?x((F(x))))->(?x((F(x))))))))
((((?x((F(x))))->((?x((F(x))))->(?y((F(y))))))->((?x((F(x))))->((?x((F(x))))->(?x((F(x)))))))->((((?x((F(x))))->((?x((F(x))))->(?y((F(y))))))->(((?x((F(x))))->((?x((F(x))))->(?x((F(x))))))->(((?x((F(x))))->(((?x((F(x))))->(?x((F(x)))))->(?x((F(x))))))->((?x((F(x))))->(?x((F(x))))))))->(((?x((F(x))))->((?x((F(x))))->(?y((F(y))))))->(((?x((F(x))))->(((?x((F(x))))->(?x((F(x)))))->(?x((F(x))))))->((?x((F(x))))->(?x((F(x)))))))))
((((?x((F(x))))->((?x((F(x))))->(?y((F(y))))))->(((?x((F(x))))->((?x((F(x))))->(?x((F(x))))))->(((?x((F(x))))->(((?x((F(x))))->(?x((F(x)))))->(?x((F(x))))))->((?x((F(x))))->(?x((F(x))))))))->(((?x((F(x))))->((?x((F(x))))->(?y((F(y))))))->(((?x((F(x))))->(((?x((F(x))))->(?x((F(x)))))->(?x((F(x))))))->((?x((F(x))))->(?x((F(x))))))))
(((?x((F(x))))->((?x((F(x))))->(?y((F(y))))))->(((?x((F(x))))->(((?x((F(x))))->(?x((F(x)))))->(?x((F(x))))))->((?x((F(x))))->(?x((F(x)))))))
((?x((F(x))))->(((?x((F(x))))->(?x((F(x)))))->(?x((F(x))))))
(((?x((F(x))))->(((?x((F(x))))->(?x((F(x)))))->(?x((F(x))))))->(((?x((F(x))))->((?x((F(x))))->(?y((F(y))))))->((?x((F(x))))->(((?x((F(x))))->(?x((F(x)))))->(?x((F(x))))))))
(((?x((F(x))))->((?x((F(x))))->(?y((F(y))))))->((?x((F(x))))->(((?x((F(x))))->(?x((F(x)))))->(?x((F(x)))))))
((((?x((F(x))))->((?x((F(x))))->(?y((F(y))))))->((?x((F(x))))->(((?x((F(x))))->(?x((F(x)))))->(?x((F(x)))))))->((((?x((F(x))))->((?x((F(x))))->(?y((F(y))))))->(((?x((F(x))))->(((?x((F(x))))->(?x((F(x)))))->(?x((F(x))))))->((?x((F(x))))->(?x((F(x)))))))->(((?x((F(x))))->((?x((F(x))))->(?y((F(y))))))->((?x((F(x))))->(?x((F(x))))))))
((((?x((F(x))))->((?x((F(x))))->(?y((F(y))))))->(((?x((F(x))))->(((?x((F(x))))->(?x((F(x)))))->(?x((F(x))))))->((?x((F(x))))->(?x((F(x)))))))->(((?x((F(x))))->((?x((F(x))))->(?y((F(y))))))->((?x((F(x))))->(?x((F(x)))))))
(((?x((F(x))))->((?x((F(x))))->(?y((F(y))))))->((?x((F(x))))->(?x((F(x))))))
((?x((F(x))))->((?x((F(x))))->(?x((F(x))))))
(((?x((F(x))))->((?x((F(x))))->(?x((F(x))))))->(((?x((F(x))))->((?x((F(x))))->(?y((F(y))))))->((?x((F(x))))->((?x((F(x))))->(?x((F(x))))))))
(((?x((F(x))))->((?x((F(x))))->(?y((F(y))))))->((?x((F(x))))->((?x((F(x))))->(?x((F(x)))))))
(((?x((F(x))))->((?x((F(x))))->(?x((F(x))))))->((?x((F(x))))->((?x((F(x))))->((?x((F(x))))->(?x((F(x))))))))
((((?x((F(x))))->((?x((F(x))))->(?x((F(x))))))->((?x((F(x))))->((?x((F(x))))->((?x((F(x))))->(?x((F(x))))))))->(((?x((F(x))))->((?x((F(x))))->(?y((F(y))))))->(((?x((F(x))))->((?x((F(x))))->(?x((F(x))))))->((?x((F(x))))->((?x((F(x))))->((?x((F(x))))->(?x((F(x))))))))))
(((?x((F(x))))->((?x((F(x))))->(?y((F(y))))))->(((?x((F(x))))->((?x((F(x))))->(?x((F(x))))))->((?x((F(x))))->((?x((F(x))))->((?x((F(x))))->(?x((F(x)))))))))
((((?x((F(x))))->((?x((F(x))))->(?y((F(y))))))->((?x((F(x))))->((?x((F(x))))->(?x((F(x)))))))->((((?x((F(x))))->((?x((F(x))))->(?y((F(y))))))->(((?x((F(x))))->((?x((F(x))))->(?x((F(x))))))->((?x((F(x))))->((?x((F(x))))->((?x((F(x))))->(?x((F(x)))))))))->(((?x((F(x))))->((?x((F(x))))->(?y((F(y))))))->((?x((F(x))))->((?x((F(x))))->((?x((F(x))))->(?x((F(x))))))))))
((((?x((F(x))))->((?x((F(x))))->(?y((F(y))))))->(((?x((F(x))))->((?x((F(x))))->(?x((F(x))))))->((?x((F(x))))->((?x((F(x))))->((?x((F(x))))->(?x((F(x)))))))))->(((?x((F(x))))->((?x((F(x))))->(?y((F(y))))))->((?x((F(x))))->((?x((F(x))))->((?x((F(x))))->(?x((F(x)))))))))
(((?x((F(x))))->((?x((F(x))))->(?y((F(y))))))->((?x((F(x))))->((?x((F(x))))->((?x((F(x))))->(?x((F(x))))))))
(((?x((F(x))))->(?x((F(x)))))->(((?x((F(x))))->((?x((F(x))))->((?x((F(x))))->(?x((F(x)))))))->((?x((F(x))))->((?x((F(x))))->(?x((F(x))))))))
((((?x((F(x))))->(?x((F(x)))))->(((?x((F(x))))->((?x((F(x))))->((?x((F(x))))->(?x((F(x)))))))->((?x((F(x))))->((?x((F(x))))->(?x((F(x))))))))->(((?x((F(x))))->((?x((F(x))))->(?y((F(y))))))->(((?x((F(x))))->(?x((F(x)))))->(((?x((F(x))))->((?x((F(x))))->((?x((F(x))))->(?x((F(x)))))))->((?x((F(x))))->((?x((F(x))))->(?x((F(x))))))))))
(((?x((F(x))))->((?x((F(x))))->(?y((F(y))))))->(((?x((F(x))))->(?x((F(x)))))->(((?x((F(x))))->((?x((F(x))))->((?x((F(x))))->(?x((F(x)))))))->((?x((F(x))))->((?x((F(x))))->(?x((F(x)))))))))
((((?x((F(x))))->((?x((F(x))))->(?y((F(y))))))->((?x((F(x))))->(?x((F(x))))))->((((?x((F(x))))->((?x((F(x))))->(?y((F(y))))))->(((?x((F(x))))->(?x((F(x)))))->(((?x((F(x))))->((?x((F(x))))->((?x((F(x))))->(?x((F(x)))))))->((?x((F(x))))->((?x((F(x))))->(?x((F(x)))))))))->(((?x((F(x))))->((?x((F(x))))->(?y((F(y))))))->(((?x((F(x))))->((?x((F(x))))->((?x((F(x))))->(?x((F(x)))))))->((?x((F(x))))->((?x((F(x))))->(?x((F(x))))))))))
((((?x((F(x))))->((?x((F(x))))->(?y((F(y))))))->(((?x((F(x))))->(?x((F(x)))))->(((?x((F(x))))->((?x((F(x))))->((?x((F(x))))->(?x((F(x)))))))->((?x((F(x))))->((?x((F(x))))->(?x((F(x)))))))))->(((?x((F(x))))->((?x((F(x))))->(?y((F(y))))))->(((?x((F(x))))->((?x((F(x))))->((?x((F(x))))->(?x((F(x)))))))->((?x((F(x))))->((?x((F(x))))->(?x((F(x)))))))))
(((?x((F(x))))->((?x((F(x))))->(?y((F(y))))))->(((?x((F(x))))->((?x((F(x))))->((?x((F(x))))->(?x((F(x)))))))->((?x((F(x))))->((?x((F(x))))->(?x((F(x))))))))
((?x((F(x))))->((?x((F(x))))->(?x((F(x))))))
(((?x((F(x))))->((?x((F(x))))->(?x((F(x))))))->(((?x((F(x))))->((?x((F(x))))->(?y((F(y))))))->((?x((F(x))))->((?x((F(x))))->(?x((F(x))))))))
(((?x((F(x))))->((?x((F(x))))->(?y((F(y))))))->((?x((F(x))))->((?x((F(x))))->(?x((F(x)))))))
(((?x((F(x))))->((?x((F(x))))->(?y((F(y))))))->(((?x((F(x))))->((?x((F(x))))->(?y((F(y))))))->((?x((F(x))))->((?x((F(x))))->(?y((F(y))))))))
((((?x((F(x))))->((?x((F(x))))->(?y((F(y))))))->(((?x((F(x))))->((?x((F(x))))->(?y((F(y))))))->((?x((F(x))))->((?x((F(x))))->(?y((F(y))))))))->((((?x((F(x))))->((?x((F(x))))->(?y((F(y))))))->((((?x((F(x))))->((?x((F(x))))->(?y((F(y))))))->((?x((F(x))))->((?x((F(x))))->(?y((F(y)))))))->((?x((F(x))))->((?x((F(x))))->(?y((F(y))))))))->(((?x((F(x))))->((?x((F(x))))->(?y((F(y))))))->((?x((F(x))))->((?x((F(x))))->(?y((F(y)))))))))
((((?x((F(x))))->((?x((F(x))))->(?y((F(y))))))->((((?x((F(x))))->((?x((F(x))))->(?y((F(y))))))->((?x((F(x))))->((?x((F(x))))->(?y((F(y)))))))->((?x((F(x))))->((?x((F(x))))->(?y((F(y))))))))->(((?x((F(x))))->((?x((F(x))))->(?y((F(y))))))->((?x((F(x))))->((?x((F(x))))->(?y((F(y))))))))
(((?x((F(x))))->((?x((F(x))))->(?y((F(y))))))->((((?x((F(x))))->((?x((F(x))))->(?y((F(y))))))->((?x((F(x))))->((?x((F(x))))->(?y((F(y)))))))->((?x((F(x))))->((?x((F(x))))->(?y((F(y))))))))
(((?x((F(x))))->((?x((F(x))))->(?y((F(y))))))->((?x((F(x))))->((?x((F(x))))->(?y((F(y)))))))
(((?x((F(x))))->((?x((F(x))))->(?y((F(y))))))->((?x((F(x))))->((?x((F(x))))->((?x((F(x))))->(?y((F(y))))))))
((((?x((F(x))))->((?x((F(x))))->(?y((F(y))))))->((?x((F(x))))->((?x((F(x))))->((?x((F(x))))->(?y((F(y))))))))->(((?x((F(x))))->((?x((F(x))))->(?y((F(y))))))->(((?x((F(x))))->((?x((F(x))))->(?y((F(y))))))->((?x((F(x))))->((?x((F(x))))->((?x((F(x))))->(?y((F(y))))))))))
(((?x((F(x))))->((?x((F(x))))->(?y((F(y))))))->(((?x((F(x))))->((?x((F(x))))->(?y((F(y))))))->((?x((F(x))))->((?x((F(x))))->((?x((F(x))))->(?y((F(y)))))))))
((((?x((F(x))))->((?x((F(x))))->(?y((F(y))))))->((?x((F(x))))->((?x((F(x))))->(?y((F(y)))))))->((((?x((F(x))))->((?x((F(x))))->(?y((F(y))))))->(((?x((F(x))))->((?x((F(x))))->(?y((F(y))))))->((?x((F(x))))->((?x((F(x))))->((?x((F(x))))->(?y((F(y)))))))))->(((?x((F(x))))->((?x((F(x))))->(?y((F(y))))))->((?x((F(x))))->((?x((F(x))))->((?x((F(x))))->(?y((F(y))))))))))
((((?x((F(x))))->((?x((F(x))))->(?y((F(y))))))->(((?x((F(x))))->((?x((F(x))))->(?y((F(y))))))->((?x((F(x))))->((?x((F(x))))->((?x((F(x))))->(?y((F(y)))))))))->(((?x((F(x))))->((?x((F(x))))->(?y((F(y))))))->((?x((F(x))))->((?x((F(x))))->((?x((F(x))))->(?y((F(y)))))))))
(((?x((F(x))))->((?x((F(x))))->(?y((F(y))))))->((?x((F(x))))->((?x((F(x))))->((?x((F(x))))->(?y((F(y))))))))
(((?x((F(x))))->((?x((F(x))))->(?y((F(y))))))->((?x((F(x))))->((?x((F(x))))->((?x((F(x))))->(?y((F(y))))))))
((((?x((F(x))))->((?x((F(x))))->(?y((F(y))))))->((?x((F(x))))->((?x((F(x))))->((?x((F(x))))->(?y((F(y))))))))->(((?x((F(x))))->((?x((F(x))))->(?y((F(y))))))->(((?x((F(x))))->((?x((F(x))))->(?y((F(y))))))->((?x((F(x))))->((?x((F(x))))->((?x((F(x))))->(?y((F(y))))))))))
(((?x((F(x))))->((?x((F(x))))->(?y((F(y))))))->(((?x((F(x))))->((?x((F(x))))->(?y((F(y))))))->((?x((F(x))))->((?x((F(x))))->((?x((F(x))))->(?y((F(y)))))))))
((((?x((F(x))))->((?x((F(x))))->(?y((F(y))))))->((?x((F(x))))->((?x((F(x))))->((?x((F(x))))->(?y((F(y))))))))->((?x((F(x))))->(((?x((F(x))))->((?x((F(x))))->(?y((F(y))))))->((?x((F(x))))->((?x((F(x))))->((?x((F(x))))->(?y((F(y))))))))))
(((((?x((F(x))))->((?x((F(x))))->(?y((F(y))))))->((?x((F(x))))->((?x((F(x))))->((?x((F(x))))->(?y((F(y))))))))->((?x((F(x))))->(((?x((F(x))))->((?x((F(x))))->(?y((F(y))))))->((?x((F(x))))->((?x((F(x))))->((?x((F(x))))->(?y((F(y))))))))))->(((?x((F(x))))->((?x((F(x))))->(?y((F(y))))))->((((?x((F(x))))->((?x((F(x))))->(?y((F(y))))))->((?x((F(x))))->((?x((F(x))))->((?x((F(x))))->(?y((F(y))))))))->((?x((F(x))))->(((?x((F(x))))->((?x((F(x))))->(?y((F(y))))))->((?x((F(x))))->((?x((F(x))))->((?x((F(x))))->(?y((F(y))))))))))))
(((?x((F(x))))->((?x((F(x))))->(?y((F(y))))))->((((?x((F(x))))->((?x((F(x))))->(?y((F(y))))))->((?x((F(x))))->((?x((F(x))))->((?x((F(x))))->(?y((F(y))))))))->((?x((F(x))))->(((?x((F(x))))->((?x((F(x))))->(?y((F(y))))))->((?x((F(x))))->((?x((F(x))))->((?x((F(x))))->(?y((F(y)))))))))))
((((?x((F(x))))->((?x((F(x))))->(?y((F(y))))))->(((?x((F(x))))->((?x((F(x))))->(?y((F(y))))))->((?x((F(x))))->((?x((F(x))))->((?x((F(x))))->(?y((F(y)))))))))->((((?x((F(x))))->((?x((F(x))))->(?y((F(y))))))->((((?x((F(x))))->((?x((F(x))))->(?y((F(y))))))->((?x((F(x))))->((?x((F(x))))->((?x((F(x))))->(?y((F(y))))))))->((?x((F(x))))->(((?x((F(x))))->((?x((F(x))))->(?y((F(y))))))->((?x((F(x))))->((?x((F(x))))->((?x((F(x))))->(?y((F(y)))))))))))->(((?x((F(x))))->((?x((F(x))))->(?y((F(y))))))->((?x((F(x))))->(((?x((F(x))))->((?x((F(x))))->(?y((F(y))))))->((?x((F(x))))->((?x((F(x))))->((?x((F(x))))->(?y((F(y))))))))))))
((((?x((F(x))))->((?x((F(x))))->(?y((F(y))))))->((((?x((F(x))))->((?x((F(x))))->(?y((F(y))))))->((?x((F(x))))->((?x((F(x))))->((?x((F(x))))->(?y((F(y))))))))->((?x((F(x))))->(((?x((F(x))))->((?x((F(x))))->(?y((F(y))))))->((?x((F(x))))->((?x((F(x))))->((?x((F(x))))->(?y((F(y)))))))))))->(((?x((F(x))))->((?x((F(x))))->(?y((F(y))))))->((?x((F(x))))->(((?x((F(x))))->((?x((F(x))))->(?y((F(y))))))->((?x((F(x))))->((?x((F(x))))->((?x((F(x))))->(?y((F(y)))))))))))
(((?x((F(x))))->((?x((F(x))))->(?y((F(y))))))->((?x((F(x))))->(((?x((F(x))))->((?x((F(x))))->(?y((F(y))))))->((?x((F(x))))->((?x((F(x))))->((?x((F(x))))->(?y((F(y))))))))))
(((?x((F(x))))->((?x((F(x))))->((?x((F(x))))->(?y((F(y)))))))->(((?x((F(x))))->(((?x((F(x))))->((?x((F(x))))->(?y((F(y))))))->((?x((F(x))))->((?x((F(x))))->((?x((F(x))))->(?y((F(y)))))))))->((?x((F(x))))->((?x((F(x))))->((?x((F(x))))->((?x((F(x))))->(?y((F(y))))))))))
((((?x((F(x))))->((?x((F(x))))->((?x((F(x))))->(?y((F(y)))))))->(((?x((F(x))))->(((?x((F(x))))->((?x((F(x))))->(?y((F(y))))))->((?x((F(x))))->((?x((F(x))))->((?x((F(x))))->(?y((F(y)))))))))->((?x((F(x))))->((?x((F(x))))->((?x((F(x))))->((?x((F(x))))->(?y((F(y))))))))))->(((?x((F(x))))->((?x((F(x))))->(?y((F(y))))))->(((?x((F(x))))->((?x((F(x))))->((?x((F(x))))->(?y((F(y)))))))->(((?x((F(x))))->(((?x((F(x))))->((?x((F(x))))->(?y((F(y))))))->((?x((F(x))))->((?x((F(x))))->((?x((F(x))))->(?y((F(y)))))))))->((?x((F(x))))->((?x((F(x))))->((?x((F(x))))->((?x((F(x))))->(?y((F(y))))))))))))
(((?x((F(x))))->((?x((F(x))))->(?y((F(y))))))->(((?x((F(x))))->((?x((F(x))))->((?x((F(x))))->(?y((F(y)))))))->(((?x((F(x))))->(((?x((F(x))))->((?x((F(x))))->(?y((F(y))))))->((?x((F(x))))->((?x((F(x))))->((?x((F(x))))->(?y((F(y)))))))))->((?x((F(x))))->((?x((F(x))))->((?x((F(x))))->((?x((F(x))))->(?y((F(y)))))))))))
((((?x((F(x))))->((?x((F(x))))->(?y((F(y))))))->((?x((F(x))))->((?x((F(x))))->((?x((F(x))))->(?y((F(y))))))))->((((?x((F(x))))->((?x((F(x))))->(?y((F(y))))))->(((?x((F(x))))->((?x((F(x))))->((?x((F(x))))->(?y((F(y)))))))->(((?x((F(x))))->(((?x((F(x))))->((?x((F(x))))->(?y((F(y))))))->((?x((F(x))))->((?x((F(x))))->((?x((F(x))))->(?y((F(y)))))))))->((?x((F(x))))->((?x((F(x))))->((?x((F(x))))->((?x((F(x))))->(?y((F(y)))))))))))->(((?x((F(x))))->((?x((F(x))))->(?y((F(y))))))->(((?x((F(x))))->(((?x((F(x))))->((?x((F(x))))->(?y((F(y))))))->((?x((F(x))))->((?x((F(x))))->((?x((F(x))))->(?y((F(y)))))))))->((?x((F(x))))->((?x((F(x))))->((?x((F(x))))->((?x((F(x))))->(?y((F(y))))))))))))
((((?x((F(x))))->((?x((F(x))))->(?y((F(y))))))->(((?x((F(x))))->((?x((F(x))))->((?x((F(x))))->(?y((F(y)))))))->(((?x((F(x))))->(((?x((F(x))))->((?x((F(x))))->(?y((F(y))))))->((?x((F(x))))->((?x((F(x))))->((?x((F(x))))->(?y((F(y)))))))))->((?x((F(x))))->((?x((F(x))))->((?x((F(x))))->((?x((F(x))))->(?y((F(y)))))))))))->(((?x((F(x))))->((?x((F(x))))->(?y((F(y))))))->(((?x((F(x))))->(((?x((F(x))))->((?x((F(x))))->(?y((F(y))))))->((?x((F(x))))->((?x((F(x))))->((?x((F(x))))->(?y((F(y)))))))))->((?x((F(x))))->((?x((F(x))))->((?x((F(x))))->((?x((F(x))))->(?y((F(y)))))))))))
(((?x((F(x))))->((?x((F(x))))->(?y((F(y))))))->(((?x((F(x))))->(((?x((F(x))))->((?x((F(x))))->(?y((F(y))))))->((?x((F(x))))->((?x((F(x))))->((?x((F(x))))->(?y((F(y)))))))))->((?x((F(x))))->((?x((F(x))))->((?x((F(x))))->((?x((F(x))))->(?y((F(y))))))))))
((((?x((F(x))))->((?x((F(x))))->(?y((F(y))))))->((?x((F(x))))->(((?x((F(x))))->((?x((F(x))))->(?y((F(y))))))->((?x((F(x))))->((?x((F(x))))->((?x((F(x))))->(?y((F(y))))))))))->((((?x((F(x))))->((?x((F(x))))->(?y((F(y))))))->(((?x((F(x))))->(((?x((F(x))))->((?x((F(x))))->(?y((F(y))))))->((?x((F(x))))->((?x((F(x))))->((?x((F(x))))->(?y((F(y)))))))))->((?x((F(x))))->((?x((F(x))))->((?x((F(x))))->((?x((F(x))))->(?y((F(y))))))))))->(((?x((F(x))))->((?x((F(x))))->(?y((F(y))))))->((?x((F(x))))->((?x((F(x))))->((?x((F(x))))->((?x((F(x))))->(?y((F(y)))))))))))
((((?x((F(x))))->((?x((F(x))))->(?y((F(y))))))->(((?x((F(x))))->(((?x((F(x))))->((?x((F(x))))->(?y((F(y))))))->((?x((F(x))))->((?x((F(x))))->((?x((F(x))))->(?y((F(y)))))))))->((?x((F(x))))->((?x((F(x))))->((?x((F(x))))->((?x((F(x))))->(?y((F(y))))))))))->(((?x((F(x))))->((?x((F(x))))->(?y((F(y))))))->((?x((F(x))))->((?x((F(x))))->((?x((F(x))))->((?x((F(x))))->(?y((F(y))))))))))
(((?x((F(x))))->((?x((F(x))))->(?y((F(y))))))->((?x((F(x))))->((?x((F(x))))->((?x((F(x))))->((?x((F(x))))->(?y((F(y)))))))))
(((?x((F(x))))->(?x((F(x)))))->(((?x((F(x))))->((?x((F(x))))->((?x((F(x))))->(?y((F(y)))))))->((?x((F(x))))->((?x((F(x))))->(?y((F(y))))))))
((((?x((F(x))))->(?x((F(x)))))->(((?x((F(x))))->((?x((F(x))))->((?x((F(x))))->(?y((F(y)))))))->((?x((F(x))))->((?x((F(x))))->(?y((F(y))))))))->(((?x((F(x))))->((?x((F(x))))->(?y((F(y))))))->(((?x((F(x))))->(?x((F(x)))))->(((?x((F(x))))->((?x((F(x))))->((?x((F(x))))->(?y((F(y)))))))->((?x((F(x))))->((?x((F(x))))->(?y((F(y))))))))))
(((?x((F(x))))->((?x((F(x))))->(?y((F(y))))))->(((?x((F(x))))->(?x((F(x)))))->(((?x((F(x))))->((?x((F(x))))->((?x((F(x))))->(?y((F(y)))))))->((?x((F(x))))->((?x((F(x))))->(?y((F(y)))))))))
((((?x((F(x))))->(?x((F(x)))))->(((?x((F(x))))->((?x((F(x))))->((?x((F(x))))->(?y((F(y)))))))->((?x((F(x))))->((?x((F(x))))->(?y((F(y))))))))->((?x((F(x))))->(((?x((F(x))))->(?x((F(x)))))->(((?x((F(x))))->((?x((F(x))))->((?x((F(x))))->(?y((F(y)))))))->((?x((F(x))))->((?x((F(x))))->(?y((F(y))))))))))
(((((?x((F(x))))->(?x((F(x)))))->(((?x((F(x))))->((?x((F(x))))->((?x((F(x))))->(?y((F(y)))))))->((?x((F(x))))->((?x((F(x))))->(?y((F(y))))))))->((?x((F(x))))->(((?x((F(x))))->(?x((F(x)))))->(((?x((F(x))))->((?x((F(x))))->((?x((F(x))))->(?y((F(y)))))))->((?x((F(x))))->((?x((F(x))))->(?y((F(y))))))))))->(((?x((F(x))))->((?x((F(x))))->(?y((F(y))))))->((((?x((F(x))))->(?x((F(x)))))->(((?x((F(x))))->((?x((F(x))))->((?x((F(x))))->(?y((F(y)))))))->((?x((F(x))))->((?x((F(x))))->(?y((F(y))))))))->((?x((F(x))))->(((?x((F(x))))->(?x((F(x)))))->(((?x((F(x))))->((?x((F(x))))->((?x((F(x))))->(?y((F(y)))))))->((?x((F(x))))->((?x((F(x))))->(?y((F(y))))))))))))
(((?x((F(x))))->((?x((F(x))))->(?y((F(y))))))->((((?x((F(x))))->(?x((F(x)))))->(((?x((F(x))))->((?x((F(x))))->((?x((F(x))))->(?y((F(y)))))))->((?x((F(x))))->((?x((F(x))))->(?y((F(y))))))))->((?x((F(x))))->(((?x((F(x))))->(?x((F(x)))))->(((?x((F(x))))->((?x((F(x))))->((?x((F(x))))->(?y((F(y)))))))->((?x((F(x))))->((?x((F(x))))->(?y((F(y)))))))))))
((((?x((F(x))))->((?x((F(x))))->(?y((F(y))))))->(((?x((F(x))))->(?x((F(x)))))->(((?x((F(x))))->((?x((F(x))))->((?x((F(x))))->(?y((F(y)))))))->((?x((F(x))))->((?x((F(x))))->(?y((F(y)))))))))->((((?x((F(x))))->((?x((F(x))))->(?y((F(y))))))->((((?x((F(x))))->(?x((F(x)))))->(((?x((F(x))))->((?x((F(x))))->((?x((F(x))))->(?y((F(y)))))))->((?x((F(x))))->((?x((F(x))))->(?y((F(y))))))))->((?x((F(x))))->(((?x((F(x))))->(?x((F(x)))))->(((?x((F(x))))->((?x((F(x))))->((?x((F(x))))->(?y((F(y)))))))->((?x((F(x))))->((?x((F(x))))->(?y((F(y)))))))))))->(((?x((F(x))))->((?x((F(x))))->(?y((F(y))))))->((?x((F(x))))->(((?x((F(x))))->(?x((F(x)))))->(((?x((F(x))))->((?x((F(x))))->((?x((F(x))))->(?y((F(y)))))))->((?x((F(x))))->((?x((F(x))))->(?y((F(y))))))))))))
((((?x((F(x))))->((?x((F(x))))->(?y((F(y))))))->((((?x((F(x))))->(?x((F(x)))))->(((?x((F(x))))->((?x((F(x))))->((?x((F(x))))->(?y((F(y)))))))->((?x((F(x))))->((?x((F(x))))->(?y((F(y))))))))->((?x((F(x))))->(((?x((F(x))))->(?x((F(x)))))->(((?x((F(x))))->((?x((F(x))))->((?x((F(x))))->(?y((F(y)))))))->((?x((F(x))))->((?x((F(x))))->(?y((F(y)))))))))))->(((?x((F(x))))->((?x((F(x))))->(?y((F(y))))))->((?x((F(x))))->(((?x((F(x))))->(?x((F(x)))))->(((?x((F(x))))->((?x((F(x))))->((?x((F(x))))->(?y((F(y)))))))->((?x((F(x))))->((?x((F(x))))->(?y((F(y)))))))))))
(((?x((F(x))))->((?x((F(x))))->(?y((F(y))))))->((?x((F(x))))->(((?x((F(x))))->(?x((F(x)))))->(((?x((F(x))))->((?x((F(x))))->((?x((F(x))))->(?y((F(y)))))))->((?x((F(x))))->((?x((F(x))))->(?y((F(y))))))))))
(((?x((F(x))))->((?x((F(x))))->(?x((F(x))))))->(((?x((F(x))))->(((?x((F(x))))->(?x((F(x)))))->(((?x((F(x))))->((?x((F(x))))->((?x((F(x))))->(?y((F(y)))))))->((?x((F(x))))->((?x((F(x))))->(?y((F(y)))))))))->((?x((F(x))))->(((?x((F(x))))->((?x((F(x))))->((?x((F(x))))->(?y((F(y)))))))->((?x((F(x))))->((?x((F(x))))->(?y((F(y))))))))))
((((?x((F(x))))->((?x((F(x))))->(?x((F(x))))))->(((?x((F(x))))->(((?x((F(x))))->(?x((F(x)))))->(((?x((F(x))))->((?x((F(x))))->((?x((F(x))))->(?y((F(y)))))))->((?x((F(x))))->((?x((F(x))))->(?y((F(y)))))))))->((?x((F(x))))->(((?x((F(x))))->((?x((F(x))))->((?x((F(x))))->(?y((F(y)))))))->((?x((F(x))))->((?x((F(x))))->(?y((F(y))))))))))->(((?x((F(x))))->((?x((F(x))))->(?y((F(y))))))->(((?x((F(x))))->((?x((F(x))))->(?x((F(x))))))->(((?x((F(x))))->(((?x((F(x))))->(?x((F(x)))))->(((?x((F(x))))->((?x((F(x))))->((?x((F(x))))->(?y((F(y)))))))->((?x((F(x))))->((?x((F(x))))->(?y((F(y)))))))))->((?x((F(x))))->(((?x((F(x))))->((?x((F(x))))->((?x((F(x))))->(?y((F(y)))))))->((?x((F(x))))->((?x((F(x))))->(?y((F(y))))))))))))
(((?x((F(x))))->((?x((F(x))))->(?y((F(y))))))->(((?x((F(x))))->((?x((F(x))))->(?x((F(x))))))->(((?x((F(x))))->(((?x((F(x))))->(?x((F(x)))))->(((?x((F(x))))->((?x((F(x))))->((?x((F(x))))->(?y((F(y)))))))->((?x((F(x))))->((?x((F(x))))->(?y((F(y)))))))))->((?x((F(x))))->(((?x((F(x))))->((?x((F(x))))->((?x((F(x))))->(?y((F(y)))))))->((?x((F(x))))->((?x((F(x))))->(?y((F(y)))))))))))
((((?x((F(x))))->((?x((F(x))))->(?y((F(y))))))->((?x((F(x))))->((?x((F(x))))->(?x((F(x)))))))->((((?x((F(x))))->((?x((F(x))))->(?y((F(y))))))->(((?x((F(x))))->((?x((F(x))))->(?x((F(x))))))->(((?x((F(x))))->(((?x((F(x))))->(?x((F(x)))))->(((?x((F(x))))->((?x((F(x))))->((?x((F(x))))->(?y((F(y)))))))->((?x((F(x))))->((?x((F(x))))->(?y((F(y)))))))))->((?x((F(x))))->(((?x((F(x))))->((?x((F(x))))->((?x((F(x))))->(?y((F(y)))))))->((?x((F(x))))->((?x((F(x))))->(?y((F(y)))))))))))->(((?x((F(x))))->((?x((F(x))))->(?y((F(y))))))->(((?x((F(x))))->(((?x((F(x))))->(?x((F(x)))))->(((?x((F(x))))->((?x((F(x))))->((?x((F(x))))->(?y((F(y)))))))->((?x((F(x))))->((?x((F(x))))->(?y((F(y)))))))))->((?x((F(x))))->(((?x((F(x))))->((?x((F(x))))->((?x((F(x))))->(?y((F(y)))))))->((?x((F(x))))->((?x((F(x))))->(?y((F(y))))))))))))
((((?x((F(x))))->((?x((F(x))))->(?y((F(y))))))->(((?x((F(x))))->((?x((F(x))))->(?x((F(x))))))->(((?x((F(x))))->(((?x((F(x))))->(?x((F(x)))))->(((?x((F(x))))->((?x((F(x))))->((?x((F(x))))->(?y((F(y)))))))->((?x((F(x))))->((?x((F(x))))->(?y((F(y)))))))))->((?x((F(x))))->(((?x((F(x))))->((?x((F(x))))->((?x((F(x))))->(?y((F(y)))))))->((?x((F(x))))->((?x((F(x))))->(?y((F(y)))))))))))->(((?x((F(x))))->((?x((F(x))))->(?y((F(y))))))->(((?x((F(x))))->(((?x((F(x))))->(?x((F(x)))))->(((?x((F(x))))->((?x((F(x))))->((?x((F(x))))->(?y((F(y)))))))->((?x((F(x))))->((?x((F(x))))->(?y((F(y)))))))))->((?x((F(x))))->(((?x((F(x))))->((?x((F(x))))->((?x((F(x))))->(?y((F(y)))))))->((?x((F(x))))->((?x((F(x))))->(?y((F(y)))))))))))
(((?x((F(x))))->((?x((F(x))))->(?y((F(y))))))->(((?x((F(x))))->(((?x((F(x))))->(?x((F(x)))))->(((?x((F(x))))->((?x((F(x))))->((?x((F(x))))->(?y((F(y)))))))->((?x((F(x))))->((?x((F(x))))->(?y((F(y)))))))))->((?x((F(x))))->(((?x((F(x))))->((?x((F(x))))->((?x((F(x))))->(?y((F(y)))))))->((?x((F(x))))->((?x((F(x))))->(?y((F(y))))))))))
((((?x((F(x))))->((?x((F(x))))->(?y((F(y))))))->((?x((F(x))))->(((?x((F(x))))->(?x((F(x)))))->(((?x((F(x))))->((?x((F(x))))->((?x((F(x))))->(?y((F(y)))))))->((?x((F(x))))->((?x((F(x))))->(?y((F(y))))))))))->((((?x((F(x))))->((?x((F(x))))->(?y((F(y))))))->(((?x((F(x))))->(((?x((F(x))))->(?x((F(x)))))->(((?x((F(x))))->((?x((F(x))))->((?x((F(x))))->(?y((F(y)))))))->((?x((F(x))))->((?x((F(x))))->(?y((F(y)))))))))->((?x((F(x))))->(((?x((F(x))))->((?x((F(x))))->((?x((F(x))))->(?y((F(y)))))))->((?x((F(x))))->((?x((F(x))))->(?y((F(y))))))))))->(((?x((F(x))))->((?x((F(x))))->(?y((F(y))))))->((?x((F(x))))->(((?x((F(x))))->((?x((F(x))))->((?x((F(x))))->(?y((F(y)))))))->((?x((F(x))))->((?x((F(x))))->(?y((F(y)))))))))))
((((?x((F(x))))->((?x((F(x))))->(?y((F(y))))))->(((?x((F(x))))->(((?x((F(x))))->(?x((F(x)))))->(((?x((F(x))))->((?x((F(x))))->((?x((F(x))))->(?y((F(y)))))))->((?x((F(x))))->((?x((F(x))))->(?y((F(y)))))))))->((?x((F(x))))->(((?x((F(x))))->((?x((F(x))))->((?x((F(x))))->(?y((F(y)))))))->((?x((F(x))))->((?x((F(x))))->(?y((F(y))))))))))->(((?x((F(x))))->((?x((F(x))))->(?y((F(y))))))->((?x((F(x))))->(((?x((F(x))))->((?x((F(x))))->((?x((F(x))))->(?y((F(y)))))))->((?x((F(x))))->((?x((F(x))))->(?y((F(y))))))))))
(((?x((F(x))))->((?x((F(x))))->(?y((F(y))))))->((?x((F(x))))->(((?x((F(x))))->((?x((F(x))))->((?x((F(x))))->(?y((F(y)))))))->((?x((F(x))))->((?x((F(x))))->(?y((F(y)))))))))
(((?x((F(x))))->((?x((F(x))))->((?x((F(x))))->((?x((F(x))))->(?y((F(y))))))))->(((?x((F(x))))->(((?x((F(x))))->((?x((F(x))))->((?x((F(x))))->(?y((F(y)))))))->((?x((F(x))))->((?x((F(x))))->(?y((F(y))))))))->((?x((F(x))))->((?x((F(x))))->((?x((F(x))))->(?y((F(y)))))))))
((((?x((F(x))))->((?x((F(x))))->((?x((F(x))))->((?x((F(x))))->(?y((F(y))))))))->(((?x((F(x))))->(((?x((F(x))))->((?x((F(x))))->((?x((F(x))))->(?y((F(y)))))))->((?x((F(x))))->((?x((F(x))))->(?y((F(y))))))))->((?x((F(x))))->((?x((F(x))))->((?x((F(x))))->(?y((F(y)))))))))->(((?x((F(x))))->((?x((F(x))))->(?y((F(y))))))->(((?x((F(x))))->((?x((F(x))))->((?x((F(x))))->((?x((F(x))))->(?y((F(y))))))))->(((?x((F(x))))->(((?x((F(x))))->((?x((F(x))))->((?x((F(x))))->(?y((F(y)))))))->((?x((F(x))))->((?x((F(x))))->(?y((F(y))))))))->((?x((F(x))))->((?x((F(x))))->((?x((F(x))))->(?y((F(y)))))))))))
(((?x((F(x))))->((?x((F(x))))->(?y((F(y))))))->(((?x((F(x))))->((?x((F(x))))->((?x((F(x))))->((?x((F(x))))->(?y((F(y))))))))->(((?x((F(x))))->(((?x((F(x))))->((?x((F(x))))->((?x((F(x))))->(?y((F(y)))))))->((?x((F(x))))->((?x((F(x))))->(?y((F(y))))))))->((?x((F(x))))->((?x((F(x))))->((?x((F(x))))->(?y((F(y))))))))))
((((?x((F(x))))->((?x((F(x))))->(?y((F(y))))))->((?x((F(x))))->((?x((F(x))))->((?x((F(x))))->((?x((F(x))))->(?y((F(y)))))))))->((((?x((F(x))))->((?x((F(x))))->(?y((F(y))))))->(((?x((F(x))))->((?x((F(x))))->((?x((F(x))))->((?x((F(x))))->(?y((F(y))))))))->(((?x((F(x))))->(((?x((F(x))))->((?x((F(x))))->((?x((F(x))))->(?y((F(y)))))))->((?x((F(x))))->((?x((F(x))))->(?y((F(y))))))))->((?x((F(x))))->((?x((F(x))))->((?x((F(x))))->(?y((F(y))))))))))->(((?x((F(x))))->((?x((F(x))))->(?y((F(y))))))->(((?x((F(x))))->(((?x((F(x))))->((?x((F(x))))->((?x((F(x))))->(?y((F(y)))))))->((?x((F(x))))->((?x((F(x))))->(?y((F(y))))))))->((?x((F(x))))->((?x((F(x))))->((?x((F(x))))->(?y((F(y)))))))))))
((((?x((F(x))))->((?x((F(x))))->(?y((F(y))))))->(((?x((F(x))))->((?x((F(x))))->((?x((F(x))))->((?x((F(x))))->(?y((F(y))))))))->(((?x((F(x))))->(((?x((F(x))))->((?x((F(x))))->((?x((F(x))))->(?y((F(y)))))))->((?x((F(x))))->((?x((F(x))))->(?y((F(y))))))))->((?x((F(x))))->((?x((F(x))))->((?x((F(x))))->(?y((F(y))))))))))->(((?x((F(x))))->((?x((F(x))))->(?y((F(y))))))->(((?x((F(x))))->(((?x((F(x))))->((?x((F(x))))->((?x((F(x))))->(?y((F(y)))))))->((?x((F(x))))->((?x((F(x))))->(?y((F(y))))))))->((?x((F(x))))->((?x((F(x))))->((?x((F(x))))->(?y((F(y))))))))))
(((?x((F(x))))->((?x((F(x))))->(?y((F(y))))))->(((?x((F(x))))->(((?x((F(x))))->((?x((F(x))))->((?x((F(x))))->(?y((F(y)))))))->((?x((F(x))))->((?x((F(x))))->(?y((F(y))))))))->((?x((F(x))))->((?x((F(x))))->((?x((F(x))))->(?y((F(y)))))))))
((((?x((F(x))))->((?x((F(x))))->(?y((F(y))))))->((?x((F(x))))->(((?x((F(x))))->((?x((F(x))))->((?x((F(x))))->(?y((F(y)))))))->((?x((F(x))))->((?x((F(x))))->(?y((F(y)))))))))->((((?x((F(x))))->((?x((F(x))))->(?y((F(y))))))->(((?x((F(x))))->(((?x((F(x))))->((?x((F(x))))->((?x((F(x))))->(?y((F(y)))))))->((?x((F(x))))->((?x((F(x))))->(?y((F(y))))))))->((?x((F(x))))->((?x((F(x))))->((?x((F(x))))->(?y((F(y)))))))))->(((?x((F(x))))->((?x((F(x))))->(?y((F(y))))))->((?x((F(x))))->((?x((F(x))))->((?x((F(x))))->(?y((F(y))))))))))
((((?x((F(x))))->((?x((F(x))))->(?y((F(y))))))->(((?x((F(x))))->(((?x((F(x))))->((?x((F(x))))->((?x((F(x))))->(?y((F(y)))))))->((?x((F(x))))->((?x((F(x))))->(?y((F(y))))))))->((?x((F(x))))->((?x((F(x))))->((?x((F(x))))->(?y((F(y)))))))))->(((?x((F(x))))->((?x((F(x))))->(?y((F(y))))))->((?x((F(x))))->((?x((F(x))))->((?x((F(x))))->(?y((F(y)))))))))
(((?x((F(x))))->((?x((F(x))))->(?y((F(y))))))->((?x((F(x))))->((?x((F(x))))->((?x((F(x))))->(?y((F(y))))))))
(((?x((F(x))))->(?x((F(x)))))->(((?x((F(x))))->((?x((F(x))))->(?y((F(y))))))->((?x((F(x))))->(?y((F(y)))))))
((((?x((F(x))))->(?x((F(x)))))->(((?x((F(x))))->((?x((F(x))))->(?y((F(y))))))->((?x((F(x))))->(?y((F(y)))))))->(((?x((F(x))))->((?x((F(x))))->(?y((F(y))))))->(((?x((F(x))))->(?x((F(x)))))->(((?x((F(x))))->((?x((F(x))))->(?y((F(y))))))->((?x((F(x))))->(?y((F(y)))))))))
(((?x((F(x))))->((?x((F(x))))->(?y((F(y))))))->(((?x((F(x))))->(?x((F(x)))))->(((?x((F(x))))->((?x((F(x))))->(?y((F(y))))))->((?x((F(x))))->(?y((F(y))))))))
((((?x((F(x))))->(?x((F(x)))))->(((?x((F(x))))->((?x((F(x))))->(?y((F(y))))))->((?x((F(x))))->(?y((F(y)))))))->((?x((F(x))))->(((?x((F(x))))->(?x((F(x)))))->(((?x((F(x))))->((?x((F(x))))->(?y((F(y))))))->((?x((F(x))))->(?y((F(y)))))))))
(((((?x((F(x))))->(?x((F(x)))))->(((?x((F(x))))->((?x((F(x))))->(?y((F(y))))))->((?x((F(x))))->(?y((F(y)))))))->((?x((F(x))))->(((?x((F(x))))->(?x((F(x)))))->(((?x((F(x))))->((?x((F(x))))->(?y((F(y))))))->((?x((F(x))))->(?y((F(y)))))))))->(((?x((F(x))))->((?x((F(x))))->(?y((F(y))))))->((((?x((F(x))))->(?x((F(x)))))->(((?x((F(x))))->((?x((F(x))))->(?y((F(y))))))->((?x((F(x))))->(?y((F(y)))))))->((?x((F(x))))->(((?x((F(x))))->(?x((F(x)))))->(((?x((F(x))))->((?x((F(x))))->(?y((F(y))))))->((?x((F(x))))->(?y((F(y)))))))))))
(((?x((F(x))))->((?x((F(x))))->(?y((F(y))))))->((((?x((F(x))))->(?x((F(x)))))->(((?x((F(x))))->((?x((F(x))))->(?y((F(y))))))->((?x((F(x))))->(?y((F(y)))))))->((?x((F(x))))->(((?x((F(x))))->(?x((F(x)))))->(((?x((F(x))))->((?x((F(x))))->(?y((F(y))))))->((?x((F(x))))->(?y((F(y))))))))))
((((?x((F(x))))->((?x((F(x))))->(?y((F(y))))))->(((?x((F(x))))->(?x((F(x)))))->(((?x((F(x))))->((?x((F(x))))->(?y((F(y))))))->((?x((F(x))))->(?y((F(y))))))))->((((?x((F(x))))->((?x((F(x))))->(?y((F(y))))))->((((?x((F(x))))->(?x((F(x)))))->(((?x((F(x))))->((?x((F(x))))->(?y((F(y))))))->((?x((F(x))))->(?y((F(y)))))))->((?x((F(x))))->(((?x((F(x))))->(?x((F(x)))))->(((?x((F(x))))->((?x((F(x))))->(?y((F(y))))))->((?x((F(x))))->(?y((F(y))))))))))->(((?x((F(x))))->((?x((F(x))))->(?y((F(y))))))->((?x((F(x))))->(((?x((F(x))))->(?x((F(x)))))->(((?x((F(x))))->((?x((F(x))))->(?y((F(y))))))->((?x((F(x))))->(?y((F(y)))))))))))
((((?x((F(x))))->((?x((F(x))))->(?y((F(y))))))->((((?x((F(x))))->(?x((F(x)))))->(((?x((F(x))))->((?x((F(x))))->(?y((F(y))))))->((?x((F(x))))->(?y((F(y)))))))->((?x((F(x))))->(((?x((F(x))))->(?x((F(x)))))->(((?x((F(x))))->((?x((F(x))))->(?y((F(y))))))->((?x((F(x))))->(?y((F(y))))))))))->(((?x((F(x))))->((?x((F(x))))->(?y((F(y))))))->((?x((F(x))))->(((?x((F(x))))->(?x((F(x)))))->(((?x((F(x))))->((?x((F(x))))->(?y((F(y))))))->((?x((F(x))))->(?y((F(y))))))))))
(((?x((F(x))))->((?x((F(x))))->(?y((F(y))))))->((?x((F(x))))->(((?x((F(x))))->(?x((F(x)))))->(((?x((F(x))))->((?x((F(x))))->(?y((F(y))))))->((?x((F(x))))->(?y((F(y)))))))))
(((?x((F(x))))->((?x((F(x))))->(?x((F(x))))))->(((?x((F(x))))->(((?x((F(x))))->(?x((F(x)))))->(((?x((F(x))))->((?x((F(x))))->(?y((F(y))))))->((?x((F(x))))->(?y((F(y))))))))->((?x((F(x))))->(((?x((F(x))))->((?x((F(x))))->(?y((F(y))))))->((?x((F(x))))->(?y((F(y)))))))))
((((?x((F(x))))->((?x((F(x))))->(?x((F(x))))))->(((?x((F(x))))->(((?x((F(x))))->(?x((F(x)))))->(((?x((F(x))))->((?x((F(x))))->(?y((F(y))))))->((?x((F(x))))->(?y((F(y))))))))->((?x((F(x))))->(((?x((F(x))))->((?x((F(x))))->(?y((F(y))))))->((?x((F(x))))->(?y((F(y)))))))))->(((?x((F(x))))->((?x((F(x))))->(?y((F(y))))))->(((?x((F(x))))->((?x((F(x))))->(?x((F(x))))))->(((?x((F(x))))->(((?x((F(x))))->(?x((F(x)))))->(((?x((F(x))))->((?x((F(x))))->(?y((F(y))))))->((?x((F(x))))->(?y((F(y))))))))->((?x((F(x))))->(((?x((F(x))))->((?x((F(x))))->(?y((F(y))))))->((?x((F(x))))->(?y((F(y)))))))))))
(((?x((F(x))))->((?x((F(x))))->(?y((F(y))))))->(((?x((F(x))))->((?x((F(x))))->(?x((F(x))))))->(((?x((F(x))))->(((?x((F(x))))->(?x((F(x)))))->(((?x((F(x))))->((?x((F(x))))->(?y((F(y))))))->((?x((F(x))))->(?y((F(y))))))))->((?x((F(x))))->(((?x((F(x))))->((?x((F(x))))->(?y((F(y))))))->((?x((F(x))))->(?y((F(y))))))))))
((((?x((F(x))))->((?x((F(x))))->(?y((F(y))))))->((?x((F(x))))->((?x((F(x))))->(?x((F(x)))))))->((((?x((F(x))))->((?x((F(x))))->(?y((F(y))))))->(((?x((F(x))))->((?x((F(x))))->(?x((F(x))))))->(((?x((F(x))))->(((?x((F(x))))->(?x((F(x)))))->(((?x((F(x))))->((?x((F(x))))->(?y((F(y))))))->((?x((F(x))))->(?y((F(y))))))))->((?x((F(x))))->(((?x((F(x))))->((?x((F(x))))->(?y((F(y))))))->((?x((F(x))))->(?y((F(y))))))))))->(((?x((F(x))))->((?x((F(x))))->(?y((F(y))))))->(((?x((F(x))))->(((?x((F(x))))->(?x((F(x)))))->(((?x((F(x))))->((?x((F(x))))->(?y((F(y))))))->((?x((F(x))))->(?y((F(y))))))))->((?x((F(x))))->(((?x((F(x))))->((?x((F(x))))->(?y((F(y))))))->((?x((F(x))))->(?y((F(y)))))))))))
((((?x((F(x))))->((?x((F(x))))->(?y((F(y))))))->(((?x((F(x))))->((?x((F(x))))->(?x((F(x))))))->(((?x((F(x))))->(((?x((F(x))))->(?x((F(x)))))->(((?x((F(x))))->((?x((F(x))))->(?y((F(y))))))->((?x((F(x))))->(?y((F(y))))))))->((?x((F(x))))->(((?x((F(x))))->((?x((F(x))))->(?y((F(y))))))->((?x((F(x))))->(?y((F(y))))))))))->(((?x((F(x))))->((?x((F(x))))->(?y((F(y))))))->(((?x((F(x))))->(((?x((F(x))))->(?x((F(x)))))->(((?x((F(x))))->((?x((F(x))))->(?y((F(y))))))->((?x((F(x))))->(?y((F(y))))))))->((?x((F(x))))->(((?x((F(x))))->((?x((F(x))))->(?y((F(y))))))->((?x((F(x))))->(?y((F(y))))))))))
(((?x((F(x))))->((?x((F(x))))->(?y((F(y))))))->(((?x((F(x))))->(((?x((F(x))))->(?x((F(x)))))->(((?x((F(x))))->((?x((F(x))))->(?y((F(y))))))->((?x((F(x))))->(?y((F(y))))))))->((?x((F(x))))->(((?x((F(x))))->((?x((F(x))))->(?y((F(y))))))->((?x((F(x))))->(?y((F(y)))))))))
((((?x((F(x))))->((?x((F(x))))->(?y((F(y))))))->((?x((F(x))))->(((?x((F(x))))->(?x((F(x)))))->(((?x((F(x))))->((?x((F(x))))->(?y((F(y))))))->((?x((F(x))))->(?y((F(y)))))))))->((((?x((F(x))))->((?x((F(x))))->(?y((F(y))))))->(((?x((F(x))))->(((?x((F(x))))->(?x((F(x)))))->(((?x((F(x))))->((?x((F(x))))->(?y((F(y))))))->((?x((F(x))))->(?y((F(y))))))))->((?x((F(x))))->(((?x((F(x))))->((?x((F(x))))->(?y((F(y))))))->((?x((F(x))))->(?y((F(y)))))))))->(((?x((F(x))))->((?x((F(x))))->(?y((F(y))))))->((?x((F(x))))->(((?x((F(x))))->((?x((F(x))))->(?y((F(y))))))->((?x((F(x))))->(?y((F(y))))))))))
((((?x((F(x))))->((?x((F(x))))->(?y((F(y))))))->(((?x((F(x))))->(((?x((F(x))))->(?x((F(x)))))->(((?x((F(x))))->((?x((F(x))))->(?y((F(y))))))->((?x((F(x))))->(?y((F(y))))))))->((?x((F(x))))->(((?x((F(x))))->((?x((F(x))))->(?y((F(y))))))->((?x((F(x))))->(?y((F(y)))))))))->(((?x((F(x))))->((?x((F(x))))->(?y((F(y))))))->((?x((F(x))))->(((?x((F(x))))->((?x((F(x))))->(?y((F(y))))))->((?x((F(x))))->(?y((F(y)))))))))
(((?x((F(x))))->((?x((F(x))))->(?y((F(y))))))->((?x((F(x))))->(((?x((F(x))))->((?x((F(x))))->(?y((F(y))))))->((?x((F(x))))->(?y((F(y))))))))
(((?x((F(x))))->((?x((F(x))))->((?x((F(x))))->(?y((F(y)))))))->(((?x((F(x))))->(((?x((F(x))))->((?x((F(x))))->(?y((F(y))))))->((?x((F(x))))->(?y((F(y)))))))->((?x((F(x))))->((?x((F(x))))->(?y((F(y))))))))
((((?x((F(x))))->((?x((F(x))))->((?x((F(x))))->(?y((F(y)))))))->(((?x((F(x))))->(((?x((F(x))))->((?x((F(x))))->(?y((F(y))))))->((?x((F(x))))->(?y((F(y)))))))->((?x((F(x))))->((?x((F(x))))->(?y((F(y))))))))->(((?x((F(x))))->((?x((F(x))))->(?y((F(y))))))->(((?x((F(x))))->((?x((F(x))))->((?x((F(x))))->(?y((F(y)))))))->(((?x((F(x))))->(((?x((F(x))))->((?x((F(x))))->(?y((F(y))))))->((?x((F(x))))->(?y((F(y)))))))->((?x((F(x))))->((?x((F(x))))->(?y((F(y))))))))))
(((?x((F(x))))->((?x((F(x))))->(?y((F(y))))))->(((?x((F(x))))->((?x((F(x))))->((?x((F(x))))->(?y((F(y)))))))->(((?x((F(x))))->(((?x((F(x))))->((?x((F(x))))->(?y((F(y))))))->((?x((F(x))))->(?y((F(y)))))))->((?x((F(x))))->((?x((F(x))))->(?y((F(y)))))))))
((((?x((F(x))))->((?x((F(x))))->(?y((F(y))))))->((?x((F(x))))->((?x((F(x))))->((?x((F(x))))->(?y((F(y))))))))->((((?x((F(x))))->((?x((F(x))))->(?y((F(y))))))->(((?x((F(x))))->((?x((F(x))))->((?x((F(x))))->(?y((F(y)))))))->(((?x((F(x))))->(((?x((F(x))))->((?x((F(x))))->(?y((F(y))))))->((?x((F(x))))->(?y((F(y)))))))->((?x((F(x))))->((?x((F(x))))->(?y((F(y)))))))))->(((?x((F(x))))->((?x((F(x))))->(?y((F(y))))))->(((?x((F(x))))->(((?x((F(x))))->((?x((F(x))))->(?y((F(y))))))->((?x((F(x))))->(?y((F(y)))))))->((?x((F(x))))->((?x((F(x))))->(?y((F(y))))))))))
((((?x((F(x))))->((?x((F(x))))->(?y((F(y))))))->(((?x((F(x))))->((?x((F(x))))->((?x((F(x))))->(?y((F(y)))))))->(((?x((F(x))))->(((?x((F(x))))->((?x((F(x))))->(?y((F(y))))))->((?x((F(x))))->(?y((F(y)))))))->((?x((F(x))))->((?x((F(x))))->(?y((F(y)))))))))->(((?x((F(x))))->((?x((F(x))))->(?y((F(y))))))->(((?x((F(x))))->(((?x((F(x))))->((?x((F(x))))->(?y((F(y))))))->((?x((F(x))))->(?y((F(y)))))))->((?x((F(x))))->((?x((F(x))))->(?y((F(y)))))))))
(((?x((F(x))))->((?x((F(x))))->(?y((F(y))))))->(((?x((F(x))))->(((?x((F(x))))->((?x((F(x))))->(?y((F(y))))))->((?x((F(x))))->(?y((F(y)))))))->((?x((F(x))))->((?x((F(x))))->(?y((F(y))))))))
((((?x((F(x))))->((?x((F(x))))->(?y((F(y))))))->((?x((F(x))))->(((?x((F(x))))->((?x((F(x))))->(?y((F(y))))))->((?x((F(x))))->(?y((F(y))))))))->((((?x((F(x))))->((?x((F(x))))->(?y((F(y))))))->(((?x((F(x))))->(((?x((F(x))))->((?x((F(x))))->(?y((F(y))))))->((?x((F(x))))->(?y((F(y)))))))->((?x((F(x))))->((?x((F(x))))->(?y((F(y))))))))->(((?x((F(x))))->((?x((F(x))))->(?y((F(y))))))->((?x((F(x))))->((?x((F(x))))->(?y((F(y)))))))))
((((?x((F(x))))->((?x((F(x))))->(?y((F(y))))))->(((?x((F(x))))->(((?x((F(x))))->((?x((F(x))))->(?y((F(y))))))->((?x((F(x))))->(?y((F(y)))))))->((?x((F(x))))->((?x((F(x))))->(?y((F(y))))))))->(((?x((F(x))))->((?x((F(x))))->(?y((F(y))))))->((?x((F(x))))->((?x((F(x))))->(?y((F(y))))))))
(((?x((F(x))))->((?x((F(x))))->(?y((F(y))))))->((?x((F(x))))->((?x((F(x))))->(?y((F(y)))))))
((?x((F(x))))->((?x((F(x))))->(?y((F(y))))))
((?x((F(x))))->((?x((F(x))))->(?x((F(x))))))
(((?x((F(x))))->((?x((F(x))))->(?x((F(x))))))->(((?x((F(x))))->(((?x((F(x))))->(?x((F(x)))))->(?x((F(x))))))->((?x((F(x))))->(?x((F(x)))))))
(((?x((F(x))))->(((?x((F(x))))->(?x((F(x)))))->(?x((F(x))))))->((?x((F(x))))->(?x((F(x))))))
((?x((F(x))))->(((?x((F(x))))->(?x((F(x)))))->(?x((F(x))))))
((?x((F(x))))->(?x((F(x)))))
(((?x((F(x))))->(?x((F(x)))))->(((?x((F(x))))->((?x((F(x))))->(?y((F(y))))))->((?x((F(x))))->(?y((F(y)))))))
(((?x((F(x))))->((?x((F(x))))->(?y((F(y))))))->((?x((F(x))))->(?y((F(y))))))
((?x((F(x))))->(?y((F(y)))))
