|-((@x((F(x))))->(@y((F(y)))))
((@x((F(x))))->((@x((F(x))))->(@x((F(x))))))
(((@x((F(x))))->((@x((F(x))))->(@x((F(x))))))->(((@x((F(x))))->(((@x((F(x))))->(@x((F(x)))))->(@x((F(x))))))->((@x((F(x))))->(@x((F(x)))))))
(((@x((F(x))))->(((@x((F(x))))->(@x((F(x)))))->(@x((F(x))))))->((@x((F(x))))->(@x((F(x))))))
((@x((F(x))))->(((@x((F(x))))->(@x((F(x)))))->(@x((F(x))))))
((@x((F(x))))->(@x((F(x)))))
((@x((F(x))))->(F(y)))
(((@x((F(x))))->(F(y)))->((@x((F(x))))->((@x((F(x))))->(F(y)))))
((@x((F(x))))->((@x((F(x))))->(F(y))))
(((@x((F(x))))->(@x((F(x)))))->(((@x((F(x))))->((@x((F(x))))->(F(y))))->((@x((F(x))))->(F(y)))))
(((@x((F(x))))->((@x((F(x))))->(F(y))))->((@x((F(x))))->(F(y))))
((@x((F(x))))->(F(y)))
((F(y))->((@x((F(x))))->(F(y))))
(((F(y))->((@x((F(x))))->(F(y))))->((@x((F(x))))->((F(y))->((@x((F(x))))->(F(y))))))
((@x((F(x))))->((F(y))->((@x((F(x))))->(F(y)))))
((@x((F(x))))->(F(y)))
(((@x((F(x))))->(F(y)))->((@x((F(x))))->((@x((F(x))))->(F(y)))))
((@x((F(x))))->((@x((F(x))))->(F(y))))
(((@x((F(x))))&(@x((F(x)))))->(((@x((F(x))))&(@x((F(x)))))->((@x((F(x))))&(@x((F(x)))))))
((((@x((F(x))))&(@x((F(x)))))->(((@x((F(x))))&(@x((F(x)))))->((@x((F(x))))&(@x((F(x)))))))->(((@x((F(x))))->((@x((F(x))))->(F(y))))->(((@x((F(x))))&(@x((F(x)))))->(((@x((F(x))))&(@x((F(x)))))->((@x((F(x))))&(@x((F(x)))))))))
(((@x((F(x))))->((@x((F(x))))->(F(y))))->(((@x((F(x))))&(@x((F(x)))))->(((@x((F(x))))&(@x((F(x)))))->((@x((F(x))))&(@x((F(x))))))))
((((@x((F(x))))&(@x((F(x)))))->(((@x((F(x))))&(@x((F(x)))))->((@x((F(x))))&(@x((F(x)))))))->((((@x((F(x))))&(@x((F(x)))))->((((@x((F(x))))&(@x((F(x)))))->((@x((F(x))))&(@x((F(x))))))->((@x((F(x))))&(@x((F(x)))))))->(((@x((F(x))))&(@x((F(x)))))->((@x((F(x))))&(@x((F(x))))))))
(((((@x((F(x))))&(@x((F(x)))))->(((@x((F(x))))&(@x((F(x)))))->((@x((F(x))))&(@x((F(x)))))))->((((@x((F(x))))&(@x((F(x)))))->((((@x((F(x))))&(@x((F(x)))))->((@x((F(x))))&(@x((F(x))))))->((@x((F(x))))&(@x((F(x)))))))->(((@x((F(x))))&(@x((F(x)))))->((@x((F(x))))&(@x((F(x))))))))->(((@x((F(x))))->((@x((F(x))))->(F(y))))->((((@x((F(x))))&(@x((F(x)))))->(((@x((F(x))))&(@x((F(x)))))->((@x((F(x))))&(@x((F(x)))))))->((((@x((F(x))))&(@x((F(x)))))->((((@x((F(x))))&(@x((F(x)))))->((@x((F(x))))&(@x((F(x))))))->((@x((F(x))))&(@x((F(x)))))))->(((@x((F(x))))&(@x((F(x)))))->((@x((F(x))))&(@x((F(x))))))))))
(((@x((F(x))))->((@x((F(x))))->(F(y))))->((((@x((F(x))))&(@x((F(x)))))->(((@x((F(x))))&(@x((F(x)))))->((@x((F(x))))&(@x((F(x)))))))->((((@x((F(x))))&(@x((F(x)))))->((((@x((F(x))))&(@x((F(x)))))->((@x((F(x))))&(@x((F(x))))))->((@x((F(x))))&(@x((F(x)))))))->(((@x((F(x))))&(@x((F(x)))))->((@x((F(x))))&(@x((F(x)))))))))
((((@x((F(x))))->((@x((F(x))))->(F(y))))->(((@x((F(x))))&(@x((F(x)))))->(((@x((F(x))))&(@x((F(x)))))->((@x((F(x))))&(@x((F(x))))))))->((((@x((F(x))))->((@x((F(x))))->(F(y))))->((((@x((F(x))))&(@x((F(x)))))->(((@x((F(x))))&(@x((F(x)))))->((@x((F(x))))&(@x((F(x)))))))->((((@x((F(x))))&(@x((F(x)))))->((((@x((F(x))))&(@x((F(x)))))->((@x((F(x))))&(@x((F(x))))))->((@x((F(x))))&(@x((F(x)))))))->(((@x((F(x))))&(@x((F(x)))))->((@x((F(x))))&(@x((F(x)))))))))->(((@x((F(x))))->((@x((F(x))))->(F(y))))->((((@x((F(x))))&(@x((F(x)))))->((((@x((F(x))))&(@x((F(x)))))->((@x((F(x))))&(@x((F(x))))))->((@x((F(x))))&(@x((F(x)))))))->(((@x((F(x))))&(@x((F(x)))))->((@x((F(x))))&(@x((F(x))))))))))
((((@x((F(x))))->((@x((F(x))))->(F(y))))->((((@x((F(x))))&(@x((F(x)))))->(((@x((F(x))))&(@x((F(x)))))->((@x((F(x))))&(@x((F(x)))))))->((((@x((F(x))))&(@x((F(x)))))->((((@x((F(x))))&(@x((F(x)))))->((@x((F(x))))&(@x((F(x))))))->((@x((F(x))))&(@x((F(x)))))))->(((@x((F(x))))&(@x((F(x)))))->((@x((F(x))))&(@x((F(x)))))))))->(((@x((F(x))))->((@x((F(x))))->(F(y))))->((((@x((F(x))))&(@x((F(x)))))->((((@x((F(x))))&(@x((F(x)))))->((@x((F(x))))&(@x((F(x))))))->((@x((F(x))))&(@x((F(x)))))))->(((@x((F(x))))&(@x((F(x)))))->((@x((F(x))))&(@x((F(x)))))))))
(((@x((F(x))))->((@x((F(x))))->(F(y))))->((((@x((F(x))))&(@x((F(x)))))->((((@x((F(x))))&(@x((F(x)))))->((@x((F(x))))&(@x((F(x))))))->((@x((F(x))))&(@x((F(x)))))))->(((@x((F(x))))&(@x((F(x)))))->((@x((F(x))))&(@x((F(x))))))))
(((@x((F(x))))&(@x((F(x)))))->((((@x((F(x))))&(@x((F(x)))))->((@x((F(x))))&(@x((F(x))))))->((@x((F(x))))&(@x((F(x)))))))
((((@x((F(x))))&(@x((F(x)))))->((((@x((F(x))))&(@x((F(x)))))->((@x((F(x))))&(@x((F(x))))))->((@x((F(x))))&(@x((F(x)))))))->(((@x((F(x))))->((@x((F(x))))->(F(y))))->(((@x((F(x))))&(@x((F(x)))))->((((@x((F(x))))&(@x((F(x)))))->((@x((F(x))))&(@x((F(x))))))->((@x((F(x))))&(@x((F(x)))))))))
(((@x((F(x))))->((@x((F(x))))->(F(y))))->(((@x((F(x))))&(@x((F(x)))))->((((@x((F(x))))&(@x((F(x)))))->((@x((F(x))))&(@x((F(x))))))->((@x((F(x))))&(@x((F(x))))))))
((((@x((F(x))))->((@x((F(x))))->(F(y))))->(((@x((F(x))))&(@x((F(x)))))->((((@x((F(x))))&(@x((F(x)))))->((@x((F(x))))&(@x((F(x))))))->((@x((F(x))))&(@x((F(x))))))))->((((@x((F(x))))->((@x((F(x))))->(F(y))))->((((@x((F(x))))&(@x((F(x)))))->((((@x((F(x))))&(@x((F(x)))))->((@x((F(x))))&(@x((F(x))))))->((@x((F(x))))&(@x((F(x)))))))->(((@x((F(x))))&(@x((F(x)))))->((@x((F(x))))&(@x((F(x))))))))->(((@x((F(x))))->((@x((F(x))))->(F(y))))->(((@x((F(x))))&(@x((F(x)))))->((@x((F(x))))&(@x((F(x)))))))))
((((@x((F(x))))->((@x((F(x))))->(F(y))))->((((@x((F(x))))&(@x((F(x)))))->((((@x((F(x))))&(@x((F(x)))))->((@x((F(x))))&(@x((F(x))))))->((@x((F(x))))&(@x((F(x)))))))->(((@x((F(x))))&(@x((F(x)))))->((@x((F(x))))&(@x((F(x))))))))->(((@x((F(x))))->((@x((F(x))))->(F(y))))->(((@x((F(x))))&(@x((F(x)))))->((@x((F(x))))&(@x((F(x))))))))
(((@x((F(x))))->((@x((F(x))))->(F(y))))->(((@x((F(x))))&(@x((F(x)))))->((@x((F(x))))&(@x((F(x)))))))
(((@x((F(x))))&(@x((F(x)))))->(@x((F(x)))))
((((@x((F(x))))&(@x((F(x)))))->(@x((F(x)))))->(((@x((F(x))))->((@x((F(x))))->(F(y))))->(((@x((F(x))))&(@x((F(x)))))->(@x((F(x)))))))
(((@x((F(x))))->((@x((F(x))))->(F(y))))->(((@x((F(x))))&(@x((F(x)))))->(@x((F(x))))))
((((@x((F(x))))&(@x((F(x)))))->(@x((F(x)))))->(((@x((F(x))))&(@x((F(x)))))->(((@x((F(x))))&(@x((F(x)))))->(@x((F(x)))))))
(((((@x((F(x))))&(@x((F(x)))))->(@x((F(x)))))->(((@x((F(x))))&(@x((F(x)))))->(((@x((F(x))))&(@x((F(x)))))->(@x((F(x)))))))->(((@x((F(x))))->((@x((F(x))))->(F(y))))->((((@x((F(x))))&(@x((F(x)))))->(@x((F(x)))))->(((@x((F(x))))&(@x((F(x)))))->(((@x((F(x))))&(@x((F(x)))))->(@x((F(x)))))))))
(((@x((F(x))))->((@x((F(x))))->(F(y))))->((((@x((F(x))))&(@x((F(x)))))->(@x((F(x)))))->(((@x((F(x))))&(@x((F(x)))))->(((@x((F(x))))&(@x((F(x)))))->(@x((F(x))))))))
((((@x((F(x))))->((@x((F(x))))->(F(y))))->(((@x((F(x))))&(@x((F(x)))))->(@x((F(x))))))->((((@x((F(x))))->((@x((F(x))))->(F(y))))->((((@x((F(x))))&(@x((F(x)))))->(@x((F(x)))))->(((@x((F(x))))&(@x((F(x)))))->(((@x((F(x))))&(@x((F(x)))))->(@x((F(x))))))))->(((@x((F(x))))->((@x((F(x))))->(F(y))))->(((@x((F(x))))&(@x((F(x)))))->(((@x((F(x))))&(@x((F(x)))))->(@x((F(x)))))))))
((((@x((F(x))))->((@x((F(x))))->(F(y))))->((((@x((F(x))))&(@x((F(x)))))->(@x((F(x)))))->(((@x((F(x))))&(@x((F(x)))))->(((@x((F(x))))&(@x((F(x)))))->(@x((F(x))))))))->(((@x((F(x))))->((@x((F(x))))->(F(y))))->(((@x((F(x))))&(@x((F(x)))))->(((@x((F(x))))&(@x((F(x)))))->(@x((F(x))))))))
(((@x((F(x))))->((@x((F(x))))->(F(y))))->(((@x((F(x))))&(@x((F(x)))))->(((@x((F(x))))&(@x((F(x)))))->(@x((F(x)))))))
((((@x((F(x))))&(@x((F(x)))))->((@x((F(x))))&(@x((F(x))))))->((((@x((F(x))))&(@x((F(x)))))->(((@x((F(x))))&(@x((F(x)))))->(@x((F(x))))))->(((@x((F(x))))&(@x((F(x)))))->(@x((F(x)))))))
(((((@x((F(x))))&(@x((F(x)))))->((@x((F(x))))&(@x((F(x))))))->((((@x((F(x))))&(@x((F(x)))))->(((@x((F(x))))&(@x((F(x)))))->(@x((F(x))))))->(((@x((F(x))))&(@x((F(x)))))->(@x((F(x)))))))->(((@x((F(x))))->((@x((F(x))))->(F(y))))->((((@x((F(x))))&(@x((F(x)))))->((@x((F(x))))&(@x((F(x))))))->((((@x((F(x))))&(@x((F(x)))))->(((@x((F(x))))&(@x((F(x)))))->(@x((F(x))))))->(((@x((F(x))))&(@x((F(x)))))->(@x((F(x)))))))))
(((@x((F(x))))->((@x((F(x))))->(F(y))))->((((@x((F(x))))&(@x((F(x)))))->((@x((F(x))))&(@x((F(x))))))->((((@x((F(x))))&(@x((F(x)))))->(((@x((F(x))))&(@x((F(x)))))->(@x((F(x))))))->(((@x((F(x))))&(@x((F(x)))))->(@x((F(x))))))))
((((@x((F(x))))->((@x((F(x))))->(F(y))))->(((@x((F(x))))&(@x((F(x)))))->((@x((F(x))))&(@x((F(x)))))))->((((@x((F(x))))->((@x((F(x))))->(F(y))))->((((@x((F(x))))&(@x((F(x)))))->((@x((F(x))))&(@x((F(x))))))->((((@x((F(x))))&(@x((F(x)))))->(((@x((F(x))))&(@x((F(x)))))->(@x((F(x))))))->(((@x((F(x))))&(@x((F(x)))))->(@x((F(x))))))))->(((@x((F(x))))->((@x((F(x))))->(F(y))))->((((@x((F(x))))&(@x((F(x)))))->(((@x((F(x))))&(@x((F(x)))))->(@x((F(x))))))->(((@x((F(x))))&(@x((F(x)))))->(@x((F(x)))))))))
((((@x((F(x))))->((@x((F(x))))->(F(y))))->((((@x((F(x))))&(@x((F(x)))))->((@x((F(x))))&(@x((F(x))))))->((((@x((F(x))))&(@x((F(x)))))->(((@x((F(x))))&(@x((F(x)))))->(@x((F(x))))))->(((@x((F(x))))&(@x((F(x)))))->(@x((F(x))))))))->(((@x((F(x))))->((@x((F(x))))->(F(y))))->((((@x((F(x))))&(@x((F(x)))))->(((@x((F(x))))&(@x((F(x)))))->(@x((F(x))))))->(((@x((F(x))))&(@x((F(x)))))->(@x((F(x))))))))
(((@x((F(x))))->((@x((F(x))))->(F(y))))->((((@x((F(x))))&(@x((F(x)))))->(((@x((F(x))))&(@x((F(x)))))->(@x((F(x))))))->(((@x((F(x))))&(@x((F(x)))))->(@x((F(x)))))))
(((@x((F(x))))&(@x((F(x)))))->(@x((F(x)))))
((((@x((F(x))))&(@x((F(x)))))->(@x((F(x)))))->(((@x((F(x))))->((@x((F(x))))->(F(y))))->(((@x((F(x))))&(@x((F(x)))))->(@x((F(x)))))))
(((@x((F(x))))->((@x((F(x))))->(F(y))))->(((@x((F(x))))&(@x((F(x)))))->(@x((F(x))))))
(((@x((F(x))))&(@x((F(x)))))->(@x((F(x)))))
((((@x((F(x))))&(@x((F(x)))))->(@x((F(x)))))->(((@x((F(x))))->((@x((F(x))))->(F(y))))->(((@x((F(x))))&(@x((F(x)))))->(@x((F(x)))))))
(((@x((F(x))))->((@x((F(x))))->(F(y))))->(((@x((F(x))))&(@x((F(x)))))->(@x((F(x))))))
((((@x((F(x))))&(@x((F(x)))))->(@x((F(x)))))->(((@x((F(x))))&(@x((F(x)))))->(((@x((F(x))))&(@x((F(x)))))->(@x((F(x)))))))
(((((@x((F(x))))&(@x((F(x)))))->(@x((F(x)))))->(((@x((F(x))))&(@x((F(x)))))->(((@x((F(x))))&(@x((F(x)))))->(@x((F(x)))))))->(((@x((F(x))))->((@x((F(x))))->(F(y))))->((((@x((F(x))))&(@x((F(x)))))->(@x((F(x)))))->(((@x((F(x))))&(@x((F(x)))))->(((@x((F(x))))&(@x((F(x)))))->(@x((F(x)))))))))
(((@x((F(x))))->((@x((F(x))))->(F(y))))->((((@x((F(x))))&(@x((F(x)))))->(@x((F(x)))))->(((@x((F(x))))&(@x((F(x)))))->(((@x((F(x))))&(@x((F(x)))))->(@x((F(x))))))))
((((@x((F(x))))->((@x((F(x))))->(F(y))))->(((@x((F(x))))&(@x((F(x)))))->(@x((F(x))))))->((((@x((F(x))))->((@x((F(x))))->(F(y))))->((((@x((F(x))))&(@x((F(x)))))->(@x((F(x)))))->(((@x((F(x))))&(@x((F(x)))))->(((@x((F(x))))&(@x((F(x)))))->(@x((F(x))))))))->(((@x((F(x))))->((@x((F(x))))->(F(y))))->(((@x((F(x))))&(@x((F(x)))))->(((@x((F(x))))&(@x((F(x)))))->(@x((F(x)))))))))
((((@x((F(x))))->((@x((F(x))))->(F(y))))->((((@x((F(x))))&(@x((F(x)))))->(@x((F(x)))))->(((@x((F(x))))&(@x((F(x)))))->(((@x((F(x))))&(@x((F(x)))))->(@x((F(x))))))))->(((@x((F(x))))->((@x((F(x))))->(F(y))))->(((@x((F(x))))&(@x((F(x)))))->(((@x((F(x))))&(@x((F(x)))))->(@x((F(x))))))))
(((@x((F(x))))->((@x((F(x))))->(F(y))))->(((@x((F(x))))&(@x((F(x)))))->(((@x((F(x))))&(@x((F(x)))))->(@x((F(x)))))))
((((@x((F(x))))&(@x((F(x)))))->((@x((F(x))))&(@x((F(x))))))->((((@x((F(x))))&(@x((F(x)))))->(((@x((F(x))))&(@x((F(x)))))->(@x((F(x))))))->(((@x((F(x))))&(@x((F(x)))))->(@x((F(x)))))))
(((((@x((F(x))))&(@x((F(x)))))->((@x((F(x))))&(@x((F(x))))))->((((@x((F(x))))&(@x((F(x)))))->(((@x((F(x))))&(@x((F(x)))))->(@x((F(x))))))->(((@x((F(x))))&(@x((F(x)))))->(@x((F(x)))))))->(((@x((F(x))))->((@x((F(x))))->(F(y))))->((((@x((F(x))))&(@x((F(x)))))->((@x((F(x))))&(@x((F(x))))))->((((@x((F(x))))&(@x((F(x)))))->(((@x((F(x))))&(@x((F(x)))))->(@x((F(x))))))->(((@x((F(x))))&(@x((F(x)))))->(@x((F(x)))))))))
(((@x((F(x))))->((@x((F(x))))->(F(y))))->((((@x((F(x))))&(@x((F(x)))))->((@x((F(x))))&(@x((F(x))))))->((((@x((F(x))))&(@x((F(x)))))->(((@x((F(x))))&(@x((F(x)))))->(@x((F(x))))))->(((@x((F(x))))&(@x((F(x)))))->(@x((F(x))))))))
((((@x((F(x))))->((@x((F(x))))->(F(y))))->(((@x((F(x))))&(@x((F(x)))))->((@x((F(x))))&(@x((F(x)))))))->((((@x((F(x))))->((@x((F(x))))->(F(y))))->((((@x((F(x))))&(@x((F(x)))))->((@x((F(x))))&(@x((F(x))))))->((((@x((F(x))))&(@x((F(x)))))->(((@x((F(x))))&(@x((F(x)))))->(@x((F(x))))))->(((@x((F(x))))&(@x((F(x)))))->(@x((F(x))))))))->(((@x((F(x))))->((@x((F(x))))->(F(y))))->((((@x((F(x))))&(@x((F(x)))))->(((@x((F(x))))&(@x((F(x)))))->(@x((F(x))))))->(((@x((F(x))))&(@x((F(x)))))->(@x((F(x)))))))))
((((@x((F(x))))->((@x((F(x))))->(F(y))))->((((@x((F(x))))&(@x((F(x)))))->((@x((F(x))))&(@x((F(x))))))->((((@x((F(x))))&(@x((F(x)))))->(((@x((F(x))))&(@x((F(x)))))->(@x((F(x))))))->(((@x((F(x))))&(@x((F(x)))))->(@x((F(x))))))))->(((@x((F(x))))->((@x((F(x))))->(F(y))))->((((@x((F(x))))&(@x((F(x)))))->(((@x((F(x))))&(@x((F(x)))))->(@x((F(x))))))->(((@x((F(x))))&(@x((F(x)))))->(@x((F(x))))))))
(((@x((F(x))))->((@x((F(x))))->(F(y))))->((((@x((F(x))))&(@x((F(x)))))->(((@x((F(x))))&(@x((F(x)))))->(@x((F(x))))))->(((@x((F(x))))&(@x((F(x)))))->(@x((F(x)))))))
(((@x((F(x))))&(@x((F(x)))))->(@x((F(x)))))
((((@x((F(x))))&(@x((F(x)))))->(@x((F(x)))))->(((@x((F(x))))->((@x((F(x))))->(F(y))))->(((@x((F(x))))&(@x((F(x)))))->(@x((F(x)))))))
(((@x((F(x))))->((@x((F(x))))->(F(y))))->(((@x((F(x))))&(@x((F(x)))))->(@x((F(x))))))
(((@x((F(x))))->((@x((F(x))))->(F(y))))->(((@x((F(x))))->((@x((F(x))))->(F(y))))->((@x((F(x))))->((@x((F(x))))->(F(y))))))
((((@x((F(x))))->((@x((F(x))))->(F(y))))->(((@x((F(x))))->((@x((F(x))))->(F(y))))->((@x((F(x))))->((@x((F(x))))->(F(y))))))->((((@x((F(x))))->((@x((F(x))))->(F(y))))->((((@x((F(x))))->((@x((F(x))))->(F(y))))->((@x((F(x))))->((@x((F(x))))->(F(y)))))->((@x((F(x))))->((@x((F(x))))->(F(y))))))->(((@x((F(x))))->((@x((F(x))))->(F(y))))->((@x((F(x))))->((@x((F(x))))->(F(y)))))))
((((@x((F(x))))->((@x((F(x))))->(F(y))))->((((@x((F(x))))->((@x((F(x))))->(F(y))))->((@x((F(x))))->((@x((F(x))))->(F(y)))))->((@x((F(x))))->((@x((F(x))))->(F(y))))))->(((@x((F(x))))->((@x((F(x))))->(F(y))))->((@x((F(x))))->((@x((F(x))))->(F(y))))))
(((@x((F(x))))->((@x((F(x))))->(F(y))))->((((@x((F(x))))->((@x((F(x))))->(F(y))))->((@x((F(x))))->((@x((F(x))))->(F(y)))))->((@x((F(x))))->((@x((F(x))))->(F(y))))))
(((@x((F(x))))->((@x((F(x))))->(F(y))))->((@x((F(x))))->((@x((F(x))))->(F(y)))))
(((@x((F(x))))->((@x((F(x))))->(F(y))))->(((@x((F(x))))&(@x((F(x)))))->((@x((F(x))))->((@x((F(x))))->(F(y))))))
((((@x((F(x))))->((@x((F(x))))->(F(y))))->(((@x((F(x))))&(@x((F(x)))))->((@x((F(x))))->((@x((F(x))))->(F(y))))))->(((@x((F(x))))->((@x((F(x))))->(F(y))))->(((@x((F(x))))->((@x((F(x))))->(F(y))))->(((@x((F(x))))&(@x((F(x)))))->((@x((F(x))))->((@x((F(x))))->(F(y))))))))
(((@x((F(x))))->((@x((F(x))))->(F(y))))->(((@x((F(x))))->((@x((F(x))))->(F(y))))->(((@x((F(x))))&(@x((F(x)))))->((@x((F(x))))->((@x((F(x))))->(F(y)))))))
((((@x((F(x))))->((@x((F(x))))->(F(y))))->((@x((F(x))))->((@x((F(x))))->(F(y)))))->((((@x((F(x))))->((@x((F(x))))->(F(y))))->(((@x((F(x))))->((@x((F(x))))->(F(y))))->(((@x((F(x))))&(@x((F(x)))))->((@x((F(x))))->((@x((F(x))))->(F(y)))))))->(((@x((F(x))))->((@x((F(x))))->(F(y))))->(((@x((F(x))))&(@x((F(x)))))->((@x((F(x))))->((@x((F(x))))->(F(y))))))))
((((@x((F(x))))->((@x((F(x))))->(F(y))))->(((@x((F(x))))->((@x((F(x))))->(F(y))))->(((@x((F(x))))&(@x((F(x)))))->((@x((F(x))))->((@x((F(x))))->(F(y)))))))->(((@x((F(x))))->((@x((F(x))))->(F(y))))->(((@x((F(x))))&(@x((F(x)))))->((@x((F(x))))->((@x((F(x))))->(F(y)))))))
(((@x((F(x))))->((@x((F(x))))->(F(y))))->(((@x((F(x))))&(@x((F(x)))))->((@x((F(x))))->((@x((F(x))))->(F(y))))))
((((@x((F(x))))&(@x((F(x)))))->(@x((F(x)))))->((((@x((F(x))))&(@x((F(x)))))->((@x((F(x))))->((@x((F(x))))->(F(y)))))->(((@x((F(x))))&(@x((F(x)))))->((@x((F(x))))->(F(y))))))
(((((@x((F(x))))&(@x((F(x)))))->(@x((F(x)))))->((((@x((F(x))))&(@x((F(x)))))->((@x((F(x))))->((@x((F(x))))->(F(y)))))->(((@x((F(x))))&(@x((F(x)))))->((@x((F(x))))->(F(y))))))->(((@x((F(x))))->((@x((F(x))))->(F(y))))->((((@x((F(x))))&(@x((F(x)))))->(@x((F(x)))))->((((@x((F(x))))&(@x((F(x)))))->((@x((F(x))))->((@x((F(x))))->(F(y)))))->(((@x((F(x))))&(@x((F(x)))))->((@x((F(x))))->(F(y))))))))
(((@x((F(x))))->((@x((F(x))))->(F(y))))->((((@x((F(x))))&(@x((F(x)))))->(@x((F(x)))))->((((@x((F(x))))&(@x((F(x)))))->((@x((F(x))))->((@x((F(x))))->(F(y)))))->(((@x((F(x))))&(@x((F(x)))))->((@x((F(x))))->(F(y)))))))
((((@x((F(x))))->((@x((F(x))))->(F(y))))->(((@x((F(x))))&(@x((F(x)))))->(@x((F(x))))))->((((@x((F(x))))->((@x((F(x))))->(F(y))))->((((@x((F(x))))&(@x((F(x)))))->(@x((F(x)))))->((((@x((F(x))))&(@x((F(x)))))->((@x((F(x))))->((@x((F(x))))->(F(y)))))->(((@x((F(x))))&(@x((F(x)))))->((@x((F(x))))->(F(y)))))))->(((@x((F(x))))->((@x((F(x))))->(F(y))))->((((@x((F(x))))&(@x((F(x)))))->((@x((F(x))))->((@x((F(x))))->(F(y)))))->(((@x((F(x))))&(@x((F(x)))))->((@x((F(x))))->(F(y))))))))
((((@x((F(x))))->((@x((F(x))))->(F(y))))->((((@x((F(x))))&(@x((F(x)))))->(@x((F(x)))))->((((@x((F(x))))&(@x((F(x)))))->((@x((F(x))))->((@x((F(x))))->(F(y)))))->(((@x((F(x))))&(@x((F(x)))))->((@x((F(x))))->(F(y)))))))->(((@x((F(x))))->((@x((F(x))))->(F(y))))->((((@x((F(x))))&(@x((F(x)))))->((@x((F(x))))->((@x((F(x))))->(F(y)))))->(((@x((F(x))))&(@x((F(x)))))->((@x((F(x))))->(F(y)))))))
(((@x((F(x))))->((@x((F(x))))->(F(y))))->((((@x((F(x))))&(@x((F(x)))))->((@x((F(x))))->((@x((F(x))))->(F(y)))))->(((@x((F(x))))&(@x((F(x)))))->((@x((F(x))))->(F(y))))))
((((@x((F(x))))->((@x((F(x))))->(F(y))))->(((@x((F(x))))&(@x((F(x)))))->((@x((F(x))))->((@x((F(x))))->(F(y))))))->((((@x((F(x))))->((@x((F(x))))->(F(y))))->((((@x((F(x))))&(@x((F(x)))))->((@x((F(x))))->((@x((F(x))))->(F(y)))))->(((@x((F(x))))&(@x((F(x)))))->((@x((F(x))))->(F(y))))))->(((@x((F(x))))->((@x((F(x))))->(F(y))))->(((@x((F(x))))&(@x((F(x)))))->((@x((F(x))))->(F(y)))))))
((((@x((F(x))))->((@x((F(x))))->(F(y))))->((((@x((F(x))))&(@x((F(x)))))->((@x((F(x))))->((@x((F(x))))->(F(y)))))->(((@x((F(x))))&(@x((F(x)))))->((@x((F(x))))->(F(y))))))->(((@x((F(x))))->((@x((F(x))))->(F(y))))->(((@x((F(x))))&(@x((F(x)))))->((@x((F(x))))->(F(y))))))
(((@x((F(x))))->((@x((F(x))))->(F(y))))->(((@x((F(x))))&(@x((F(x)))))->((@x((F(x))))->(F(y)))))
((((@x((F(x))))&(@x((F(x)))))->(@x((F(x)))))->((((@x((F(x))))&(@x((F(x)))))->((@x((F(x))))->(F(y))))->(((@x((F(x))))&(@x((F(x)))))->(F(y)))))
(((((@x((F(x))))&(@x((F(x)))))->(@x((F(x)))))->((((@x((F(x))))&(@x((F(x)))))->((@x((F(x))))->(F(y))))->(((@x((F(x))))&(@x((F(x)))))->(F(y)))))->(((@x((F(x))))->((@x((F(x))))->(F(y))))->((((@x((F(x))))&(@x((F(x)))))->(@x((F(x)))))->((((@x((F(x))))&(@x((F(x)))))->((@x((F(x))))->(F(y))))->(((@x((F(x))))&(@x((F(x)))))->(F(y)))))))
(((@x((F(x))))->((@x((F(x))))->(F(y))))->((((@x((F(x))))&(@x((F(x)))))->(@x((F(x)))))->((((@x((F(x))))&(@x((F(x)))))->((@x((F(x))))->(F(y))))->(((@x((F(x))))&(@x((F(x)))))->(F(y))))))
((((@x((F(x))))->((@x((F(x))))->(F(y))))->(((@x((F(x))))&(@x((F(x)))))->(@x((F(x))))))->((((@x((F(x))))->((@x((F(x))))->(F(y))))->((((@x((F(x))))&(@x((F(x)))))->(@x((F(x)))))->((((@x((F(x))))&(@x((F(x)))))->((@x((F(x))))->(F(y))))->(((@x((F(x))))&(@x((F(x)))))->(F(y))))))->(((@x((F(x))))->((@x((F(x))))->(F(y))))->((((@x((F(x))))&(@x((F(x)))))->((@x((F(x))))->(F(y))))->(((@x((F(x))))&(@x((F(x)))))->(F(y)))))))
((((@x((F(x))))->((@x((F(x))))->(F(y))))->((((@x((F(x))))&(@x((F(x)))))->(@x((F(x)))))->((((@x((F(x))))&(@x((F(x)))))->((@x((F(x))))->(F(y))))->(((@x((F(x))))&(@x((F(x)))))->(F(y))))))->(((@x((F(x))))->((@x((F(x))))->(F(y))))->((((@x((F(x))))&(@x((F(x)))))->((@x((F(x))))->(F(y))))->(((@x((F(x))))&(@x((F(x)))))->(F(y))))))
(((@x((F(x))))->((@x((F(x))))->(F(y))))->((((@x((F(x))))&(@x((F(x)))))->((@x((F(x))))->(F(y))))->(((@x((F(x))))&(@x((F(x)))))->(F(y)))))
((((@x((F(x))))->((@x((F(x))))->(F(y))))->(((@x((F(x))))&(@x((F(x)))))->((@x((F(x))))->(F(y)))))->((((@x((F(x))))->((@x((F(x))))->(F(y))))->((((@x((F(x))))&(@x((F(x)))))->((@x((F(x))))->(F(y))))->(((@x((F(x))))&(@x((F(x)))))->(F(y)))))->(((@x((F(x))))->((@x((F(x))))->(F(y))))->(((@x((F(x))))&(@x((F(x)))))->(F(y))))))
((((@x((F(x))))->((@x((F(x))))->(F(y))))->((((@x((F(x))))&(@x((F(x)))))->((@x((F(x))))->(F(y))))->(((@x((F(x))))&(@x((F(x)))))->(F(y)))))->(((@x((F(x))))->((@x((F(x))))->(F(y))))->(((@x((F(x))))&(@x((F(x)))))->(F(y)))))
(((@x((F(x))))->((@x((F(x))))->(F(y))))->(((@x((F(x))))&(@x((F(x)))))->(F(y))))
(((@x((F(x))))&(@x((F(x)))))->(F(y)))
(((@x((F(x))))&(@x((F(x)))))->(@y((F(y)))))
((@x((F(x))))->((@x((F(x))))->(@x((F(x))))))
(((@x((F(x))))->((@x((F(x))))->(@x((F(x))))))->((((@x((F(x))))&(@x((F(x)))))->(@y((F(y)))))->((@x((F(x))))->((@x((F(x))))->(@x((F(x))))))))
((((@x((F(x))))&(@x((F(x)))))->(@y((F(y)))))->((@x((F(x))))->((@x((F(x))))->(@x((F(x)))))))
(((@x((F(x))))->((@x((F(x))))->(@x((F(x))))))->(((@x((F(x))))->(((@x((F(x))))->(@x((F(x)))))->(@x((F(x))))))->((@x((F(x))))->(@x((F(x)))))))
((((@x((F(x))))->((@x((F(x))))->(@x((F(x))))))->(((@x((F(x))))->(((@x((F(x))))->(@x((F(x)))))->(@x((F(x))))))->((@x((F(x))))->(@x((F(x)))))))->((((@x((F(x))))&(@x((F(x)))))->(@y((F(y)))))->(((@x((F(x))))->((@x((F(x))))->(@x((F(x))))))->(((@x((F(x))))->(((@x((F(x))))->(@x((F(x)))))->(@x((F(x))))))->((@x((F(x))))->(@x((F(x)))))))))
((((@x((F(x))))&(@x((F(x)))))->(@y((F(y)))))->(((@x((F(x))))->((@x((F(x))))->(@x((F(x))))))->(((@x((F(x))))->(((@x((F(x))))->(@x((F(x)))))->(@x((F(x))))))->((@x((F(x))))->(@x((F(x))))))))
(((((@x((F(x))))&(@x((F(x)))))->(@y((F(y)))))->((@x((F(x))))->((@x((F(x))))->(@x((F(x)))))))->(((((@x((F(x))))&(@x((F(x)))))->(@y((F(y)))))->(((@x((F(x))))->((@x((F(x))))->(@x((F(x))))))->(((@x((F(x))))->(((@x((F(x))))->(@x((F(x)))))->(@x((F(x))))))->((@x((F(x))))->(@x((F(x))))))))->((((@x((F(x))))&(@x((F(x)))))->(@y((F(y)))))->(((@x((F(x))))->(((@x((F(x))))->(@x((F(x)))))->(@x((F(x))))))->((@x((F(x))))->(@x((F(x)))))))))
(((((@x((F(x))))&(@x((F(x)))))->(@y((F(y)))))->(((@x((F(x))))->((@x((F(x))))->(@x((F(x))))))->(((@x((F(x))))->(((@x((F(x))))->(@x((F(x)))))->(@x((F(x))))))->((@x((F(x))))->(@x((F(x))))))))->((((@x((F(x))))&(@x((F(x)))))->(@y((F(y)))))->(((@x((F(x))))->(((@x((F(x))))->(@x((F(x)))))->(@x((F(x))))))->((@x((F(x))))->(@x((F(x))))))))
((((@x((F(x))))&(@x((F(x)))))->(@y((F(y)))))->(((@x((F(x))))->(((@x((F(x))))->(@x((F(x)))))->(@x((F(x))))))->((@x((F(x))))->(@x((F(x)))))))
((@x((F(x))))->(((@x((F(x))))->(@x((F(x)))))->(@x((F(x))))))
(((@x((F(x))))->(((@x((F(x))))->(@x((F(x)))))->(@x((F(x))))))->((((@x((F(x))))&(@x((F(x)))))->(@y((F(y)))))->((@x((F(x))))->(((@x((F(x))))->(@x((F(x)))))->(@x((F(x))))))))
((((@x((F(x))))&(@x((F(x)))))->(@y((F(y)))))->((@x((F(x))))->(((@x((F(x))))->(@x((F(x)))))->(@x((F(x)))))))
(((((@x((F(x))))&(@x((F(x)))))->(@y((F(y)))))->((@x((F(x))))->(((@x((F(x))))->(@x((F(x)))))->(@x((F(x)))))))->(((((@x((F(x))))&(@x((F(x)))))->(@y((F(y)))))->(((@x((F(x))))->(((@x((F(x))))->(@x((F(x)))))->(@x((F(x))))))->((@x((F(x))))->(@x((F(x)))))))->((((@x((F(x))))&(@x((F(x)))))->(@y((F(y)))))->((@x((F(x))))->(@x((F(x))))))))
(((((@x((F(x))))&(@x((F(x)))))->(@y((F(y)))))->(((@x((F(x))))->(((@x((F(x))))->(@x((F(x)))))->(@x((F(x))))))->((@x((F(x))))->(@x((F(x)))))))->((((@x((F(x))))&(@x((F(x)))))->(@y((F(y)))))->((@x((F(x))))->(@x((F(x)))))))
((((@x((F(x))))&(@x((F(x)))))->(@y((F(y)))))->((@x((F(x))))->(@x((F(x))))))
((@x((F(x))))->((@x((F(x))))->(@x((F(x))))))
(((@x((F(x))))->((@x((F(x))))->(@x((F(x))))))->((((@x((F(x))))&(@x((F(x)))))->(@y((F(y)))))->((@x((F(x))))->((@x((F(x))))->(@x((F(x))))))))
((((@x((F(x))))&(@x((F(x)))))->(@y((F(y)))))->((@x((F(x))))->((@x((F(x))))->(@x((F(x)))))))
(((@x((F(x))))->((@x((F(x))))->(@x((F(x))))))->((@x((F(x))))->((@x((F(x))))->((@x((F(x))))->(@x((F(x))))))))
((((@x((F(x))))->((@x((F(x))))->(@x((F(x))))))->((@x((F(x))))->((@x((F(x))))->((@x((F(x))))->(@x((F(x))))))))->((((@x((F(x))))&(@x((F(x)))))->(@y((F(y)))))->(((@x((F(x))))->((@x((F(x))))->(@x((F(x))))))->((@x((F(x))))->((@x((F(x))))->((@x((F(x))))->(@x((F(x))))))))))
((((@x((F(x))))&(@x((F(x)))))->(@y((F(y)))))->(((@x((F(x))))->((@x((F(x))))->(@x((F(x))))))->((@x((F(x))))->((@x((F(x))))->((@x((F(x))))->(@x((F(x)))))))))
(((((@x((F(x))))&(@x((F(x)))))->(@y((F(y)))))->((@x((F(x))))->((@x((F(x))))->(@x((F(x)))))))->(((((@x((F(x))))&(@x((F(x)))))->(@y((F(y)))))->(((@x((F(x))))->((@x((F(x))))->(@x((F(x))))))->((@x((F(x))))->((@x((F(x))))->((@x((F(x))))->(@x((F(x)))))))))->((((@x((F(x))))&(@x((F(x)))))->(@y((F(y)))))->((@x((F(x))))->((@x((F(x))))->((@x((F(x))))->(@x((F(x))))))))))
(((((@x((F(x))))&(@x((F(x)))))->(@y((F(y)))))->(((@x((F(x))))->((@x((F(x))))->(@x((F(x))))))->((@x((F(x))))->((@x((F(x))))->((@x((F(x))))->(@x((F(x)))))))))->((((@x((F(x))))&(@x((F(x)))))->(@y((F(y)))))->((@x((F(x))))->((@x((F(x))))->((@x((F(x))))->(@x((F(x)))))))))
((((@x((F(x))))&(@x((F(x)))))->(@y((F(y)))))->((@x((F(x))))->((@x((F(x))))->((@x((F(x))))->(@x((F(x))))))))
(((@x((F(x))))->(@x((F(x)))))->(((@x((F(x))))->((@x((F(x))))->((@x((F(x))))->(@x((F(x)))))))->((@x((F(x))))->((@x((F(x))))->(@x((F(x))))))))
((((@x((F(x))))->(@x((F(x)))))->(((@x((F(x))))->((@x((F(x))))->((@x((F(x))))->(@x((F(x)))))))->((@x((F(x))))->((@x((F(x))))->(@x((F(x))))))))->((((@x((F(x))))&(@x((F(x)))))->(@y((F(y)))))->(((@x((F(x))))->(@x((F(x)))))->(((@x((F(x))))->((@x((F(x))))->((@x((F(x))))->(@x((F(x)))))))->((@x((F(x))))->((@x((F(x))))->(@x((F(x))))))))))
((((@x((F(x))))&(@x((F(x)))))->(@y((F(y)))))->(((@x((F(x))))->(@x((F(x)))))->(((@x((F(x))))->((@x((F(x))))->((@x((F(x))))->(@x((F(x)))))))->((@x((F(x))))->((@x((F(x))))->(@x((F(x)))))))))
(((((@x((F(x))))&(@x((F(x)))))->(@y((F(y)))))->((@x((F(x))))->(@x((F(x))))))->(((((@x((F(x))))&(@x((F(x)))))->(@y((F(y)))))->(((@x((F(x))))->(@x((F(x)))))->(((@x((F(x))))->((@x((F(x))))->((@x((F(x))))->(@x((F(x)))))))->((@x((F(x))))->((@x((F(x))))->(@x((F(x)))))))))->((((@x((F(x))))&(@x((F(x)))))->(@y((F(y)))))->(((@x((F(x))))->((@x((F(x))))->((@x((F(x))))->(@x((F(x)))))))->((@x((F(x))))->((@x((F(x))))->(@x((F(x))))))))))
(((((@x((F(x))))&(@x((F(x)))))->(@y((F(y)))))->(((@x((F(x))))->(@x((F(x)))))->(((@x((F(x))))->((@x((F(x))))->((@x((F(x))))->(@x((F(x)))))))->((@x((F(x))))->((@x((F(x))))->(@x((F(x)))))))))->((((@x((F(x))))&(@x((F(x)))))->(@y((F(y)))))->(((@x((F(x))))->((@x((F(x))))->((@x((F(x))))->(@x((F(x)))))))->((@x((F(x))))->((@x((F(x))))->(@x((F(x)))))))))
((((@x((F(x))))&(@x((F(x)))))->(@y((F(y)))))->(((@x((F(x))))->((@x((F(x))))->((@x((F(x))))->(@x((F(x)))))))->((@x((F(x))))->((@x((F(x))))->(@x((F(x))))))))
((@x((F(x))))->((@x((F(x))))->(@x((F(x))))))
(((@x((F(x))))->((@x((F(x))))->(@x((F(x))))))->((((@x((F(x))))&(@x((F(x)))))->(@y((F(y)))))->((@x((F(x))))->((@x((F(x))))->(@x((F(x))))))))
((((@x((F(x))))&(@x((F(x)))))->(@y((F(y)))))->((@x((F(x))))->((@x((F(x))))->(@x((F(x)))))))
((@x((F(x))))->((@x((F(x))))->(@x((F(x))))))
(((@x((F(x))))->((@x((F(x))))->(@x((F(x))))))->((((@x((F(x))))&(@x((F(x)))))->(@y((F(y)))))->((@x((F(x))))->((@x((F(x))))->(@x((F(x))))))))
((((@x((F(x))))&(@x((F(x)))))->(@y((F(y)))))->((@x((F(x))))->((@x((F(x))))->(@x((F(x)))))))
(((@x((F(x))))->((@x((F(x))))->(@x((F(x))))))->((@x((F(x))))->((@x((F(x))))->((@x((F(x))))->(@x((F(x))))))))
((((@x((F(x))))->((@x((F(x))))->(@x((F(x))))))->((@x((F(x))))->((@x((F(x))))->((@x((F(x))))->(@x((F(x))))))))->((((@x((F(x))))&(@x((F(x)))))->(@y((F(y)))))->(((@x((F(x))))->((@x((F(x))))->(@x((F(x))))))->((@x((F(x))))->((@x((F(x))))->((@x((F(x))))->(@x((F(x))))))))))
((((@x((F(x))))&(@x((F(x)))))->(@y((F(y)))))->(((@x((F(x))))->((@x((F(x))))->(@x((F(x))))))->((@x((F(x))))->((@x((F(x))))->((@x((F(x))))->(@x((F(x)))))))))
(((((@x((F(x))))&(@x((F(x)))))->(@y((F(y)))))->((@x((F(x))))->((@x((F(x))))->(@x((F(x)))))))->(((((@x((F(x))))&(@x((F(x)))))->(@y((F(y)))))->(((@x((F(x))))->((@x((F(x))))->(@x((F(x))))))->((@x((F(x))))->((@x((F(x))))->((@x((F(x))))->(@x((F(x)))))))))->((((@x((F(x))))&(@x((F(x)))))->(@y((F(y)))))->((@x((F(x))))->((@x((F(x))))->((@x((F(x))))->(@x((F(x))))))))))
(((((@x((F(x))))&(@x((F(x)))))->(@y((F(y)))))->(((@x((F(x))))->((@x((F(x))))->(@x((F(x))))))->((@x((F(x))))->((@x((F(x))))->((@x((F(x))))->(@x((F(x)))))))))->((((@x((F(x))))&(@x((F(x)))))->(@y((F(y)))))->((@x((F(x))))->((@x((F(x))))->((@x((F(x))))->(@x((F(x)))))))))
((((@x((F(x))))&(@x((F(x)))))->(@y((F(y)))))->((@x((F(x))))->((@x((F(x))))->((@x((F(x))))->(@x((F(x))))))))
(((@x((F(x))))->((@x((F(x))))->(@x((F(x))))))->(((@x((F(x))))->(((@x((F(x))))->(@x((F(x)))))->(@x((F(x))))))->((@x((F(x))))->(@x((F(x)))))))
((((@x((F(x))))->((@x((F(x))))->(@x((F(x))))))->(((@x((F(x))))->(((@x((F(x))))->(@x((F(x)))))->(@x((F(x))))))->((@x((F(x))))->(@x((F(x)))))))->((((@x((F(x))))&(@x((F(x)))))->(@y((F(y)))))->(((@x((F(x))))->((@x((F(x))))->(@x((F(x))))))->(((@x((F(x))))->(((@x((F(x))))->(@x((F(x)))))->(@x((F(x))))))->((@x((F(x))))->(@x((F(x)))))))))
((((@x((F(x))))&(@x((F(x)))))->(@y((F(y)))))->(((@x((F(x))))->((@x((F(x))))->(@x((F(x))))))->(((@x((F(x))))->(((@x((F(x))))->(@x((F(x)))))->(@x((F(x))))))->((@x((F(x))))->(@x((F(x))))))))
((((@x((F(x))))->((@x((F(x))))->(@x((F(x))))))->(((@x((F(x))))->(((@x((F(x))))->(@x((F(x)))))->(@x((F(x))))))->((@x((F(x))))->(@x((F(x)))))))->((@x((F(x))))->(((@x((F(x))))->((@x((F(x))))->(@x((F(x))))))->(((@x((F(x))))->(((@x((F(x))))->(@x((F(x)))))->(@x((F(x))))))->((@x((F(x))))->(@x((F(x)))))))))
(((((@x((F(x))))->((@x((F(x))))->(@x((F(x))))))->(((@x((F(x))))->(((@x((F(x))))->(@x((F(x)))))->(@x((F(x))))))->((@x((F(x))))->(@x((F(x)))))))->((@x((F(x))))->(((@x((F(x))))->((@x((F(x))))->(@x((F(x))))))->(((@x((F(x))))->(((@x((F(x))))->(@x((F(x)))))->(@x((F(x))))))->((@x((F(x))))->(@x((F(x)))))))))->((((@x((F(x))))&(@x((F(x)))))->(@y((F(y)))))->((((@x((F(x))))->((@x((F(x))))->(@x((F(x))))))->(((@x((F(x))))->(((@x((F(x))))->(@x((F(x)))))->(@x((F(x))))))->((@x((F(x))))->(@x((F(x)))))))->((@x((F(x))))->(((@x((F(x))))->((@x((F(x))))->(@x((F(x))))))->(((@x((F(x))))->(((@x((F(x))))->(@x((F(x)))))->(@x((F(x))))))->((@x((F(x))))->(@x((F(x)))))))))))
((((@x((F(x))))&(@x((F(x)))))->(@y((F(y)))))->((((@x((F(x))))->((@x((F(x))))->(@x((F(x))))))->(((@x((F(x))))->(((@x((F(x))))->(@x((F(x)))))->(@x((F(x))))))->((@x((F(x))))->(@x((F(x)))))))->((@x((F(x))))->(((@x((F(x))))->((@x((F(x))))->(@x((F(x))))))->(((@x((F(x))))->(((@x((F(x))))->(@x((F(x)))))->(@x((F(x))))))->((@x((F(x))))->(@x((F(x))))))))))
(((((@x((F(x))))&(@x((F(x)))))->(@y((F(y)))))->(((@x((F(x))))->((@x((F(x))))->(@x((F(x))))))->(((@x((F(x))))->(((@x((F(x))))->(@x((F(x)))))->(@x((F(x))))))->((@x((F(x))))->(@x((F(x))))))))->(((((@x((F(x))))&(@x((F(x)))))->(@y((F(y)))))->((((@x((F(x))))->((@x((F(x))))->(@x((F(x))))))->(((@x((F(x))))->(((@x((F(x))))->(@x((F(x)))))->(@x((F(x))))))->((@x((F(x))))->(@x((F(x)))))))->((@x((F(x))))->(((@x((F(x))))->((@x((F(x))))->(@x((F(x))))))->(((@x((F(x))))->(((@x((F(x))))->(@x((F(x)))))->(@x((F(x))))))->((@x((F(x))))->(@x((F(x))))))))))->((((@x((F(x))))&(@x((F(x)))))->(@y((F(y)))))->((@x((F(x))))->(((@x((F(x))))->((@x((F(x))))->(@x((F(x))))))->(((@x((F(x))))->(((@x((F(x))))->(@x((F(x)))))->(@x((F(x))))))->((@x((F(x))))->(@x((F(x)))))))))))
(((((@x((F(x))))&(@x((F(x)))))->(@y((F(y)))))->((((@x((F(x))))->((@x((F(x))))->(@x((F(x))))))->(((@x((F(x))))->(((@x((F(x))))->(@x((F(x)))))->(@x((F(x))))))->((@x((F(x))))->(@x((F(x)))))))->((@x((F(x))))->(((@x((F(x))))->((@x((F(x))))->(@x((F(x))))))->(((@x((F(x))))->(((@x((F(x))))->(@x((F(x)))))->(@x((F(x))))))->((@x((F(x))))->(@x((F(x))))))))))->((((@x((F(x))))&(@x((F(x)))))->(@y((F(y)))))->((@x((F(x))))->(((@x((F(x))))->((@x((F(x))))->(@x((F(x))))))->(((@x((F(x))))->(((@x((F(x))))->(@x((F(x)))))->(@x((F(x))))))->((@x((F(x))))->(@x((F(x))))))))))
((((@x((F(x))))&(@x((F(x)))))->(@y((F(y)))))->((@x((F(x))))->(((@x((F(x))))->((@x((F(x))))->(@x((F(x))))))->(((@x((F(x))))->(((@x((F(x))))->(@x((F(x)))))->(@x((F(x))))))->((@x((F(x))))->(@x((F(x)))))))))
(((@x((F(x))))->((@x((F(x))))->((@x((F(x))))->(@x((F(x)))))))->(((@x((F(x))))->(((@x((F(x))))->((@x((F(x))))->(@x((F(x))))))->(((@x((F(x))))->(((@x((F(x))))->(@x((F(x)))))->(@x((F(x))))))->((@x((F(x))))->(@x((F(x))))))))->((@x((F(x))))->(((@x((F(x))))->(((@x((F(x))))->(@x((F(x)))))->(@x((F(x))))))->((@x((F(x))))->(@x((F(x)))))))))
((((@x((F(x))))->((@x((F(x))))->((@x((F(x))))->(@x((F(x)))))))->(((@x((F(x))))->(((@x((F(x))))->((@x((F(x))))->(@x((F(x))))))->(((@x((F(x))))->(((@x((F(x))))->(@x((F(x)))))->(@x((F(x))))))->((@x((F(x))))->(@x((F(x))))))))->((@x((F(x))))->(((@x((F(x))))->(((@x((F(x))))->(@x((F(x)))))->(@x((F(x))))))->((@x((F(x))))->(@x((F(x)))))))))->((((@x((F(x))))&(@x((F(x)))))->(@y((F(y)))))->(((@x((F(x))))->((@x((F(x))))->((@x((F(x))))->(@x((F(x)))))))->(((@x((F(x))))->(((@x((F(x))))->((@x((F(x))))->(@x((F(x))))))->(((@x((F(x))))->(((@x((F(x))))->(@x((F(x)))))->(@x((F(x))))))->((@x((F(x))))->(@x((F(x))))))))->((@x((F(x))))->(((@x((F(x))))->(((@x((F(x))))->(@x((F(x)))))->(@x((F(x))))))->((@x((F(x))))->(@x((F(x)))))))))))
((((@x((F(x))))&(@x((F(x)))))->(@y((F(y)))))->(((@x((F(x))))->((@x((F(x))))->((@x((F(x))))->(@x((F(x)))))))->(((@x((F(x))))->(((@x((F(x))))->((@x((F(x))))->(@x((F(x))))))->(((@x((F(x))))->(((@x((F(x))))->(@x((F(x)))))->(@x((F(x))))))->((@x((F(x))))->(@x((F(x))))))))->((@x((F(x))))->(((@x((F(x))))->(((@x((F(x))))->(@x((F(x)))))->(@x((F(x))))))->((@x((F(x))))->(@x((F(x))))))))))
(((((@x((F(x))))&(@x((F(x)))))->(@y((F(y)))))->((@x((F(x))))->((@x((F(x))))->((@x((F(x))))->(@x((F(x))))))))->(((((@x((F(x))))&(@x((F(x)))))->(@y((F(y)))))->(((@x((F(x))))->((@x((F(x))))->((@x((F(x))))->(@x((F(x)))))))->(((@x((F(x))))->(((@x((F(x))))->((@x((F(x))))->(@x((F(x))))))->(((@x((F(x))))->(((@x((F(x))))->(@x((F(x)))))->(@x((F(x))))))->((@x((F(x))))->(@x((F(x))))))))->((@x((F(x))))->(((@x((F(x))))->(((@x((F(x))))->(@x((F(x)))))->(@x((F(x))))))->((@x((F(x))))->(@x((F(x))))))))))->((((@x((F(x))))&(@x((F(x)))))->(@y((F(y)))))->(((@x((F(x))))->(((@x((F(x))))->((@x((F(x))))->(@x((F(x))))))->(((@x((F(x))))->(((@x((F(x))))->(@x((F(x)))))->(@x((F(x))))))->((@x((F(x))))->(@x((F(x))))))))->((@x((F(x))))->(((@x((F(x))))->(((@x((F(x))))->(@x((F(x)))))->(@x((F(x))))))->((@x((F(x))))->(@x((F(x)))))))))))
(((((@x((F(x))))&(@x((F(x)))))->(@y((F(y)))))->(((@x((F(x))))->((@x((F(x))))->((@x((F(x))))->(@x((F(x)))))))->(((@x((F(x))))->(((@x((F(x))))->((@x((F(x))))->(@x((F(x))))))->(((@x((F(x))))->(((@x((F(x))))->(@x((F(x)))))->(@x((F(x))))))->((@x((F(x))))->(@x((F(x))))))))->((@x((F(x))))->(((@x((F(x))))->(((@x((F(x))))->(@x((F(x)))))->(@x((F(x))))))->((@x((F(x))))->(@x((F(x))))))))))->((((@x((F(x))))&(@x((F(x)))))->(@y((F(y)))))->(((@x((F(x))))->(((@x((F(x))))->((@x((F(x))))->(@x((F(x))))))->(((@x((F(x))))->(((@x((F(x))))->(@x((F(x)))))->(@x((F(x))))))->((@x((F(x))))->(@x((F(x))))))))->((@x((F(x))))->(((@x((F(x))))->(((@x((F(x))))->(@x((F(x)))))->(@x((F(x))))))->((@x((F(x))))->(@x((F(x))))))))))
((((@x((F(x))))&(@x((F(x)))))->(@y((F(y)))))->(((@x((F(x))))->(((@x((F(x))))->((@x((F(x))))->(@x((F(x))))))->(((@x((F(x))))->(((@x((F(x))))->(@x((F(x)))))->(@x((F(x))))))->((@x((F(x))))->(@x((F(x))))))))->((@x((F(x))))->(((@x((F(x))))->(((@x((F(x))))->(@x((F(x)))))->(@x((F(x))))))->((@x((F(x))))->(@x((F(x)))))))))
(((((@x((F(x))))&(@x((F(x)))))->(@y((F(y)))))->((@x((F(x))))->(((@x((F(x))))->((@x((F(x))))->(@x((F(x))))))->(((@x((F(x))))->(((@x((F(x))))->(@x((F(x)))))->(@x((F(x))))))->((@x((F(x))))->(@x((F(x)))))))))->(((((@x((F(x))))&(@x((F(x)))))->(@y((F(y)))))->(((@x((F(x))))->(((@x((F(x))))->((@x((F(x))))->(@x((F(x))))))->(((@x((F(x))))->(((@x((F(x))))->(@x((F(x)))))->(@x((F(x))))))->((@x((F(x))))->(@x((F(x))))))))->((@x((F(x))))->(((@x((F(x))))->(((@x((F(x))))->(@x((F(x)))))->(@x((F(x))))))->((@x((F(x))))->(@x((F(x)))))))))->((((@x((F(x))))&(@x((F(x)))))->(@y((F(y)))))->((@x((F(x))))->(((@x((F(x))))->(((@x((F(x))))->(@x((F(x)))))->(@x((F(x))))))->((@x((F(x))))->(@x((F(x))))))))))
(((((@x((F(x))))&(@x((F(x)))))->(@y((F(y)))))->(((@x((F(x))))->(((@x((F(x))))->((@x((F(x))))->(@x((F(x))))))->(((@x((F(x))))->(((@x((F(x))))->(@x((F(x)))))->(@x((F(x))))))->((@x((F(x))))->(@x((F(x))))))))->((@x((F(x))))->(((@x((F(x))))->(((@x((F(x))))->(@x((F(x)))))->(@x((F(x))))))->((@x((F(x))))->(@x((F(x)))))))))->((((@x((F(x))))&(@x((F(x)))))->(@y((F(y)))))->((@x((F(x))))->(((@x((F(x))))->(((@x((F(x))))->(@x((F(x)))))->(@x((F(x))))))->((@x((F(x))))->(@x((F(x)))))))))
((((@x((F(x))))&(@x((F(x)))))->(@y((F(y)))))->((@x((F(x))))->(((@x((F(x))))->(((@x((F(x))))->(@x((F(x)))))->(@x((F(x))))))->((@x((F(x))))->(@x((F(x))))))))
((@x((F(x))))->(((@x((F(x))))->(@x((F(x)))))->(@x((F(x))))))
(((@x((F(x))))->(((@x((F(x))))->(@x((F(x)))))->(@x((F(x))))))->((((@x((F(x))))&(@x((F(x)))))->(@y((F(y)))))->((@x((F(x))))->(((@x((F(x))))->(@x((F(x)))))->(@x((F(x))))))))
((((@x((F(x))))&(@x((F(x)))))->(@y((F(y)))))->((@x((F(x))))->(((@x((F(x))))->(@x((F(x)))))->(@x((F(x)))))))
(((@x((F(x))))->(((@x((F(x))))->(@x((F(x)))))->(@x((F(x))))))->((@x((F(x))))->((@x((F(x))))->(((@x((F(x))))->(@x((F(x)))))->(@x((F(x))))))))
((((@x((F(x))))->(((@x((F(x))))->(@x((F(x)))))->(@x((F(x))))))->((@x((F(x))))->((@x((F(x))))->(((@x((F(x))))->(@x((F(x)))))->(@x((F(x))))))))->((((@x((F(x))))&(@x((F(x)))))->(@y((F(y)))))->(((@x((F(x))))->(((@x((F(x))))->(@x((F(x)))))->(@x((F(x))))))->((@x((F(x))))->((@x((F(x))))->(((@x((F(x))))->(@x((F(x)))))->(@x((F(x))))))))))
((((@x((F(x))))&(@x((F(x)))))->(@y((F(y)))))->(((@x((F(x))))->(((@x((F(x))))->(@x((F(x)))))->(@x((F(x))))))->((@x((F(x))))->((@x((F(x))))->(((@x((F(x))))->(@x((F(x)))))->(@x((F(x)))))))))
(((((@x((F(x))))&(@x((F(x)))))->(@y((F(y)))))->((@x((F(x))))->(((@x((F(x))))->(@x((F(x)))))->(@x((F(x)))))))->(((((@x((F(x))))&(@x((F(x)))))->(@y((F(y)))))->(((@x((F(x))))->(((@x((F(x))))->(@x((F(x)))))->(@x((F(x))))))->((@x((F(x))))->((@x((F(x))))->(((@x((F(x))))->(@x((F(x)))))->(@x((F(x)))))))))->((((@x((F(x))))&(@x((F(x)))))->(@y((F(y)))))->((@x((F(x))))->((@x((F(x))))->(((@x((F(x))))->(@x((F(x)))))->(@x((F(x))))))))))
(((((@x((F(x))))&(@x((F(x)))))->(@y((F(y)))))->(((@x((F(x))))->(((@x((F(x))))->(@x((F(x)))))->(@x((F(x))))))->((@x((F(x))))->((@x((F(x))))->(((@x((F(x))))->(@x((F(x)))))->(@x((F(x)))))))))->((((@x((F(x))))&(@x((F(x)))))->(@y((F(y)))))->((@x((F(x))))->((@x((F(x))))->(((@x((F(x))))->(@x((F(x)))))->(@x((F(x)))))))))
((((@x((F(x))))&(@x((F(x)))))->(@y((F(y)))))->((@x((F(x))))->((@x((F(x))))->(((@x((F(x))))->(@x((F(x)))))->(@x((F(x))))))))
(((@x((F(x))))->((@x((F(x))))->(((@x((F(x))))->(@x((F(x)))))->(@x((F(x)))))))->(((@x((F(x))))->(((@x((F(x))))->(((@x((F(x))))->(@x((F(x)))))->(@x((F(x))))))->((@x((F(x))))->(@x((F(x)))))))->((@x((F(x))))->((@x((F(x))))->(@x((F(x))))))))
((((@x((F(x))))->((@x((F(x))))->(((@x((F(x))))->(@x((F(x)))))->(@x((F(x)))))))->(((@x((F(x))))->(((@x((F(x))))->(((@x((F(x))))->(@x((F(x)))))->(@x((F(x))))))->((@x((F(x))))->(@x((F(x)))))))->((@x((F(x))))->((@x((F(x))))->(@x((F(x))))))))->((((@x((F(x))))&(@x((F(x)))))->(@y((F(y)))))->(((@x((F(x))))->((@x((F(x))))->(((@x((F(x))))->(@x((F(x)))))->(@x((F(x)))))))->(((@x((F(x))))->(((@x((F(x))))->(((@x((F(x))))->(@x((F(x)))))->(@x((F(x))))))->((@x((F(x))))->(@x((F(x)))))))->((@x((F(x))))->((@x((F(x))))->(@x((F(x))))))))))
((((@x((F(x))))&(@x((F(x)))))->(@y((F(y)))))->(((@x((F(x))))->((@x((F(x))))->(((@x((F(x))))->(@x((F(x)))))->(@x((F(x)))))))->(((@x((F(x))))->(((@x((F(x))))->(((@x((F(x))))->(@x((F(x)))))->(@x((F(x))))))->((@x((F(x))))->(@x((F(x)))))))->((@x((F(x))))->((@x((F(x))))->(@x((F(x)))))))))
(((((@x((F(x))))&(@x((F(x)))))->(@y((F(y)))))->((@x((F(x))))->((@x((F(x))))->(((@x((F(x))))->(@x((F(x)))))->(@x((F(x))))))))->(((((@x((F(x))))&(@x((F(x)))))->(@y((F(y)))))->(((@x((F(x))))->((@x((F(x))))->(((@x((F(x))))->(@x((F(x)))))->(@x((F(x)))))))->(((@x((F(x))))->(((@x((F(x))))->(((@x((F(x))))->(@x((F(x)))))->(@x((F(x))))))->((@x((F(x))))->(@x((F(x)))))))->((@x((F(x))))->((@x((F(x))))->(@x((F(x)))))))))->((((@x((F(x))))&(@x((F(x)))))->(@y((F(y)))))->(((@x((F(x))))->(((@x((F(x))))->(((@x((F(x))))->(@x((F(x)))))->(@x((F(x))))))->((@x((F(x))))->(@x((F(x)))))))->((@x((F(x))))->((@x((F(x))))->(@x((F(x))))))))))
(((((@x((F(x))))&(@x((F(x)))))->(@y((F(y)))))->(((@x((F(x))))->((@x((F(x))))->(((@x((F(x))))->(@x((F(x)))))->(@x((F(x)))))))->(((@x((F(x))))->(((@x((F(x))))->(((@x((F(x))))->(@x((F(x)))))->(@x((F(x))))))->((@x((F(x))))->(@x((F(x)))))))->((@x((F(x))))->((@x((F(x))))->(@x((F(x)))))))))->((((@x((F(x))))&(@x((F(x)))))->(@y((F(y)))))->(((@x((F(x))))->(((@x((F(x))))->(((@x((F(x))))->(@x((F(x)))))->(@x((F(x))))))->((@x((F(x))))->(@x((F(x)))))))->((@x((F(x))))->((@x((F(x))))->(@x((F(x)))))))))
((((@x((F(x))))&(@x((F(x)))))->(@y((F(y)))))->(((@x((F(x))))->(((@x((F(x))))->(((@x((F(x))))->(@x((F(x)))))->(@x((F(x))))))->((@x((F(x))))->(@x((F(x)))))))->((@x((F(x))))->((@x((F(x))))->(@x((F(x))))))))
(((((@x((F(x))))&(@x((F(x)))))->(@y((F(y)))))->((@x((F(x))))->(((@x((F(x))))->(((@x((F(x))))->(@x((F(x)))))->(@x((F(x))))))->((@x((F(x))))->(@x((F(x))))))))->(((((@x((F(x))))&(@x((F(x)))))->(@y((F(y)))))->(((@x((F(x))))->(((@x((F(x))))->(((@x((F(x))))->(@x((F(x)))))->(@x((F(x))))))->((@x((F(x))))->(@x((F(x)))))))->((@x((F(x))))->((@x((F(x))))->(@x((F(x))))))))->((((@x((F(x))))&(@x((F(x)))))->(@y((F(y)))))->((@x((F(x))))->((@x((F(x))))->(@x((F(x)))))))))
(((((@x((F(x))))&(@x((F(x)))))->(@y((F(y)))))->(((@x((F(x))))->(((@x((F(x))))->(((@x((F(x))))->(@x((F(x)))))->(@x((F(x))))))->((@x((F(x))))->(@x((F(x)))))))->((@x((F(x))))->((@x((F(x))))->(@x((F(x))))))))->((((@x((F(x))))&(@x((F(x)))))->(@y((F(y)))))->((@x((F(x))))->((@x((F(x))))->(@x((F(x))))))))
((((@x((F(x))))&(@x((F(x)))))->(@y((F(y)))))->((@x((F(x))))->((@x((F(x))))->(@x((F(x)))))))
((@x((F(x))))->((@x((F(x))))->((@x((F(x))))&(@x((F(x)))))))
(((@x((F(x))))->((@x((F(x))))->((@x((F(x))))&(@x((F(x)))))))->((((@x((F(x))))&(@x((F(x)))))->(@y((F(y)))))->((@x((F(x))))->((@x((F(x))))->((@x((F(x))))&(@x((F(x)))))))))
((((@x((F(x))))&(@x((F(x)))))->(@y((F(y)))))->((@x((F(x))))->((@x((F(x))))->((@x((F(x))))&(@x((F(x))))))))
(((@x((F(x))))->((@x((F(x))))->((@x((F(x))))&(@x((F(x)))))))->((@x((F(x))))->((@x((F(x))))->((@x((F(x))))->((@x((F(x))))&(@x((F(x)))))))))
((((@x((F(x))))->((@x((F(x))))->((@x((F(x))))&(@x((F(x)))))))->((@x((F(x))))->((@x((F(x))))->((@x((F(x))))->((@x((F(x))))&(@x((F(x)))))))))->((((@x((F(x))))&(@x((F(x)))))->(@y((F(y)))))->(((@x((F(x))))->((@x((F(x))))->((@x((F(x))))&(@x((F(x)))))))->((@x((F(x))))->((@x((F(x))))->((@x((F(x))))->((@x((F(x))))&(@x((F(x)))))))))))
((((@x((F(x))))&(@x((F(x)))))->(@y((F(y)))))->(((@x((F(x))))->((@x((F(x))))->((@x((F(x))))&(@x((F(x)))))))->((@x((F(x))))->((@x((F(x))))->((@x((F(x))))->((@x((F(x))))&(@x((F(x))))))))))
(((((@x((F(x))))&(@x((F(x)))))->(@y((F(y)))))->((@x((F(x))))->((@x((F(x))))->((@x((F(x))))&(@x((F(x))))))))->(((((@x((F(x))))&(@x((F(x)))))->(@y((F(y)))))->(((@x((F(x))))->((@x((F(x))))->((@x((F(x))))&(@x((F(x)))))))->((@x((F(x))))->((@x((F(x))))->((@x((F(x))))->((@x((F(x))))&(@x((F(x))))))))))->((((@x((F(x))))&(@x((F(x)))))->(@y((F(y)))))->((@x((F(x))))->((@x((F(x))))->((@x((F(x))))->((@x((F(x))))&(@x((F(x)))))))))))
(((((@x((F(x))))&(@x((F(x)))))->(@y((F(y)))))->(((@x((F(x))))->((@x((F(x))))->((@x((F(x))))&(@x((F(x)))))))->((@x((F(x))))->((@x((F(x))))->((@x((F(x))))->((@x((F(x))))&(@x((F(x))))))))))->((((@x((F(x))))&(@x((F(x)))))->(@y((F(y)))))->((@x((F(x))))->((@x((F(x))))->((@x((F(x))))->((@x((F(x))))&(@x((F(x))))))))))
((((@x((F(x))))&(@x((F(x)))))->(@y((F(y)))))->((@x((F(x))))->((@x((F(x))))->((@x((F(x))))->((@x((F(x))))&(@x((F(x)))))))))
(((@x((F(x))))->((@x((F(x))))->((@x((F(x))))&(@x((F(x)))))))->((@x((F(x))))->((@x((F(x))))->((@x((F(x))))->((@x((F(x))))&(@x((F(x)))))))))
((((@x((F(x))))->((@x((F(x))))->((@x((F(x))))&(@x((F(x)))))))->((@x((F(x))))->((@x((F(x))))->((@x((F(x))))->((@x((F(x))))&(@x((F(x)))))))))->((((@x((F(x))))&(@x((F(x)))))->(@y((F(y)))))->(((@x((F(x))))->((@x((F(x))))->((@x((F(x))))&(@x((F(x)))))))->((@x((F(x))))->((@x((F(x))))->((@x((F(x))))->((@x((F(x))))&(@x((F(x)))))))))))
((((@x((F(x))))&(@x((F(x)))))->(@y((F(y)))))->(((@x((F(x))))->((@x((F(x))))->((@x((F(x))))&(@x((F(x)))))))->((@x((F(x))))->((@x((F(x))))->((@x((F(x))))->((@x((F(x))))&(@x((F(x))))))))))
((((@x((F(x))))->((@x((F(x))))->((@x((F(x))))&(@x((F(x)))))))->((@x((F(x))))->((@x((F(x))))->((@x((F(x))))->((@x((F(x))))&(@x((F(x)))))))))->((@x((F(x))))->(((@x((F(x))))->((@x((F(x))))->((@x((F(x))))&(@x((F(x)))))))->((@x((F(x))))->((@x((F(x))))->((@x((F(x))))->((@x((F(x))))&(@x((F(x)))))))))))
(((((@x((F(x))))->((@x((F(x))))->((@x((F(x))))&(@x((F(x)))))))->((@x((F(x))))->((@x((F(x))))->((@x((F(x))))->((@x((F(x))))&(@x((F(x)))))))))->((@x((F(x))))->(((@x((F(x))))->((@x((F(x))))->((@x((F(x))))&(@x((F(x)))))))->((@x((F(x))))->((@x((F(x))))->((@x((F(x))))->((@x((F(x))))&(@x((F(x)))))))))))->((((@x((F(x))))&(@x((F(x)))))->(@y((F(y)))))->((((@x((F(x))))->((@x((F(x))))->((@x((F(x))))&(@x((F(x)))))))->((@x((F(x))))->((@x((F(x))))->((@x((F(x))))->((@x((F(x))))&(@x((F(x)))))))))->((@x((F(x))))->(((@x((F(x))))->((@x((F(x))))->((@x((F(x))))&(@x((F(x)))))))->((@x((F(x))))->((@x((F(x))))->((@x((F(x))))->((@x((F(x))))&(@x((F(x)))))))))))))
((((@x((F(x))))&(@x((F(x)))))->(@y((F(y)))))->((((@x((F(x))))->((@x((F(x))))->((@x((F(x))))&(@x((F(x)))))))->((@x((F(x))))->((@x((F(x))))->((@x((F(x))))->((@x((F(x))))&(@x((F(x)))))))))->((@x((F(x))))->(((@x((F(x))))->((@x((F(x))))->((@x((F(x))))&(@x((F(x)))))))->((@x((F(x))))->((@x((F(x))))->((@x((F(x))))->((@x((F(x))))&(@x((F(x))))))))))))
(((((@x((F(x))))&(@x((F(x)))))->(@y((F(y)))))->(((@x((F(x))))->((@x((F(x))))->((@x((F(x))))&(@x((F(x)))))))->((@x((F(x))))->((@x((F(x))))->((@x((F(x))))->((@x((F(x))))&(@x((F(x))))))))))->(((((@x((F(x))))&(@x((F(x)))))->(@y((F(y)))))->((((@x((F(x))))->((@x((F(x))))->((@x((F(x))))&(@x((F(x)))))))->((@x((F(x))))->((@x((F(x))))->((@x((F(x))))->((@x((F(x))))&(@x((F(x)))))))))->((@x((F(x))))->(((@x((F(x))))->((@x((F(x))))->((@x((F(x))))&(@x((F(x)))))))->((@x((F(x))))->((@x((F(x))))->((@x((F(x))))->((@x((F(x))))&(@x((F(x))))))))))))->((((@x((F(x))))&(@x((F(x)))))->(@y((F(y)))))->((@x((F(x))))->(((@x((F(x))))->((@x((F(x))))->((@x((F(x))))&(@x((F(x)))))))->((@x((F(x))))->((@x((F(x))))->((@x((F(x))))->((@x((F(x))))&(@x((F(x)))))))))))))
(((((@x((F(x))))&(@x((F(x)))))->(@y((F(y)))))->((((@x((F(x))))->((@x((F(x))))->((@x((F(x))))&(@x((F(x)))))))->((@x((F(x))))->((@x((F(x))))->((@x((F(x))))->((@x((F(x))))&(@x((F(x)))))))))->((@x((F(x))))->(((@x((F(x))))->((@x((F(x))))->((@x((F(x))))&(@x((F(x)))))))->((@x((F(x))))->((@x((F(x))))->((@x((F(x))))->((@x((F(x))))&(@x((F(x))))))))))))->((((@x((F(x))))&(@x((F(x)))))->(@y((F(y)))))->((@x((F(x))))->(((@x((F(x))))->((@x((F(x))))->((@x((F(x))))&(@x((F(x)))))))->((@x((F(x))))->((@x((F(x))))->((@x((F(x))))->((@x((F(x))))&(@x((F(x))))))))))))
((((@x((F(x))))&(@x((F(x)))))->(@y((F(y)))))->((@x((F(x))))->(((@x((F(x))))->((@x((F(x))))->((@x((F(x))))&(@x((F(x)))))))->((@x((F(x))))->((@x((F(x))))->((@x((F(x))))->((@x((F(x))))&(@x((F(x)))))))))))
(((@x((F(x))))->((@x((F(x))))->((@x((F(x))))->((@x((F(x))))&(@x((F(x))))))))->(((@x((F(x))))->(((@x((F(x))))->((@x((F(x))))->((@x((F(x))))&(@x((F(x)))))))->((@x((F(x))))->((@x((F(x))))->((@x((F(x))))->((@x((F(x))))&(@x((F(x))))))))))->((@x((F(x))))->((@x((F(x))))->((@x((F(x))))->((@x((F(x))))->((@x((F(x))))&(@x((F(x)))))))))))
((((@x((F(x))))->((@x((F(x))))->((@x((F(x))))->((@x((F(x))))&(@x((F(x))))))))->(((@x((F(x))))->(((@x((F(x))))->((@x((F(x))))->((@x((F(x))))&(@x((F(x)))))))->((@x((F(x))))->((@x((F(x))))->((@x((F(x))))->((@x((F(x))))&(@x((F(x))))))))))->((@x((F(x))))->((@x((F(x))))->((@x((F(x))))->((@x((F(x))))->((@x((F(x))))&(@x((F(x)))))))))))->((((@x((F(x))))&(@x((F(x)))))->(@y((F(y)))))->(((@x((F(x))))->((@x((F(x))))->((@x((F(x))))->((@x((F(x))))&(@x((F(x))))))))->(((@x((F(x))))->(((@x((F(x))))->((@x((F(x))))->((@x((F(x))))&(@x((F(x)))))))->((@x((F(x))))->((@x((F(x))))->((@x((F(x))))->((@x((F(x))))&(@x((F(x))))))))))->((@x((F(x))))->((@x((F(x))))->((@x((F(x))))->((@x((F(x))))->((@x((F(x))))&(@x((F(x)))))))))))))
((((@x((F(x))))&(@x((F(x)))))->(@y((F(y)))))->(((@x((F(x))))->((@x((F(x))))->((@x((F(x))))->((@x((F(x))))&(@x((F(x))))))))->(((@x((F(x))))->(((@x((F(x))))->((@x((F(x))))->((@x((F(x))))&(@x((F(x)))))))->((@x((F(x))))->((@x((F(x))))->((@x((F(x))))->((@x((F(x))))&(@x((F(x))))))))))->((@x((F(x))))->((@x((F(x))))->((@x((F(x))))->((@x((F(x))))->((@x((F(x))))&(@x((F(x))))))))))))
(((((@x((F(x))))&(@x((F(x)))))->(@y((F(y)))))->((@x((F(x))))->((@x((F(x))))->((@x((F(x))))->((@x((F(x))))&(@x((F(x)))))))))->(((((@x((F(x))))&(@x((F(x)))))->(@y((F(y)))))->(((@x((F(x))))->((@x((F(x))))->((@x((F(x))))->((@x((F(x))))&(@x((F(x))))))))->(((@x((F(x))))->(((@x((F(x))))->((@x((F(x))))->((@x((F(x))))&(@x((F(x)))))))->((@x((F(x))))->((@x((F(x))))->((@x((F(x))))->((@x((F(x))))&(@x((F(x))))))))))->((@x((F(x))))->((@x((F(x))))->((@x((F(x))))->((@x((F(x))))->((@x((F(x))))&(@x((F(x))))))))))))->((((@x((F(x))))&(@x((F(x)))))->(@y((F(y)))))->(((@x((F(x))))->(((@x((F(x))))->((@x((F(x))))->((@x((F(x))))&(@x((F(x)))))))->((@x((F(x))))->((@x((F(x))))->((@x((F(x))))->((@x((F(x))))&(@x((F(x))))))))))->((@x((F(x))))->((@x((F(x))))->((@x((F(x))))->((@x((F(x))))->((@x((F(x))))&(@x((F(x)))))))))))))
(((((@x((F(x))))&(@x((F(x)))))->(@y((F(y)))))->(((@x((F(x))))->((@x((F(x))))->((@x((F(x))))->((@x((F(x))))&(@x((F(x))))))))->(((@x((F(x))))->(((@x((F(x))))->((@x((F(x))))->((@x((F(x))))&(@x((F(x)))))))->((@x((F(x))))->((@x((F(x))))->((@x((F(x))))->((@x((F(x))))&(@x((F(x))))))))))->((@x((F(x))))->((@x((F(x))))->((@x((F(x))))->((@x((F(x))))->((@x((F(x))))&(@x((F(x))))))))))))->((((@x((F(x))))&(@x((F(x)))))->(@y((F(y)))))->(((@x((F(x))))->(((@x((F(x))))->((@x((F(x))))->((@x((F(x))))&(@x((F(x)))))))->((@x((F(x))))->((@x((F(x))))->((@x((F(x))))->((@x((F(x))))&(@x((F(x))))))))))->((@x((F(x))))->((@x((F(x))))->((@x((F(x))))->((@x((F(x))))->((@x((F(x))))&(@x((F(x))))))))))))
((((@x((F(x))))&(@x((F(x)))))->(@y((F(y)))))->(((@x((F(x))))->(((@x((F(x))))->((@x((F(x))))->((@x((F(x))))&(@x((F(x)))))))->((@x((F(x))))->((@x((F(x))))->((@x((F(x))))->((@x((F(x))))&(@x((F(x))))))))))->((@x((F(x))))->((@x((F(x))))->((@x((F(x))))->((@x((F(x))))->((@x((F(x))))&(@x((F(x)))))))))))
(((((@x((F(x))))&(@x((F(x)))))->(@y((F(y)))))->((@x((F(x))))->(((@x((F(x))))->((@x((F(x))))->((@x((F(x))))&(@x((F(x)))))))->((@x((F(x))))->((@x((F(x))))->((@x((F(x))))->((@x((F(x))))&(@x((F(x)))))))))))->(((((@x((F(x))))&(@x((F(x)))))->(@y((F(y)))))->(((@x((F(x))))->(((@x((F(x))))->((@x((F(x))))->((@x((F(x))))&(@x((F(x)))))))->((@x((F(x))))->((@x((F(x))))->((@x((F(x))))->((@x((F(x))))&(@x((F(x))))))))))->((@x((F(x))))->((@x((F(x))))->((@x((F(x))))->((@x((F(x))))->((@x((F(x))))&(@x((F(x)))))))))))->((((@x((F(x))))&(@x((F(x)))))->(@y((F(y)))))->((@x((F(x))))->((@x((F(x))))->((@x((F(x))))->((@x((F(x))))->((@x((F(x))))&(@x((F(x))))))))))))
(((((@x((F(x))))&(@x((F(x)))))->(@y((F(y)))))->(((@x((F(x))))->(((@x((F(x))))->((@x((F(x))))->((@x((F(x))))&(@x((F(x)))))))->((@x((F(x))))->((@x((F(x))))->((@x((F(x))))->((@x((F(x))))&(@x((F(x))))))))))->((@x((F(x))))->((@x((F(x))))->((@x((F(x))))->((@x((F(x))))->((@x((F(x))))&(@x((F(x)))))))))))->((((@x((F(x))))&(@x((F(x)))))->(@y((F(y)))))->((@x((F(x))))->((@x((F(x))))->((@x((F(x))))->((@x((F(x))))->((@x((F(x))))&(@x((F(x)))))))))))
((((@x((F(x))))&(@x((F(x)))))->(@y((F(y)))))->((@x((F(x))))->((@x((F(x))))->((@x((F(x))))->((@x((F(x))))->((@x((F(x))))&(@x((F(x))))))))))
(((@x((F(x))))->(@x((F(x)))))->(((@x((F(x))))->((@x((F(x))))->((@x((F(x))))->((@x((F(x))))&(@x((F(x))))))))->((@x((F(x))))->((@x((F(x))))->((@x((F(x))))&(@x((F(x)))))))))
((((@x((F(x))))->(@x((F(x)))))->(((@x((F(x))))->((@x((F(x))))->((@x((F(x))))->((@x((F(x))))&(@x((F(x))))))))->((@x((F(x))))->((@x((F(x))))->((@x((F(x))))&(@x((F(x)))))))))->((((@x((F(x))))&(@x((F(x)))))->(@y((F(y)))))->(((@x((F(x))))->(@x((F(x)))))->(((@x((F(x))))->((@x((F(x))))->((@x((F(x))))->((@x((F(x))))&(@x((F(x))))))))->((@x((F(x))))->((@x((F(x))))->((@x((F(x))))&(@x((F(x)))))))))))
((((@x((F(x))))&(@x((F(x)))))->(@y((F(y)))))->(((@x((F(x))))->(@x((F(x)))))->(((@x((F(x))))->((@x((F(x))))->((@x((F(x))))->((@x((F(x))))&(@x((F(x))))))))->((@x((F(x))))->((@x((F(x))))->((@x((F(x))))&(@x((F(x))))))))))
((((@x((F(x))))->(@x((F(x)))))->(((@x((F(x))))->((@x((F(x))))->((@x((F(x))))->((@x((F(x))))&(@x((F(x))))))))->((@x((F(x))))->((@x((F(x))))->((@x((F(x))))&(@x((F(x)))))))))->((@x((F(x))))->(((@x((F(x))))->(@x((F(x)))))->(((@x((F(x))))->((@x((F(x))))->((@x((F(x))))->((@x((F(x))))&(@x((F(x))))))))->((@x((F(x))))->((@x((F(x))))->((@x((F(x))))&(@x((F(x)))))))))))
(((((@x((F(x))))->(@x((F(x)))))->(((@x((F(x))))->((@x((F(x))))->((@x((F(x))))->((@x((F(x))))&(@x((F(x))))))))->((@x((F(x))))->((@x((F(x))))->((@x((F(x))))&(@x((F(x)))))))))->((@x((F(x))))->(((@x((F(x))))->(@x((F(x)))))->(((@x((F(x))))->((@x((F(x))))->((@x((F(x))))->((@x((F(x))))&(@x((F(x))))))))->((@x((F(x))))->((@x((F(x))))->((@x((F(x))))&(@x((F(x)))))))))))->((((@x((F(x))))&(@x((F(x)))))->(@y((F(y)))))->((((@x((F(x))))->(@x((F(x)))))->(((@x((F(x))))->((@x((F(x))))->((@x((F(x))))->((@x((F(x))))&(@x((F(x))))))))->((@x((F(x))))->((@x((F(x))))->((@x((F(x))))&(@x((F(x)))))))))->((@x((F(x))))->(((@x((F(x))))->(@x((F(x)))))->(((@x((F(x))))->((@x((F(x))))->((@x((F(x))))->((@x((F(x))))&(@x((F(x))))))))->((@x((F(x))))->((@x((F(x))))->((@x((F(x))))&(@x((F(x)))))))))))))
((((@x((F(x))))&(@x((F(x)))))->(@y((F(y)))))->((((@x((F(x))))->(@x((F(x)))))->(((@x((F(x))))->((@x((F(x))))->((@x((F(x))))->((@x((F(x))))&(@x((F(x))))))))->((@x((F(x))))->((@x((F(x))))->((@x((F(x))))&(@x((F(x)))))))))->((@x((F(x))))->(((@x((F(x))))->(@x((F(x)))))->(((@x((F(x))))->((@x((F(x))))->((@x((F(x))))->((@x((F(x))))&(@x((F(x))))))))->((@x((F(x))))->((@x((F(x))))->((@x((F(x))))&(@x((F(x))))))))))))
(((((@x((F(x))))&(@x((F(x)))))->(@y((F(y)))))->(((@x((F(x))))->(@x((F(x)))))->(((@x((F(x))))->((@x((F(x))))->((@x((F(x))))->((@x((F(x))))&(@x((F(x))))))))->((@x((F(x))))->((@x((F(x))))->((@x((F(x))))&(@x((F(x))))))))))->(((((@x((F(x))))&(@x((F(x)))))->(@y((F(y)))))->((((@x((F(x))))->(@x((F(x)))))->(((@x((F(x))))->((@x((F(x))))->((@x((F(x))))->((@x((F(x))))&(@x((F(x))))))))->((@x((F(x))))->((@x((F(x))))->((@x((F(x))))&(@x((F(x)))))))))->((@x((F(x))))->(((@x((F(x))))->(@x((F(x)))))->(((@x((F(x))))->((@x((F(x))))->((@x((F(x))))->((@x((F(x))))&(@x((F(x))))))))->((@x((F(x))))->((@x((F(x))))->((@x((F(x))))&(@x((F(x))))))))))))->((((@x((F(x))))&(@x((F(x)))))->(@y((F(y)))))->((@x((F(x))))->(((@x((F(x))))->(@x((F(x)))))->(((@x((F(x))))->((@x((F(x))))->((@x((F(x))))->((@x((F(x))))&(@x((F(x))))))))->((@x((F(x))))->((@x((F(x))))->((@x((F(x))))&(@x((F(x)))))))))))))
(((((@x((F(x))))&(@x((F(x)))))->(@y((F(y)))))->((((@x((F(x))))->(@x((F(x)))))->(((@x((F(x))))->((@x((F(x))))->((@x((F(x))))->((@x((F(x))))&(@x((F(x))))))))->((@x((F(x))))->((@x((F(x))))->((@x((F(x))))&(@x((F(x)))))))))->((@x((F(x))))->(((@x((F(x))))->(@x((F(x)))))->(((@x((F(x))))->((@x((F(x))))->((@x((F(x))))->((@x((F(x))))&(@x((F(x))))))))->((@x((F(x))))->((@x((F(x))))->((@x((F(x))))&(@x((F(x))))))))))))->((((@x((F(x))))&(@x((F(x)))))->(@y((F(y)))))->((@x((F(x))))->(((@x((F(x))))->(@x((F(x)))))->(((@x((F(x))))->((@x((F(x))))->((@x((F(x))))->((@x((F(x))))&(@x((F(x))))))))->((@x((F(x))))->((@x((F(x))))->((@x((F(x))))&(@x((F(x))))))))))))
((((@x((F(x))))&(@x((F(x)))))->(@y((F(y)))))->((@x((F(x))))->(((@x((F(x))))->(@x((F(x)))))->(((@x((F(x))))->((@x((F(x))))->((@x((F(x))))->((@x((F(x))))&(@x((F(x))))))))->((@x((F(x))))->((@x((F(x))))->((@x((F(x))))&(@x((F(x)))))))))))
(((@x((F(x))))->((@x((F(x))))->(@x((F(x))))))->(((@x((F(x))))->(((@x((F(x))))->(@x((F(x)))))->(((@x((F(x))))->((@x((F(x))))->((@x((F(x))))->((@x((F(x))))&(@x((F(x))))))))->((@x((F(x))))->((@x((F(x))))->((@x((F(x))))&(@x((F(x))))))))))->((@x((F(x))))->(((@x((F(x))))->((@x((F(x))))->((@x((F(x))))->((@x((F(x))))&(@x((F(x))))))))->((@x((F(x))))->((@x((F(x))))->((@x((F(x))))&(@x((F(x)))))))))))
((((@x((F(x))))->((@x((F(x))))->(@x((F(x))))))->(((@x((F(x))))->(((@x((F(x))))->(@x((F(x)))))->(((@x((F(x))))->((@x((F(x))))->((@x((F(x))))->((@x((F(x))))&(@x((F(x))))))))->((@x((F(x))))->((@x((F(x))))->((@x((F(x))))&(@x((F(x))))))))))->((@x((F(x))))->(((@x((F(x))))->((@x((F(x))))->((@x((F(x))))->((@x((F(x))))&(@x((F(x))))))))->((@x((F(x))))->((@x((F(x))))->((@x((F(x))))&(@x((F(x)))))))))))->((((@x((F(x))))&(@x((F(x)))))->(@y((F(y)))))->(((@x((F(x))))->((@x((F(x))))->(@x((F(x))))))->(((@x((F(x))))->(((@x((F(x))))->(@x((F(x)))))->(((@x((F(x))))->((@x((F(x))))->((@x((F(x))))->((@x((F(x))))&(@x((F(x))))))))->((@x((F(x))))->((@x((F(x))))->((@x((F(x))))&(@x((F(x))))))))))->((@x((F(x))))->(((@x((F(x))))->((@x((F(x))))->((@x((F(x))))->((@x((F(x))))&(@x((F(x))))))))->((@x((F(x))))->((@x((F(x))))->((@x((F(x))))&(@x((F(x)))))))))))))
((((@x((F(x))))&(@x((F(x)))))->(@y((F(y)))))->(((@x((F(x))))->((@x((F(x))))->(@x((F(x))))))->(((@x((F(x))))->(((@x((F(x))))->(@x((F(x)))))->(((@x((F(x))))->((@x((F(x))))->((@x((F(x))))->((@x((F(x))))&(@x((F(x))))))))->((@x((F(x))))->((@x((F(x))))->((@x((F(x))))&(@x((F(x))))))))))->((@x((F(x))))->(((@x((F(x))))->((@x((F(x))))->((@x((F(x))))->((@x((F(x))))&(@x((F(x))))))))->((@x((F(x))))->((@x((F(x))))->((@x((F(x))))&(@x((F(x))))))))))))
(((((@x((F(x))))&(@x((F(x)))))->(@y((F(y)))))->((@x((F(x))))->((@x((F(x))))->(@x((F(x)))))))->(((((@x((F(x))))&(@x((F(x)))))->(@y((F(y)))))->(((@x((F(x))))->((@x((F(x))))->(@x((F(x))))))->(((@x((F(x))))->(((@x((F(x))))->(@x((F(x)))))->(((@x((F(x))))->((@x((F(x))))->((@x((F(x))))->((@x((F(x))))&(@x((F(x))))))))->((@x((F(x))))->((@x((F(x))))->((@x((F(x))))&(@x((F(x))))))))))->((@x((F(x))))->(((@x((F(x))))->((@x((F(x))))->((@x((F(x))))->((@x((F(x))))&(@x((F(x))))))))->((@x((F(x))))->((@x((F(x))))->((@x((F(x))))&(@x((F(x))))))))))))->((((@x((F(x))))&(@x((F(x)))))->(@y((F(y)))))->(((@x((F(x))))->(((@x((F(x))))->(@x((F(x)))))->(((@x((F(x))))->((@x((F(x))))->((@x((F(x))))->((@x((F(x))))&(@x((F(x))))))))->((@x((F(x))))->((@x((F(x))))->((@x((F(x))))&(@x((F(x))))))))))->((@x((F(x))))->(((@x((F(x))))->((@x((F(x))))->((@x((F(x))))->((@x((F(x))))&(@x((F(x))))))))->((@x((F(x))))->((@x((F(x))))->((@x((F(x))))&(@x((F(x)))))))))))))
(((((@x((F(x))))&(@x((F(x)))))->(@y((F(y)))))->(((@x((F(x))))->((@x((F(x))))->(@x((F(x))))))->(((@x((F(x))))->(((@x((F(x))))->(@x((F(x)))))->(((@x((F(x))))->((@x((F(x))))->((@x((F(x))))->((@x((F(x))))&(@x((F(x))))))))->((@x((F(x))))->((@x((F(x))))->((@x((F(x))))&(@x((F(x))))))))))->((@x((F(x))))->(((@x((F(x))))->((@x((F(x))))->((@x((F(x))))->((@x((F(x))))&(@x((F(x))))))))->((@x((F(x))))->((@x((F(x))))->((@x((F(x))))&(@x((F(x))))))))))))->((((@x((F(x))))&(@x((F(x)))))->(@y((F(y)))))->(((@x((F(x))))->(((@x((F(x))))->(@x((F(x)))))->(((@x((F(x))))->((@x((F(x))))->((@x((F(x))))->((@x((F(x))))&(@x((F(x))))))))->((@x((F(x))))->((@x((F(x))))->((@x((F(x))))&(@x((F(x))))))))))->((@x((F(x))))->(((@x((F(x))))->((@x((F(x))))->((@x((F(x))))->((@x((F(x))))&(@x((F(x))))))))->((@x((F(x))))->((@x((F(x))))->((@x((F(x))))&(@x((F(x))))))))))))
((((@x((F(x))))&(@x((F(x)))))->(@y((F(y)))))->(((@x((F(x))))->(((@x((F(x))))->(@x((F(x)))))->(((@x((F(x))))->((@x((F(x))))->((@x((F(x))))->((@x((F(x))))&(@x((F(x))))))))->((@x((F(x))))->((@x((F(x))))->((@x((F(x))))&(@x((F(x))))))))))->((@x((F(x))))->(((@x((F(x))))->((@x((F(x))))->((@x((F(x))))->((@x((F(x))))&(@x((F(x))))))))->((@x((F(x))))->((@x((F(x))))->((@x((F(x))))&(@x((F(x)))))))))))
(((((@x((F(x))))&(@x((F(x)))))->(@y((F(y)))))->((@x((F(x))))->(((@x((F(x))))->(@x((F(x)))))->(((@x((F(x))))->((@x((F(x))))->((@x((F(x))))->((@x((F(x))))&(@x((F(x))))))))->((@x((F(x))))->((@x((F(x))))->((@x((F(x))))&(@x((F(x)))))))))))->(((((@x((F(x))))&(@x((F(x)))))->(@y((F(y)))))->(((@x((F(x))))->(((@x((F(x))))->(@x((F(x)))))->(((@x((F(x))))->((@x((F(x))))->((@x((F(x))))->((@x((F(x))))&(@x((F(x))))))))->((@x((F(x))))->((@x((F(x))))->((@x((F(x))))&(@x((F(x))))))))))->((@x((F(x))))->(((@x((F(x))))->((@x((F(x))))->((@x((F(x))))->((@x((F(x))))&(@x((F(x))))))))->((@x((F(x))))->((@x((F(x))))->((@x((F(x))))&(@x((F(x)))))))))))->((((@x((F(x))))&(@x((F(x)))))->(@y((F(y)))))->((@x((F(x))))->(((@x((F(x))))->((@x((F(x))))->((@x((F(x))))->((@x((F(x))))&(@x((F(x))))))))->((@x((F(x))))->((@x((F(x))))->((@x((F(x))))&(@x((F(x))))))))))))
(((((@x((F(x))))&(@x((F(x)))))->(@y((F(y)))))->(((@x((F(x))))->(((@x((F(x))))->(@x((F(x)))))->(((@x((F(x))))->((@x((F(x))))->((@x((F(x))))->((@x((F(x))))&(@x((F(x))))))))->((@x((F(x))))->((@x((F(x))))->((@x((F(x))))&(@x((F(x))))))))))->((@x((F(x))))->(((@x((F(x))))->((@x((F(x))))->((@x((F(x))))->((@x((F(x))))&(@x((F(x))))))))->((@x((F(x))))->((@x((F(x))))->((@x((F(x))))&(@x((F(x)))))))))))->((((@x((F(x))))&(@x((F(x)))))->(@y((F(y)))))->((@x((F(x))))->(((@x((F(x))))->((@x((F(x))))->((@x((F(x))))->((@x((F(x))))&(@x((F(x))))))))->((@x((F(x))))->((@x((F(x))))->((@x((F(x))))&(@x((F(x)))))))))))
((((@x((F(x))))&(@x((F(x)))))->(@y((F(y)))))->((@x((F(x))))->(((@x((F(x))))->((@x((F(x))))->((@x((F(x))))->((@x((F(x))))&(@x((F(x))))))))->((@x((F(x))))->((@x((F(x))))->((@x((F(x))))&(@x((F(x))))))))))
(((@x((F(x))))->((@x((F(x))))->((@x((F(x))))->((@x((F(x))))->((@x((F(x))))&(@x((F(x)))))))))->(((@x((F(x))))->(((@x((F(x))))->((@x((F(x))))->((@x((F(x))))->((@x((F(x))))&(@x((F(x))))))))->((@x((F(x))))->((@x((F(x))))->((@x((F(x))))&(@x((F(x)))))))))->((@x((F(x))))->((@x((F(x))))->((@x((F(x))))->((@x((F(x))))&(@x((F(x))))))))))
((((@x((F(x))))->((@x((F(x))))->((@x((F(x))))->((@x((F(x))))->((@x((F(x))))&(@x((F(x)))))))))->(((@x((F(x))))->(((@x((F(x))))->((@x((F(x))))->((@x((F(x))))->((@x((F(x))))&(@x((F(x))))))))->((@x((F(x))))->((@x((F(x))))->((@x((F(x))))&(@x((F(x)))))))))->((@x((F(x))))->((@x((F(x))))->((@x((F(x))))->((@x((F(x))))&(@x((F(x))))))))))->((((@x((F(x))))&(@x((F(x)))))->(@y((F(y)))))->(((@x((F(x))))->((@x((F(x))))->((@x((F(x))))->((@x((F(x))))->((@x((F(x))))&(@x((F(x)))))))))->(((@x((F(x))))->(((@x((F(x))))->((@x((F(x))))->((@x((F(x))))->((@x((F(x))))&(@x((F(x))))))))->((@x((F(x))))->((@x((F(x))))->((@x((F(x))))&(@x((F(x)))))))))->((@x((F(x))))->((@x((F(x))))->((@x((F(x))))->((@x((F(x))))&(@x((F(x))))))))))))
((((@x((F(x))))&(@x((F(x)))))->(@y((F(y)))))->(((@x((F(x))))->((@x((F(x))))->((@x((F(x))))->((@x((F(x))))->((@x((F(x))))&(@x((F(x)))))))))->(((@x((F(x))))->(((@x((F(x))))->((@x((F(x))))->((@x((F(x))))->((@x((F(x))))&(@x((F(x))))))))->((@x((F(x))))->((@x((F(x))))->((@x((F(x))))&(@x((F(x)))))))))->((@x((F(x))))->((@x((F(x))))->((@x((F(x))))->((@x((F(x))))&(@x((F(x)))))))))))
(((((@x((F(x))))&(@x((F(x)))))->(@y((F(y)))))->((@x((F(x))))->((@x((F(x))))->((@x((F(x))))->((@x((F(x))))->((@x((F(x))))&(@x((F(x))))))))))->(((((@x((F(x))))&(@x((F(x)))))->(@y((F(y)))))->(((@x((F(x))))->((@x((F(x))))->((@x((F(x))))->((@x((F(x))))->((@x((F(x))))&(@x((F(x)))))))))->(((@x((F(x))))->(((@x((F(x))))->((@x((F(x))))->((@x((F(x))))->((@x((F(x))))&(@x((F(x))))))))->((@x((F(x))))->((@x((F(x))))->((@x((F(x))))&(@x((F(x)))))))))->((@x((F(x))))->((@x((F(x))))->((@x((F(x))))->((@x((F(x))))&(@x((F(x)))))))))))->((((@x((F(x))))&(@x((F(x)))))->(@y((F(y)))))->(((@x((F(x))))->(((@x((F(x))))->((@x((F(x))))->((@x((F(x))))->((@x((F(x))))&(@x((F(x))))))))->((@x((F(x))))->((@x((F(x))))->((@x((F(x))))&(@x((F(x)))))))))->((@x((F(x))))->((@x((F(x))))->((@x((F(x))))->((@x((F(x))))&(@x((F(x))))))))))))
(((((@x((F(x))))&(@x((F(x)))))->(@y((F(y)))))->(((@x((F(x))))->((@x((F(x))))->((@x((F(x))))->((@x((F(x))))->((@x((F(x))))&(@x((F(x)))))))))->(((@x((F(x))))->(((@x((F(x))))->((@x((F(x))))->((@x((F(x))))->((@x((F(x))))&(@x((F(x))))))))->((@x((F(x))))->((@x((F(x))))->((@x((F(x))))&(@x((F(x)))))))))->((@x((F(x))))->((@x((F(x))))->((@x((F(x))))->((@x((F(x))))&(@x((F(x)))))))))))->((((@x((F(x))))&(@x((F(x)))))->(@y((F(y)))))->(((@x((F(x))))->(((@x((F(x))))->((@x((F(x))))->((@x((F(x))))->((@x((F(x))))&(@x((F(x))))))))->((@x((F(x))))->((@x((F(x))))->((@x((F(x))))&(@x((F(x)))))))))->((@x((F(x))))->((@x((F(x))))->((@x((F(x))))->((@x((F(x))))&(@x((F(x)))))))))))
((((@x((F(x))))&(@x((F(x)))))->(@y((F(y)))))->(((@x((F(x))))->(((@x((F(x))))->((@x((F(x))))->((@x((F(x))))->((@x((F(x))))&(@x((F(x))))))))->((@x((F(x))))->((@x((F(x))))->((@x((F(x))))&(@x((F(x)))))))))->((@x((F(x))))->((@x((F(x))))->((@x((F(x))))->((@x((F(x))))&(@x((F(x))))))))))
(((((@x((F(x))))&(@x((F(x)))))->(@y((F(y)))))->((@x((F(x))))->(((@x((F(x))))->((@x((F(x))))->((@x((F(x))))->((@x((F(x))))&(@x((F(x))))))))->((@x((F(x))))->((@x((F(x))))->((@x((F(x))))&(@x((F(x))))))))))->(((((@x((F(x))))&(@x((F(x)))))->(@y((F(y)))))->(((@x((F(x))))->(((@x((F(x))))->((@x((F(x))))->((@x((F(x))))->((@x((F(x))))&(@x((F(x))))))))->((@x((F(x))))->((@x((F(x))))->((@x((F(x))))&(@x((F(x)))))))))->((@x((F(x))))->((@x((F(x))))->((@x((F(x))))->((@x((F(x))))&(@x((F(x))))))))))->((((@x((F(x))))&(@x((F(x)))))->(@y((F(y)))))->((@x((F(x))))->((@x((F(x))))->((@x((F(x))))->((@x((F(x))))&(@x((F(x)))))))))))
(((((@x((F(x))))&(@x((F(x)))))->(@y((F(y)))))->(((@x((F(x))))->(((@x((F(x))))->((@x((F(x))))->((@x((F(x))))->((@x((F(x))))&(@x((F(x))))))))->((@x((F(x))))->((@x((F(x))))->((@x((F(x))))&(@x((F(x)))))))))->((@x((F(x))))->((@x((F(x))))->((@x((F(x))))->((@x((F(x))))&(@x((F(x))))))))))->((((@x((F(x))))&(@x((F(x)))))->(@y((F(y)))))->((@x((F(x))))->((@x((F(x))))->((@x((F(x))))->((@x((F(x))))&(@x((F(x))))))))))
((((@x((F(x))))&(@x((F(x)))))->(@y((F(y)))))->((@x((F(x))))->((@x((F(x))))->((@x((F(x))))->((@x((F(x))))&(@x((F(x)))))))))
(((@x((F(x))))->(@x((F(x)))))->(((@x((F(x))))->((@x((F(x))))->((@x((F(x))))&(@x((F(x)))))))->((@x((F(x))))->((@x((F(x))))&(@x((F(x))))))))
((((@x((F(x))))->(@x((F(x)))))->(((@x((F(x))))->((@x((F(x))))->((@x((F(x))))&(@x((F(x)))))))->((@x((F(x))))->((@x((F(x))))&(@x((F(x))))))))->((((@x((F(x))))&(@x((F(x)))))->(@y((F(y)))))->(((@x((F(x))))->(@x((F(x)))))->(((@x((F(x))))->((@x((F(x))))->((@x((F(x))))&(@x((F(x)))))))->((@x((F(x))))->((@x((F(x))))&(@x((F(x))))))))))
((((@x((F(x))))&(@x((F(x)))))->(@y((F(y)))))->(((@x((F(x))))->(@x((F(x)))))->(((@x((F(x))))->((@x((F(x))))->((@x((F(x))))&(@x((F(x)))))))->((@x((F(x))))->((@x((F(x))))&(@x((F(x)))))))))
((((@x((F(x))))->(@x((F(x)))))->(((@x((F(x))))->((@x((F(x))))->((@x((F(x))))&(@x((F(x)))))))->((@x((F(x))))->((@x((F(x))))&(@x((F(x))))))))->((@x((F(x))))->(((@x((F(x))))->(@x((F(x)))))->(((@x((F(x))))->((@x((F(x))))->((@x((F(x))))&(@x((F(x)))))))->((@x((F(x))))->((@x((F(x))))&(@x((F(x))))))))))
(((((@x((F(x))))->(@x((F(x)))))->(((@x((F(x))))->((@x((F(x))))->((@x((F(x))))&(@x((F(x)))))))->((@x((F(x))))->((@x((F(x))))&(@x((F(x))))))))->((@x((F(x))))->(((@x((F(x))))->(@x((F(x)))))->(((@x((F(x))))->((@x((F(x))))->((@x((F(x))))&(@x((F(x)))))))->((@x((F(x))))->((@x((F(x))))&(@x((F(x))))))))))->((((@x((F(x))))&(@x((F(x)))))->(@y((F(y)))))->((((@x((F(x))))->(@x((F(x)))))->(((@x((F(x))))->((@x((F(x))))->((@x((F(x))))&(@x((F(x)))))))->((@x((F(x))))->((@x((F(x))))&(@x((F(x))))))))->((@x((F(x))))->(((@x((F(x))))->(@x((F(x)))))->(((@x((F(x))))->((@x((F(x))))->((@x((F(x))))&(@x((F(x)))))))->((@x((F(x))))->((@x((F(x))))&(@x((F(x))))))))))))
((((@x((F(x))))&(@x((F(x)))))->(@y((F(y)))))->((((@x((F(x))))->(@x((F(x)))))->(((@x((F(x))))->((@x((F(x))))->((@x((F(x))))&(@x((F(x)))))))->((@x((F(x))))->((@x((F(x))))&(@x((F(x))))))))->((@x((F(x))))->(((@x((F(x))))->(@x((F(x)))))->(((@x((F(x))))->((@x((F(x))))->((@x((F(x))))&(@x((F(x)))))))->((@x((F(x))))->((@x((F(x))))&(@x((F(x)))))))))))
(((((@x((F(x))))&(@x((F(x)))))->(@y((F(y)))))->(((@x((F(x))))->(@x((F(x)))))->(((@x((F(x))))->((@x((F(x))))->((@x((F(x))))&(@x((F(x)))))))->((@x((F(x))))->((@x((F(x))))&(@x((F(x)))))))))->(((((@x((F(x))))&(@x((F(x)))))->(@y((F(y)))))->((((@x((F(x))))->(@x((F(x)))))->(((@x((F(x))))->((@x((F(x))))->((@x((F(x))))&(@x((F(x)))))))->((@x((F(x))))->((@x((F(x))))&(@x((F(x))))))))->((@x((F(x))))->(((@x((F(x))))->(@x((F(x)))))->(((@x((F(x))))->((@x((F(x))))->((@x((F(x))))&(@x((F(x)))))))->((@x((F(x))))->((@x((F(x))))&(@x((F(x)))))))))))->((((@x((F(x))))&(@x((F(x)))))->(@y((F(y)))))->((@x((F(x))))->(((@x((F(x))))->(@x((F(x)))))->(((@x((F(x))))->((@x((F(x))))->((@x((F(x))))&(@x((F(x)))))))->((@x((F(x))))->((@x((F(x))))&(@x((F(x))))))))))))
(((((@x((F(x))))&(@x((F(x)))))->(@y((F(y)))))->((((@x((F(x))))->(@x((F(x)))))->(((@x((F(x))))->((@x((F(x))))->((@x((F(x))))&(@x((F(x)))))))->((@x((F(x))))->((@x((F(x))))&(@x((F(x))))))))->((@x((F(x))))->(((@x((F(x))))->(@x((F(x)))))->(((@x((F(x))))->((@x((F(x))))->((@x((F(x))))&(@x((F(x)))))))->((@x((F(x))))->((@x((F(x))))&(@x((F(x)))))))))))->((((@x((F(x))))&(@x((F(x)))))->(@y((F(y)))))->((@x((F(x))))->(((@x((F(x))))->(@x((F(x)))))->(((@x((F(x))))->((@x((F(x))))->((@x((F(x))))&(@x((F(x)))))))->((@x((F(x))))->((@x((F(x))))&(@x((F(x)))))))))))
((((@x((F(x))))&(@x((F(x)))))->(@y((F(y)))))->((@x((F(x))))->(((@x((F(x))))->(@x((F(x)))))->(((@x((F(x))))->((@x((F(x))))->((@x((F(x))))&(@x((F(x)))))))->((@x((F(x))))->((@x((F(x))))&(@x((F(x))))))))))
(((@x((F(x))))->((@x((F(x))))->(@x((F(x))))))->(((@x((F(x))))->(((@x((F(x))))->(@x((F(x)))))->(((@x((F(x))))->((@x((F(x))))->((@x((F(x))))&(@x((F(x)))))))->((@x((F(x))))->((@x((F(x))))&(@x((F(x)))))))))->((@x((F(x))))->(((@x((F(x))))->((@x((F(x))))->((@x((F(x))))&(@x((F(x)))))))->((@x((F(x))))->((@x((F(x))))&(@x((F(x))))))))))
((((@x((F(x))))->((@x((F(x))))->(@x((F(x))))))->(((@x((F(x))))->(((@x((F(x))))->(@x((F(x)))))->(((@x((F(x))))->((@x((F(x))))->((@x((F(x))))&(@x((F(x)))))))->((@x((F(x))))->((@x((F(x))))&(@x((F(x)))))))))->((@x((F(x))))->(((@x((F(x))))->((@x((F(x))))->((@x((F(x))))&(@x((F(x)))))))->((@x((F(x))))->((@x((F(x))))&(@x((F(x))))))))))->((((@x((F(x))))&(@x((F(x)))))->(@y((F(y)))))->(((@x((F(x))))->((@x((F(x))))->(@x((F(x))))))->(((@x((F(x))))->(((@x((F(x))))->(@x((F(x)))))->(((@x((F(x))))->((@x((F(x))))->((@x((F(x))))&(@x((F(x)))))))->((@x((F(x))))->((@x((F(x))))&(@x((F(x)))))))))->((@x((F(x))))->(((@x((F(x))))->((@x((F(x))))->((@x((F(x))))&(@x((F(x)))))))->((@x((F(x))))->((@x((F(x))))&(@x((F(x))))))))))))
((((@x((F(x))))&(@x((F(x)))))->(@y((F(y)))))->(((@x((F(x))))->((@x((F(x))))->(@x((F(x))))))->(((@x((F(x))))->(((@x((F(x))))->(@x((F(x)))))->(((@x((F(x))))->((@x((F(x))))->((@x((F(x))))&(@x((F(x)))))))->((@x((F(x))))->((@x((F(x))))&(@x((F(x)))))))))->((@x((F(x))))->(((@x((F(x))))->((@x((F(x))))->((@x((F(x))))&(@x((F(x)))))))->((@x((F(x))))->((@x((F(x))))&(@x((F(x)))))))))))
(((((@x((F(x))))&(@x((F(x)))))->(@y((F(y)))))->((@x((F(x))))->((@x((F(x))))->(@x((F(x)))))))->(((((@x((F(x))))&(@x((F(x)))))->(@y((F(y)))))->(((@x((F(x))))->((@x((F(x))))->(@x((F(x))))))->(((@x((F(x))))->(((@x((F(x))))->(@x((F(x)))))->(((@x((F(x))))->((@x((F(x))))->((@x((F(x))))&(@x((F(x)))))))->((@x((F(x))))->((@x((F(x))))&(@x((F(x)))))))))->((@x((F(x))))->(((@x((F(x))))->((@x((F(x))))->((@x((F(x))))&(@x((F(x)))))))->((@x((F(x))))->((@x((F(x))))&(@x((F(x)))))))))))->((((@x((F(x))))&(@x((F(x)))))->(@y((F(y)))))->(((@x((F(x))))->(((@x((F(x))))->(@x((F(x)))))->(((@x((F(x))))->((@x((F(x))))->((@x((F(x))))&(@x((F(x)))))))->((@x((F(x))))->((@x((F(x))))&(@x((F(x)))))))))->((@x((F(x))))->(((@x((F(x))))->((@x((F(x))))->((@x((F(x))))&(@x((F(x)))))))->((@x((F(x))))->((@x((F(x))))&(@x((F(x))))))))))))
(((((@x((F(x))))&(@x((F(x)))))->(@y((F(y)))))->(((@x((F(x))))->((@x((F(x))))->(@x((F(x))))))->(((@x((F(x))))->(((@x((F(x))))->(@x((F(x)))))->(((@x((F(x))))->((@x((F(x))))->((@x((F(x))))&(@x((F(x)))))))->((@x((F(x))))->((@x((F(x))))&(@x((F(x)))))))))->((@x((F(x))))->(((@x((F(x))))->((@x((F(x))))->((@x((F(x))))&(@x((F(x)))))))->((@x((F(x))))->((@x((F(x))))&(@x((F(x)))))))))))->((((@x((F(x))))&(@x((F(x)))))->(@y((F(y)))))->(((@x((F(x))))->(((@x((F(x))))->(@x((F(x)))))->(((@x((F(x))))->((@x((F(x))))->((@x((F(x))))&(@x((F(x)))))))->((@x((F(x))))->((@x((F(x))))&(@x((F(x)))))))))->((@x((F(x))))->(((@x((F(x))))->((@x((F(x))))->((@x((F(x))))&(@x((F(x)))))))->((@x((F(x))))->((@x((F(x))))&(@x((F(x)))))))))))
((((@x((F(x))))&(@x((F(x)))))->(@y((F(y)))))->(((@x((F(x))))->(((@x((F(x))))->(@x((F(x)))))->(((@x((F(x))))->((@x((F(x))))->((@x((F(x))))&(@x((F(x)))))))->((@x((F(x))))->((@x((F(x))))&(@x((F(x)))))))))->((@x((F(x))))->(((@x((F(x))))->((@x((F(x))))->((@x((F(x))))&(@x((F(x)))))))->((@x((F(x))))->((@x((F(x))))&(@x((F(x))))))))))
(((((@x((F(x))))&(@x((F(x)))))->(@y((F(y)))))->((@x((F(x))))->(((@x((F(x))))->(@x((F(x)))))->(((@x((F(x))))->((@x((F(x))))->((@x((F(x))))&(@x((F(x)))))))->((@x((F(x))))->((@x((F(x))))&(@x((F(x))))))))))->(((((@x((F(x))))&(@x((F(x)))))->(@y((F(y)))))->(((@x((F(x))))->(((@x((F(x))))->(@x((F(x)))))->(((@x((F(x))))->((@x((F(x))))->((@x((F(x))))&(@x((F(x)))))))->((@x((F(x))))->((@x((F(x))))&(@x((F(x)))))))))->((@x((F(x))))->(((@x((F(x))))->((@x((F(x))))->((@x((F(x))))&(@x((F(x)))))))->((@x((F(x))))->((@x((F(x))))&(@x((F(x))))))))))->((((@x((F(x))))&(@x((F(x)))))->(@y((F(y)))))->((@x((F(x))))->(((@x((F(x))))->((@x((F(x))))->((@x((F(x))))&(@x((F(x)))))))->((@x((F(x))))->((@x((F(x))))&(@x((F(x)))))))))))
(((((@x((F(x))))&(@x((F(x)))))->(@y((F(y)))))->(((@x((F(x))))->(((@x((F(x))))->(@x((F(x)))))->(((@x((F(x))))->((@x((F(x))))->((@x((F(x))))&(@x((F(x)))))))->((@x((F(x))))->((@x((F(x))))&(@x((F(x)))))))))->((@x((F(x))))->(((@x((F(x))))->((@x((F(x))))->((@x((F(x))))&(@x((F(x)))))))->((@x((F(x))))->((@x((F(x))))&(@x((F(x))))))))))->((((@x((F(x))))&(@x((F(x)))))->(@y((F(y)))))->((@x((F(x))))->(((@x((F(x))))->((@x((F(x))))->((@x((F(x))))&(@x((F(x)))))))->((@x((F(x))))->((@x((F(x))))&(@x((F(x))))))))))
((((@x((F(x))))&(@x((F(x)))))->(@y((F(y)))))->((@x((F(x))))->(((@x((F(x))))->((@x((F(x))))->((@x((F(x))))&(@x((F(x)))))))->((@x((F(x))))->((@x((F(x))))&(@x((F(x)))))))))
(((@x((F(x))))->((@x((F(x))))->((@x((F(x))))->((@x((F(x))))&(@x((F(x))))))))->(((@x((F(x))))->(((@x((F(x))))->((@x((F(x))))->((@x((F(x))))&(@x((F(x)))))))->((@x((F(x))))->((@x((F(x))))&(@x((F(x))))))))->((@x((F(x))))->((@x((F(x))))->((@x((F(x))))&(@x((F(x)))))))))
((((@x((F(x))))->((@x((F(x))))->((@x((F(x))))->((@x((F(x))))&(@x((F(x))))))))->(((@x((F(x))))->(((@x((F(x))))->((@x((F(x))))->((@x((F(x))))&(@x((F(x)))))))->((@x((F(x))))->((@x((F(x))))&(@x((F(x))))))))->((@x((F(x))))->((@x((F(x))))->((@x((F(x))))&(@x((F(x)))))))))->((((@x((F(x))))&(@x((F(x)))))->(@y((F(y)))))->(((@x((F(x))))->((@x((F(x))))->((@x((F(x))))->((@x((F(x))))&(@x((F(x))))))))->(((@x((F(x))))->(((@x((F(x))))->((@x((F(x))))->((@x((F(x))))&(@x((F(x)))))))->((@x((F(x))))->((@x((F(x))))&(@x((F(x))))))))->((@x((F(x))))->((@x((F(x))))->((@x((F(x))))&(@x((F(x)))))))))))
((((@x((F(x))))&(@x((F(x)))))->(@y((F(y)))))->(((@x((F(x))))->((@x((F(x))))->((@x((F(x))))->((@x((F(x))))&(@x((F(x))))))))->(((@x((F(x))))->(((@x((F(x))))->((@x((F(x))))->((@x((F(x))))&(@x((F(x)))))))->((@x((F(x))))->((@x((F(x))))&(@x((F(x))))))))->((@x((F(x))))->((@x((F(x))))->((@x((F(x))))&(@x((F(x))))))))))
(((((@x((F(x))))&(@x((F(x)))))->(@y((F(y)))))->((@x((F(x))))->((@x((F(x))))->((@x((F(x))))->((@x((F(x))))&(@x((F(x)))))))))->(((((@x((F(x))))&(@x((F(x)))))->(@y((F(y)))))->(((@x((F(x))))->((@x((F(x))))->((@x((F(x))))->((@x((F(x))))&(@x((F(x))))))))->(((@x((F(x))))->(((@x((F(x))))->((@x((F(x))))->((@x((F(x))))&(@x((F(x)))))))->((@x((F(x))))->((@x((F(x))))&(@x((F(x))))))))->((@x((F(x))))->((@x((F(x))))->((@x((F(x))))&(@x((F(x))))))))))->((((@x((F(x))))&(@x((F(x)))))->(@y((F(y)))))->(((@x((F(x))))->(((@x((F(x))))->((@x((F(x))))->((@x((F(x))))&(@x((F(x)))))))->((@x((F(x))))->((@x((F(x))))&(@x((F(x))))))))->((@x((F(x))))->((@x((F(x))))->((@x((F(x))))&(@x((F(x)))))))))))
(((((@x((F(x))))&(@x((F(x)))))->(@y((F(y)))))->(((@x((F(x))))->((@x((F(x))))->((@x((F(x))))->((@x((F(x))))&(@x((F(x))))))))->(((@x((F(x))))->(((@x((F(x))))->((@x((F(x))))->((@x((F(x))))&(@x((F(x)))))))->((@x((F(x))))->((@x((F(x))))&(@x((F(x))))))))->((@x((F(x))))->((@x((F(x))))->((@x((F(x))))&(@x((F(x))))))))))->((((@x((F(x))))&(@x((F(x)))))->(@y((F(y)))))->(((@x((F(x))))->(((@x((F(x))))->((@x((F(x))))->((@x((F(x))))&(@x((F(x)))))))->((@x((F(x))))->((@x((F(x))))&(@x((F(x))))))))->((@x((F(x))))->((@x((F(x))))->((@x((F(x))))&(@x((F(x))))))))))
((((@x((F(x))))&(@x((F(x)))))->(@y((F(y)))))->(((@x((F(x))))->(((@x((F(x))))->((@x((F(x))))->((@x((F(x))))&(@x((F(x)))))))->((@x((F(x))))->((@x((F(x))))&(@x((F(x))))))))->((@x((F(x))))->((@x((F(x))))->((@x((F(x))))&(@x((F(x)))))))))
((@x((F(x))))->((@x((F(x))))->((@x((F(x))))&(@x((F(x)))))))
(((@x((F(x))))->((@x((F(x))))->((@x((F(x))))&(@x((F(x)))))))->((((@x((F(x))))&(@x((F(x)))))->(@y((F(y)))))->((@x((F(x))))->((@x((F(x))))->((@x((F(x))))&(@x((F(x)))))))))
((((@x((F(x))))&(@x((F(x)))))->(@y((F(y)))))->((@x((F(x))))->((@x((F(x))))->((@x((F(x))))&(@x((F(x))))))))
((((@x((F(x))))&(@x((F(x)))))->(@y((F(y)))))->((((@x((F(x))))&(@x((F(x)))))->(@y((F(y)))))->(((@x((F(x))))&(@x((F(x)))))->(@y((F(y)))))))
(((((@x((F(x))))&(@x((F(x)))))->(@y((F(y)))))->((((@x((F(x))))&(@x((F(x)))))->(@y((F(y)))))->(((@x((F(x))))&(@x((F(x)))))->(@y((F(y)))))))->(((((@x((F(x))))&(@x((F(x)))))->(@y((F(y)))))->(((((@x((F(x))))&(@x((F(x)))))->(@y((F(y)))))->(((@x((F(x))))&(@x((F(x)))))->(@y((F(y))))))->(((@x((F(x))))&(@x((F(x)))))->(@y((F(y)))))))->((((@x((F(x))))&(@x((F(x)))))->(@y((F(y)))))->(((@x((F(x))))&(@x((F(x)))))->(@y((F(y))))))))
(((((@x((F(x))))&(@x((F(x)))))->(@y((F(y)))))->(((((@x((F(x))))&(@x((F(x)))))->(@y((F(y)))))->(((@x((F(x))))&(@x((F(x)))))->(@y((F(y))))))->(((@x((F(x))))&(@x((F(x)))))->(@y((F(y)))))))->((((@x((F(x))))&(@x((F(x)))))->(@y((F(y)))))->(((@x((F(x))))&(@x((F(x)))))->(@y((F(y)))))))
((((@x((F(x))))&(@x((F(x)))))->(@y((F(y)))))->(((((@x((F(x))))&(@x((F(x)))))->(@y((F(y)))))->(((@x((F(x))))&(@x((F(x)))))->(@y((F(y))))))->(((@x((F(x))))&(@x((F(x)))))->(@y((F(y)))))))
((((@x((F(x))))&(@x((F(x)))))->(@y((F(y)))))->(((@x((F(x))))&(@x((F(x)))))->(@y((F(y))))))
((((@x((F(x))))&(@x((F(x)))))->(@y((F(y)))))->((@x((F(x))))->(((@x((F(x))))&(@x((F(x)))))->(@y((F(y)))))))
(((((@x((F(x))))&(@x((F(x)))))->(@y((F(y)))))->((@x((F(x))))->(((@x((F(x))))&(@x((F(x)))))->(@y((F(y)))))))->((((@x((F(x))))&(@x((F(x)))))->(@y((F(y)))))->((((@x((F(x))))&(@x((F(x)))))->(@y((F(y)))))->((@x((F(x))))->(((@x((F(x))))&(@x((F(x)))))->(@y((F(y)))))))))
((((@x((F(x))))&(@x((F(x)))))->(@y((F(y)))))->((((@x((F(x))))&(@x((F(x)))))->(@y((F(y)))))->((@x((F(x))))->(((@x((F(x))))&(@x((F(x)))))->(@y((F(y))))))))
(((((@x((F(x))))&(@x((F(x)))))->(@y((F(y)))))->(((@x((F(x))))&(@x((F(x)))))->(@y((F(y))))))->(((((@x((F(x))))&(@x((F(x)))))->(@y((F(y)))))->((((@x((F(x))))&(@x((F(x)))))->(@y((F(y)))))->((@x((F(x))))->(((@x((F(x))))&(@x((F(x)))))->(@y((F(y))))))))->((((@x((F(x))))&(@x((F(x)))))->(@y((F(y)))))->((@x((F(x))))->(((@x((F(x))))&(@x((F(x)))))->(@y((F(y)))))))))
(((((@x((F(x))))&(@x((F(x)))))->(@y((F(y)))))->((((@x((F(x))))&(@x((F(x)))))->(@y((F(y)))))->((@x((F(x))))->(((@x((F(x))))&(@x((F(x)))))->(@y((F(y))))))))->((((@x((F(x))))&(@x((F(x)))))->(@y((F(y)))))->((@x((F(x))))->(((@x((F(x))))&(@x((F(x)))))->(@y((F(y))))))))
((((@x((F(x))))&(@x((F(x)))))->(@y((F(y)))))->((@x((F(x))))->(((@x((F(x))))&(@x((F(x)))))->(@y((F(y)))))))
((((@x((F(x))))&(@x((F(x)))))->(@y((F(y)))))->((@x((F(x))))->(((@x((F(x))))&(@x((F(x)))))->(@y((F(y)))))))
(((((@x((F(x))))&(@x((F(x)))))->(@y((F(y)))))->((@x((F(x))))->(((@x((F(x))))&(@x((F(x)))))->(@y((F(y)))))))->((((@x((F(x))))&(@x((F(x)))))->(@y((F(y)))))->((((@x((F(x))))&(@x((F(x)))))->(@y((F(y)))))->((@x((F(x))))->(((@x((F(x))))&(@x((F(x)))))->(@y((F(y)))))))))
((((@x((F(x))))&(@x((F(x)))))->(@y((F(y)))))->((((@x((F(x))))&(@x((F(x)))))->(@y((F(y)))))->((@x((F(x))))->(((@x((F(x))))&(@x((F(x)))))->(@y((F(y))))))))
(((((@x((F(x))))&(@x((F(x)))))->(@y((F(y)))))->((@x((F(x))))->(((@x((F(x))))&(@x((F(x)))))->(@y((F(y)))))))->((@x((F(x))))->((((@x((F(x))))&(@x((F(x)))))->(@y((F(y)))))->((@x((F(x))))->(((@x((F(x))))&(@x((F(x)))))->(@y((F(y)))))))))
((((((@x((F(x))))&(@x((F(x)))))->(@y((F(y)))))->((@x((F(x))))->(((@x((F(x))))&(@x((F(x)))))->(@y((F(y)))))))->((@x((F(x))))->((((@x((F(x))))&(@x((F(x)))))->(@y((F(y)))))->((@x((F(x))))->(((@x((F(x))))&(@x((F(x)))))->(@y((F(y)))))))))->((((@x((F(x))))&(@x((F(x)))))->(@y((F(y)))))->(((((@x((F(x))))&(@x((F(x)))))->(@y((F(y)))))->((@x((F(x))))->(((@x((F(x))))&(@x((F(x)))))->(@y((F(y)))))))->((@x((F(x))))->((((@x((F(x))))&(@x((F(x)))))->(@y((F(y)))))->((@x((F(x))))->(((@x((F(x))))&(@x((F(x)))))->(@y((F(y)))))))))))
((((@x((F(x))))&(@x((F(x)))))->(@y((F(y)))))->(((((@x((F(x))))&(@x((F(x)))))->(@y((F(y)))))->((@x((F(x))))->(((@x((F(x))))&(@x((F(x)))))->(@y((F(y)))))))->((@x((F(x))))->((((@x((F(x))))&(@x((F(x)))))->(@y((F(y)))))->((@x((F(x))))->(((@x((F(x))))&(@x((F(x)))))->(@y((F(y))))))))))
(((((@x((F(x))))&(@x((F(x)))))->(@y((F(y)))))->((((@x((F(x))))&(@x((F(x)))))->(@y((F(y)))))->((@x((F(x))))->(((@x((F(x))))&(@x((F(x)))))->(@y((F(y))))))))->(((((@x((F(x))))&(@x((F(x)))))->(@y((F(y)))))->(((((@x((F(x))))&(@x((F(x)))))->(@y((F(y)))))->((@x((F(x))))->(((@x((F(x))))&(@x((F(x)))))->(@y((F(y)))))))->((@x((F(x))))->((((@x((F(x))))&(@x((F(x)))))->(@y((F(y)))))->((@x((F(x))))->(((@x((F(x))))&(@x((F(x)))))->(@y((F(y))))))))))->((((@x((F(x))))&(@x((F(x)))))->(@y((F(y)))))->((@x((F(x))))->((((@x((F(x))))&(@x((F(x)))))->(@y((F(y)))))->((@x((F(x))))->(((@x((F(x))))&(@x((F(x)))))->(@y((F(y)))))))))))
(((((@x((F(x))))&(@x((F(x)))))->(@y((F(y)))))->(((((@x((F(x))))&(@x((F(x)))))->(@y((F(y)))))->((@x((F(x))))->(((@x((F(x))))&(@x((F(x)))))->(@y((F(y)))))))->((@x((F(x))))->((((@x((F(x))))&(@x((F(x)))))->(@y((F(y)))))->((@x((F(x))))->(((@x((F(x))))&(@x((F(x)))))->(@y((F(y))))))))))->((((@x((F(x))))&(@x((F(x)))))->(@y((F(y)))))->((@x((F(x))))->((((@x((F(x))))&(@x((F(x)))))->(@y((F(y)))))->((@x((F(x))))->(((@x((F(x))))&(@x((F(x)))))->(@y((F(y))))))))))
((((@x((F(x))))&(@x((F(x)))))->(@y((F(y)))))->((@x((F(x))))->((((@x((F(x))))&(@x((F(x)))))->(@y((F(y)))))->((@x((F(x))))->(((@x((F(x))))&(@x((F(x)))))->(@y((F(y)))))))))
(((@x((F(x))))->(((@x((F(x))))&(@x((F(x)))))->(@y((F(y))))))->(((@x((F(x))))->((((@x((F(x))))&(@x((F(x)))))->(@y((F(y)))))->((@x((F(x))))->(((@x((F(x))))&(@x((F(x)))))->(@y((F(y))))))))->((@x((F(x))))->((@x((F(x))))->(((@x((F(x))))&(@x((F(x)))))->(@y((F(y)))))))))
((((@x((F(x))))->(((@x((F(x))))&(@x((F(x)))))->(@y((F(y))))))->(((@x((F(x))))->((((@x((F(x))))&(@x((F(x)))))->(@y((F(y)))))->((@x((F(x))))->(((@x((F(x))))&(@x((F(x)))))->(@y((F(y))))))))->((@x((F(x))))->((@x((F(x))))->(((@x((F(x))))&(@x((F(x)))))->(@y((F(y)))))))))->((((@x((F(x))))&(@x((F(x)))))->(@y((F(y)))))->(((@x((F(x))))->(((@x((F(x))))&(@x((F(x)))))->(@y((F(y))))))->(((@x((F(x))))->((((@x((F(x))))&(@x((F(x)))))->(@y((F(y)))))->((@x((F(x))))->(((@x((F(x))))&(@x((F(x)))))->(@y((F(y))))))))->((@x((F(x))))->((@x((F(x))))->(((@x((F(x))))&(@x((F(x)))))->(@y((F(y)))))))))))
((((@x((F(x))))&(@x((F(x)))))->(@y((F(y)))))->(((@x((F(x))))->(((@x((F(x))))&(@x((F(x)))))->(@y((F(y))))))->(((@x((F(x))))->((((@x((F(x))))&(@x((F(x)))))->(@y((F(y)))))->((@x((F(x))))->(((@x((F(x))))&(@x((F(x)))))->(@y((F(y))))))))->((@x((F(x))))->((@x((F(x))))->(((@x((F(x))))&(@x((F(x)))))->(@y((F(y))))))))))
(((((@x((F(x))))&(@x((F(x)))))->(@y((F(y)))))->((@x((F(x))))->(((@x((F(x))))&(@x((F(x)))))->(@y((F(y)))))))->(((((@x((F(x))))&(@x((F(x)))))->(@y((F(y)))))->(((@x((F(x))))->(((@x((F(x))))&(@x((F(x)))))->(@y((F(y))))))->(((@x((F(x))))->((((@x((F(x))))&(@x((F(x)))))->(@y((F(y)))))->((@x((F(x))))->(((@x((F(x))))&(@x((F(x)))))->(@y((F(y))))))))->((@x((F(x))))->((@x((F(x))))->(((@x((F(x))))&(@x((F(x)))))->(@y((F(y))))))))))->((((@x((F(x))))&(@x((F(x)))))->(@y((F(y)))))->(((@x((F(x))))->((((@x((F(x))))&(@x((F(x)))))->(@y((F(y)))))->((@x((F(x))))->(((@x((F(x))))&(@x((F(x)))))->(@y((F(y))))))))->((@x((F(x))))->((@x((F(x))))->(((@x((F(x))))&(@x((F(x)))))->(@y((F(y)))))))))))
(((((@x((F(x))))&(@x((F(x)))))->(@y((F(y)))))->(((@x((F(x))))->(((@x((F(x))))&(@x((F(x)))))->(@y((F(y))))))->(((@x((F(x))))->((((@x((F(x))))&(@x((F(x)))))->(@y((F(y)))))->((@x((F(x))))->(((@x((F(x))))&(@x((F(x)))))->(@y((F(y))))))))->((@x((F(x))))->((@x((F(x))))->(((@x((F(x))))&(@x((F(x)))))->(@y((F(y))))))))))->((((@x((F(x))))&(@x((F(x)))))->(@y((F(y)))))->(((@x((F(x))))->((((@x((F(x))))&(@x((F(x)))))->(@y((F(y)))))->((@x((F(x))))->(((@x((F(x))))&(@x((F(x)))))->(@y((F(y))))))))->((@x((F(x))))->((@x((F(x))))->(((@x((F(x))))&(@x((F(x)))))->(@y((F(y))))))))))
((((@x((F(x))))&(@x((F(x)))))->(@y((F(y)))))->(((@x((F(x))))->((((@x((F(x))))&(@x((F(x)))))->(@y((F(y)))))->((@x((F(x))))->(((@x((F(x))))&(@x((F(x)))))->(@y((F(y))))))))->((@x((F(x))))->((@x((F(x))))->(((@x((F(x))))&(@x((F(x)))))->(@y((F(y)))))))))
(((((@x((F(x))))&(@x((F(x)))))->(@y((F(y)))))->((@x((F(x))))->((((@x((F(x))))&(@x((F(x)))))->(@y((F(y)))))->((@x((F(x))))->(((@x((F(x))))&(@x((F(x)))))->(@y((F(y)))))))))->(((((@x((F(x))))&(@x((F(x)))))->(@y((F(y)))))->(((@x((F(x))))->((((@x((F(x))))&(@x((F(x)))))->(@y((F(y)))))->((@x((F(x))))->(((@x((F(x))))&(@x((F(x)))))->(@y((F(y))))))))->((@x((F(x))))->((@x((F(x))))->(((@x((F(x))))&(@x((F(x)))))->(@y((F(y)))))))))->((((@x((F(x))))&(@x((F(x)))))->(@y((F(y)))))->((@x((F(x))))->((@x((F(x))))->(((@x((F(x))))&(@x((F(x)))))->(@y((F(y))))))))))
(((((@x((F(x))))&(@x((F(x)))))->(@y((F(y)))))->(((@x((F(x))))->((((@x((F(x))))&(@x((F(x)))))->(@y((F(y)))))->((@x((F(x))))->(((@x((F(x))))&(@x((F(x)))))->(@y((F(y))))))))->((@x((F(x))))->((@x((F(x))))->(((@x((F(x))))&(@x((F(x)))))->(@y((F(y)))))))))->((((@x((F(x))))&(@x((F(x)))))->(@y((F(y)))))->((@x((F(x))))->((@x((F(x))))->(((@x((F(x))))&(@x((F(x)))))->(@y((F(y)))))))))
((((@x((F(x))))&(@x((F(x)))))->(@y((F(y)))))->((@x((F(x))))->((@x((F(x))))->(((@x((F(x))))&(@x((F(x)))))->(@y((F(y))))))))
(((@x((F(x))))->((@x((F(x))))&(@x((F(x))))))->(((@x((F(x))))->(((@x((F(x))))&(@x((F(x)))))->(@y((F(y))))))->((@x((F(x))))->(@y((F(y)))))))
((((@x((F(x))))->((@x((F(x))))&(@x((F(x))))))->(((@x((F(x))))->(((@x((F(x))))&(@x((F(x)))))->(@y((F(y))))))->((@x((F(x))))->(@y((F(y)))))))->((((@x((F(x))))&(@x((F(x)))))->(@y((F(y)))))->(((@x((F(x))))->((@x((F(x))))&(@x((F(x))))))->(((@x((F(x))))->(((@x((F(x))))&(@x((F(x)))))->(@y((F(y))))))->((@x((F(x))))->(@y((F(y)))))))))
((((@x((F(x))))&(@x((F(x)))))->(@y((F(y)))))->(((@x((F(x))))->((@x((F(x))))&(@x((F(x))))))->(((@x((F(x))))->(((@x((F(x))))&(@x((F(x)))))->(@y((F(y))))))->((@x((F(x))))->(@y((F(y))))))))
((((@x((F(x))))->((@x((F(x))))&(@x((F(x))))))->(((@x((F(x))))->(((@x((F(x))))&(@x((F(x)))))->(@y((F(y))))))->((@x((F(x))))->(@y((F(y)))))))->((@x((F(x))))->(((@x((F(x))))->((@x((F(x))))&(@x((F(x))))))->(((@x((F(x))))->(((@x((F(x))))&(@x((F(x)))))->(@y((F(y))))))->((@x((F(x))))->(@y((F(y)))))))))
(((((@x((F(x))))->((@x((F(x))))&(@x((F(x))))))->(((@x((F(x))))->(((@x((F(x))))&(@x((F(x)))))->(@y((F(y))))))->((@x((F(x))))->(@y((F(y)))))))->((@x((F(x))))->(((@x((F(x))))->((@x((F(x))))&(@x((F(x))))))->(((@x((F(x))))->(((@x((F(x))))&(@x((F(x)))))->(@y((F(y))))))->((@x((F(x))))->(@y((F(y)))))))))->((((@x((F(x))))&(@x((F(x)))))->(@y((F(y)))))->((((@x((F(x))))->((@x((F(x))))&(@x((F(x))))))->(((@x((F(x))))->(((@x((F(x))))&(@x((F(x)))))->(@y((F(y))))))->((@x((F(x))))->(@y((F(y)))))))->((@x((F(x))))->(((@x((F(x))))->((@x((F(x))))&(@x((F(x))))))->(((@x((F(x))))->(((@x((F(x))))&(@x((F(x)))))->(@y((F(y))))))->((@x((F(x))))->(@y((F(y)))))))))))
((((@x((F(x))))&(@x((F(x)))))->(@y((F(y)))))->((((@x((F(x))))->((@x((F(x))))&(@x((F(x))))))->(((@x((F(x))))->(((@x((F(x))))&(@x((F(x)))))->(@y((F(y))))))->((@x((F(x))))->(@y((F(y)))))))->((@x((F(x))))->(((@x((F(x))))->((@x((F(x))))&(@x((F(x))))))->(((@x((F(x))))->(((@x((F(x))))&(@x((F(x)))))->(@y((F(y))))))->((@x((F(x))))->(@y((F(y))))))))))
(((((@x((F(x))))&(@x((F(x)))))->(@y((F(y)))))->(((@x((F(x))))->((@x((F(x))))&(@x((F(x))))))->(((@x((F(x))))->(((@x((F(x))))&(@x((F(x)))))->(@y((F(y))))))->((@x((F(x))))->(@y((F(y))))))))->(((((@x((F(x))))&(@x((F(x)))))->(@y((F(y)))))->((((@x((F(x))))->((@x((F(x))))&(@x((F(x))))))->(((@x((F(x))))->(((@x((F(x))))&(@x((F(x)))))->(@y((F(y))))))->((@x((F(x))))->(@y((F(y)))))))->((@x((F(x))))->(((@x((F(x))))->((@x((F(x))))&(@x((F(x))))))->(((@x((F(x))))->(((@x((F(x))))&(@x((F(x)))))->(@y((F(y))))))->((@x((F(x))))->(@y((F(y))))))))))->((((@x((F(x))))&(@x((F(x)))))->(@y((F(y)))))->((@x((F(x))))->(((@x((F(x))))->((@x((F(x))))&(@x((F(x))))))->(((@x((F(x))))->(((@x((F(x))))&(@x((F(x)))))->(@y((F(y))))))->((@x((F(x))))->(@y((F(y)))))))))))
(((((@x((F(x))))&(@x((F(x)))))->(@y((F(y)))))->((((@x((F(x))))->((@x((F(x))))&(@x((F(x))))))->(((@x((F(x))))->(((@x((F(x))))&(@x((F(x)))))->(@y((F(y))))))->((@x((F(x))))->(@y((F(y)))))))->((@x((F(x))))->(((@x((F(x))))->((@x((F(x))))&(@x((F(x))))))->(((@x((F(x))))->(((@x((F(x))))&(@x((F(x)))))->(@y((F(y))))))->((@x((F(x))))->(@y((F(y))))))))))->((((@x((F(x))))&(@x((F(x)))))->(@y((F(y)))))->((@x((F(x))))->(((@x((F(x))))->((@x((F(x))))&(@x((F(x))))))->(((@x((F(x))))->(((@x((F(x))))&(@x((F(x)))))->(@y((F(y))))))->((@x((F(x))))->(@y((F(y))))))))))
((((@x((F(x))))&(@x((F(x)))))->(@y((F(y)))))->((@x((F(x))))->(((@x((F(x))))->((@x((F(x))))&(@x((F(x))))))->(((@x((F(x))))->(((@x((F(x))))&(@x((F(x)))))->(@y((F(y))))))->((@x((F(x))))->(@y((F(y)))))))))
(((@x((F(x))))->((@x((F(x))))->((@x((F(x))))&(@x((F(x)))))))->(((@x((F(x))))->(((@x((F(x))))->((@x((F(x))))&(@x((F(x))))))->(((@x((F(x))))->(((@x((F(x))))&(@x((F(x)))))->(@y((F(y))))))->((@x((F(x))))->(@y((F(y))))))))->((@x((F(x))))->(((@x((F(x))))->(((@x((F(x))))&(@x((F(x)))))->(@y((F(y))))))->((@x((F(x))))->(@y((F(y)))))))))
((((@x((F(x))))->((@x((F(x))))->((@x((F(x))))&(@x((F(x)))))))->(((@x((F(x))))->(((@x((F(x))))->((@x((F(x))))&(@x((F(x))))))->(((@x((F(x))))->(((@x((F(x))))&(@x((F(x)))))->(@y((F(y))))))->((@x((F(x))))->(@y((F(y))))))))->((@x((F(x))))->(((@x((F(x))))->(((@x((F(x))))&(@x((F(x)))))->(@y((F(y))))))->((@x((F(x))))->(@y((F(y)))))))))->((((@x((F(x))))&(@x((F(x)))))->(@y((F(y)))))->(((@x((F(x))))->((@x((F(x))))->((@x((F(x))))&(@x((F(x)))))))->(((@x((F(x))))->(((@x((F(x))))->((@x((F(x))))&(@x((F(x))))))->(((@x((F(x))))->(((@x((F(x))))&(@x((F(x)))))->(@y((F(y))))))->((@x((F(x))))->(@y((F(y))))))))->((@x((F(x))))->(((@x((F(x))))->(((@x((F(x))))&(@x((F(x)))))->(@y((F(y))))))->((@x((F(x))))->(@y((F(y)))))))))))
((((@x((F(x))))&(@x((F(x)))))->(@y((F(y)))))->(((@x((F(x))))->((@x((F(x))))->((@x((F(x))))&(@x((F(x)))))))->(((@x((F(x))))->(((@x((F(x))))->((@x((F(x))))&(@x((F(x))))))->(((@x((F(x))))->(((@x((F(x))))&(@x((F(x)))))->(@y((F(y))))))->((@x((F(x))))->(@y((F(y))))))))->((@x((F(x))))->(((@x((F(x))))->(((@x((F(x))))&(@x((F(x)))))->(@y((F(y))))))->((@x((F(x))))->(@y((F(y))))))))))
(((((@x((F(x))))&(@x((F(x)))))->(@y((F(y)))))->((@x((F(x))))->((@x((F(x))))->((@x((F(x))))&(@x((F(x))))))))->(((((@x((F(x))))&(@x((F(x)))))->(@y((F(y)))))->(((@x((F(x))))->((@x((F(x))))->((@x((F(x))))&(@x((F(x)))))))->(((@x((F(x))))->(((@x((F(x))))->((@x((F(x))))&(@x((F(x))))))->(((@x((F(x))))->(((@x((F(x))))&(@x((F(x)))))->(@y((F(y))))))->((@x((F(x))))->(@y((F(y))))))))->((@x((F(x))))->(((@x((F(x))))->(((@x((F(x))))&(@x((F(x)))))->(@y((F(y))))))->((@x((F(x))))->(@y((F(y))))))))))->((((@x((F(x))))&(@x((F(x)))))->(@y((F(y)))))->(((@x((F(x))))->(((@x((F(x))))->((@x((F(x))))&(@x((F(x))))))->(((@x((F(x))))->(((@x((F(x))))&(@x((F(x)))))->(@y((F(y))))))->((@x((F(x))))->(@y((F(y))))))))->((@x((F(x))))->(((@x((F(x))))->(((@x((F(x))))&(@x((F(x)))))->(@y((F(y))))))->((@x((F(x))))->(@y((F(y)))))))))))
(((((@x((F(x))))&(@x((F(x)))))->(@y((F(y)))))->(((@x((F(x))))->((@x((F(x))))->((@x((F(x))))&(@x((F(x)))))))->(((@x((F(x))))->(((@x((F(x))))->((@x((F(x))))&(@x((F(x))))))->(((@x((F(x))))->(((@x((F(x))))&(@x((F(x)))))->(@y((F(y))))))->((@x((F(x))))->(@y((F(y))))))))->((@x((F(x))))->(((@x((F(x))))->(((@x((F(x))))&(@x((F(x)))))->(@y((F(y))))))->((@x((F(x))))->(@y((F(y))))))))))->((((@x((F(x))))&(@x((F(x)))))->(@y((F(y)))))->(((@x((F(x))))->(((@x((F(x))))->((@x((F(x))))&(@x((F(x))))))->(((@x((F(x))))->(((@x((F(x))))&(@x((F(x)))))->(@y((F(y))))))->((@x((F(x))))->(@y((F(y))))))))->((@x((F(x))))->(((@x((F(x))))->(((@x((F(x))))&(@x((F(x)))))->(@y((F(y))))))->((@x((F(x))))->(@y((F(y))))))))))
((((@x((F(x))))&(@x((F(x)))))->(@y((F(y)))))->(((@x((F(x))))->(((@x((F(x))))->((@x((F(x))))&(@x((F(x))))))->(((@x((F(x))))->(((@x((F(x))))&(@x((F(x)))))->(@y((F(y))))))->((@x((F(x))))->(@y((F(y))))))))->((@x((F(x))))->(((@x((F(x))))->(((@x((F(x))))&(@x((F(x)))))->(@y((F(y))))))->((@x((F(x))))->(@y((F(y)))))))))
(((((@x((F(x))))&(@x((F(x)))))->(@y((F(y)))))->((@x((F(x))))->(((@x((F(x))))->((@x((F(x))))&(@x((F(x))))))->(((@x((F(x))))->(((@x((F(x))))&(@x((F(x)))))->(@y((F(y))))))->((@x((F(x))))->(@y((F(y)))))))))->(((((@x((F(x))))&(@x((F(x)))))->(@y((F(y)))))->(((@x((F(x))))->(((@x((F(x))))->((@x((F(x))))&(@x((F(x))))))->(((@x((F(x))))->(((@x((F(x))))&(@x((F(x)))))->(@y((F(y))))))->((@x((F(x))))->(@y((F(y))))))))->((@x((F(x))))->(((@x((F(x))))->(((@x((F(x))))&(@x((F(x)))))->(@y((F(y))))))->((@x((F(x))))->(@y((F(y)))))))))->((((@x((F(x))))&(@x((F(x)))))->(@y((F(y)))))->((@x((F(x))))->(((@x((F(x))))->(((@x((F(x))))&(@x((F(x)))))->(@y((F(y))))))->((@x((F(x))))->(@y((F(y))))))))))
(((((@x((F(x))))&(@x((F(x)))))->(@y((F(y)))))->(((@x((F(x))))->(((@x((F(x))))->((@x((F(x))))&(@x((F(x))))))->(((@x((F(x))))->(((@x((F(x))))&(@x((F(x)))))->(@y((F(y))))))->((@x((F(x))))->(@y((F(y))))))))->((@x((F(x))))->(((@x((F(x))))->(((@x((F(x))))&(@x((F(x)))))->(@y((F(y))))))->((@x((F(x))))->(@y((F(y)))))))))->((((@x((F(x))))&(@x((F(x)))))->(@y((F(y)))))->((@x((F(x))))->(((@x((F(x))))->(((@x((F(x))))&(@x((F(x)))))->(@y((F(y))))))->((@x((F(x))))->(@y((F(y)))))))))
((((@x((F(x))))&(@x((F(x)))))->(@y((F(y)))))->((@x((F(x))))->(((@x((F(x))))->(((@x((F(x))))&(@x((F(x)))))->(@y((F(y))))))->((@x((F(x))))->(@y((F(y))))))))
(((@x((F(x))))->((@x((F(x))))->(((@x((F(x))))&(@x((F(x)))))->(@y((F(y)))))))->(((@x((F(x))))->(((@x((F(x))))->(((@x((F(x))))&(@x((F(x)))))->(@y((F(y))))))->((@x((F(x))))->(@y((F(y)))))))->((@x((F(x))))->((@x((F(x))))->(@y((F(y))))))))
((((@x((F(x))))->((@x((F(x))))->(((@x((F(x))))&(@x((F(x)))))->(@y((F(y)))))))->(((@x((F(x))))->(((@x((F(x))))->(((@x((F(x))))&(@x((F(x)))))->(@y((F(y))))))->((@x((F(x))))->(@y((F(y)))))))->((@x((F(x))))->((@x((F(x))))->(@y((F(y))))))))->((((@x((F(x))))&(@x((F(x)))))->(@y((F(y)))))->(((@x((F(x))))->((@x((F(x))))->(((@x((F(x))))&(@x((F(x)))))->(@y((F(y)))))))->(((@x((F(x))))->(((@x((F(x))))->(((@x((F(x))))&(@x((F(x)))))->(@y((F(y))))))->((@x((F(x))))->(@y((F(y)))))))->((@x((F(x))))->((@x((F(x))))->(@y((F(y))))))))))
((((@x((F(x))))&(@x((F(x)))))->(@y((F(y)))))->(((@x((F(x))))->((@x((F(x))))->(((@x((F(x))))&(@x((F(x)))))->(@y((F(y)))))))->(((@x((F(x))))->(((@x((F(x))))->(((@x((F(x))))&(@x((F(x)))))->(@y((F(y))))))->((@x((F(x))))->(@y((F(y)))))))->((@x((F(x))))->((@x((F(x))))->(@y((F(y)))))))))
(((((@x((F(x))))&(@x((F(x)))))->(@y((F(y)))))->((@x((F(x))))->((@x((F(x))))->(((@x((F(x))))&(@x((F(x)))))->(@y((F(y))))))))->(((((@x((F(x))))&(@x((F(x)))))->(@y((F(y)))))->(((@x((F(x))))->((@x((F(x))))->(((@x((F(x))))&(@x((F(x)))))->(@y((F(y)))))))->(((@x((F(x))))->(((@x((F(x))))->(((@x((F(x))))&(@x((F(x)))))->(@y((F(y))))))->((@x((F(x))))->(@y((F(y)))))))->((@x((F(x))))->((@x((F(x))))->(@y((F(y)))))))))->((((@x((F(x))))&(@x((F(x)))))->(@y((F(y)))))->(((@x((F(x))))->(((@x((F(x))))->(((@x((F(x))))&(@x((F(x)))))->(@y((F(y))))))->((@x((F(x))))->(@y((F(y)))))))->((@x((F(x))))->((@x((F(x))))->(@y((F(y))))))))))
(((((@x((F(x))))&(@x((F(x)))))->(@y((F(y)))))->(((@x((F(x))))->((@x((F(x))))->(((@x((F(x))))&(@x((F(x)))))->(@y((F(y)))))))->(((@x((F(x))))->(((@x((F(x))))->(((@x((F(x))))&(@x((F(x)))))->(@y((F(y))))))->((@x((F(x))))->(@y((F(y)))))))->((@x((F(x))))->((@x((F(x))))->(@y((F(y)))))))))->((((@x((F(x))))&(@x((F(x)))))->(@y((F(y)))))->(((@x((F(x))))->(((@x((F(x))))->(((@x((F(x))))&(@x((F(x)))))->(@y((F(y))))))->((@x((F(x))))->(@y((F(y)))))))->((@x((F(x))))->((@x((F(x))))->(@y((F(y)))))))))
((((@x((F(x))))&(@x((F(x)))))->(@y((F(y)))))->(((@x((F(x))))->(((@x((F(x))))->(((@x((F(x))))&(@x((F(x)))))->(@y((F(y))))))->((@x((F(x))))->(@y((F(y)))))))->((@x((F(x))))->((@x((F(x))))->(@y((F(y))))))))
(((((@x((F(x))))&(@x((F(x)))))->(@y((F(y)))))->((@x((F(x))))->(((@x((F(x))))->(((@x((F(x))))&(@x((F(x)))))->(@y((F(y))))))->((@x((F(x))))->(@y((F(y))))))))->(((((@x((F(x))))&(@x((F(x)))))->(@y((F(y)))))->(((@x((F(x))))->(((@x((F(x))))->(((@x((F(x))))&(@x((F(x)))))->(@y((F(y))))))->((@x((F(x))))->(@y((F(y)))))))->((@x((F(x))))->((@x((F(x))))->(@y((F(y))))))))->((((@x((F(x))))&(@x((F(x)))))->(@y((F(y)))))->((@x((F(x))))->((@x((F(x))))->(@y((F(y)))))))))
(((((@x((F(x))))&(@x((F(x)))))->(@y((F(y)))))->(((@x((F(x))))->(((@x((F(x))))->(((@x((F(x))))&(@x((F(x)))))->(@y((F(y))))))->((@x((F(x))))->(@y((F(y)))))))->((@x((F(x))))->((@x((F(x))))->(@y((F(y))))))))->((((@x((F(x))))&(@x((F(x)))))->(@y((F(y)))))->((@x((F(x))))->((@x((F(x))))->(@y((F(y))))))))
((((@x((F(x))))&(@x((F(x)))))->(@y((F(y)))))->((@x((F(x))))->((@x((F(x))))->(@y((F(y)))))))
((@x((F(x))))->((@x((F(x))))->(@y((F(y))))))
(((@x((F(x))))->(@x((F(x)))))->(((@x((F(x))))->((@x((F(x))))->(@y((F(y))))))->((@x((F(x))))->(@y((F(y)))))))
(((@x((F(x))))->((@x((F(x))))->(@y((F(y))))))->((@x((F(x))))->(@y((F(y))))))
((@x((F(x))))->(@y((F(y)))))
