(!(F(x)))|-((F(x))->G)
((F(x))->((!G)->(F(x))))
(((F(x))->((!G)->(F(x))))->((F(x))->((F(x))->((!G)->(F(x))))))
((F(x))->((F(x))->((!G)->(F(x)))))
((!(F(x)))->((!G)->(!(F(x)))))
(((!(F(x)))->((!G)->(!(F(x)))))->((F(x))->((!(F(x)))->((!G)->(!(F(x)))))))
((F(x))->((!(F(x)))->((!G)->(!(F(x))))))
((F(x))->((F(x))->(F(x))))
(((F(x))->((F(x))->(F(x))))->(((F(x))->(((F(x))->(F(x)))->(F(x))))->((F(x))->(F(x)))))
(((F(x))->(((F(x))->(F(x)))->(F(x))))->((F(x))->(F(x))))
((F(x))->(((F(x))->(F(x)))->(F(x))))
((F(x))->(F(x)))
(((F(x))->(F(x)))->(((F(x))->((F(x))->((!G)->(F(x)))))->((F(x))->((!G)->(F(x))))))
(((F(x))->((F(x))->((!G)->(F(x)))))->((F(x))->((!G)->(F(x)))))
((F(x))->((!G)->(F(x))))
(!(F(x)))
((!(F(x)))->((F(x))->(!(F(x)))))
((F(x))->(!(F(x))))
(((F(x))->(!(F(x))))->(((F(x))->((!(F(x)))->((!G)->(!(F(x))))))->((F(x))->((!G)->(!(F(x)))))))
(((F(x))->((!(F(x)))->((!G)->(!(F(x))))))->((F(x))->((!G)->(!(F(x))))))
((F(x))->((!G)->(!(F(x)))))
(((!G)->(F(x)))->(((!G)->(!(F(x))))->(!(!G))))
((((!G)->(F(x)))->(((!G)->(!(F(x))))->(!(!G))))->((F(x))->(((!G)->(F(x)))->(((!G)->(!(F(x))))->(!(!G))))))
((F(x))->(((!G)->(F(x)))->(((!G)->(!(F(x))))->(!(!G)))))
(((F(x))->((!G)->(F(x))))->(((F(x))->(((!G)->(F(x)))->(((!G)->(!(F(x))))->(!(!G)))))->((F(x))->(((!G)->(!(F(x))))->(!(!G))))))
(((F(x))->(((!G)->(F(x)))->(((!G)->(!(F(x))))->(!(!G)))))->((F(x))->(((!G)->(!(F(x))))->(!(!G)))))
((F(x))->(((!G)->(!(F(x))))->(!(!G))))
(((F(x))->((!G)->(!(F(x)))))->(((F(x))->(((!G)->(!(F(x))))->(!(!G))))->((F(x))->(!(!G)))))
(((F(x))->(((!G)->(!(F(x))))->(!(!G))))->((F(x))->(!(!G))))
((F(x))->(!(!G)))
((!(!G))->G)
(((!(!G))->G)->((F(x))->((!(!G))->G)))
((F(x))->((!(!G))->G))
(((F(x))->(!(!G)))->(((F(x))->((!(!G))->G))->((F(x))->G)))
(((F(x))->((!(!G))->G))->((F(x))->G))
((F(x))->G)
