|-(@xF(x)->@yF(y))
(@xF(x)->(@xF(x)->@xF(x)))
((@xF(x)->(@xF(x)->@xF(x)))->((@xF(x)->((@xF(x)->@xF(x))->@xF(x)))->(@xF(x)->@xF(x))))
((@xF(x)->((@xF(x)->@xF(x))->@xF(x)))->(@xF(x)->@xF(x)))
(@xF(x)->((@xF(x)->@xF(x))->@xF(x)))
(@xF(x)->@xF(x))
(@xF(x)->F(y))
((@xF(x)->F(y))->(@xF(x)->(@xF(x)->F(y))))
(@xF(x)->(@xF(x)->F(y)))
((@xF(x)->@xF(x))->((@xF(x)->(@xF(x)->F(y)))->(@xF(x)->F(y))))
((@xF(x)->(@xF(x)->F(y)))->(@xF(x)->F(y)))
(@xF(x)->F(y))
(F(y)->(@xF(x)->F(y)))
((F(y)->(@xF(x)->F(y)))->(@xF(x)->(F(y)->(@xF(x)->F(y)))))
(@xF(x)->(F(y)->(@xF(x)->F(y))))
(@xF(x)->F(y))
((@xF(x)->F(y))->(@xF(x)->(@xF(x)->F(y))))
(@xF(x)->(@xF(x)->F(y)))
((@xF(x)&@xF(x))->((@xF(x)&@xF(x))->(@xF(x)&@xF(x))))
(((@xF(x)&@xF(x))->((@xF(x)&@xF(x))->(@xF(x)&@xF(x))))->((@xF(x)->(@xF(x)->F(y)))->((@xF(x)&@xF(x))->((@xF(x)&@xF(x))->(@xF(x)&@xF(x))))))
((@xF(x)->(@xF(x)->F(y)))->((@xF(x)&@xF(x))->((@xF(x)&@xF(x))->(@xF(x)&@xF(x)))))
(((@xF(x)&@xF(x))->((@xF(x)&@xF(x))->(@xF(x)&@xF(x))))->(((@xF(x)&@xF(x))->(((@xF(x)&@xF(x))->(@xF(x)&@xF(x)))->(@xF(x)&@xF(x))))->((@xF(x)&@xF(x))->(@xF(x)&@xF(x)))))
((((@xF(x)&@xF(x))->((@xF(x)&@xF(x))->(@xF(x)&@xF(x))))->(((@xF(x)&@xF(x))->(((@xF(x)&@xF(x))->(@xF(x)&@xF(x)))->(@xF(x)&@xF(x))))->((@xF(x)&@xF(x))->(@xF(x)&@xF(x)))))->((@xF(x)->(@xF(x)->F(y)))->(((@xF(x)&@xF(x))->((@xF(x)&@xF(x))->(@xF(x)&@xF(x))))->(((@xF(x)&@xF(x))->(((@xF(x)&@xF(x))->(@xF(x)&@xF(x)))->(@xF(x)&@xF(x))))->((@xF(x)&@xF(x))->(@xF(x)&@xF(x)))))))
((@xF(x)->(@xF(x)->F(y)))->(((@xF(x)&@xF(x))->((@xF(x)&@xF(x))->(@xF(x)&@xF(x))))->(((@xF(x)&@xF(x))->(((@xF(x)&@xF(x))->(@xF(x)&@xF(x)))->(@xF(x)&@xF(x))))->((@xF(x)&@xF(x))->(@xF(x)&@xF(x))))))
(((@xF(x)->(@xF(x)->F(y)))->((@xF(x)&@xF(x))->((@xF(x)&@xF(x))->(@xF(x)&@xF(x)))))->(((@xF(x)->(@xF(x)->F(y)))->(((@xF(x)&@xF(x))->((@xF(x)&@xF(x))->(@xF(x)&@xF(x))))->(((@xF(x)&@xF(x))->(((@xF(x)&@xF(x))->(@xF(x)&@xF(x)))->(@xF(x)&@xF(x))))->((@xF(x)&@xF(x))->(@xF(x)&@xF(x))))))->((@xF(x)->(@xF(x)->F(y)))->(((@xF(x)&@xF(x))->(((@xF(x)&@xF(x))->(@xF(x)&@xF(x)))->(@xF(x)&@xF(x))))->((@xF(x)&@xF(x))->(@xF(x)&@xF(x)))))))
(((@xF(x)->(@xF(x)->F(y)))->(((@xF(x)&@xF(x))->((@xF(x)&@xF(x))->(@xF(x)&@xF(x))))->(((@xF(x)&@xF(x))->(((@xF(x)&@xF(x))->(@xF(x)&@xF(x)))->(@xF(x)&@xF(x))))->((@xF(x)&@xF(x))->(@xF(x)&@xF(x))))))->((@xF(x)->(@xF(x)->F(y)))->(((@xF(x)&@xF(x))->(((@xF(x)&@xF(x))->(@xF(x)&@xF(x)))->(@xF(x)&@xF(x))))->((@xF(x)&@xF(x))->(@xF(x)&@xF(x))))))
((@xF(x)->(@xF(x)->F(y)))->(((@xF(x)&@xF(x))->(((@xF(x)&@xF(x))->(@xF(x)&@xF(x)))->(@xF(x)&@xF(x))))->((@xF(x)&@xF(x))->(@xF(x)&@xF(x)))))
((@xF(x)&@xF(x))->(((@xF(x)&@xF(x))->(@xF(x)&@xF(x)))->(@xF(x)&@xF(x))))
(((@xF(x)&@xF(x))->(((@xF(x)&@xF(x))->(@xF(x)&@xF(x)))->(@xF(x)&@xF(x))))->((@xF(x)->(@xF(x)->F(y)))->((@xF(x)&@xF(x))->(((@xF(x)&@xF(x))->(@xF(x)&@xF(x)))->(@xF(x)&@xF(x))))))
((@xF(x)->(@xF(x)->F(y)))->((@xF(x)&@xF(x))->(((@xF(x)&@xF(x))->(@xF(x)&@xF(x)))->(@xF(x)&@xF(x)))))
(((@xF(x)->(@xF(x)->F(y)))->((@xF(x)&@xF(x))->(((@xF(x)&@xF(x))->(@xF(x)&@xF(x)))->(@xF(x)&@xF(x)))))->(((@xF(x)->(@xF(x)->F(y)))->(((@xF(x)&@xF(x))->(((@xF(x)&@xF(x))->(@xF(x)&@xF(x)))->(@xF(x)&@xF(x))))->((@xF(x)&@xF(x))->(@xF(x)&@xF(x)))))->((@xF(x)->(@xF(x)->F(y)))->((@xF(x)&@xF(x))->(@xF(x)&@xF(x))))))
(((@xF(x)->(@xF(x)->F(y)))->(((@xF(x)&@xF(x))->(((@xF(x)&@xF(x))->(@xF(x)&@xF(x)))->(@xF(x)&@xF(x))))->((@xF(x)&@xF(x))->(@xF(x)&@xF(x)))))->((@xF(x)->(@xF(x)->F(y)))->((@xF(x)&@xF(x))->(@xF(x)&@xF(x)))))
((@xF(x)->(@xF(x)->F(y)))->((@xF(x)&@xF(x))->(@xF(x)&@xF(x))))
((@xF(x)&@xF(x))->@xF(x))
(((@xF(x)&@xF(x))->@xF(x))->((@xF(x)->(@xF(x)->F(y)))->((@xF(x)&@xF(x))->@xF(x))))
((@xF(x)->(@xF(x)->F(y)))->((@xF(x)&@xF(x))->@xF(x)))
(((@xF(x)&@xF(x))->@xF(x))->((@xF(x)&@xF(x))->((@xF(x)&@xF(x))->@xF(x))))
((((@xF(x)&@xF(x))->@xF(x))->((@xF(x)&@xF(x))->((@xF(x)&@xF(x))->@xF(x))))->((@xF(x)->(@xF(x)->F(y)))->(((@xF(x)&@xF(x))->@xF(x))->((@xF(x)&@xF(x))->((@xF(x)&@xF(x))->@xF(x))))))
((@xF(x)->(@xF(x)->F(y)))->(((@xF(x)&@xF(x))->@xF(x))->((@xF(x)&@xF(x))->((@xF(x)&@xF(x))->@xF(x)))))
(((@xF(x)->(@xF(x)->F(y)))->((@xF(x)&@xF(x))->@xF(x)))->(((@xF(x)->(@xF(x)->F(y)))->(((@xF(x)&@xF(x))->@xF(x))->((@xF(x)&@xF(x))->((@xF(x)&@xF(x))->@xF(x)))))->((@xF(x)->(@xF(x)->F(y)))->((@xF(x)&@xF(x))->((@xF(x)&@xF(x))->@xF(x))))))
(((@xF(x)->(@xF(x)->F(y)))->(((@xF(x)&@xF(x))->@xF(x))->((@xF(x)&@xF(x))->((@xF(x)&@xF(x))->@xF(x)))))->((@xF(x)->(@xF(x)->F(y)))->((@xF(x)&@xF(x))->((@xF(x)&@xF(x))->@xF(x)))))
((@xF(x)->(@xF(x)->F(y)))->((@xF(x)&@xF(x))->((@xF(x)&@xF(x))->@xF(x))))
(((@xF(x)&@xF(x))->(@xF(x)&@xF(x)))->(((@xF(x)&@xF(x))->((@xF(x)&@xF(x))->@xF(x)))->((@xF(x)&@xF(x))->@xF(x))))
((((@xF(x)&@xF(x))->(@xF(x)&@xF(x)))->(((@xF(x)&@xF(x))->((@xF(x)&@xF(x))->@xF(x)))->((@xF(x)&@xF(x))->@xF(x))))->((@xF(x)->(@xF(x)->F(y)))->(((@xF(x)&@xF(x))->(@xF(x)&@xF(x)))->(((@xF(x)&@xF(x))->((@xF(x)&@xF(x))->@xF(x)))->((@xF(x)&@xF(x))->@xF(x))))))
((@xF(x)->(@xF(x)->F(y)))->(((@xF(x)&@xF(x))->(@xF(x)&@xF(x)))->(((@xF(x)&@xF(x))->((@xF(x)&@xF(x))->@xF(x)))->((@xF(x)&@xF(x))->@xF(x)))))
(((@xF(x)->(@xF(x)->F(y)))->((@xF(x)&@xF(x))->(@xF(x)&@xF(x))))->(((@xF(x)->(@xF(x)->F(y)))->(((@xF(x)&@xF(x))->(@xF(x)&@xF(x)))->(((@xF(x)&@xF(x))->((@xF(x)&@xF(x))->@xF(x)))->((@xF(x)&@xF(x))->@xF(x)))))->((@xF(x)->(@xF(x)->F(y)))->(((@xF(x)&@xF(x))->((@xF(x)&@xF(x))->@xF(x)))->((@xF(x)&@xF(x))->@xF(x))))))
(((@xF(x)->(@xF(x)->F(y)))->(((@xF(x)&@xF(x))->(@xF(x)&@xF(x)))->(((@xF(x)&@xF(x))->((@xF(x)&@xF(x))->@xF(x)))->((@xF(x)&@xF(x))->@xF(x)))))->((@xF(x)->(@xF(x)->F(y)))->(((@xF(x)&@xF(x))->((@xF(x)&@xF(x))->@xF(x)))->((@xF(x)&@xF(x))->@xF(x)))))
((@xF(x)->(@xF(x)->F(y)))->(((@xF(x)&@xF(x))->((@xF(x)&@xF(x))->@xF(x)))->((@xF(x)&@xF(x))->@xF(x))))
((@xF(x)&@xF(x))->@xF(x))
(((@xF(x)&@xF(x))->@xF(x))->((@xF(x)->(@xF(x)->F(y)))->((@xF(x)&@xF(x))->@xF(x))))
((@xF(x)->(@xF(x)->F(y)))->((@xF(x)&@xF(x))->@xF(x)))
((@xF(x)&@xF(x))->@xF(x))
(((@xF(x)&@xF(x))->@xF(x))->((@xF(x)->(@xF(x)->F(y)))->((@xF(x)&@xF(x))->@xF(x))))
((@xF(x)->(@xF(x)->F(y)))->((@xF(x)&@xF(x))->@xF(x)))
(((@xF(x)&@xF(x))->@xF(x))->((@xF(x)&@xF(x))->((@xF(x)&@xF(x))->@xF(x))))
((((@xF(x)&@xF(x))->@xF(x))->((@xF(x)&@xF(x))->((@xF(x)&@xF(x))->@xF(x))))->((@xF(x)->(@xF(x)->F(y)))->(((@xF(x)&@xF(x))->@xF(x))->((@xF(x)&@xF(x))->((@xF(x)&@xF(x))->@xF(x))))))
((@xF(x)->(@xF(x)->F(y)))->(((@xF(x)&@xF(x))->@xF(x))->((@xF(x)&@xF(x))->((@xF(x)&@xF(x))->@xF(x)))))
(((@xF(x)->(@xF(x)->F(y)))->((@xF(x)&@xF(x))->@xF(x)))->(((@xF(x)->(@xF(x)->F(y)))->(((@xF(x)&@xF(x))->@xF(x))->((@xF(x)&@xF(x))->((@xF(x)&@xF(x))->@xF(x)))))->((@xF(x)->(@xF(x)->F(y)))->((@xF(x)&@xF(x))->((@xF(x)&@xF(x))->@xF(x))))))
(((@xF(x)->(@xF(x)->F(y)))->(((@xF(x)&@xF(x))->@xF(x))->((@xF(x)&@xF(x))->((@xF(x)&@xF(x))->@xF(x)))))->((@xF(x)->(@xF(x)->F(y)))->((@xF(x)&@xF(x))->((@xF(x)&@xF(x))->@xF(x)))))
((@xF(x)->(@xF(x)->F(y)))->((@xF(x)&@xF(x))->((@xF(x)&@xF(x))->@xF(x))))
(((@xF(x)&@xF(x))->(@xF(x)&@xF(x)))->(((@xF(x)&@xF(x))->((@xF(x)&@xF(x))->@xF(x)))->((@xF(x)&@xF(x))->@xF(x))))
((((@xF(x)&@xF(x))->(@xF(x)&@xF(x)))->(((@xF(x)&@xF(x))->((@xF(x)&@xF(x))->@xF(x)))->((@xF(x)&@xF(x))->@xF(x))))->((@xF(x)->(@xF(x)->F(y)))->(((@xF(x)&@xF(x))->(@xF(x)&@xF(x)))->(((@xF(x)&@xF(x))->((@xF(x)&@xF(x))->@xF(x)))->((@xF(x)&@xF(x))->@xF(x))))))
((@xF(x)->(@xF(x)->F(y)))->(((@xF(x)&@xF(x))->(@xF(x)&@xF(x)))->(((@xF(x)&@xF(x))->((@xF(x)&@xF(x))->@xF(x)))->((@xF(x)&@xF(x))->@xF(x)))))
(((@xF(x)->(@xF(x)->F(y)))->((@xF(x)&@xF(x))->(@xF(x)&@xF(x))))->(((@xF(x)->(@xF(x)->F(y)))->(((@xF(x)&@xF(x))->(@xF(x)&@xF(x)))->(((@xF(x)&@xF(x))->((@xF(x)&@xF(x))->@xF(x)))->((@xF(x)&@xF(x))->@xF(x)))))->((@xF(x)->(@xF(x)->F(y)))->(((@xF(x)&@xF(x))->((@xF(x)&@xF(x))->@xF(x)))->((@xF(x)&@xF(x))->@xF(x))))))
(((@xF(x)->(@xF(x)->F(y)))->(((@xF(x)&@xF(x))->(@xF(x)&@xF(x)))->(((@xF(x)&@xF(x))->((@xF(x)&@xF(x))->@xF(x)))->((@xF(x)&@xF(x))->@xF(x)))))->((@xF(x)->(@xF(x)->F(y)))->(((@xF(x)&@xF(x))->((@xF(x)&@xF(x))->@xF(x)))->((@xF(x)&@xF(x))->@xF(x)))))
((@xF(x)->(@xF(x)->F(y)))->(((@xF(x)&@xF(x))->((@xF(x)&@xF(x))->@xF(x)))->((@xF(x)&@xF(x))->@xF(x))))
((@xF(x)&@xF(x))->@xF(x))
(((@xF(x)&@xF(x))->@xF(x))->((@xF(x)->(@xF(x)->F(y)))->((@xF(x)&@xF(x))->@xF(x))))
((@xF(x)->(@xF(x)->F(y)))->((@xF(x)&@xF(x))->@xF(x)))
((@xF(x)->(@xF(x)->F(y)))->((@xF(x)->(@xF(x)->F(y)))->(@xF(x)->(@xF(x)->F(y)))))
(((@xF(x)->(@xF(x)->F(y)))->((@xF(x)->(@xF(x)->F(y)))->(@xF(x)->(@xF(x)->F(y)))))->(((@xF(x)->(@xF(x)->F(y)))->(((@xF(x)->(@xF(x)->F(y)))->(@xF(x)->(@xF(x)->F(y))))->(@xF(x)->(@xF(x)->F(y)))))->((@xF(x)->(@xF(x)->F(y)))->(@xF(x)->(@xF(x)->F(y))))))
(((@xF(x)->(@xF(x)->F(y)))->(((@xF(x)->(@xF(x)->F(y)))->(@xF(x)->(@xF(x)->F(y))))->(@xF(x)->(@xF(x)->F(y)))))->((@xF(x)->(@xF(x)->F(y)))->(@xF(x)->(@xF(x)->F(y)))))
((@xF(x)->(@xF(x)->F(y)))->(((@xF(x)->(@xF(x)->F(y)))->(@xF(x)->(@xF(x)->F(y))))->(@xF(x)->(@xF(x)->F(y)))))
((@xF(x)->(@xF(x)->F(y)))->(@xF(x)->(@xF(x)->F(y))))
((@xF(x)->(@xF(x)->F(y)))->((@xF(x)&@xF(x))->(@xF(x)->(@xF(x)->F(y)))))
(((@xF(x)->(@xF(x)->F(y)))->((@xF(x)&@xF(x))->(@xF(x)->(@xF(x)->F(y)))))->((@xF(x)->(@xF(x)->F(y)))->((@xF(x)->(@xF(x)->F(y)))->((@xF(x)&@xF(x))->(@xF(x)->(@xF(x)->F(y)))))))
((@xF(x)->(@xF(x)->F(y)))->((@xF(x)->(@xF(x)->F(y)))->((@xF(x)&@xF(x))->(@xF(x)->(@xF(x)->F(y))))))
(((@xF(x)->(@xF(x)->F(y)))->(@xF(x)->(@xF(x)->F(y))))->(((@xF(x)->(@xF(x)->F(y)))->((@xF(x)->(@xF(x)->F(y)))->((@xF(x)&@xF(x))->(@xF(x)->(@xF(x)->F(y))))))->((@xF(x)->(@xF(x)->F(y)))->((@xF(x)&@xF(x))->(@xF(x)->(@xF(x)->F(y)))))))
(((@xF(x)->(@xF(x)->F(y)))->((@xF(x)->(@xF(x)->F(y)))->((@xF(x)&@xF(x))->(@xF(x)->(@xF(x)->F(y))))))->((@xF(x)->(@xF(x)->F(y)))->((@xF(x)&@xF(x))->(@xF(x)->(@xF(x)->F(y))))))
((@xF(x)->(@xF(x)->F(y)))->((@xF(x)&@xF(x))->(@xF(x)->(@xF(x)->F(y)))))
(((@xF(x)&@xF(x))->@xF(x))->(((@xF(x)&@xF(x))->(@xF(x)->(@xF(x)->F(y))))->((@xF(x)&@xF(x))->(@xF(x)->F(y)))))
((((@xF(x)&@xF(x))->@xF(x))->(((@xF(x)&@xF(x))->(@xF(x)->(@xF(x)->F(y))))->((@xF(x)&@xF(x))->(@xF(x)->F(y)))))->((@xF(x)->(@xF(x)->F(y)))->(((@xF(x)&@xF(x))->@xF(x))->(((@xF(x)&@xF(x))->(@xF(x)->(@xF(x)->F(y))))->((@xF(x)&@xF(x))->(@xF(x)->F(y)))))))
((@xF(x)->(@xF(x)->F(y)))->(((@xF(x)&@xF(x))->@xF(x))->(((@xF(x)&@xF(x))->(@xF(x)->(@xF(x)->F(y))))->((@xF(x)&@xF(x))->(@xF(x)->F(y))))))
(((@xF(x)->(@xF(x)->F(y)))->((@xF(x)&@xF(x))->@xF(x)))->(((@xF(x)->(@xF(x)->F(y)))->(((@xF(x)&@xF(x))->@xF(x))->(((@xF(x)&@xF(x))->(@xF(x)->(@xF(x)->F(y))))->((@xF(x)&@xF(x))->(@xF(x)->F(y))))))->((@xF(x)->(@xF(x)->F(y)))->(((@xF(x)&@xF(x))->(@xF(x)->(@xF(x)->F(y))))->((@xF(x)&@xF(x))->(@xF(x)->F(y)))))))
(((@xF(x)->(@xF(x)->F(y)))->(((@xF(x)&@xF(x))->@xF(x))->(((@xF(x)&@xF(x))->(@xF(x)->(@xF(x)->F(y))))->((@xF(x)&@xF(x))->(@xF(x)->F(y))))))->((@xF(x)->(@xF(x)->F(y)))->(((@xF(x)&@xF(x))->(@xF(x)->(@xF(x)->F(y))))->((@xF(x)&@xF(x))->(@xF(x)->F(y))))))
((@xF(x)->(@xF(x)->F(y)))->(((@xF(x)&@xF(x))->(@xF(x)->(@xF(x)->F(y))))->((@xF(x)&@xF(x))->(@xF(x)->F(y)))))
(((@xF(x)->(@xF(x)->F(y)))->((@xF(x)&@xF(x))->(@xF(x)->(@xF(x)->F(y)))))->(((@xF(x)->(@xF(x)->F(y)))->(((@xF(x)&@xF(x))->(@xF(x)->(@xF(x)->F(y))))->((@xF(x)&@xF(x))->(@xF(x)->F(y)))))->((@xF(x)->(@xF(x)->F(y)))->((@xF(x)&@xF(x))->(@xF(x)->F(y))))))
(((@xF(x)->(@xF(x)->F(y)))->(((@xF(x)&@xF(x))->(@xF(x)->(@xF(x)->F(y))))->((@xF(x)&@xF(x))->(@xF(x)->F(y)))))->((@xF(x)->(@xF(x)->F(y)))->((@xF(x)&@xF(x))->(@xF(x)->F(y)))))
((@xF(x)->(@xF(x)->F(y)))->((@xF(x)&@xF(x))->(@xF(x)->F(y))))
(((@xF(x)&@xF(x))->@xF(x))->(((@xF(x)&@xF(x))->(@xF(x)->F(y)))->((@xF(x)&@xF(x))->F(y))))
((((@xF(x)&@xF(x))->@xF(x))->(((@xF(x)&@xF(x))->(@xF(x)->F(y)))->((@xF(x)&@xF(x))->F(y))))->((@xF(x)->(@xF(x)->F(y)))->(((@xF(x)&@xF(x))->@xF(x))->(((@xF(x)&@xF(x))->(@xF(x)->F(y)))->((@xF(x)&@xF(x))->F(y))))))
((@xF(x)->(@xF(x)->F(y)))->(((@xF(x)&@xF(x))->@xF(x))->(((@xF(x)&@xF(x))->(@xF(x)->F(y)))->((@xF(x)&@xF(x))->F(y)))))
(((@xF(x)->(@xF(x)->F(y)))->((@xF(x)&@xF(x))->@xF(x)))->(((@xF(x)->(@xF(x)->F(y)))->(((@xF(x)&@xF(x))->@xF(x))->(((@xF(x)&@xF(x))->(@xF(x)->F(y)))->((@xF(x)&@xF(x))->F(y)))))->((@xF(x)->(@xF(x)->F(y)))->(((@xF(x)&@xF(x))->(@xF(x)->F(y)))->((@xF(x)&@xF(x))->F(y))))))
(((@xF(x)->(@xF(x)->F(y)))->(((@xF(x)&@xF(x))->@xF(x))->(((@xF(x)&@xF(x))->(@xF(x)->F(y)))->((@xF(x)&@xF(x))->F(y)))))->((@xF(x)->(@xF(x)->F(y)))->(((@xF(x)&@xF(x))->(@xF(x)->F(y)))->((@xF(x)&@xF(x))->F(y)))))
((@xF(x)->(@xF(x)->F(y)))->(((@xF(x)&@xF(x))->(@xF(x)->F(y)))->((@xF(x)&@xF(x))->F(y))))
(((@xF(x)->(@xF(x)->F(y)))->((@xF(x)&@xF(x))->(@xF(x)->F(y))))->(((@xF(x)->(@xF(x)->F(y)))->(((@xF(x)&@xF(x))->(@xF(x)->F(y)))->((@xF(x)&@xF(x))->F(y))))->((@xF(x)->(@xF(x)->F(y)))->((@xF(x)&@xF(x))->F(y)))))
(((@xF(x)->(@xF(x)->F(y)))->(((@xF(x)&@xF(x))->(@xF(x)->F(y)))->((@xF(x)&@xF(x))->F(y))))->((@xF(x)->(@xF(x)->F(y)))->((@xF(x)&@xF(x))->F(y))))
((@xF(x)->(@xF(x)->F(y)))->((@xF(x)&@xF(x))->F(y)))
((@xF(x)&@xF(x))->F(y))
((@xF(x)&@xF(x))->@yF(y))
(@xF(x)->(@xF(x)->@xF(x)))
((@xF(x)->(@xF(x)->@xF(x)))->(((@xF(x)&@xF(x))->@yF(y))->(@xF(x)->(@xF(x)->@xF(x)))))
(((@xF(x)&@xF(x))->@yF(y))->(@xF(x)->(@xF(x)->@xF(x))))
((@xF(x)->(@xF(x)->@xF(x)))->((@xF(x)->((@xF(x)->@xF(x))->@xF(x)))->(@xF(x)->@xF(x))))
(((@xF(x)->(@xF(x)->@xF(x)))->((@xF(x)->((@xF(x)->@xF(x))->@xF(x)))->(@xF(x)->@xF(x))))->(((@xF(x)&@xF(x))->@yF(y))->((@xF(x)->(@xF(x)->@xF(x)))->((@xF(x)->((@xF(x)->@xF(x))->@xF(x)))->(@xF(x)->@xF(x))))))
(((@xF(x)&@xF(x))->@yF(y))->((@xF(x)->(@xF(x)->@xF(x)))->((@xF(x)->((@xF(x)->@xF(x))->@xF(x)))->(@xF(x)->@xF(x)))))
((((@xF(x)&@xF(x))->@yF(y))->(@xF(x)->(@xF(x)->@xF(x))))->((((@xF(x)&@xF(x))->@yF(y))->((@xF(x)->(@xF(x)->@xF(x)))->((@xF(x)->((@xF(x)->@xF(x))->@xF(x)))->(@xF(x)->@xF(x)))))->(((@xF(x)&@xF(x))->@yF(y))->((@xF(x)->((@xF(x)->@xF(x))->@xF(x)))->(@xF(x)->@xF(x))))))
((((@xF(x)&@xF(x))->@yF(y))->((@xF(x)->(@xF(x)->@xF(x)))->((@xF(x)->((@xF(x)->@xF(x))->@xF(x)))->(@xF(x)->@xF(x)))))->(((@xF(x)&@xF(x))->@yF(y))->((@xF(x)->((@xF(x)->@xF(x))->@xF(x)))->(@xF(x)->@xF(x)))))
(((@xF(x)&@xF(x))->@yF(y))->((@xF(x)->((@xF(x)->@xF(x))->@xF(x)))->(@xF(x)->@xF(x))))
(@xF(x)->((@xF(x)->@xF(x))->@xF(x)))
((@xF(x)->((@xF(x)->@xF(x))->@xF(x)))->(((@xF(x)&@xF(x))->@yF(y))->(@xF(x)->((@xF(x)->@xF(x))->@xF(x)))))
(((@xF(x)&@xF(x))->@yF(y))->(@xF(x)->((@xF(x)->@xF(x))->@xF(x))))
((((@xF(x)&@xF(x))->@yF(y))->(@xF(x)->((@xF(x)->@xF(x))->@xF(x))))->((((@xF(x)&@xF(x))->@yF(y))->((@xF(x)->((@xF(x)->@xF(x))->@xF(x)))->(@xF(x)->@xF(x))))->(((@xF(x)&@xF(x))->@yF(y))->(@xF(x)->@xF(x)))))
((((@xF(x)&@xF(x))->@yF(y))->((@xF(x)->((@xF(x)->@xF(x))->@xF(x)))->(@xF(x)->@xF(x))))->(((@xF(x)&@xF(x))->@yF(y))->(@xF(x)->@xF(x))))
(((@xF(x)&@xF(x))->@yF(y))->(@xF(x)->@xF(x)))
(@xF(x)->(@xF(x)->@xF(x)))
((@xF(x)->(@xF(x)->@xF(x)))->(((@xF(x)&@xF(x))->@yF(y))->(@xF(x)->(@xF(x)->@xF(x)))))
(((@xF(x)&@xF(x))->@yF(y))->(@xF(x)->(@xF(x)->@xF(x))))
((@xF(x)->(@xF(x)->@xF(x)))->(@xF(x)->(@xF(x)->(@xF(x)->@xF(x)))))
(((@xF(x)->(@xF(x)->@xF(x)))->(@xF(x)->(@xF(x)->(@xF(x)->@xF(x)))))->(((@xF(x)&@xF(x))->@yF(y))->((@xF(x)->(@xF(x)->@xF(x)))->(@xF(x)->(@xF(x)->(@xF(x)->@xF(x)))))))
(((@xF(x)&@xF(x))->@yF(y))->((@xF(x)->(@xF(x)->@xF(x)))->(@xF(x)->(@xF(x)->(@xF(x)->@xF(x))))))
((((@xF(x)&@xF(x))->@yF(y))->(@xF(x)->(@xF(x)->@xF(x))))->((((@xF(x)&@xF(x))->@yF(y))->((@xF(x)->(@xF(x)->@xF(x)))->(@xF(x)->(@xF(x)->(@xF(x)->@xF(x))))))->(((@xF(x)&@xF(x))->@yF(y))->(@xF(x)->(@xF(x)->(@xF(x)->@xF(x)))))))
((((@xF(x)&@xF(x))->@yF(y))->((@xF(x)->(@xF(x)->@xF(x)))->(@xF(x)->(@xF(x)->(@xF(x)->@xF(x))))))->(((@xF(x)&@xF(x))->@yF(y))->(@xF(x)->(@xF(x)->(@xF(x)->@xF(x))))))
(((@xF(x)&@xF(x))->@yF(y))->(@xF(x)->(@xF(x)->(@xF(x)->@xF(x)))))
((@xF(x)->@xF(x))->((@xF(x)->(@xF(x)->(@xF(x)->@xF(x))))->(@xF(x)->(@xF(x)->@xF(x)))))
(((@xF(x)->@xF(x))->((@xF(x)->(@xF(x)->(@xF(x)->@xF(x))))->(@xF(x)->(@xF(x)->@xF(x)))))->(((@xF(x)&@xF(x))->@yF(y))->((@xF(x)->@xF(x))->((@xF(x)->(@xF(x)->(@xF(x)->@xF(x))))->(@xF(x)->(@xF(x)->@xF(x)))))))
(((@xF(x)&@xF(x))->@yF(y))->((@xF(x)->@xF(x))->((@xF(x)->(@xF(x)->(@xF(x)->@xF(x))))->(@xF(x)->(@xF(x)->@xF(x))))))
((((@xF(x)&@xF(x))->@yF(y))->(@xF(x)->@xF(x)))->((((@xF(x)&@xF(x))->@yF(y))->((@xF(x)->@xF(x))->((@xF(x)->(@xF(x)->(@xF(x)->@xF(x))))->(@xF(x)->(@xF(x)->@xF(x))))))->(((@xF(x)&@xF(x))->@yF(y))->((@xF(x)->(@xF(x)->(@xF(x)->@xF(x))))->(@xF(x)->(@xF(x)->@xF(x)))))))
((((@xF(x)&@xF(x))->@yF(y))->((@xF(x)->@xF(x))->((@xF(x)->(@xF(x)->(@xF(x)->@xF(x))))->(@xF(x)->(@xF(x)->@xF(x))))))->(((@xF(x)&@xF(x))->@yF(y))->((@xF(x)->(@xF(x)->(@xF(x)->@xF(x))))->(@xF(x)->(@xF(x)->@xF(x))))))
(((@xF(x)&@xF(x))->@yF(y))->((@xF(x)->(@xF(x)->(@xF(x)->@xF(x))))->(@xF(x)->(@xF(x)->@xF(x)))))
(@xF(x)->(@xF(x)->@xF(x)))
((@xF(x)->(@xF(x)->@xF(x)))->(((@xF(x)&@xF(x))->@yF(y))->(@xF(x)->(@xF(x)->@xF(x)))))
(((@xF(x)&@xF(x))->@yF(y))->(@xF(x)->(@xF(x)->@xF(x))))
(@xF(x)->(@xF(x)->@xF(x)))
((@xF(x)->(@xF(x)->@xF(x)))->(((@xF(x)&@xF(x))->@yF(y))->(@xF(x)->(@xF(x)->@xF(x)))))
(((@xF(x)&@xF(x))->@yF(y))->(@xF(x)->(@xF(x)->@xF(x))))
((@xF(x)->(@xF(x)->@xF(x)))->(@xF(x)->(@xF(x)->(@xF(x)->@xF(x)))))
(((@xF(x)->(@xF(x)->@xF(x)))->(@xF(x)->(@xF(x)->(@xF(x)->@xF(x)))))->(((@xF(x)&@xF(x))->@yF(y))->((@xF(x)->(@xF(x)->@xF(x)))->(@xF(x)->(@xF(x)->(@xF(x)->@xF(x)))))))
(((@xF(x)&@xF(x))->@yF(y))->((@xF(x)->(@xF(x)->@xF(x)))->(@xF(x)->(@xF(x)->(@xF(x)->@xF(x))))))
((((@xF(x)&@xF(x))->@yF(y))->(@xF(x)->(@xF(x)->@xF(x))))->((((@xF(x)&@xF(x))->@yF(y))->((@xF(x)->(@xF(x)->@xF(x)))->(@xF(x)->(@xF(x)->(@xF(x)->@xF(x))))))->(((@xF(x)&@xF(x))->@yF(y))->(@xF(x)->(@xF(x)->(@xF(x)->@xF(x)))))))
((((@xF(x)&@xF(x))->@yF(y))->((@xF(x)->(@xF(x)->@xF(x)))->(@xF(x)->(@xF(x)->(@xF(x)->@xF(x))))))->(((@xF(x)&@xF(x))->@yF(y))->(@xF(x)->(@xF(x)->(@xF(x)->@xF(x))))))
(((@xF(x)&@xF(x))->@yF(y))->(@xF(x)->(@xF(x)->(@xF(x)->@xF(x)))))
((@xF(x)->(@xF(x)->@xF(x)))->((@xF(x)->((@xF(x)->@xF(x))->@xF(x)))->(@xF(x)->@xF(x))))
(((@xF(x)->(@xF(x)->@xF(x)))->((@xF(x)->((@xF(x)->@xF(x))->@xF(x)))->(@xF(x)->@xF(x))))->(((@xF(x)&@xF(x))->@yF(y))->((@xF(x)->(@xF(x)->@xF(x)))->((@xF(x)->((@xF(x)->@xF(x))->@xF(x)))->(@xF(x)->@xF(x))))))
(((@xF(x)&@xF(x))->@yF(y))->((@xF(x)->(@xF(x)->@xF(x)))->((@xF(x)->((@xF(x)->@xF(x))->@xF(x)))->(@xF(x)->@xF(x)))))
(((@xF(x)->(@xF(x)->@xF(x)))->((@xF(x)->((@xF(x)->@xF(x))->@xF(x)))->(@xF(x)->@xF(x))))->(@xF(x)->((@xF(x)->(@xF(x)->@xF(x)))->((@xF(x)->((@xF(x)->@xF(x))->@xF(x)))->(@xF(x)->@xF(x))))))
((((@xF(x)->(@xF(x)->@xF(x)))->((@xF(x)->((@xF(x)->@xF(x))->@xF(x)))->(@xF(x)->@xF(x))))->(@xF(x)->((@xF(x)->(@xF(x)->@xF(x)))->((@xF(x)->((@xF(x)->@xF(x))->@xF(x)))->(@xF(x)->@xF(x))))))->(((@xF(x)&@xF(x))->@yF(y))->(((@xF(x)->(@xF(x)->@xF(x)))->((@xF(x)->((@xF(x)->@xF(x))->@xF(x)))->(@xF(x)->@xF(x))))->(@xF(x)->((@xF(x)->(@xF(x)->@xF(x)))->((@xF(x)->((@xF(x)->@xF(x))->@xF(x)))->(@xF(x)->@xF(x))))))))
(((@xF(x)&@xF(x))->@yF(y))->(((@xF(x)->(@xF(x)->@xF(x)))->((@xF(x)->((@xF(x)->@xF(x))->@xF(x)))->(@xF(x)->@xF(x))))->(@xF(x)->((@xF(x)->(@xF(x)->@xF(x)))->((@xF(x)->((@xF(x)->@xF(x))->@xF(x)))->(@xF(x)->@xF(x)))))))
((((@xF(x)&@xF(x))->@yF(y))->((@xF(x)->(@xF(x)->@xF(x)))->((@xF(x)->((@xF(x)->@xF(x))->@xF(x)))->(@xF(x)->@xF(x)))))->((((@xF(x)&@xF(x))->@yF(y))->(((@xF(x)->(@xF(x)->@xF(x)))->((@xF(x)->((@xF(x)->@xF(x))->@xF(x)))->(@xF(x)->@xF(x))))->(@xF(x)->((@xF(x)->(@xF(x)->@xF(x)))->((@xF(x)->((@xF(x)->@xF(x))->@xF(x)))->(@xF(x)->@xF(x)))))))->(((@xF(x)&@xF(x))->@yF(y))->(@xF(x)->((@xF(x)->(@xF(x)->@xF(x)))->((@xF(x)->((@xF(x)->@xF(x))->@xF(x)))->(@xF(x)->@xF(x))))))))
((((@xF(x)&@xF(x))->@yF(y))->(((@xF(x)->(@xF(x)->@xF(x)))->((@xF(x)->((@xF(x)->@xF(x))->@xF(x)))->(@xF(x)->@xF(x))))->(@xF(x)->((@xF(x)->(@xF(x)->@xF(x)))->((@xF(x)->((@xF(x)->@xF(x))->@xF(x)))->(@xF(x)->@xF(x)))))))->(((@xF(x)&@xF(x))->@yF(y))->(@xF(x)->((@xF(x)->(@xF(x)->@xF(x)))->((@xF(x)->((@xF(x)->@xF(x))->@xF(x)))->(@xF(x)->@xF(x)))))))
(((@xF(x)&@xF(x))->@yF(y))->(@xF(x)->((@xF(x)->(@xF(x)->@xF(x)))->((@xF(x)->((@xF(x)->@xF(x))->@xF(x)))->(@xF(x)->@xF(x))))))
((@xF(x)->(@xF(x)->(@xF(x)->@xF(x))))->((@xF(x)->((@xF(x)->(@xF(x)->@xF(x)))->((@xF(x)->((@xF(x)->@xF(x))->@xF(x)))->(@xF(x)->@xF(x)))))->(@xF(x)->((@xF(x)->((@xF(x)->@xF(x))->@xF(x)))->(@xF(x)->@xF(x))))))
(((@xF(x)->(@xF(x)->(@xF(x)->@xF(x))))->((@xF(x)->((@xF(x)->(@xF(x)->@xF(x)))->((@xF(x)->((@xF(x)->@xF(x))->@xF(x)))->(@xF(x)->@xF(x)))))->(@xF(x)->((@xF(x)->((@xF(x)->@xF(x))->@xF(x)))->(@xF(x)->@xF(x))))))->(((@xF(x)&@xF(x))->@yF(y))->((@xF(x)->(@xF(x)->(@xF(x)->@xF(x))))->((@xF(x)->((@xF(x)->(@xF(x)->@xF(x)))->((@xF(x)->((@xF(x)->@xF(x))->@xF(x)))->(@xF(x)->@xF(x)))))->(@xF(x)->((@xF(x)->((@xF(x)->@xF(x))->@xF(x)))->(@xF(x)->@xF(x))))))))
(((@xF(x)&@xF(x))->@yF(y))->((@xF(x)->(@xF(x)->(@xF(x)->@xF(x))))->((@xF(x)->((@xF(x)->(@xF(x)->@xF(x)))->((@xF(x)->((@xF(x)->@xF(x))->@xF(x)))->(@xF(x)->@xF(x)))))->(@xF(x)->((@xF(x)->((@xF(x)->@xF(x))->@xF(x)))->(@xF(x)->@xF(x)))))))
((((@xF(x)&@xF(x))->@yF(y))->(@xF(x)->(@xF(x)->(@xF(x)->@xF(x)))))->((((@xF(x)&@xF(x))->@yF(y))->((@xF(x)->(@xF(x)->(@xF(x)->@xF(x))))->((@xF(x)->((@xF(x)->(@xF(x)->@xF(x)))->((@xF(x)->((@xF(x)->@xF(x))->@xF(x)))->(@xF(x)->@xF(x)))))->(@xF(x)->((@xF(x)->((@xF(x)->@xF(x))->@xF(x)))->(@xF(x)->@xF(x)))))))->(((@xF(x)&@xF(x))->@yF(y))->((@xF(x)->((@xF(x)->(@xF(x)->@xF(x)))->((@xF(x)->((@xF(x)->@xF(x))->@xF(x)))->(@xF(x)->@xF(x)))))->(@xF(x)->((@xF(x)->((@xF(x)->@xF(x))->@xF(x)))->(@xF(x)->@xF(x))))))))
((((@xF(x)&@xF(x))->@yF(y))->((@xF(x)->(@xF(x)->(@xF(x)->@xF(x))))->((@xF(x)->((@xF(x)->(@xF(x)->@xF(x)))->((@xF(x)->((@xF(x)->@xF(x))->@xF(x)))->(@xF(x)->@xF(x)))))->(@xF(x)->((@xF(x)->((@xF(x)->@xF(x))->@xF(x)))->(@xF(x)->@xF(x)))))))->(((@xF(x)&@xF(x))->@yF(y))->((@xF(x)->((@xF(x)->(@xF(x)->@xF(x)))->((@xF(x)->((@xF(x)->@xF(x))->@xF(x)))->(@xF(x)->@xF(x)))))->(@xF(x)->((@xF(x)->((@xF(x)->@xF(x))->@xF(x)))->(@xF(x)->@xF(x)))))))
(((@xF(x)&@xF(x))->@yF(y))->((@xF(x)->((@xF(x)->(@xF(x)->@xF(x)))->((@xF(x)->((@xF(x)->@xF(x))->@xF(x)))->(@xF(x)->@xF(x)))))->(@xF(x)->((@xF(x)->((@xF(x)->@xF(x))->@xF(x)))->(@xF(x)->@xF(x))))))
((((@xF(x)&@xF(x))->@yF(y))->(@xF(x)->((@xF(x)->(@xF(x)->@xF(x)))->((@xF(x)->((@xF(x)->@xF(x))->@xF(x)))->(@xF(x)->@xF(x))))))->((((@xF(x)&@xF(x))->@yF(y))->((@xF(x)->((@xF(x)->(@xF(x)->@xF(x)))->((@xF(x)->((@xF(x)->@xF(x))->@xF(x)))->(@xF(x)->@xF(x)))))->(@xF(x)->((@xF(x)->((@xF(x)->@xF(x))->@xF(x)))->(@xF(x)->@xF(x))))))->(((@xF(x)&@xF(x))->@yF(y))->(@xF(x)->((@xF(x)->((@xF(x)->@xF(x))->@xF(x)))->(@xF(x)->@xF(x)))))))
((((@xF(x)&@xF(x))->@yF(y))->((@xF(x)->((@xF(x)->(@xF(x)->@xF(x)))->((@xF(x)->((@xF(x)->@xF(x))->@xF(x)))->(@xF(x)->@xF(x)))))->(@xF(x)->((@xF(x)->((@xF(x)->@xF(x))->@xF(x)))->(@xF(x)->@xF(x))))))->(((@xF(x)&@xF(x))->@yF(y))->(@xF(x)->((@xF(x)->((@xF(x)->@xF(x))->@xF(x)))->(@xF(x)->@xF(x))))))
(((@xF(x)&@xF(x))->@yF(y))->(@xF(x)->((@xF(x)->((@xF(x)->@xF(x))->@xF(x)))->(@xF(x)->@xF(x)))))
(@xF(x)->((@xF(x)->@xF(x))->@xF(x)))
((@xF(x)->((@xF(x)->@xF(x))->@xF(x)))->(((@xF(x)&@xF(x))->@yF(y))->(@xF(x)->((@xF(x)->@xF(x))->@xF(x)))))
(((@xF(x)&@xF(x))->@yF(y))->(@xF(x)->((@xF(x)->@xF(x))->@xF(x))))
((@xF(x)->((@xF(x)->@xF(x))->@xF(x)))->(@xF(x)->(@xF(x)->((@xF(x)->@xF(x))->@xF(x)))))
(((@xF(x)->((@xF(x)->@xF(x))->@xF(x)))->(@xF(x)->(@xF(x)->((@xF(x)->@xF(x))->@xF(x)))))->(((@xF(x)&@xF(x))->@yF(y))->((@xF(x)->((@xF(x)->@xF(x))->@xF(x)))->(@xF(x)->(@xF(x)->((@xF(x)->@xF(x))->@xF(x)))))))
(((@xF(x)&@xF(x))->@yF(y))->((@xF(x)->((@xF(x)->@xF(x))->@xF(x)))->(@xF(x)->(@xF(x)->((@xF(x)->@xF(x))->@xF(x))))))
((((@xF(x)&@xF(x))->@yF(y))->(@xF(x)->((@xF(x)->@xF(x))->@xF(x))))->((((@xF(x)&@xF(x))->@yF(y))->((@xF(x)->((@xF(x)->@xF(x))->@xF(x)))->(@xF(x)->(@xF(x)->((@xF(x)->@xF(x))->@xF(x))))))->(((@xF(x)&@xF(x))->@yF(y))->(@xF(x)->(@xF(x)->((@xF(x)->@xF(x))->@xF(x)))))))
((((@xF(x)&@xF(x))->@yF(y))->((@xF(x)->((@xF(x)->@xF(x))->@xF(x)))->(@xF(x)->(@xF(x)->((@xF(x)->@xF(x))->@xF(x))))))->(((@xF(x)&@xF(x))->@yF(y))->(@xF(x)->(@xF(x)->((@xF(x)->@xF(x))->@xF(x))))))
(((@xF(x)&@xF(x))->@yF(y))->(@xF(x)->(@xF(x)->((@xF(x)->@xF(x))->@xF(x)))))
((@xF(x)->(@xF(x)->((@xF(x)->@xF(x))->@xF(x))))->((@xF(x)->((@xF(x)->((@xF(x)->@xF(x))->@xF(x)))->(@xF(x)->@xF(x))))->(@xF(x)->(@xF(x)->@xF(x)))))
(((@xF(x)->(@xF(x)->((@xF(x)->@xF(x))->@xF(x))))->((@xF(x)->((@xF(x)->((@xF(x)->@xF(x))->@xF(x)))->(@xF(x)->@xF(x))))->(@xF(x)->(@xF(x)->@xF(x)))))->(((@xF(x)&@xF(x))->@yF(y))->((@xF(x)->(@xF(x)->((@xF(x)->@xF(x))->@xF(x))))->((@xF(x)->((@xF(x)->((@xF(x)->@xF(x))->@xF(x)))->(@xF(x)->@xF(x))))->(@xF(x)->(@xF(x)->@xF(x)))))))
(((@xF(x)&@xF(x))->@yF(y))->((@xF(x)->(@xF(x)->((@xF(x)->@xF(x))->@xF(x))))->((@xF(x)->((@xF(x)->((@xF(x)->@xF(x))->@xF(x)))->(@xF(x)->@xF(x))))->(@xF(x)->(@xF(x)->@xF(x))))))
((((@xF(x)&@xF(x))->@yF(y))->(@xF(x)->(@xF(x)->((@xF(x)->@xF(x))->@xF(x)))))->((((@xF(x)&@xF(x))->@yF(y))->((@xF(x)->(@xF(x)->((@xF(x)->@xF(x))->@xF(x))))->((@xF(x)->((@xF(x)->((@xF(x)->@xF(x))->@xF(x)))->(@xF(x)->@xF(x))))->(@xF(x)->(@xF(x)->@xF(x))))))->(((@xF(x)&@xF(x))->@yF(y))->((@xF(x)->((@xF(x)->((@xF(x)->@xF(x))->@xF(x)))->(@xF(x)->@xF(x))))->(@xF(x)->(@xF(x)->@xF(x)))))))
((((@xF(x)&@xF(x))->@yF(y))->((@xF(x)->(@xF(x)->((@xF(x)->@xF(x))->@xF(x))))->((@xF(x)->((@xF(x)->((@xF(x)->@xF(x))->@xF(x)))->(@xF(x)->@xF(x))))->(@xF(x)->(@xF(x)->@xF(x))))))->(((@xF(x)&@xF(x))->@yF(y))->((@xF(x)->((@xF(x)->((@xF(x)->@xF(x))->@xF(x)))->(@xF(x)->@xF(x))))->(@xF(x)->(@xF(x)->@xF(x))))))
(((@xF(x)&@xF(x))->@yF(y))->((@xF(x)->((@xF(x)->((@xF(x)->@xF(x))->@xF(x)))->(@xF(x)->@xF(x))))->(@xF(x)->(@xF(x)->@xF(x)))))
((((@xF(x)&@xF(x))->@yF(y))->(@xF(x)->((@xF(x)->((@xF(x)->@xF(x))->@xF(x)))->(@xF(x)->@xF(x)))))->((((@xF(x)&@xF(x))->@yF(y))->((@xF(x)->((@xF(x)->((@xF(x)->@xF(x))->@xF(x)))->(@xF(x)->@xF(x))))->(@xF(x)->(@xF(x)->@xF(x)))))->(((@xF(x)&@xF(x))->@yF(y))->(@xF(x)->(@xF(x)->@xF(x))))))
((((@xF(x)&@xF(x))->@yF(y))->((@xF(x)->((@xF(x)->((@xF(x)->@xF(x))->@xF(x)))->(@xF(x)->@xF(x))))->(@xF(x)->(@xF(x)->@xF(x)))))->(((@xF(x)&@xF(x))->@yF(y))->(@xF(x)->(@xF(x)->@xF(x)))))
(((@xF(x)&@xF(x))->@yF(y))->(@xF(x)->(@xF(x)->@xF(x))))
(@xF(x)->(@xF(x)->(@xF(x)&@xF(x))))
((@xF(x)->(@xF(x)->(@xF(x)&@xF(x))))->(((@xF(x)&@xF(x))->@yF(y))->(@xF(x)->(@xF(x)->(@xF(x)&@xF(x))))))
(((@xF(x)&@xF(x))->@yF(y))->(@xF(x)->(@xF(x)->(@xF(x)&@xF(x)))))
((@xF(x)->(@xF(x)->(@xF(x)&@xF(x))))->(@xF(x)->(@xF(x)->(@xF(x)->(@xF(x)&@xF(x))))))
(((@xF(x)->(@xF(x)->(@xF(x)&@xF(x))))->(@xF(x)->(@xF(x)->(@xF(x)->(@xF(x)&@xF(x))))))->(((@xF(x)&@xF(x))->@yF(y))->((@xF(x)->(@xF(x)->(@xF(x)&@xF(x))))->(@xF(x)->(@xF(x)->(@xF(x)->(@xF(x)&@xF(x))))))))
(((@xF(x)&@xF(x))->@yF(y))->((@xF(x)->(@xF(x)->(@xF(x)&@xF(x))))->(@xF(x)->(@xF(x)->(@xF(x)->(@xF(x)&@xF(x)))))))
((((@xF(x)&@xF(x))->@yF(y))->(@xF(x)->(@xF(x)->(@xF(x)&@xF(x)))))->((((@xF(x)&@xF(x))->@yF(y))->((@xF(x)->(@xF(x)->(@xF(x)&@xF(x))))->(@xF(x)->(@xF(x)->(@xF(x)->(@xF(x)&@xF(x)))))))->(((@xF(x)&@xF(x))->@yF(y))->(@xF(x)->(@xF(x)->(@xF(x)->(@xF(x)&@xF(x))))))))
((((@xF(x)&@xF(x))->@yF(y))->((@xF(x)->(@xF(x)->(@xF(x)&@xF(x))))->(@xF(x)->(@xF(x)->(@xF(x)->(@xF(x)&@xF(x)))))))->(((@xF(x)&@xF(x))->@yF(y))->(@xF(x)->(@xF(x)->(@xF(x)->(@xF(x)&@xF(x)))))))
(((@xF(x)&@xF(x))->@yF(y))->(@xF(x)->(@xF(x)->(@xF(x)->(@xF(x)&@xF(x))))))
((@xF(x)->(@xF(x)->(@xF(x)&@xF(x))))->(@xF(x)->(@xF(x)->(@xF(x)->(@xF(x)&@xF(x))))))
(((@xF(x)->(@xF(x)->(@xF(x)&@xF(x))))->(@xF(x)->(@xF(x)->(@xF(x)->(@xF(x)&@xF(x))))))->(((@xF(x)&@xF(x))->@yF(y))->((@xF(x)->(@xF(x)->(@xF(x)&@xF(x))))->(@xF(x)->(@xF(x)->(@xF(x)->(@xF(x)&@xF(x))))))))
(((@xF(x)&@xF(x))->@yF(y))->((@xF(x)->(@xF(x)->(@xF(x)&@xF(x))))->(@xF(x)->(@xF(x)->(@xF(x)->(@xF(x)&@xF(x)))))))
(((@xF(x)->(@xF(x)->(@xF(x)&@xF(x))))->(@xF(x)->(@xF(x)->(@xF(x)->(@xF(x)&@xF(x))))))->(@xF(x)->((@xF(x)->(@xF(x)->(@xF(x)&@xF(x))))->(@xF(x)->(@xF(x)->(@xF(x)->(@xF(x)&@xF(x))))))))
((((@xF(x)->(@xF(x)->(@xF(x)&@xF(x))))->(@xF(x)->(@xF(x)->(@xF(x)->(@xF(x)&@xF(x))))))->(@xF(x)->((@xF(x)->(@xF(x)->(@xF(x)&@xF(x))))->(@xF(x)->(@xF(x)->(@xF(x)->(@xF(x)&@xF(x))))))))->(((@xF(x)&@xF(x))->@yF(y))->(((@xF(x)->(@xF(x)->(@xF(x)&@xF(x))))->(@xF(x)->(@xF(x)->(@xF(x)->(@xF(x)&@xF(x))))))->(@xF(x)->((@xF(x)->(@xF(x)->(@xF(x)&@xF(x))))->(@xF(x)->(@xF(x)->(@xF(x)->(@xF(x)&@xF(x))))))))))
(((@xF(x)&@xF(x))->@yF(y))->(((@xF(x)->(@xF(x)->(@xF(x)&@xF(x))))->(@xF(x)->(@xF(x)->(@xF(x)->(@xF(x)&@xF(x))))))->(@xF(x)->((@xF(x)->(@xF(x)->(@xF(x)&@xF(x))))->(@xF(x)->(@xF(x)->(@xF(x)->(@xF(x)&@xF(x)))))))))
((((@xF(x)&@xF(x))->@yF(y))->((@xF(x)->(@xF(x)->(@xF(x)&@xF(x))))->(@xF(x)->(@xF(x)->(@xF(x)->(@xF(x)&@xF(x)))))))->((((@xF(x)&@xF(x))->@yF(y))->(((@xF(x)->(@xF(x)->(@xF(x)&@xF(x))))->(@xF(x)->(@xF(x)->(@xF(x)->(@xF(x)&@xF(x))))))->(@xF(x)->((@xF(x)->(@xF(x)->(@xF(x)&@xF(x))))->(@xF(x)->(@xF(x)->(@xF(x)->(@xF(x)&@xF(x)))))))))->(((@xF(x)&@xF(x))->@yF(y))->(@xF(x)->((@xF(x)->(@xF(x)->(@xF(x)&@xF(x))))->(@xF(x)->(@xF(x)->(@xF(x)->(@xF(x)&@xF(x))))))))))
((((@xF(x)&@xF(x))->@yF(y))->(((@xF(x)->(@xF(x)->(@xF(x)&@xF(x))))->(@xF(x)->(@xF(x)->(@xF(x)->(@xF(x)&@xF(x))))))->(@xF(x)->((@xF(x)->(@xF(x)->(@xF(x)&@xF(x))))->(@xF(x)->(@xF(x)->(@xF(x)->(@xF(x)&@xF(x)))))))))->(((@xF(x)&@xF(x))->@yF(y))->(@xF(x)->((@xF(x)->(@xF(x)->(@xF(x)&@xF(x))))->(@xF(x)->(@xF(x)->(@xF(x)->(@xF(x)&@xF(x)))))))))
(((@xF(x)&@xF(x))->@yF(y))->(@xF(x)->((@xF(x)->(@xF(x)->(@xF(x)&@xF(x))))->(@xF(x)->(@xF(x)->(@xF(x)->(@xF(x)&@xF(x))))))))
((@xF(x)->(@xF(x)->(@xF(x)->(@xF(x)&@xF(x)))))->((@xF(x)->((@xF(x)->(@xF(x)->(@xF(x)&@xF(x))))->(@xF(x)->(@xF(x)->(@xF(x)->(@xF(x)&@xF(x)))))))->(@xF(x)->(@xF(x)->(@xF(x)->(@xF(x)->(@xF(x)&@xF(x))))))))
(((@xF(x)->(@xF(x)->(@xF(x)->(@xF(x)&@xF(x)))))->((@xF(x)->((@xF(x)->(@xF(x)->(@xF(x)&@xF(x))))->(@xF(x)->(@xF(x)->(@xF(x)->(@xF(x)&@xF(x)))))))->(@xF(x)->(@xF(x)->(@xF(x)->(@xF(x)->(@xF(x)&@xF(x))))))))->(((@xF(x)&@xF(x))->@yF(y))->((@xF(x)->(@xF(x)->(@xF(x)->(@xF(x)&@xF(x)))))->((@xF(x)->((@xF(x)->(@xF(x)->(@xF(x)&@xF(x))))->(@xF(x)->(@xF(x)->(@xF(x)->(@xF(x)&@xF(x)))))))->(@xF(x)->(@xF(x)->(@xF(x)->(@xF(x)->(@xF(x)&@xF(x))))))))))
(((@xF(x)&@xF(x))->@yF(y))->((@xF(x)->(@xF(x)->(@xF(x)->(@xF(x)&@xF(x)))))->((@xF(x)->((@xF(x)->(@xF(x)->(@xF(x)&@xF(x))))->(@xF(x)->(@xF(x)->(@xF(x)->(@xF(x)&@xF(x)))))))->(@xF(x)->(@xF(x)->(@xF(x)->(@xF(x)->(@xF(x)&@xF(x)))))))))
((((@xF(x)&@xF(x))->@yF(y))->(@xF(x)->(@xF(x)->(@xF(x)->(@xF(x)&@xF(x))))))->((((@xF(x)&@xF(x))->@yF(y))->((@xF(x)->(@xF(x)->(@xF(x)->(@xF(x)&@xF(x)))))->((@xF(x)->((@xF(x)->(@xF(x)->(@xF(x)&@xF(x))))->(@xF(x)->(@xF(x)->(@xF(x)->(@xF(x)&@xF(x)))))))->(@xF(x)->(@xF(x)->(@xF(x)->(@xF(x)->(@xF(x)&@xF(x)))))))))->(((@xF(x)&@xF(x))->@yF(y))->((@xF(x)->((@xF(x)->(@xF(x)->(@xF(x)&@xF(x))))->(@xF(x)->(@xF(x)->(@xF(x)->(@xF(x)&@xF(x)))))))->(@xF(x)->(@xF(x)->(@xF(x)->(@xF(x)->(@xF(x)&@xF(x))))))))))
((((@xF(x)&@xF(x))->@yF(y))->((@xF(x)->(@xF(x)->(@xF(x)->(@xF(x)&@xF(x)))))->((@xF(x)->((@xF(x)->(@xF(x)->(@xF(x)&@xF(x))))->(@xF(x)->(@xF(x)->(@xF(x)->(@xF(x)&@xF(x)))))))->(@xF(x)->(@xF(x)->(@xF(x)->(@xF(x)->(@xF(x)&@xF(x)))))))))->(((@xF(x)&@xF(x))->@yF(y))->((@xF(x)->((@xF(x)->(@xF(x)->(@xF(x)&@xF(x))))->(@xF(x)->(@xF(x)->(@xF(x)->(@xF(x)&@xF(x)))))))->(@xF(x)->(@xF(x)->(@xF(x)->(@xF(x)->(@xF(x)&@xF(x)))))))))
(((@xF(x)&@xF(x))->@yF(y))->((@xF(x)->((@xF(x)->(@xF(x)->(@xF(x)&@xF(x))))->(@xF(x)->(@xF(x)->(@xF(x)->(@xF(x)&@xF(x)))))))->(@xF(x)->(@xF(x)->(@xF(x)->(@xF(x)->(@xF(x)&@xF(x))))))))
((((@xF(x)&@xF(x))->@yF(y))->(@xF(x)->((@xF(x)->(@xF(x)->(@xF(x)&@xF(x))))->(@xF(x)->(@xF(x)->(@xF(x)->(@xF(x)&@xF(x))))))))->((((@xF(x)&@xF(x))->@yF(y))->((@xF(x)->((@xF(x)->(@xF(x)->(@xF(x)&@xF(x))))->(@xF(x)->(@xF(x)->(@xF(x)->(@xF(x)&@xF(x)))))))->(@xF(x)->(@xF(x)->(@xF(x)->(@xF(x)->(@xF(x)&@xF(x))))))))->(((@xF(x)&@xF(x))->@yF(y))->(@xF(x)->(@xF(x)->(@xF(x)->(@xF(x)->(@xF(x)&@xF(x)))))))))
((((@xF(x)&@xF(x))->@yF(y))->((@xF(x)->((@xF(x)->(@xF(x)->(@xF(x)&@xF(x))))->(@xF(x)->(@xF(x)->(@xF(x)->(@xF(x)&@xF(x)))))))->(@xF(x)->(@xF(x)->(@xF(x)->(@xF(x)->(@xF(x)&@xF(x))))))))->(((@xF(x)&@xF(x))->@yF(y))->(@xF(x)->(@xF(x)->(@xF(x)->(@xF(x)->(@xF(x)&@xF(x))))))))
(((@xF(x)&@xF(x))->@yF(y))->(@xF(x)->(@xF(x)->(@xF(x)->(@xF(x)->(@xF(x)&@xF(x)))))))
((@xF(x)->@xF(x))->((@xF(x)->(@xF(x)->(@xF(x)->(@xF(x)&@xF(x)))))->(@xF(x)->(@xF(x)->(@xF(x)&@xF(x))))))
(((@xF(x)->@xF(x))->((@xF(x)->(@xF(x)->(@xF(x)->(@xF(x)&@xF(x)))))->(@xF(x)->(@xF(x)->(@xF(x)&@xF(x))))))->(((@xF(x)&@xF(x))->@yF(y))->((@xF(x)->@xF(x))->((@xF(x)->(@xF(x)->(@xF(x)->(@xF(x)&@xF(x)))))->(@xF(x)->(@xF(x)->(@xF(x)&@xF(x))))))))
(((@xF(x)&@xF(x))->@yF(y))->((@xF(x)->@xF(x))->((@xF(x)->(@xF(x)->(@xF(x)->(@xF(x)&@xF(x)))))->(@xF(x)->(@xF(x)->(@xF(x)&@xF(x)))))))
(((@xF(x)->@xF(x))->((@xF(x)->(@xF(x)->(@xF(x)->(@xF(x)&@xF(x)))))->(@xF(x)->(@xF(x)->(@xF(x)&@xF(x))))))->(@xF(x)->((@xF(x)->@xF(x))->((@xF(x)->(@xF(x)->(@xF(x)->(@xF(x)&@xF(x)))))->(@xF(x)->(@xF(x)->(@xF(x)&@xF(x))))))))
((((@xF(x)->@xF(x))->((@xF(x)->(@xF(x)->(@xF(x)->(@xF(x)&@xF(x)))))->(@xF(x)->(@xF(x)->(@xF(x)&@xF(x))))))->(@xF(x)->((@xF(x)->@xF(x))->((@xF(x)->(@xF(x)->(@xF(x)->(@xF(x)&@xF(x)))))->(@xF(x)->(@xF(x)->(@xF(x)&@xF(x))))))))->(((@xF(x)&@xF(x))->@yF(y))->(((@xF(x)->@xF(x))->((@xF(x)->(@xF(x)->(@xF(x)->(@xF(x)&@xF(x)))))->(@xF(x)->(@xF(x)->(@xF(x)&@xF(x))))))->(@xF(x)->((@xF(x)->@xF(x))->((@xF(x)->(@xF(x)->(@xF(x)->(@xF(x)&@xF(x)))))->(@xF(x)->(@xF(x)->(@xF(x)&@xF(x))))))))))
(((@xF(x)&@xF(x))->@yF(y))->(((@xF(x)->@xF(x))->((@xF(x)->(@xF(x)->(@xF(x)->(@xF(x)&@xF(x)))))->(@xF(x)->(@xF(x)->(@xF(x)&@xF(x))))))->(@xF(x)->((@xF(x)->@xF(x))->((@xF(x)->(@xF(x)->(@xF(x)->(@xF(x)&@xF(x)))))->(@xF(x)->(@xF(x)->(@xF(x)&@xF(x)))))))))
((((@xF(x)&@xF(x))->@yF(y))->((@xF(x)->@xF(x))->((@xF(x)->(@xF(x)->(@xF(x)->(@xF(x)&@xF(x)))))->(@xF(x)->(@xF(x)->(@xF(x)&@xF(x)))))))->((((@xF(x)&@xF(x))->@yF(y))->(((@xF(x)->@xF(x))->((@xF(x)->(@xF(x)->(@xF(x)->(@xF(x)&@xF(x)))))->(@xF(x)->(@xF(x)->(@xF(x)&@xF(x))))))->(@xF(x)->((@xF(x)->@xF(x))->((@xF(x)->(@xF(x)->(@xF(x)->(@xF(x)&@xF(x)))))->(@xF(x)->(@xF(x)->(@xF(x)&@xF(x)))))))))->(((@xF(x)&@xF(x))->@yF(y))->(@xF(x)->((@xF(x)->@xF(x))->((@xF(x)->(@xF(x)->(@xF(x)->(@xF(x)&@xF(x)))))->(@xF(x)->(@xF(x)->(@xF(x)&@xF(x))))))))))
((((@xF(x)&@xF(x))->@yF(y))->(((@xF(x)->@xF(x))->((@xF(x)->(@xF(x)->(@xF(x)->(@xF(x)&@xF(x)))))->(@xF(x)->(@xF(x)->(@xF(x)&@xF(x))))))->(@xF(x)->((@xF(x)->@xF(x))->((@xF(x)->(@xF(x)->(@xF(x)->(@xF(x)&@xF(x)))))->(@xF(x)->(@xF(x)->(@xF(x)&@xF(x)))))))))->(((@xF(x)&@xF(x))->@yF(y))->(@xF(x)->((@xF(x)->@xF(x))->((@xF(x)->(@xF(x)->(@xF(x)->(@xF(x)&@xF(x)))))->(@xF(x)->(@xF(x)->(@xF(x)&@xF(x)))))))))
(((@xF(x)&@xF(x))->@yF(y))->(@xF(x)->((@xF(x)->@xF(x))->((@xF(x)->(@xF(x)->(@xF(x)->(@xF(x)&@xF(x)))))->(@xF(x)->(@xF(x)->(@xF(x)&@xF(x))))))))
((@xF(x)->(@xF(x)->@xF(x)))->((@xF(x)->((@xF(x)->@xF(x))->((@xF(x)->(@xF(x)->(@xF(x)->(@xF(x)&@xF(x)))))->(@xF(x)->(@xF(x)->(@xF(x)&@xF(x)))))))->(@xF(x)->((@xF(x)->(@xF(x)->(@xF(x)->(@xF(x)&@xF(x)))))->(@xF(x)->(@xF(x)->(@xF(x)&@xF(x))))))))
(((@xF(x)->(@xF(x)->@xF(x)))->((@xF(x)->((@xF(x)->@xF(x))->((@xF(x)->(@xF(x)->(@xF(x)->(@xF(x)&@xF(x)))))->(@xF(x)->(@xF(x)->(@xF(x)&@xF(x)))))))->(@xF(x)->((@xF(x)->(@xF(x)->(@xF(x)->(@xF(x)&@xF(x)))))->(@xF(x)->(@xF(x)->(@xF(x)&@xF(x))))))))->(((@xF(x)&@xF(x))->@yF(y))->((@xF(x)->(@xF(x)->@xF(x)))->((@xF(x)->((@xF(x)->@xF(x))->((@xF(x)->(@xF(x)->(@xF(x)->(@xF(x)&@xF(x)))))->(@xF(x)->(@xF(x)->(@xF(x)&@xF(x)))))))->(@xF(x)->((@xF(x)->(@xF(x)->(@xF(x)->(@xF(x)&@xF(x)))))->(@xF(x)->(@xF(x)->(@xF(x)&@xF(x))))))))))
(((@xF(x)&@xF(x))->@yF(y))->((@xF(x)->(@xF(x)->@xF(x)))->((@xF(x)->((@xF(x)->@xF(x))->((@xF(x)->(@xF(x)->(@xF(x)->(@xF(x)&@xF(x)))))->(@xF(x)->(@xF(x)->(@xF(x)&@xF(x)))))))->(@xF(x)->((@xF(x)->(@xF(x)->(@xF(x)->(@xF(x)&@xF(x)))))->(@xF(x)->(@xF(x)->(@xF(x)&@xF(x)))))))))
((((@xF(x)&@xF(x))->@yF(y))->(@xF(x)->(@xF(x)->@xF(x))))->((((@xF(x)&@xF(x))->@yF(y))->((@xF(x)->(@xF(x)->@xF(x)))->((@xF(x)->((@xF(x)->@xF(x))->((@xF(x)->(@xF(x)->(@xF(x)->(@xF(x)&@xF(x)))))->(@xF(x)->(@xF(x)->(@xF(x)&@xF(x)))))))->(@xF(x)->((@xF(x)->(@xF(x)->(@xF(x)->(@xF(x)&@xF(x)))))->(@xF(x)->(@xF(x)->(@xF(x)&@xF(x)))))))))->(((@xF(x)&@xF(x))->@yF(y))->((@xF(x)->((@xF(x)->@xF(x))->((@xF(x)->(@xF(x)->(@xF(x)->(@xF(x)&@xF(x)))))->(@xF(x)->(@xF(x)->(@xF(x)&@xF(x)))))))->(@xF(x)->((@xF(x)->(@xF(x)->(@xF(x)->(@xF(x)&@xF(x)))))->(@xF(x)->(@xF(x)->(@xF(x)&@xF(x))))))))))
((((@xF(x)&@xF(x))->@yF(y))->((@xF(x)->(@xF(x)->@xF(x)))->((@xF(x)->((@xF(x)->@xF(x))->((@xF(x)->(@xF(x)->(@xF(x)->(@xF(x)&@xF(x)))))->(@xF(x)->(@xF(x)->(@xF(x)&@xF(x)))))))->(@xF(x)->((@xF(x)->(@xF(x)->(@xF(x)->(@xF(x)&@xF(x)))))->(@xF(x)->(@xF(x)->(@xF(x)&@xF(x)))))))))->(((@xF(x)&@xF(x))->@yF(y))->((@xF(x)->((@xF(x)->@xF(x))->((@xF(x)->(@xF(x)->(@xF(x)->(@xF(x)&@xF(x)))))->(@xF(x)->(@xF(x)->(@xF(x)&@xF(x)))))))->(@xF(x)->((@xF(x)->(@xF(x)->(@xF(x)->(@xF(x)&@xF(x)))))->(@xF(x)->(@xF(x)->(@xF(x)&@xF(x)))))))))
(((@xF(x)&@xF(x))->@yF(y))->((@xF(x)->((@xF(x)->@xF(x))->((@xF(x)->(@xF(x)->(@xF(x)->(@xF(x)&@xF(x)))))->(@xF(x)->(@xF(x)->(@xF(x)&@xF(x)))))))->(@xF(x)->((@xF(x)->(@xF(x)->(@xF(x)->(@xF(x)&@xF(x)))))->(@xF(x)->(@xF(x)->(@xF(x)&@xF(x))))))))
((((@xF(x)&@xF(x))->@yF(y))->(@xF(x)->((@xF(x)->@xF(x))->((@xF(x)->(@xF(x)->(@xF(x)->(@xF(x)&@xF(x)))))->(@xF(x)->(@xF(x)->(@xF(x)&@xF(x))))))))->((((@xF(x)&@xF(x))->@yF(y))->((@xF(x)->((@xF(x)->@xF(x))->((@xF(x)->(@xF(x)->(@xF(x)->(@xF(x)&@xF(x)))))->(@xF(x)->(@xF(x)->(@xF(x)&@xF(x)))))))->(@xF(x)->((@xF(x)->(@xF(x)->(@xF(x)->(@xF(x)&@xF(x)))))->(@xF(x)->(@xF(x)->(@xF(x)&@xF(x))))))))->(((@xF(x)&@xF(x))->@yF(y))->(@xF(x)->((@xF(x)->(@xF(x)->(@xF(x)->(@xF(x)&@xF(x)))))->(@xF(x)->(@xF(x)->(@xF(x)&@xF(x)))))))))
((((@xF(x)&@xF(x))->@yF(y))->((@xF(x)->((@xF(x)->@xF(x))->((@xF(x)->(@xF(x)->(@xF(x)->(@xF(x)&@xF(x)))))->(@xF(x)->(@xF(x)->(@xF(x)&@xF(x)))))))->(@xF(x)->((@xF(x)->(@xF(x)->(@xF(x)->(@xF(x)&@xF(x)))))->(@xF(x)->(@xF(x)->(@xF(x)&@xF(x))))))))->(((@xF(x)&@xF(x))->@yF(y))->(@xF(x)->((@xF(x)->(@xF(x)->(@xF(x)->(@xF(x)&@xF(x)))))->(@xF(x)->(@xF(x)->(@xF(x)&@xF(x))))))))
(((@xF(x)&@xF(x))->@yF(y))->(@xF(x)->((@xF(x)->(@xF(x)->(@xF(x)->(@xF(x)&@xF(x)))))->(@xF(x)->(@xF(x)->(@xF(x)&@xF(x)))))))
((@xF(x)->(@xF(x)->(@xF(x)->(@xF(x)->(@xF(x)&@xF(x))))))->((@xF(x)->((@xF(x)->(@xF(x)->(@xF(x)->(@xF(x)&@xF(x)))))->(@xF(x)->(@xF(x)->(@xF(x)&@xF(x))))))->(@xF(x)->(@xF(x)->(@xF(x)->(@xF(x)&@xF(x)))))))
(((@xF(x)->(@xF(x)->(@xF(x)->(@xF(x)->(@xF(x)&@xF(x))))))->((@xF(x)->((@xF(x)->(@xF(x)->(@xF(x)->(@xF(x)&@xF(x)))))->(@xF(x)->(@xF(x)->(@xF(x)&@xF(x))))))->(@xF(x)->(@xF(x)->(@xF(x)->(@xF(x)&@xF(x)))))))->(((@xF(x)&@xF(x))->@yF(y))->((@xF(x)->(@xF(x)->(@xF(x)->(@xF(x)->(@xF(x)&@xF(x))))))->((@xF(x)->((@xF(x)->(@xF(x)->(@xF(x)->(@xF(x)&@xF(x)))))->(@xF(x)->(@xF(x)->(@xF(x)&@xF(x))))))->(@xF(x)->(@xF(x)->(@xF(x)->(@xF(x)&@xF(x)))))))))
(((@xF(x)&@xF(x))->@yF(y))->((@xF(x)->(@xF(x)->(@xF(x)->(@xF(x)->(@xF(x)&@xF(x))))))->((@xF(x)->((@xF(x)->(@xF(x)->(@xF(x)->(@xF(x)&@xF(x)))))->(@xF(x)->(@xF(x)->(@xF(x)&@xF(x))))))->(@xF(x)->(@xF(x)->(@xF(x)->(@xF(x)&@xF(x))))))))
((((@xF(x)&@xF(x))->@yF(y))->(@xF(x)->(@xF(x)->(@xF(x)->(@xF(x)->(@xF(x)&@xF(x)))))))->((((@xF(x)&@xF(x))->@yF(y))->((@xF(x)->(@xF(x)->(@xF(x)->(@xF(x)->(@xF(x)&@xF(x))))))->((@xF(x)->((@xF(x)->(@xF(x)->(@xF(x)->(@xF(x)&@xF(x)))))->(@xF(x)->(@xF(x)->(@xF(x)&@xF(x))))))->(@xF(x)->(@xF(x)->(@xF(x)->(@xF(x)&@xF(x))))))))->(((@xF(x)&@xF(x))->@yF(y))->((@xF(x)->((@xF(x)->(@xF(x)->(@xF(x)->(@xF(x)&@xF(x)))))->(@xF(x)->(@xF(x)->(@xF(x)&@xF(x))))))->(@xF(x)->(@xF(x)->(@xF(x)->(@xF(x)&@xF(x)))))))))
((((@xF(x)&@xF(x))->@yF(y))->((@xF(x)->(@xF(x)->(@xF(x)->(@xF(x)->(@xF(x)&@xF(x))))))->((@xF(x)->((@xF(x)->(@xF(x)->(@xF(x)->(@xF(x)&@xF(x)))))->(@xF(x)->(@xF(x)->(@xF(x)&@xF(x))))))->(@xF(x)->(@xF(x)->(@xF(x)->(@xF(x)&@xF(x))))))))->(((@xF(x)&@xF(x))->@yF(y))->((@xF(x)->((@xF(x)->(@xF(x)->(@xF(x)->(@xF(x)&@xF(x)))))->(@xF(x)->(@xF(x)->(@xF(x)&@xF(x))))))->(@xF(x)->(@xF(x)->(@xF(x)->(@xF(x)&@xF(x))))))))
(((@xF(x)&@xF(x))->@yF(y))->((@xF(x)->((@xF(x)->(@xF(x)->(@xF(x)->(@xF(x)&@xF(x)))))->(@xF(x)->(@xF(x)->(@xF(x)&@xF(x))))))->(@xF(x)->(@xF(x)->(@xF(x)->(@xF(x)&@xF(x)))))))
((((@xF(x)&@xF(x))->@yF(y))->(@xF(x)->((@xF(x)->(@xF(x)->(@xF(x)->(@xF(x)&@xF(x)))))->(@xF(x)->(@xF(x)->(@xF(x)&@xF(x)))))))->((((@xF(x)&@xF(x))->@yF(y))->((@xF(x)->((@xF(x)->(@xF(x)->(@xF(x)->(@xF(x)&@xF(x)))))->(@xF(x)->(@xF(x)->(@xF(x)&@xF(x))))))->(@xF(x)->(@xF(x)->(@xF(x)->(@xF(x)&@xF(x)))))))->(((@xF(x)&@xF(x))->@yF(y))->(@xF(x)->(@xF(x)->(@xF(x)->(@xF(x)&@xF(x))))))))
((((@xF(x)&@xF(x))->@yF(y))->((@xF(x)->((@xF(x)->(@xF(x)->(@xF(x)->(@xF(x)&@xF(x)))))->(@xF(x)->(@xF(x)->(@xF(x)&@xF(x))))))->(@xF(x)->(@xF(x)->(@xF(x)->(@xF(x)&@xF(x)))))))->(((@xF(x)&@xF(x))->@yF(y))->(@xF(x)->(@xF(x)->(@xF(x)->(@xF(x)&@xF(x)))))))
(((@xF(x)&@xF(x))->@yF(y))->(@xF(x)->(@xF(x)->(@xF(x)->(@xF(x)&@xF(x))))))
((@xF(x)->@xF(x))->((@xF(x)->(@xF(x)->(@xF(x)&@xF(x))))->(@xF(x)->(@xF(x)&@xF(x)))))
(((@xF(x)->@xF(x))->((@xF(x)->(@xF(x)->(@xF(x)&@xF(x))))->(@xF(x)->(@xF(x)&@xF(x)))))->(((@xF(x)&@xF(x))->@yF(y))->((@xF(x)->@xF(x))->((@xF(x)->(@xF(x)->(@xF(x)&@xF(x))))->(@xF(x)->(@xF(x)&@xF(x)))))))
(((@xF(x)&@xF(x))->@yF(y))->((@xF(x)->@xF(x))->((@xF(x)->(@xF(x)->(@xF(x)&@xF(x))))->(@xF(x)->(@xF(x)&@xF(x))))))
(((@xF(x)->@xF(x))->((@xF(x)->(@xF(x)->(@xF(x)&@xF(x))))->(@xF(x)->(@xF(x)&@xF(x)))))->(@xF(x)->((@xF(x)->@xF(x))->((@xF(x)->(@xF(x)->(@xF(x)&@xF(x))))->(@xF(x)->(@xF(x)&@xF(x)))))))
((((@xF(x)->@xF(x))->((@xF(x)->(@xF(x)->(@xF(x)&@xF(x))))->(@xF(x)->(@xF(x)&@xF(x)))))->(@xF(x)->((@xF(x)->@xF(x))->((@xF(x)->(@xF(x)->(@xF(x)&@xF(x))))->(@xF(x)->(@xF(x)&@xF(x)))))))->(((@xF(x)&@xF(x))->@yF(y))->(((@xF(x)->@xF(x))->((@xF(x)->(@xF(x)->(@xF(x)&@xF(x))))->(@xF(x)->(@xF(x)&@xF(x)))))->(@xF(x)->((@xF(x)->@xF(x))->((@xF(x)->(@xF(x)->(@xF(x)&@xF(x))))->(@xF(x)->(@xF(x)&@xF(x)))))))))
(((@xF(x)&@xF(x))->@yF(y))->(((@xF(x)->@xF(x))->((@xF(x)->(@xF(x)->(@xF(x)&@xF(x))))->(@xF(x)->(@xF(x)&@xF(x)))))->(@xF(x)->((@xF(x)->@xF(x))->((@xF(x)->(@xF(x)->(@xF(x)&@xF(x))))->(@xF(x)->(@xF(x)&@xF(x))))))))
((((@xF(x)&@xF(x))->@yF(y))->((@xF(x)->@xF(x))->((@xF(x)->(@xF(x)->(@xF(x)&@xF(x))))->(@xF(x)->(@xF(x)&@xF(x))))))->((((@xF(x)&@xF(x))->@yF(y))->(((@xF(x)->@xF(x))->((@xF(x)->(@xF(x)->(@xF(x)&@xF(x))))->(@xF(x)->(@xF(x)&@xF(x)))))->(@xF(x)->((@xF(x)->@xF(x))->((@xF(x)->(@xF(x)->(@xF(x)&@xF(x))))->(@xF(x)->(@xF(x)&@xF(x))))))))->(((@xF(x)&@xF(x))->@yF(y))->(@xF(x)->((@xF(x)->@xF(x))->((@xF(x)->(@xF(x)->(@xF(x)&@xF(x))))->(@xF(x)->(@xF(x)&@xF(x)))))))))
((((@xF(x)&@xF(x))->@yF(y))->(((@xF(x)->@xF(x))->((@xF(x)->(@xF(x)->(@xF(x)&@xF(x))))->(@xF(x)->(@xF(x)&@xF(x)))))->(@xF(x)->((@xF(x)->@xF(x))->((@xF(x)->(@xF(x)->(@xF(x)&@xF(x))))->(@xF(x)->(@xF(x)&@xF(x))))))))->(((@xF(x)&@xF(x))->@yF(y))->(@xF(x)->((@xF(x)->@xF(x))->((@xF(x)->(@xF(x)->(@xF(x)&@xF(x))))->(@xF(x)->(@xF(x)&@xF(x))))))))
(((@xF(x)&@xF(x))->@yF(y))->(@xF(x)->((@xF(x)->@xF(x))->((@xF(x)->(@xF(x)->(@xF(x)&@xF(x))))->(@xF(x)->(@xF(x)&@xF(x)))))))
((@xF(x)->(@xF(x)->@xF(x)))->((@xF(x)->((@xF(x)->@xF(x))->((@xF(x)->(@xF(x)->(@xF(x)&@xF(x))))->(@xF(x)->(@xF(x)&@xF(x))))))->(@xF(x)->((@xF(x)->(@xF(x)->(@xF(x)&@xF(x))))->(@xF(x)->(@xF(x)&@xF(x)))))))
(((@xF(x)->(@xF(x)->@xF(x)))->((@xF(x)->((@xF(x)->@xF(x))->((@xF(x)->(@xF(x)->(@xF(x)&@xF(x))))->(@xF(x)->(@xF(x)&@xF(x))))))->(@xF(x)->((@xF(x)->(@xF(x)->(@xF(x)&@xF(x))))->(@xF(x)->(@xF(x)&@xF(x)))))))->(((@xF(x)&@xF(x))->@yF(y))->((@xF(x)->(@xF(x)->@xF(x)))->((@xF(x)->((@xF(x)->@xF(x))->((@xF(x)->(@xF(x)->(@xF(x)&@xF(x))))->(@xF(x)->(@xF(x)&@xF(x))))))->(@xF(x)->((@xF(x)->(@xF(x)->(@xF(x)&@xF(x))))->(@xF(x)->(@xF(x)&@xF(x)))))))))
(((@xF(x)&@xF(x))->@yF(y))->((@xF(x)->(@xF(x)->@xF(x)))->((@xF(x)->((@xF(x)->@xF(x))->((@xF(x)->(@xF(x)->(@xF(x)&@xF(x))))->(@xF(x)->(@xF(x)&@xF(x))))))->(@xF(x)->((@xF(x)->(@xF(x)->(@xF(x)&@xF(x))))->(@xF(x)->(@xF(x)&@xF(x))))))))
((((@xF(x)&@xF(x))->@yF(y))->(@xF(x)->(@xF(x)->@xF(x))))->((((@xF(x)&@xF(x))->@yF(y))->((@xF(x)->(@xF(x)->@xF(x)))->((@xF(x)->((@xF(x)->@xF(x))->((@xF(x)->(@xF(x)->(@xF(x)&@xF(x))))->(@xF(x)->(@xF(x)&@xF(x))))))->(@xF(x)->((@xF(x)->(@xF(x)->(@xF(x)&@xF(x))))->(@xF(x)->(@xF(x)&@xF(x))))))))->(((@xF(x)&@xF(x))->@yF(y))->((@xF(x)->((@xF(x)->@xF(x))->((@xF(x)->(@xF(x)->(@xF(x)&@xF(x))))->(@xF(x)->(@xF(x)&@xF(x))))))->(@xF(x)->((@xF(x)->(@xF(x)->(@xF(x)&@xF(x))))->(@xF(x)->(@xF(x)&@xF(x)))))))))
((((@xF(x)&@xF(x))->@yF(y))->((@xF(x)->(@xF(x)->@xF(x)))->((@xF(x)->((@xF(x)->@xF(x))->((@xF(x)->(@xF(x)->(@xF(x)&@xF(x))))->(@xF(x)->(@xF(x)&@xF(x))))))->(@xF(x)->((@xF(x)->(@xF(x)->(@xF(x)&@xF(x))))->(@xF(x)->(@xF(x)&@xF(x))))))))->(((@xF(x)&@xF(x))->@yF(y))->((@xF(x)->((@xF(x)->@xF(x))->((@xF(x)->(@xF(x)->(@xF(x)&@xF(x))))->(@xF(x)->(@xF(x)&@xF(x))))))->(@xF(x)->((@xF(x)->(@xF(x)->(@xF(x)&@xF(x))))->(@xF(x)->(@xF(x)&@xF(x))))))))
(((@xF(x)&@xF(x))->@yF(y))->((@xF(x)->((@xF(x)->@xF(x))->((@xF(x)->(@xF(x)->(@xF(x)&@xF(x))))->(@xF(x)->(@xF(x)&@xF(x))))))->(@xF(x)->((@xF(x)->(@xF(x)->(@xF(x)&@xF(x))))->(@xF(x)->(@xF(x)&@xF(x)))))))
((((@xF(x)&@xF(x))->@yF(y))->(@xF(x)->((@xF(x)->@xF(x))->((@xF(x)->(@xF(x)->(@xF(x)&@xF(x))))->(@xF(x)->(@xF(x)&@xF(x)))))))->((((@xF(x)&@xF(x))->@yF(y))->((@xF(x)->((@xF(x)->@xF(x))->((@xF(x)->(@xF(x)->(@xF(x)&@xF(x))))->(@xF(x)->(@xF(x)&@xF(x))))))->(@xF(x)->((@xF(x)->(@xF(x)->(@xF(x)&@xF(x))))->(@xF(x)->(@xF(x)&@xF(x)))))))->(((@xF(x)&@xF(x))->@yF(y))->(@xF(x)->((@xF(x)->(@xF(x)->(@xF(x)&@xF(x))))->(@xF(x)->(@xF(x)&@xF(x))))))))
((((@xF(x)&@xF(x))->@yF(y))->((@xF(x)->((@xF(x)->@xF(x))->((@xF(x)->(@xF(x)->(@xF(x)&@xF(x))))->(@xF(x)->(@xF(x)&@xF(x))))))->(@xF(x)->((@xF(x)->(@xF(x)->(@xF(x)&@xF(x))))->(@xF(x)->(@xF(x)&@xF(x)))))))->(((@xF(x)&@xF(x))->@yF(y))->(@xF(x)->((@xF(x)->(@xF(x)->(@xF(x)&@xF(x))))->(@xF(x)->(@xF(x)&@xF(x)))))))
(((@xF(x)&@xF(x))->@yF(y))->(@xF(x)->((@xF(x)->(@xF(x)->(@xF(x)&@xF(x))))->(@xF(x)->(@xF(x)&@xF(x))))))
((@xF(x)->(@xF(x)->(@xF(x)->(@xF(x)&@xF(x)))))->((@xF(x)->((@xF(x)->(@xF(x)->(@xF(x)&@xF(x))))->(@xF(x)->(@xF(x)&@xF(x)))))->(@xF(x)->(@xF(x)->(@xF(x)&@xF(x))))))
(((@xF(x)->(@xF(x)->(@xF(x)->(@xF(x)&@xF(x)))))->((@xF(x)->((@xF(x)->(@xF(x)->(@xF(x)&@xF(x))))->(@xF(x)->(@xF(x)&@xF(x)))))->(@xF(x)->(@xF(x)->(@xF(x)&@xF(x))))))->(((@xF(x)&@xF(x))->@yF(y))->((@xF(x)->(@xF(x)->(@xF(x)->(@xF(x)&@xF(x)))))->((@xF(x)->((@xF(x)->(@xF(x)->(@xF(x)&@xF(x))))->(@xF(x)->(@xF(x)&@xF(x)))))->(@xF(x)->(@xF(x)->(@xF(x)&@xF(x))))))))
(((@xF(x)&@xF(x))->@yF(y))->((@xF(x)->(@xF(x)->(@xF(x)->(@xF(x)&@xF(x)))))->((@xF(x)->((@xF(x)->(@xF(x)->(@xF(x)&@xF(x))))->(@xF(x)->(@xF(x)&@xF(x)))))->(@xF(x)->(@xF(x)->(@xF(x)&@xF(x)))))))
((((@xF(x)&@xF(x))->@yF(y))->(@xF(x)->(@xF(x)->(@xF(x)->(@xF(x)&@xF(x))))))->((((@xF(x)&@xF(x))->@yF(y))->((@xF(x)->(@xF(x)->(@xF(x)->(@xF(x)&@xF(x)))))->((@xF(x)->((@xF(x)->(@xF(x)->(@xF(x)&@xF(x))))->(@xF(x)->(@xF(x)&@xF(x)))))->(@xF(x)->(@xF(x)->(@xF(x)&@xF(x)))))))->(((@xF(x)&@xF(x))->@yF(y))->((@xF(x)->((@xF(x)->(@xF(x)->(@xF(x)&@xF(x))))->(@xF(x)->(@xF(x)&@xF(x)))))->(@xF(x)->(@xF(x)->(@xF(x)&@xF(x))))))))
((((@xF(x)&@xF(x))->@yF(y))->((@xF(x)->(@xF(x)->(@xF(x)->(@xF(x)&@xF(x)))))->((@xF(x)->((@xF(x)->(@xF(x)->(@xF(x)&@xF(x))))->(@xF(x)->(@xF(x)&@xF(x)))))->(@xF(x)->(@xF(x)->(@xF(x)&@xF(x)))))))->(((@xF(x)&@xF(x))->@yF(y))->((@xF(x)->((@xF(x)->(@xF(x)->(@xF(x)&@xF(x))))->(@xF(x)->(@xF(x)&@xF(x)))))->(@xF(x)->(@xF(x)->(@xF(x)&@xF(x)))))))
(((@xF(x)&@xF(x))->@yF(y))->((@xF(x)->((@xF(x)->(@xF(x)->(@xF(x)&@xF(x))))->(@xF(x)->(@xF(x)&@xF(x)))))->(@xF(x)->(@xF(x)->(@xF(x)&@xF(x))))))
(@xF(x)->(@xF(x)->(@xF(x)&@xF(x))))
((@xF(x)->(@xF(x)->(@xF(x)&@xF(x))))->(((@xF(x)&@xF(x))->@yF(y))->(@xF(x)->(@xF(x)->(@xF(x)&@xF(x))))))
(((@xF(x)&@xF(x))->@yF(y))->(@xF(x)->(@xF(x)->(@xF(x)&@xF(x)))))
(((@xF(x)&@xF(x))->@yF(y))->(((@xF(x)&@xF(x))->@yF(y))->((@xF(x)&@xF(x))->@yF(y))))
((((@xF(x)&@xF(x))->@yF(y))->(((@xF(x)&@xF(x))->@yF(y))->((@xF(x)&@xF(x))->@yF(y))))->((((@xF(x)&@xF(x))->@yF(y))->((((@xF(x)&@xF(x))->@yF(y))->((@xF(x)&@xF(x))->@yF(y)))->((@xF(x)&@xF(x))->@yF(y))))->(((@xF(x)&@xF(x))->@yF(y))->((@xF(x)&@xF(x))->@yF(y)))))
((((@xF(x)&@xF(x))->@yF(y))->((((@xF(x)&@xF(x))->@yF(y))->((@xF(x)&@xF(x))->@yF(y)))->((@xF(x)&@xF(x))->@yF(y))))->(((@xF(x)&@xF(x))->@yF(y))->((@xF(x)&@xF(x))->@yF(y))))
(((@xF(x)&@xF(x))->@yF(y))->((((@xF(x)&@xF(x))->@yF(y))->((@xF(x)&@xF(x))->@yF(y)))->((@xF(x)&@xF(x))->@yF(y))))
(((@xF(x)&@xF(x))->@yF(y))->((@xF(x)&@xF(x))->@yF(y)))
(((@xF(x)&@xF(x))->@yF(y))->(@xF(x)->((@xF(x)&@xF(x))->@yF(y))))
((((@xF(x)&@xF(x))->@yF(y))->(@xF(x)->((@xF(x)&@xF(x))->@yF(y))))->(((@xF(x)&@xF(x))->@yF(y))->(((@xF(x)&@xF(x))->@yF(y))->(@xF(x)->((@xF(x)&@xF(x))->@yF(y))))))
(((@xF(x)&@xF(x))->@yF(y))->(((@xF(x)&@xF(x))->@yF(y))->(@xF(x)->((@xF(x)&@xF(x))->@yF(y)))))
((((@xF(x)&@xF(x))->@yF(y))->((@xF(x)&@xF(x))->@yF(y)))->((((@xF(x)&@xF(x))->@yF(y))->(((@xF(x)&@xF(x))->@yF(y))->(@xF(x)->((@xF(x)&@xF(x))->@yF(y)))))->(((@xF(x)&@xF(x))->@yF(y))->(@xF(x)->((@xF(x)&@xF(x))->@yF(y))))))
((((@xF(x)&@xF(x))->@yF(y))->(((@xF(x)&@xF(x))->@yF(y))->(@xF(x)->((@xF(x)&@xF(x))->@yF(y)))))->(((@xF(x)&@xF(x))->@yF(y))->(@xF(x)->((@xF(x)&@xF(x))->@yF(y)))))
(((@xF(x)&@xF(x))->@yF(y))->(@xF(x)->((@xF(x)&@xF(x))->@yF(y))))
(((@xF(x)&@xF(x))->@yF(y))->(@xF(x)->((@xF(x)&@xF(x))->@yF(y))))
((((@xF(x)&@xF(x))->@yF(y))->(@xF(x)->((@xF(x)&@xF(x))->@yF(y))))->(((@xF(x)&@xF(x))->@yF(y))->(((@xF(x)&@xF(x))->@yF(y))->(@xF(x)->((@xF(x)&@xF(x))->@yF(y))))))
(((@xF(x)&@xF(x))->@yF(y))->(((@xF(x)&@xF(x))->@yF(y))->(@xF(x)->((@xF(x)&@xF(x))->@yF(y)))))
((((@xF(x)&@xF(x))->@yF(y))->(@xF(x)->((@xF(x)&@xF(x))->@yF(y))))->(@xF(x)->(((@xF(x)&@xF(x))->@yF(y))->(@xF(x)->((@xF(x)&@xF(x))->@yF(y))))))
(((((@xF(x)&@xF(x))->@yF(y))->(@xF(x)->((@xF(x)&@xF(x))->@yF(y))))->(@xF(x)->(((@xF(x)&@xF(x))->@yF(y))->(@xF(x)->((@xF(x)&@xF(x))->@yF(y))))))->(((@xF(x)&@xF(x))->@yF(y))->((((@xF(x)&@xF(x))->@yF(y))->(@xF(x)->((@xF(x)&@xF(x))->@yF(y))))->(@xF(x)->(((@xF(x)&@xF(x))->@yF(y))->(@xF(x)->((@xF(x)&@xF(x))->@yF(y))))))))
(((@xF(x)&@xF(x))->@yF(y))->((((@xF(x)&@xF(x))->@yF(y))->(@xF(x)->((@xF(x)&@xF(x))->@yF(y))))->(@xF(x)->(((@xF(x)&@xF(x))->@yF(y))->(@xF(x)->((@xF(x)&@xF(x))->@yF(y)))))))
((((@xF(x)&@xF(x))->@yF(y))->(((@xF(x)&@xF(x))->@yF(y))->(@xF(x)->((@xF(x)&@xF(x))->@yF(y)))))->((((@xF(x)&@xF(x))->@yF(y))->((((@xF(x)&@xF(x))->@yF(y))->(@xF(x)->((@xF(x)&@xF(x))->@yF(y))))->(@xF(x)->(((@xF(x)&@xF(x))->@yF(y))->(@xF(x)->((@xF(x)&@xF(x))->@yF(y)))))))->(((@xF(x)&@xF(x))->@yF(y))->(@xF(x)->(((@xF(x)&@xF(x))->@yF(y))->(@xF(x)->((@xF(x)&@xF(x))->@yF(y))))))))
((((@xF(x)&@xF(x))->@yF(y))->((((@xF(x)&@xF(x))->@yF(y))->(@xF(x)->((@xF(x)&@xF(x))->@yF(y))))->(@xF(x)->(((@xF(x)&@xF(x))->@yF(y))->(@xF(x)->((@xF(x)&@xF(x))->@yF(y)))))))->(((@xF(x)&@xF(x))->@yF(y))->(@xF(x)->(((@xF(x)&@xF(x))->@yF(y))->(@xF(x)->((@xF(x)&@xF(x))->@yF(y)))))))
(((@xF(x)&@xF(x))->@yF(y))->(@xF(x)->(((@xF(x)&@xF(x))->@yF(y))->(@xF(x)->((@xF(x)&@xF(x))->@yF(y))))))
((@xF(x)->((@xF(x)&@xF(x))->@yF(y)))->((@xF(x)->(((@xF(x)&@xF(x))->@yF(y))->(@xF(x)->((@xF(x)&@xF(x))->@yF(y)))))->(@xF(x)->(@xF(x)->((@xF(x)&@xF(x))->@yF(y))))))
(((@xF(x)->((@xF(x)&@xF(x))->@yF(y)))->((@xF(x)->(((@xF(x)&@xF(x))->@yF(y))->(@xF(x)->((@xF(x)&@xF(x))->@yF(y)))))->(@xF(x)->(@xF(x)->((@xF(x)&@xF(x))->@yF(y))))))->(((@xF(x)&@xF(x))->@yF(y))->((@xF(x)->((@xF(x)&@xF(x))->@yF(y)))->((@xF(x)->(((@xF(x)&@xF(x))->@yF(y))->(@xF(x)->((@xF(x)&@xF(x))->@yF(y)))))->(@xF(x)->(@xF(x)->((@xF(x)&@xF(x))->@yF(y))))))))
(((@xF(x)&@xF(x))->@yF(y))->((@xF(x)->((@xF(x)&@xF(x))->@yF(y)))->((@xF(x)->(((@xF(x)&@xF(x))->@yF(y))->(@xF(x)->((@xF(x)&@xF(x))->@yF(y)))))->(@xF(x)->(@xF(x)->((@xF(x)&@xF(x))->@yF(y)))))))
((((@xF(x)&@xF(x))->@yF(y))->(@xF(x)->((@xF(x)&@xF(x))->@yF(y))))->((((@xF(x)&@xF(x))->@yF(y))->((@xF(x)->((@xF(x)&@xF(x))->@yF(y)))->((@xF(x)->(((@xF(x)&@xF(x))->@yF(y))->(@xF(x)->((@xF(x)&@xF(x))->@yF(y)))))->(@xF(x)->(@xF(x)->((@xF(x)&@xF(x))->@yF(y)))))))->(((@xF(x)&@xF(x))->@yF(y))->((@xF(x)->(((@xF(x)&@xF(x))->@yF(y))->(@xF(x)->((@xF(x)&@xF(x))->@yF(y)))))->(@xF(x)->(@xF(x)->((@xF(x)&@xF(x))->@yF(y))))))))
((((@xF(x)&@xF(x))->@yF(y))->((@xF(x)->((@xF(x)&@xF(x))->@yF(y)))->((@xF(x)->(((@xF(x)&@xF(x))->@yF(y))->(@xF(x)->((@xF(x)&@xF(x))->@yF(y)))))->(@xF(x)->(@xF(x)->((@xF(x)&@xF(x))->@yF(y)))))))->(((@xF(x)&@xF(x))->@yF(y))->((@xF(x)->(((@xF(x)&@xF(x))->@yF(y))->(@xF(x)->((@xF(x)&@xF(x))->@yF(y)))))->(@xF(x)->(@xF(x)->((@xF(x)&@xF(x))->@yF(y)))))))
(((@xF(x)&@xF(x))->@yF(y))->((@xF(x)->(((@xF(x)&@xF(x))->@yF(y))->(@xF(x)->((@xF(x)&@xF(x))->@yF(y)))))->(@xF(x)->(@xF(x)->((@xF(x)&@xF(x))->@yF(y))))))
((((@xF(x)&@xF(x))->@yF(y))->(@xF(x)->(((@xF(x)&@xF(x))->@yF(y))->(@xF(x)->((@xF(x)&@xF(x))->@yF(y))))))->((((@xF(x)&@xF(x))->@yF(y))->((@xF(x)->(((@xF(x)&@xF(x))->@yF(y))->(@xF(x)->((@xF(x)&@xF(x))->@yF(y)))))->(@xF(x)->(@xF(x)->((@xF(x)&@xF(x))->@yF(y))))))->(((@xF(x)&@xF(x))->@yF(y))->(@xF(x)->(@xF(x)->((@xF(x)&@xF(x))->@yF(y)))))))
((((@xF(x)&@xF(x))->@yF(y))->((@xF(x)->(((@xF(x)&@xF(x))->@yF(y))->(@xF(x)->((@xF(x)&@xF(x))->@yF(y)))))->(@xF(x)->(@xF(x)->((@xF(x)&@xF(x))->@yF(y))))))->(((@xF(x)&@xF(x))->@yF(y))->(@xF(x)->(@xF(x)->((@xF(x)&@xF(x))->@yF(y))))))
(((@xF(x)&@xF(x))->@yF(y))->(@xF(x)->(@xF(x)->((@xF(x)&@xF(x))->@yF(y)))))
((@xF(x)->(@xF(x)&@xF(x)))->((@xF(x)->((@xF(x)&@xF(x))->@yF(y)))->(@xF(x)->@yF(y))))
(((@xF(x)->(@xF(x)&@xF(x)))->((@xF(x)->((@xF(x)&@xF(x))->@yF(y)))->(@xF(x)->@yF(y))))->(((@xF(x)&@xF(x))->@yF(y))->((@xF(x)->(@xF(x)&@xF(x)))->((@xF(x)->((@xF(x)&@xF(x))->@yF(y)))->(@xF(x)->@yF(y))))))
(((@xF(x)&@xF(x))->@yF(y))->((@xF(x)->(@xF(x)&@xF(x)))->((@xF(x)->((@xF(x)&@xF(x))->@yF(y)))->(@xF(x)->@yF(y)))))
(((@xF(x)->(@xF(x)&@xF(x)))->((@xF(x)->((@xF(x)&@xF(x))->@yF(y)))->(@xF(x)->@yF(y))))->(@xF(x)->((@xF(x)->(@xF(x)&@xF(x)))->((@xF(x)->((@xF(x)&@xF(x))->@yF(y)))->(@xF(x)->@yF(y))))))
((((@xF(x)->(@xF(x)&@xF(x)))->((@xF(x)->((@xF(x)&@xF(x))->@yF(y)))->(@xF(x)->@yF(y))))->(@xF(x)->((@xF(x)->(@xF(x)&@xF(x)))->((@xF(x)->((@xF(x)&@xF(x))->@yF(y)))->(@xF(x)->@yF(y))))))->(((@xF(x)&@xF(x))->@yF(y))->(((@xF(x)->(@xF(x)&@xF(x)))->((@xF(x)->((@xF(x)&@xF(x))->@yF(y)))->(@xF(x)->@yF(y))))->(@xF(x)->((@xF(x)->(@xF(x)&@xF(x)))->((@xF(x)->((@xF(x)&@xF(x))->@yF(y)))->(@xF(x)->@yF(y))))))))
(((@xF(x)&@xF(x))->@yF(y))->(((@xF(x)->(@xF(x)&@xF(x)))->((@xF(x)->((@xF(x)&@xF(x))->@yF(y)))->(@xF(x)->@yF(y))))->(@xF(x)->((@xF(x)->(@xF(x)&@xF(x)))->((@xF(x)->((@xF(x)&@xF(x))->@yF(y)))->(@xF(x)->@yF(y)))))))
((((@xF(x)&@xF(x))->@yF(y))->((@xF(x)->(@xF(x)&@xF(x)))->((@xF(x)->((@xF(x)&@xF(x))->@yF(y)))->(@xF(x)->@yF(y)))))->((((@xF(x)&@xF(x))->@yF(y))->(((@xF(x)->(@xF(x)&@xF(x)))->((@xF(x)->((@xF(x)&@xF(x))->@yF(y)))->(@xF(x)->@yF(y))))->(@xF(x)->((@xF(x)->(@xF(x)&@xF(x)))->((@xF(x)->((@xF(x)&@xF(x))->@yF(y)))->(@xF(x)->@yF(y)))))))->(((@xF(x)&@xF(x))->@yF(y))->(@xF(x)->((@xF(x)->(@xF(x)&@xF(x)))->((@xF(x)->((@xF(x)&@xF(x))->@yF(y)))->(@xF(x)->@yF(y))))))))
((((@xF(x)&@xF(x))->@yF(y))->(((@xF(x)->(@xF(x)&@xF(x)))->((@xF(x)->((@xF(x)&@xF(x))->@yF(y)))->(@xF(x)->@yF(y))))->(@xF(x)->((@xF(x)->(@xF(x)&@xF(x)))->((@xF(x)->((@xF(x)&@xF(x))->@yF(y)))->(@xF(x)->@yF(y)))))))->(((@xF(x)&@xF(x))->@yF(y))->(@xF(x)->((@xF(x)->(@xF(x)&@xF(x)))->((@xF(x)->((@xF(x)&@xF(x))->@yF(y)))->(@xF(x)->@yF(y)))))))
(((@xF(x)&@xF(x))->@yF(y))->(@xF(x)->((@xF(x)->(@xF(x)&@xF(x)))->((@xF(x)->((@xF(x)&@xF(x))->@yF(y)))->(@xF(x)->@yF(y))))))
((@xF(x)->(@xF(x)->(@xF(x)&@xF(x))))->((@xF(x)->((@xF(x)->(@xF(x)&@xF(x)))->((@xF(x)->((@xF(x)&@xF(x))->@yF(y)))->(@xF(x)->@yF(y)))))->(@xF(x)->((@xF(x)->((@xF(x)&@xF(x))->@yF(y)))->(@xF(x)->@yF(y))))))
(((@xF(x)->(@xF(x)->(@xF(x)&@xF(x))))->((@xF(x)->((@xF(x)->(@xF(x)&@xF(x)))->((@xF(x)->((@xF(x)&@xF(x))->@yF(y)))->(@xF(x)->@yF(y)))))->(@xF(x)->((@xF(x)->((@xF(x)&@xF(x))->@yF(y)))->(@xF(x)->@yF(y))))))->(((@xF(x)&@xF(x))->@yF(y))->((@xF(x)->(@xF(x)->(@xF(x)&@xF(x))))->((@xF(x)->((@xF(x)->(@xF(x)&@xF(x)))->((@xF(x)->((@xF(x)&@xF(x))->@yF(y)))->(@xF(x)->@yF(y)))))->(@xF(x)->((@xF(x)->((@xF(x)&@xF(x))->@yF(y)))->(@xF(x)->@yF(y))))))))
(((@xF(x)&@xF(x))->@yF(y))->((@xF(x)->(@xF(x)->(@xF(x)&@xF(x))))->((@xF(x)->((@xF(x)->(@xF(x)&@xF(x)))->((@xF(x)->((@xF(x)&@xF(x))->@yF(y)))->(@xF(x)->@yF(y)))))->(@xF(x)->((@xF(x)->((@xF(x)&@xF(x))->@yF(y)))->(@xF(x)->@yF(y)))))))
((((@xF(x)&@xF(x))->@yF(y))->(@xF(x)->(@xF(x)->(@xF(x)&@xF(x)))))->((((@xF(x)&@xF(x))->@yF(y))->((@xF(x)->(@xF(x)->(@xF(x)&@xF(x))))->((@xF(x)->((@xF(x)->(@xF(x)&@xF(x)))->((@xF(x)->((@xF(x)&@xF(x))->@yF(y)))->(@xF(x)->@yF(y)))))->(@xF(x)->((@xF(x)->((@xF(x)&@xF(x))->@yF(y)))->(@xF(x)->@yF(y)))))))->(((@xF(x)&@xF(x))->@yF(y))->((@xF(x)->((@xF(x)->(@xF(x)&@xF(x)))->((@xF(x)->((@xF(x)&@xF(x))->@yF(y)))->(@xF(x)->@yF(y)))))->(@xF(x)->((@xF(x)->((@xF(x)&@xF(x))->@yF(y)))->(@xF(x)->@yF(y))))))))
((((@xF(x)&@xF(x))->@yF(y))->((@xF(x)->(@xF(x)->(@xF(x)&@xF(x))))->((@xF(x)->((@xF(x)->(@xF(x)&@xF(x)))->((@xF(x)->((@xF(x)&@xF(x))->@yF(y)))->(@xF(x)->@yF(y)))))->(@xF(x)->((@xF(x)->((@xF(x)&@xF(x))->@yF(y)))->(@xF(x)->@yF(y)))))))->(((@xF(x)&@xF(x))->@yF(y))->((@xF(x)->((@xF(x)->(@xF(x)&@xF(x)))->((@xF(x)->((@xF(x)&@xF(x))->@yF(y)))->(@xF(x)->@yF(y)))))->(@xF(x)->((@xF(x)->((@xF(x)&@xF(x))->@yF(y)))->(@xF(x)->@yF(y)))))))
(((@xF(x)&@xF(x))->@yF(y))->((@xF(x)->((@xF(x)->(@xF(x)&@xF(x)))->((@xF(x)->((@xF(x)&@xF(x))->@yF(y)))->(@xF(x)->@yF(y)))))->(@xF(x)->((@xF(x)->((@xF(x)&@xF(x))->@yF(y)))->(@xF(x)->@yF(y))))))
((((@xF(x)&@xF(x))->@yF(y))->(@xF(x)->((@xF(x)->(@xF(x)&@xF(x)))->((@xF(x)->((@xF(x)&@xF(x))->@yF(y)))->(@xF(x)->@yF(y))))))->((((@xF(x)&@xF(x))->@yF(y))->((@xF(x)->((@xF(x)->(@xF(x)&@xF(x)))->((@xF(x)->((@xF(x)&@xF(x))->@yF(y)))->(@xF(x)->@yF(y)))))->(@xF(x)->((@xF(x)->((@xF(x)&@xF(x))->@yF(y)))->(@xF(x)->@yF(y))))))->(((@xF(x)&@xF(x))->@yF(y))->(@xF(x)->((@xF(x)->((@xF(x)&@xF(x))->@yF(y)))->(@xF(x)->@yF(y)))))))
((((@xF(x)&@xF(x))->@yF(y))->((@xF(x)->((@xF(x)->(@xF(x)&@xF(x)))->((@xF(x)->((@xF(x)&@xF(x))->@yF(y)))->(@xF(x)->@yF(y)))))->(@xF(x)->((@xF(x)->((@xF(x)&@xF(x))->@yF(y)))->(@xF(x)->@yF(y))))))->(((@xF(x)&@xF(x))->@yF(y))->(@xF(x)->((@xF(x)->((@xF(x)&@xF(x))->@yF(y)))->(@xF(x)->@yF(y))))))
(((@xF(x)&@xF(x))->@yF(y))->(@xF(x)->((@xF(x)->((@xF(x)&@xF(x))->@yF(y)))->(@xF(x)->@yF(y)))))
((@xF(x)->(@xF(x)->((@xF(x)&@xF(x))->@yF(y))))->((@xF(x)->((@xF(x)->((@xF(x)&@xF(x))->@yF(y)))->(@xF(x)->@yF(y))))->(@xF(x)->(@xF(x)->@yF(y)))))
(((@xF(x)->(@xF(x)->((@xF(x)&@xF(x))->@yF(y))))->((@xF(x)->((@xF(x)->((@xF(x)&@xF(x))->@yF(y)))->(@xF(x)->@yF(y))))->(@xF(x)->(@xF(x)->@yF(y)))))->(((@xF(x)&@xF(x))->@yF(y))->((@xF(x)->(@xF(x)->((@xF(x)&@xF(x))->@yF(y))))->((@xF(x)->((@xF(x)->((@xF(x)&@xF(x))->@yF(y)))->(@xF(x)->@yF(y))))->(@xF(x)->(@xF(x)->@yF(y)))))))
(((@xF(x)&@xF(x))->@yF(y))->((@xF(x)->(@xF(x)->((@xF(x)&@xF(x))->@yF(y))))->((@xF(x)->((@xF(x)->((@xF(x)&@xF(x))->@yF(y)))->(@xF(x)->@yF(y))))->(@xF(x)->(@xF(x)->@yF(y))))))
((((@xF(x)&@xF(x))->@yF(y))->(@xF(x)->(@xF(x)->((@xF(x)&@xF(x))->@yF(y)))))->((((@xF(x)&@xF(x))->@yF(y))->((@xF(x)->(@xF(x)->((@xF(x)&@xF(x))->@yF(y))))->((@xF(x)->((@xF(x)->((@xF(x)&@xF(x))->@yF(y)))->(@xF(x)->@yF(y))))->(@xF(x)->(@xF(x)->@yF(y))))))->(((@xF(x)&@xF(x))->@yF(y))->((@xF(x)->((@xF(x)->((@xF(x)&@xF(x))->@yF(y)))->(@xF(x)->@yF(y))))->(@xF(x)->(@xF(x)->@yF(y)))))))
((((@xF(x)&@xF(x))->@yF(y))->((@xF(x)->(@xF(x)->((@xF(x)&@xF(x))->@yF(y))))->((@xF(x)->((@xF(x)->((@xF(x)&@xF(x))->@yF(y)))->(@xF(x)->@yF(y))))->(@xF(x)->(@xF(x)->@yF(y))))))->(((@xF(x)&@xF(x))->@yF(y))->((@xF(x)->((@xF(x)->((@xF(x)&@xF(x))->@yF(y)))->(@xF(x)->@yF(y))))->(@xF(x)->(@xF(x)->@yF(y))))))
(((@xF(x)&@xF(x))->@yF(y))->((@xF(x)->((@xF(x)->((@xF(x)&@xF(x))->@yF(y)))->(@xF(x)->@yF(y))))->(@xF(x)->(@xF(x)->@yF(y)))))
((((@xF(x)&@xF(x))->@yF(y))->(@xF(x)->((@xF(x)->((@xF(x)&@xF(x))->@yF(y)))->(@xF(x)->@yF(y)))))->((((@xF(x)&@xF(x))->@yF(y))->((@xF(x)->((@xF(x)->((@xF(x)&@xF(x))->@yF(y)))->(@xF(x)->@yF(y))))->(@xF(x)->(@xF(x)->@yF(y)))))->(((@xF(x)&@xF(x))->@yF(y))->(@xF(x)->(@xF(x)->@yF(y))))))
((((@xF(x)&@xF(x))->@yF(y))->((@xF(x)->((@xF(x)->((@xF(x)&@xF(x))->@yF(y)))->(@xF(x)->@yF(y))))->(@xF(x)->(@xF(x)->@yF(y)))))->(((@xF(x)&@xF(x))->@yF(y))->(@xF(x)->(@xF(x)->@yF(y)))))
(((@xF(x)&@xF(x))->@yF(y))->(@xF(x)->(@xF(x)->@yF(y))))
(@xF(x)->(@xF(x)->@yF(y)))
((@xF(x)->@xF(x))->((@xF(x)->(@xF(x)->@yF(y)))->(@xF(x)->@yF(y))))
((@xF(x)->(@xF(x)->@yF(y)))->(@xF(x)->@yF(y)))
(@xF(x)->@yF(y))
